#
# A fatal error has been detected by the Java Runtime Environment:
#
#  SIGSEGV (0xb) at pc=0x00007efe4217f583, pid=29228, tid=139630135105280
#
# JRE version: Java(TM) SE Runtime Environment (8.0_91-b14) (build 1.8.0_91-b14)
# Java VM: Java HotSpot(TM) 64-Bit Server VM (25.91-b14 mixed mode linux-amd64 compressed oops)
# Problematic frame:
# V  [libjvm.so+0x986583]  oopDesc* PSPromotionManager::copy_to_survivor_space<false>(oopDesc*)+0x143
#
# Failed to write core dump. Core dumps have been disabled. To enable core dumping, try "ulimit -c unlimited" before starting Java again
#
# If you would like to submit a bug report, please visit:
#   http://bugreport.java.com/bugreport/crash.jsp
#

---------------  T H R E A D  ---------------

Current thread (0x00007efe3c024800):  GCTaskThread [stack: 0x00007efe2c8a5000,0x00007efe2c9a6000] [id=29236]

siginfo: si_signo: 11 (SIGSEGV), si_code: 2 (SEGV_ACCERR), si_addr: 0x00000001020178f8

Registers:
RAX=0x00007efe4277c490, RBX=0x00000000f67df368, RCX=0x0000000000000003, RDX=0x0000000000000001
RSP=0x00007efe2c9a47e0, RBP=0x00007efe2c9a4850, RSI=0x00000000f7587a08, RDI=0x00000001020178f0
R8 =0x00000000f67eb698, R9 =0x00007efe427afed0, R10=0x00007efe427a0879, R11=0x00007efe2c9a4790
R12=0x00000000f7587a08, R13=0x000000000000000d, R14=0x0000000000000000, R15=0x00007efe3c0753a8
RIP=0x00007efe4217f583, EFLAGS=0x0000000000010206, CSGSFS=0x0000000000000033, ERR=0x0000000000000004
  TRAPNO=0x000000000000000e

Top of Stack: (sp=0x00007efe2c9a47e0)
0x00007efe2c9a47e0:   00000000f79fff35 00007efe427a0879
0x00007efe2c9a47f0:   0000000100001938 00007efe3c075340
0x00007efe2c9a4800:   00000000f6707421 00007efe41e3eb90
0x00007efe2c9a4810:   00000000f67e8000 0000000000001000
0x00007efe2c9a4820:   00000000c0b7ffa0 00000000f67df368
0x00007efe2c9a4830:   00007efe3c075340 00007efe4277c480
0x00007efe2c9a4840:   0000000000000000 00007efe3c0753a8
0x00007efe2c9a4850:   00007efe2c9a4940 00007efe4217ee50
0x00007efe2c9a4860:   00007efe2c9a48c0 00007efe2c9a48d0
0x00007efe2c9a4870:   00007efe2c9a48e0 00007efe2c9a48a0
0x00007efe2c9a4880:   00007efe2c9a48b0 00007efe2c9a4900
0x00007efe2c9a4890:   00000000c0336b34 00007efe3c0753d8
0x00007efe2c9a48a0:   00000000c007fff0 00007efe3c0753a0
0x00007efe2c9a48b0:   00007efe3c01acc0 00000000c017492c
0x00007efe2c9a48c0:   00000000c01fdd95 00007efe420f2e8f
0x00007efe2c9a48d0:   0000000100203380 00000000c01fdd94
0x00007efe2c9a48e0:   00007efe2c9a4940 00007efe41e3eb90
0x00007efe2c9a48f0:   00000000c00bb1bd 00007efe427afed0
0x00007efe2c9a4900:   00000000f67df369 00007efe3c0753a0
0x00007efe2c9a4910:   0000000000000000 00000000c01fde10
0x00007efe2c9a4920:   00000000c01fde00 00007efe2cdfffef
0x00007efe2c9a4930:   00007efe3c01acc0 00007efe2ce00001
0x00007efe2c9a4940:   00007efe2c9a4a00 00007efe41bf78ae
0x00007efe2c9a4950:   00007efe3c01eb50 00007efe2ce00000
0x00007efe2c9a4960:   00007efe2cdfff83 00007efe427a0879
0x00007efe2c9a4970:   00007efe3c075340 00000000c10f2260
0x00007efe2c9a4980:   00007efe3c01aa00 00007efe2ce07792
0x00007efe2c9a4990:   00000000c01f5aa0 0000000000000200
0x00007efe2c9a49a0:   00000000c0200040 00007efe2cdfffee
0x00007efe2c9a49b0:   0000000000000240 00007efe2ce00000
0x00007efe2c9a49c0:   00007efe2ce00180 00007efe2cdfffef
0x00007efe2c9a49d0:   00007efe2cdfffee 00007efe3c026da0 

Instructions: (pc=0x00007efe4217f583)
0x00007efe4217f563:   83 e0 07 48 83 f8 05 75 d3 31 db eb d6 48 8b 05
0x00007efe4217f573:   31 df 5d 00 8b 7e 08 8b 48 08 48 d3 e7 48 03 38
0x00007efe4217f583:   8b 77 08 83 fe 00 0f 8f 0a ff ff ff 0f 85 4b 02
0x00007efe4217f593:   00 00 0f 1f 00 48 8b 07 4c 89 e6 4c 89 55 98 ff 

Register to memory mapping:

RAX=0x00007efe4277c490: <offset 0xf83490> in /usr/lib/jvm/java-8-oracle/jre/lib/amd64/server/libjvm.so at 0x00007efe417f9000
RBX=0x00000000f67df368 is an oop

[error occurred during error reporting (printing register info), id 0xb]

Stack: [0x00007efe2c8a5000,0x00007efe2c9a6000],  sp=0x00007efe2c9a47e0,  free space=1021k
Native frames: (J=compiled Java code, j=interpreted, Vv=VM code, C=native code)
V  [libjvm.so+0x986583]  oopDesc* PSPromotionManager::copy_to_survivor_space<false>(oopDesc*)+0x143
V  [libjvm.so+0x985e50]  PSPromotionManager::drain_stacks_depth(bool)+0x830
V  [libjvm.so+0x3fe8ae]  CardTableExtension::scavenge_contents_parallel(ObjectStartArray*, MutableSpace*, HeapWord*, PSPromotionManager*, unsigned int, unsigned int)+0xafe
V  [libjvm.so+0x9896cb]  OldToYoungRootsTask::do_it(GCTaskManager*, unsigned int)+0x4b
V  [libjvm.so+0x5d584f]  GCTaskThread::run()+0x12f
V  [libjvm.so+0x91ef78]  java_start(Thread*)+0x108


---------------  P R O C E S S  ---------------

Java Threads: ( => current thread )
  0x00007efdd8e9d000 JavaThread "process reaper" daemon [_thread_blocked, id=29260, stack(0x00007efe1d5cb000,0x00007efe1d604000)]
  0x00007efdd83fe000 JavaThread "File lock request listener" [_thread_in_native, id=29257, stack(0x00007efe1de65000,0x00007efe1df66000)]
  0x00007efdd8021000 JavaThread "Stdin handler" [_thread_blocked, id=29254, stack(0x00007efe1e5df000,0x00007efe1e6e0000)]
  0x00007efdec00a800 JavaThread "Daemon worker" [_thread_blocked, id=29251, stack(0x00007efe1e6e7000,0x00007efe1e7e8000)]
  0x00007efdec008800 JavaThread "Cancel handler" [_thread_blocked, id=29250, stack(0x00007efe1e7e8000,0x00007efe1e8e9000)]
  0x00007efdec003800 JavaThread "Handler for socket connection from /127.0.0.1:40663 to /127.0.0.1:56006" [_thread_in_native, id=29249, stack(0x00007efe1e8e9000,0x00007efe1e9ea000)]
  0x00007efde8011000 JavaThread "Daemon" [_thread_blocked, id=29248, stack(0x00007efe1e9ea000,0x00007efe1eaeb000)]
  0x00007efe3ca93800 JavaThread "Incoming local TCP Connector on port 40663" [_thread_in_native, id=29247, stack(0x00007efe1eceb000,0x00007efe1edec000)]
  0x00007efe3c0c1000 JavaThread "Service Thread" daemon [_thread_blocked, id=29245, stack(0x00007efe1fcfd000,0x00007efe1fdfe000)]
  0x00007efe3c0be000 JavaThread "C1 CompilerThread2" daemon [_thread_blocked, id=29244, stack(0x00007efe1fdfe000,0x00007efe1feff000)]
  0x00007efe3c0bc800 JavaThread "C2 CompilerThread1" daemon [_thread_blocked, id=29243, stack(0x00007efe1feff000,0x00007efe20000000)]
  0x00007efe3c0b9800 JavaThread "C2 CompilerThread0" daemon [_thread_in_native, id=29242, stack(0x00007efe240fc000,0x00007efe241fd000)]
  0x00007efe3c0b8000 JavaThread "Signal Dispatcher" daemon [_thread_blocked, id=29241, stack(0x00007efe241fd000,0x00007efe242fe000)]
  0x00007efe3c084000 JavaThread "Finalizer" daemon [_thread_blocked, id=29240, stack(0x00007efe249f2000,0x00007efe24af3000)]
  0x00007efe3c07f800 JavaThread "Reference Handler" daemon [_thread_blocked, id=29238, stack(0x00007efe24af3000,0x00007efe24bf4000)]
  0x00007efe3c00a000 JavaThread "main" [_thread_blocked, id=29232, stack(0x00007efe432d7000,0x00007efe433d8000)]

Other Threads:
  0x00007efe3c077800 VMThread [stack: 0x00007efe24bf4000,0x00007efe24cf5000] [id=29237]
  0x00007efe3c0c4000 WatcherThread [stack: 0x00007efe1fbfc000,0x00007efe1fcfd000] [id=29246]

=>0x00007efe3c024800 (exited) GCTaskThread [stack: 0x00007efe2c8a5000,0x00007efe2c9a6000] [id=29236]

VM state:at safepoint (normal execution)

VM Mutex/Monitor currently owned by a thread:  ([mutex/lock_event])
[0x00007efe3c006240] Threads_lock - owner thread: 0x00007efe3c077800
[0x00007efe3c006740] Heap_lock - owner thread: 0x00007efdec00a800

Heap:
 PSYoungGen      total 192000K, used 129037K [0x00000000eab00000, 0x00000000f7e00000, 0x0000000100000000)
  eden space 182272K, 65% used [0x00000000eab00000,0x00000000f1f8a0d8,0x00000000f5d00000)
  from space 9728K, 99% used [0x00000000f7480000,0x00000000f7df94c8,0x00000000f7e00000)
  to   space 12288K, 73% used [0x00000000f6600000,0x00000000f6ec5020,0x00000000f7200000)
 ParOldGen       total 48128K, used 17360K [0x00000000c0000000, 0x00000000c2f00000, 0x00000000eab00000)
  object space 48128K, 36% used [0x00000000c0000000,0x00000000c10f4260,0x00000000c2f00000)
 Metaspace       used 34606K, capacity 35374K, committed 35496K, reserved 1079296K
  class space    used 4609K, capacity 4813K, committed 4864K, reserved 1048576K

Card table byte_map: [0x00007efe2cdff000,0x00007efe2d000000] byte_map_base: 0x00007efe2c7ff000

Marking Bits: (ParMarkBitMap*) 0x00007efe427afd60
 Begin Bits: [0x00007efe26000000, 0x00007efe27000000)
 End Bits:   [0x00007efe27000000, 0x00007efe28000000)

Polling page: 0x00007efe433f8000

CodeCache: size=245760Kb used=14330Kb max_used=14330Kb free=231429Kb
 bounds [0x00007efe2d000000, 0x00007efe2de10000, 0x00007efe3c000000]
 total_blobs=4488 nmethods=3830 adapters=571
 compilation: enabled

Compilation events (10 events):
Event: 20.569 Thread 0x00007efe3c0be000 4024       3       org.gradle.internal.Actions$NullAction::<init> (5 bytes)
Event: 20.569 Thread 0x00007efe3c0be000 nmethod 4024 0x00007efe2de08f50 code [0x00007efe2de090c0, 0x00007efe2de092d0]
Event: 20.569 Thread 0x00007efe3c0be000 4025       3       org.gradle.internal.Actions$NullAction::<init> (5 bytes)
Event: 20.574 Thread 0x00007efe3c0be000 nmethod 4025 0x00007efe2ddf6110 code [0x00007efe2ddf6280, 0x00007efe2ddf6430]
Event: 20.574 Thread 0x00007efe3c0be000 4027       3       java.io.InputStreamReader::read (11 bytes)
Event: 20.578 Thread 0x00007efe3c0be000 nmethod 4027 0x00007efe2de093d0 code [0x00007efe2de09540, 0x00007efe2de096e8]
Event: 20.578 Thread 0x00007efe3c0be000 4029       1       java.nio.Buffer::remaining (10 bytes)
Event: 20.578 Thread 0x00007efe3c0be000 nmethod 4029 0x00007efe2de097d0 code [0x00007efe2de09920, 0x00007efe2de09a30]
Event: 20.578 Thread 0x00007efe3c0be000 4028   !   3       sun.nio.cs.StreamDecoder::read (196 bytes)
Event: 20.582 Thread 0x00007efe3c0be000 nmethod 4028 0x00007efe2de09a90 code [0x00007efe2de09cc0, 0x00007efe2de0a9e8]

GC Heap History (10 events):
Event: 11.043 GC heap after
Heap after GC invocations=5 (full 0):
 PSYoungGen      total 52736K, used 3576K [0x00000000eab00000, 0x00000000f1f00000, 0x0000000100000000)
  eden space 49152K, 0% used [0x00000000eab00000,0x00000000eab00000,0x00000000edb00000)
  from space 3584K, 99% used [0x00000000edb00000,0x00000000ede7e0c0,0x00000000ede80000)
  to   space 10240K, 0% used [0x00000000f1500000,0x00000000f1500000,0x00000000f1f00000)
 ParOldGen       total 64512K, used 11435K [0x00000000c0000000, 0x00000000c3f00000, 0x00000000eab00000)
  object space 64512K, 17% used [0x00000000c0000000,0x00000000c0b2ace0,0x00000000c3f00000)
 Metaspace       used 20687K, capacity 21114K, committed 21296K, reserved 1067008K
  class space    used 2710K, capacity 2853K, committed 2944K, reserved 1048576K
}
Event: 11.450 GC heap before
{Heap before GC invocations=6 (full 0):
 PSYoungGen      total 52736K, used 52728K [0x00000000eab00000, 0x00000000f1f00000, 0x0000000100000000)
  eden space 49152K, 100% used [0x00000000eab00000,0x00000000edb00000,0x00000000edb00000)
  from space 3584K, 99% used [0x00000000edb00000,0x00000000ede7e0c0,0x00000000ede80000)
  to   space 10240K, 0% used [0x00000000f1500000,0x00000000f1500000,0x00000000f1f00000)
 ParOldGen       total 64512K, used 11435K [0x00000000c0000000, 0x00000000c3f00000, 0x00000000eab00000)
  object space 64512K, 17% used [0x00000000c0000000,0x00000000c0b2ace0,0x00000000c3f00000)
 Metaspace       used 20689K, capacity 21114K, committed 21296K, reserved 1067008K
  class space    used 2710K, capacity 2853K, committed 2944K, reserved 1048576K
Event: 11.488 GC heap after
Heap after GC invocations=6 (full 0):
 PSYoungGen      total 107520K, used 4148K [0x00000000eab00000, 0x00000000f1e00000, 0x0000000100000000)
  eden space 98304K, 0% used [0x00000000eab00000,0x00000000eab00000,0x00000000f0b00000)
  from space 9216K, 45% used [0x00000000f1500000,0x00000000f190d0f0,0x00000000f1e00000)
  to   space 9728K, 0% used [0x00000000f0b00000,0x00000000f0b00000,0x00000000f1480000)
 ParOldGen       total 64512K, used 11435K [0x00000000c0000000, 0x00000000c3f00000, 0x00000000eab00000)
  object space 64512K, 17% used [0x00000000c0000000,0x00000000c0b2ace0,0x00000000c3f00000)
 Metaspace       used 20689K, capacity 21114K, committed 21296K, reserved 1067008K
  class space    used 2710K, capacity 2853K, committed 2944K, reserved 1048576K
}
Event: 11.814 GC heap before
{Heap before GC invocations=7 (full 0):
 PSYoungGen      total 107520K, used 68680K [0x00000000eab00000, 0x00000000f1e00000, 0x0000000100000000)
  eden space 98304K, 65% used [0x00000000eab00000,0x00000000eea05250,0x00000000f0b00000)
  from space 9216K, 45% used [0x00000000f1500000,0x00000000f190d0f0,0x00000000f1e00000)
  to   space 9728K, 0% used [0x00000000f0b00000,0x00000000f0b00000,0x00000000f1480000)
 ParOldGen       total 64512K, used 11435K [0x00000000c0000000, 0x00000000c3f00000, 0x00000000eab00000)
  object space 64512K, 17% used [0x00000000c0000000,0x00000000c0b2ace0,0x00000000c3f00000)
 Metaspace       used 20733K, capacity 21114K, committed 21296K, reserved 1067008K
  class space    used 2710K, capacity 2853K, committed 2944K, reserved 1048576K
Event: 11.863 GC heap after
Heap after GC invocations=7 (full 0):
 PSYoungGen      total 108032K, used 3860K [0x00000000eab00000, 0x00000000f7e00000, 0x0000000100000000)
  eden space 98304K, 0% used [0x00000000eab00000,0x00000000eab00000,0x00000000f0b00000)
  from space 9728K, 39% used [0x00000000f0b00000,0x00000000f0ec50d0,0x00000000f1480000)
  to   space 9728K, 0% used [0x00000000f7480000,0x00000000f7480000,0x00000000f7e00000)
 ParOldGen       total 64512K, used 12551K [0x00000000c0000000, 0x00000000c3f00000, 0x00000000eab00000)
  object space 64512K, 19% used [0x00000000c0000000,0x00000000c0c41dd0,0x00000000c3f00000)
 Metaspace       used 20733K, capacity 21114K, committed 21296K, reserved 1067008K
  class space    used 2710K, capacity 2853K, committed 2944K, reserved 1048576K
}
Event: 11.863 GC heap before
{Heap before GC invocations=8 (full 1):
 PSYoungGen      total 108032K, used 3860K [0x00000000eab00000, 0x00000000f7e00000, 0x0000000100000000)
  eden space 98304K, 0% used [0x00000000eab00000,0x00000000eab00000,0x00000000f0b00000)
  from space 9728K, 39% used [0x00000000f0b00000,0x00000000f0ec50d0,0x00000000f1480000)
  to   space 9728K, 0% used [0x00000000f7480000,0x00000000f7480000,0x00000000f7e00000)
 ParOldGen       total 64512K, used 12551K [0x00000000c0000000, 0x00000000c3f00000, 0x00000000eab00000)
  object space 64512K, 19% used [0x00000000c0000000,0x00000000c0c41dd0,0x00000000c3f00000)
 Metaspace       used 20733K, capacity 21114K, committed 21296K, reserved 1067008K
  class space    used 2710K, capacity 2853K, committed 2944K, reserved 1048576K
Event: 11.967 GC heap after
Heap after GC invocations=8 (full 1):
 PSYoungGen      total 108032K, used 0K [0x00000000eab00000, 0x00000000f7e00000, 0x0000000100000000)
  eden space 98304K, 0% used [0x00000000eab00000,0x00000000eab00000,0x00000000f0b00000)
  from space 9728K, 0% used [0x00000000f0b00000,0x00000000f0b00000,0x00000000f1480000)
  to   space 9728K, 0% used [0x00000000f7480000,0x00000000f7480000,0x00000000f7e00000)
 ParOldGen       total 48128K, used 14538K [0x00000000c0000000, 0x00000000c2f00000, 0x00000000eab00000)
  object space 48128K, 30% used [0x00000000c0000000,0x00000000c0e32bd8,0x00000000c2f00000)
 Metaspace       used 20733K, capacity 21114K, committed 21296K, reserved 1067008K
  class space    used 2710K, capacity 2853K, committed 2944K, reserved 1048576K
}
Event: 15.888 GC heap before
{Heap before GC invocations=9 (full 1):
 PSYoungGen      total 108032K, used 98304K [0x00000000eab00000, 0x00000000f7e00000, 0x0000000100000000)
  eden space 98304K, 100% used [0x00000000eab00000,0x00000000f0b00000,0x00000000f0b00000)
  from space 9728K, 0% used [0x00000000f0b00000,0x00000000f0b00000,0x00000000f1480000)
  to   space 9728K, 0% used [0x00000000f7480000,0x00000000f7480000,0x00000000f7e00000)
 ParOldGen       total 48128K, used 14538K [0x00000000c0000000, 0x00000000c2f00000, 0x00000000eab00000)
  object space 48128K, 30% used [0x00000000c0000000,0x00000000c0e32bd8,0x00000000c2f00000)
 Metaspace       used 29846K, capacity 30520K, committed 30592K, reserved 1075200K
  class space    used 4025K, capacity 4205K, committed 4224K, reserved 1048576K
Event: 15.929 GC heap after
Heap after GC invocations=9 (full 1):
 PSYoungGen      total 192000K, used 9701K [0x00000000eab00000, 0x00000000f7e00000, 0x0000000100000000)
  eden space 182272K, 0% used [0x00000000eab00000,0x00000000eab00000,0x00000000f5d00000)
  from space 9728K, 99% used [0x00000000f7480000,0x00000000f7df94c8,0x00000000f7e00000)
  to   space 12288K, 0% used [0x00000000f6600000,0x00000000f6600000,0x00000000f7200000)
 ParOldGen       total 48128K, used 17352K [0x00000000c0000000, 0x00000000c2f00000, 0x00000000eab00000)
  object space 48128K, 36% used [0x00000000c0000000,0x00000000c10f2260,0x00000000c2f00000)
 Metaspace       used 29846K, capacity 30520K, committed 30592K, reserved 1075200K
  class space    used 4025K, capacity 4205K, committed 4224K, reserved 1048576K
}
Event: 20.599 GC heap before
{Heap before GC invocations=10 (full 1):
 PSYoungGen      total 192000K, used 129037K [0x00000000eab00000, 0x00000000f7e00000, 0x0000000100000000)
  eden space 182272K, 65% used [0x00000000eab00000,0x00000000f1f8a0d8,0x00000000f5d00000)
  from space 9728K, 99% used [0x00000000f7480000,0x00000000f7df94c8,0x00000000f7e00000)
  to   space 12288K, 0% used [0x00000000f6600000,0x00000000f6600000,0x00000000f7200000)
 ParOldGen       total 48128K, used 17352K [0x00000000c0000000, 0x00000000c2f00000, 0x00000000eab00000)
  object space 48128K, 36% used [0x00000000c0000000,0x00000000c10f2260,0x00000000c2f00000)
 Metaspace       used 34606K, capacity 35374K, committed 35496K, reserved 1079296K
  class space    used 4609K, capacity 4813K, committed 4864K, reserved 1048576K

Deoptimization events (10 events):
Event: 17.236 Thread 0x00007efdec00a800 Uncommon trap: reason=unstable_if action=reinterpret pc=0x00007efe2db08da0 method=com.sun.org.apache.xerces.internal.impl.XMLEntityScanner.arrangeCapacity(IZ)Z @ 59
Event: 17.249 Thread 0x00007efdec00a800 Uncommon trap: reason=unstable_if action=reinterpret pc=0x00007efe2dad3000 method=com.sun.org.apache.xerces.internal.impl.XMLEntityScanner.arrangeCapacity(IZ)Z @ 59
Event: 17.262 Thread 0x00007efdec00a800 Uncommon trap: reason=unstable_if action=reinterpret pc=0x00007efe2d9a6050 method=com.sun.org.apache.xerces.internal.impl.XMLEntityScanner.arrangeCapacity(IZ)Z @ 59
Event: 17.297 Thread 0x00007efdec00a800 Uncommon trap: reason=unstable_if action=reinterpret pc=0x00007efe2d9a236c method=com.sun.org.apache.xerces.internal.impl.XMLEntityScanner.arrangeCapacity(IZ)Z @ 59
Event: 17.543 Thread 0x00007efdec00a800 Uncommon trap: reason=unstable_if action=reinterpret pc=0x00007efe2d11a008 method=com.sun.org.apache.xerces.internal.impl.XMLEntityScanner.scanName()Ljava/lang/String; @ 69
Event: 17.641 Thread 0x00007efdec00a800 Uncommon trap: reason=unstable_if action=reinterpret pc=0x00007efe2dbb190c method=com.sun.org.apache.xerces.internal.impl.XMLDocumentFragmentScannerImpl$FragmentContentDriver.next()I @ 815
Event: 18.895 Thread 0x00007efdec00a800 Uncommon trap: reason=unstable_if action=reinterpret pc=0x00007efe2d876218 method=groovy.lang.MetaClassImpl$1MOPIter.processFastArray(Lorg/codehaus/groovy/util/FastArray;)V @ 85
Event: 18.996 Thread 0x00007efdec00a800 Uncommon trap: reason=unstable_if action=reinterpret pc=0x00007efe2d3727f4 method=java.util.HashMap.hash(Ljava/lang/Object;)I @ 1
Event: 19.081 Thread 0x00007efdec00a800 Uncommon trap: reason=unstable_if action=reinterpret pc=0x00007efe2dc034b4 method=com.esotericsoftware.kryo.io.Output.writeString(Ljava/lang/CharSequence;)V @ 1
Event: 19.732 Thread 0x00007efdec00a800 Uncommon trap: reason=unstable_if action=reinterpret pc=0x00007efe2d6c2a84 method=java.util.HashMap.putVal(ILjava/lang/Object;Ljava/lang/Object;ZZ)Ljava/lang/Object; @ 206

Internal exceptions (10 events):
Event: 20.502 Thread 0x00007efdec00a800 Exception <a 'java/lang/ClassNotFoundException': groovy/lang/GStringCustomizer> (0x00000000f1b0cbb8) thrown at [/HUDSON/workspace/8-2-build-linux-amd64/jdk8u91/6644/hotspot/src/share/vm/classfile/systemDictionary.cpp, line 210]
Event: 20.504 Thread 0x00007efdec00a800 Exception <a 'java/lang/ClassNotFoundException': groovy/lang/GString$1Customizer> (0x00000000f1b33d50) thrown at [/HUDSON/workspace/8-2-build-linux-amd64/jdk8u91/6644/hotspot/src/share/vm/classfile/systemDictionary.cpp, line 210]
Event: 20.507 Thread 0x00007efdec00a800 Exception <a 'java/lang/ClassNotFoundException': org/codehaus/groovy/runtime/GStringImplBeanInfo> (0x00000000f1b7db18) thrown at [/HUDSON/workspace/8-2-build-linux-amd64/jdk8u91/6644/hotspot/src/share/vm/classfile/systemDictionary.cpp, line 210]
Event: 20.508 Thread 0x00007efdec00a800 Exception <a 'java/lang/ClassNotFoundException': org/codehaus/groovy/runtime/GStringImplCustomizer> (0x00000000f1ba04f0) thrown at [/HUDSON/workspace/8-2-build-linux-amd64/jdk8u91/6644/hotspot/src/share/vm/classfile/systemDictionary.cpp, line 210]
Event: 20.513 Thread 0x00007efdec00a800 Exception <a 'java/lang/ClassNotFoundException': com/android/build/gradle/internal/api/DefaultAndroidSourceSet_DecoratedBeanInfo> (0x00000000f1bef328) thrown at [/HUDSON/workspace/8-2-build-linux-amd64/jdk8u91/6644/hotspot/src/share/vm/classfile/systemDic
Event: 20.547 Thread 0x00007efdec00a800 Exception <a 'java/lang/ClassNotFoundException': com/android/build/gradle/internal/api/DefaultAndroidSourceSetBeanInfo> (0x00000000f1c027b8) thrown at [/HUDSON/workspace/8-2-build-linux-amd64/jdk8u91/6644/hotspot/src/share/vm/classfile/systemDictionary.cp
Event: 20.547 Thread 0x00007efdec00a800 Exception <a 'java/lang/ClassNotFoundException': com/android/build/gradle/internal/api/DefaultAndroidSourceSetCustomizer> (0x00000000f1c15f68) thrown at [/HUDSON/workspace/8-2-build-linux-amd64/jdk8u91/6644/hotspot/src/share/vm/classfile/systemDictionary.
Event: 20.550 Thread 0x00007efdec00a800 Exception <a 'java/lang/ClassNotFoundException': com/android/build/gradle/internal/api/DefaultAndroidSourceSet_DecoratedCustomizer> (0x00000000f1c67338) thrown at [/HUDSON/workspace/8-2-build-linux-amd64/jdk8u91/6644/hotspot/src/share/vm/classfile/systemD
Event: 20.554 Thread 0x00007efdec00a800 Exception <a 'java/lang/ClassNotFoundException': java/lang/StringBeanInfo> (0x00000000f1cd89d8) thrown at [/HUDSON/workspace/8-2-build-linux-amd64/jdk8u91/6644/hotspot/src/share/vm/classfile/systemDictionary.cpp, line 210]
Event: 20.554 Thread 0x00007efdec00a800 Exception <a 'java/lang/ClassNotFoundException': java/lang/StringCustomizer> (0x00000000f1cdf708) thrown at [/HUDSON/workspace/8-2-build-linux-amd64/jdk8u91/6644/hotspot/src/share/vm/classfile/systemDictionary.cpp, line 210]

Events (10 events):
Event: 20.585 loading class com/android/builder/testing/TestData done
Event: 20.586 loading class com/android/builder/testing/ConnectedDeviceProvider
Event: 20.586 loading class com/android/builder/testing/ConnectedDeviceProvider done
Event: 20.587 loading class com/android/build/gradle/internal/scope/BaseScope
Event: 20.587 loading class com/android/build/gradle/internal/scope/BaseScope done
Event: 20.587 loading class com/android/build/gradle/internal/transforms/JarMergingTransform
Event: 20.587 loading class com/android/build/gradle/internal/transforms/JarMergingTransform done
Event: 20.598 loading class com/android/build/gradle/internal/transforms/MultiDexTransform
Event: 20.598 loading class com/android/build/gradle/internal/transforms/MultiDexTransform done
Event: 20.598 Executing VM operation: CollectForMetadataAllocation


Dynamic libraries:
00400000-00401000 r-xp 00000000 08:01 3016174                            /usr/lib/jvm/java-8-oracle/bin/java
00600000-00601000 rw-p 00000000 08:01 3016174                            /usr/lib/jvm/java-8-oracle/bin/java
02252000-02273000 rw-p 00000000 00:00 0                                  [heap]
c0000000-c2f00000 rw-p 00000000 00:00 0 
c2f00000-eab00000 ---p 00000000 00:00 0 
eab00000-f7e00000 rw-p 00000000 00:00 0 
f7e00000-100000000 ---p 00000000 00:00 0 
100000000-1004c0000 rw-p 00000000 00:00 0 
1004c0000-140000000 ---p 00000000 00:00 0 
7efdd0000000-7efdd0021000 rw-p 00000000 00:00 0 
7efdd0021000-7efdd4000000 ---p 00000000 00:00 0 
7efdd4000000-7efdd4021000 rw-p 00000000 00:00 0 
7efdd4021000-7efdd8000000 ---p 00000000 00:00 0 
7efdd8000000-7efdd9067000 rw-p 00000000 00:00 0 
7efdd9067000-7efddc000000 ---p 00000000 00:00 0 
7efddc000000-7efddc021000 rw-p 00000000 00:00 0 
7efddc021000-7efde0000000 ---p 00000000 00:00 0 
7efde0000000-7efde0021000 rw-p 00000000 00:00 0 
7efde0021000-7efde4000000 ---p 00000000 00:00 0 
7efde4000000-7efde4021000 rw-p 00000000 00:00 0 
7efde4021000-7efde8000000 ---p 00000000 00:00 0 
7efde8000000-7efde8069000 rw-p 00000000 00:00 0 
7efde8069000-7efdec000000 ---p 00000000 00:00 0 
7efdec000000-7efdec022000 rw-p 00000000 00:00 0 
7efdec022000-7efdf0000000 ---p 00000000 00:00 0 
7efdf0000000-7efdf0021000 rw-p 00000000 00:00 0 
7efdf0021000-7efdf4000000 ---p 00000000 00:00 0 
7efdf4000000-7efdf4021000 rw-p 00000000 00:00 0 
7efdf4021000-7efdf8000000 ---p 00000000 00:00 0 
7efdf8000000-7efdf9779000 rw-p 00000000 00:00 0 
7efdf9779000-7efdfc000000 ---p 00000000 00:00 0 
7efdfc000000-7efdfc931000 rw-p 00000000 00:00 0 
7efdfc931000-7efe00000000 ---p 00000000 00:00 0 
7efe00000000-7efe00021000 rw-p 00000000 00:00 0 
7efe00021000-7efe04000000 ---p 00000000 00:00 0 
7efe04000000-7efe060e4000 rw-p 00000000 00:00 0 
7efe060e4000-7efe08000000 ---p 00000000 00:00 0 
7efe08000000-7efe08021000 rw-p 00000000 00:00 0 
7efe08021000-7efe0c000000 ---p 00000000 00:00 0 
7efe0c000000-7efe0c021000 rw-p 00000000 00:00 0 
7efe0c021000-7efe10000000 ---p 00000000 00:00 0 
7efe10000000-7efe1028e000 rw-p 00000000 00:00 0 
7efe1028e000-7efe14000000 ---p 00000000 00:00 0 
7efe14000000-7efe14021000 rw-p 00000000 00:00 0 
7efe14021000-7efe18000000 ---p 00000000 00:00 0 
7efe18000000-7efe18030000 rw-p 00000000 00:00 0 
7efe18030000-7efe1c000000 ---p 00000000 00:00 0 
7efe1ca79000-7efe1cc64000 rw-p 00000000 00:00 0 
7efe1cc64000-7efe1cc7a000 ---p 00000000 00:00 0 
7efe1cc7a000-7efe1cc83000 r-xp 00000000 08:01 3283103                    /usr/lib/jvm/java-8-oracle/jre/lib/amd64/libmanagement.so
7efe1cc83000-7efe1ce82000 ---p 00009000 08:01 3283103                    /usr/lib/jvm/java-8-oracle/jre/lib/amd64/libmanagement.so
7efe1ce82000-7efe1ce83000 rw-p 00008000 08:01 3283103                    /usr/lib/jvm/java-8-oracle/jre/lib/amd64/libmanagement.so
7efe1ce83000-7efe1ce85000 r--s 00005000 08:01 5899040                    /home/ahmed/myData/android-studio/gradle/m2repository/org/abego/treelayout/org.abego.treelayout.core/1.0.1/org.abego.treelayout.core-1.0.1.jar
7efe1ce85000-7efe1ce8d000 r--s 000a8000 08:01 5899186                    /home/ahmed/myData/android-studio/gradle/m2repository/com/android/tools/external/lombok/lombok-ast/0.2.3/lombok-ast-0.2.3.jar
7efe1ce8d000-7efe1ce8f000 r--s 0000d000 08:01 5899442                    /home/ahmed/myData/android-studio/gradle/m2repository/commons-codec/commons-codec/1.4/commons-codec-1.4.jar
7efe1ce8f000-7efe1ce91000 r--s 0000d000 08:01 4346861                    /home/ahmed/myData/android-studio/gradle/m2repository/commons-logging/commons-logging/1.1.1/commons-logging-1.1.1.jar
7efe1ce91000-7efe1ce96000 r--s 00028000 08:01 5246190                    /home/ahmed/myData/android-studio/gradle/m2repository/org/apache/httpcomponents/httpcore/4.1/httpcore-4.1.jar
7efe1ce96000-7efe1ce97000 r--s 00004000 08:01 5899397                    /home/ahmed/myData/android-studio/gradle/m2repository/com/intellij/annotations/12.0/annotations-12.0.jar
7efe1ce97000-7efe1ce98000 r--s 00002000 08:01 5637507                    /home/ahmed/myData/android-studio/gradle/m2repository/com/tunnelvisionlabs/antlr4-annotations/4.5/antlr4-annotations-4.5.jar
7efe1ce98000-7efe1ce9f000 r--s 00062000 08:01 4854864                    /home/ahmed/myData/android-studio/gradle/m2repository/com/tunnelvisionlabs/antlr4-runtime/4.5/antlr4-runtime-4.5.jar
7efe1ce9f000-7efe1cea0000 r--s 00004000 08:01 5899051                    /home/ahmed/myData/android-studio/gradle/m2repository/org/ow2/asm/asm-analysis/5.0.3/asm-analysis-5.0.3.jar
7efe1cea0000-7efe1cea3000 r--s 00030000 08:01 12846548                   /home/ahmed/.gradle/caches/modules-2/files-2.1/com.android.tools.lint/lint-api/25.1.0/ee915d21b52ee1c5884173c044c19cef14e5c623/lint-api-25.1.0.jar
7efe1cea3000-7efe1cea4000 r--s 0000a000 08:01 5899435                    /home/ahmed/myData/android-studio/gradle/m2repository/net/sf/kxml/kxml2/2.3.0/kxml2-2.3.0.jar
7efe1cea4000-7efe1cea6000 r--s 00005000 08:01 5246183                    /home/ahmed/myData/android-studio/gradle/m2repository/org/apache/httpcomponents/httpmime/4.1/httpmime-4.1.jar
7efe1cea6000-7efe1ceae000 r--s 0004e000 08:01 5246199                    /home/ahmed/myData/android-studio/gradle/m2repository/org/apache/httpcomponents/httpclient/4.1.1/httpclient-4.1.1.jar
7efe1ceae000-7efe1ceb5000 r--s 00053000 08:01 5377308                    /home/ahmed/myData/android-studio/gradle/m2repository/org/apache/commons/commons-compress/1.8.1/commons-compress-1.8.1.jar
7efe1ceb5000-7efe1ceba000 r--s 0002a000 08:01 5899120                    /home/ahmed/myData/android-studio/gradle/m2repository/com/google/code/gson/gson/2.2.4/gson-2.2.4.jar
7efe1ceba000-7efe1cebe000 r--s 00026000 08:01 12846547                   /home/ahmed/.gradle/caches/modules-2/files-2.1/com.android.tools/repository/25.1.0/cb53d8e728e092299f9d62fc7c8e34567d882616/repository-25.1.0.jar
7efe1cebe000-7efe1cebf000 r--s 00005000 08:01 12846546                   /home/ahmed/.gradle/caches/modules-2/files-2.1/com.android.tools/dvlib/25.1.0/ca582735b513a64217f39fccb7ea9285e7e0e23d/dvlib-25.1.0.jar
7efe1cebf000-7efe1cec2000 r--s 00013000 08:01 12846545                   /home/ahmed/.gradle/caches/modules-2/files-2.1/com.android.tools.layoutlib/layoutlib-api/25.1.0/26620cea0540ae08e4d19c71f1e779e04c6c545a/layoutlib-api-25.1.0.jar
7efe1cec2000-7efe1cec6000 r--s 00037000 08:01 5768945                    /home/ahmed/myData/android-studio/gradle/m2repository/org/antlr/ST4/4.0.8/ST4-4.0.8.jar
7efe1cec6000-7efe1cec9000 r--s 00026000 08:01 5899033                    /home/ahmed/myData/android-studio/gradle/m2repository/org/antlr/antlr-runtime/3.5.2/antlr-runtime-3.5.2.jar
7efe1cec9000-7efe1cece000 r--s 00058000 08:01 5899070                    /home/ahmed/myData/android-studio/gradle/m2repository/org/ow2/asm/asm-debug-all/5.0.1/asm-debug-all-5.0.1.jar
7efe1cece000-7efe1cede000 r--s 000d6000 08:01 5899410                    /home/ahmed/myData/android-studio/gradle/m2repository/net/sf/proguard/proguard-base/5.2.1/proguard-base-5.2.1.jar
7efe1cede000-7efe1cee1000 r--s 00033000 08:01 5899102                    /home/ahmed/myData/android-studio/gradle/m2repository/com/googlecode/juniversalchardet/juniversalchardet/1.0.3/juniversalchardet-1.0.3.jar
7efe1cee1000-7efe1cee5000 r--s 0002a000 08:01 4468212                    /home/ahmed/myData/android-studio/gradle/m2repository/commons-io/commons-io/2.4/commons-io-2.4.jar
7efe1cee5000-7efe1ceef000 r--s 00099000 08:01 5115253                    /home/ahmed/myData/android-studio/gradle/m2repository/com/tunnelvisionlabs/antlr4/4.5/antlr4-4.5.jar
7efe1ceef000-7efe1cef0000 r--s 00002000 08:01 12846544                   /home/ahmed/.gradle/caches/modules-2/files-2.1/com.android.databinding/baseLibrary/2.1.0/a7aeef173c4e5b104ec04f146f8e8f9debde1c5e/baseLibrary-2.1.0.jar
7efe1cef0000-7efe1cf1b000 r--s 001f9000 08:01 5899127                    /home/ahmed/myData/android-studio/gradle/m2repository/com/google/guava/guava/17.0/guava-17.0.jar
7efe1cf1b000-7efe1cf1c000 r--s 00001000 08:01 12846540                   /home/ahmed/.gradle/caches/modules-2/files-2.1/com.android.tools/annotations/25.1.0/6fdec5fc3e0b5a7b1a5866d9e8910d9bc4ceee4f/annotations-25.1.0.jar
7efe1cf1c000-7efe1cf2e000 r--s 00223000 08:01 4725196                    /home/ahmed/myData/android-studio/gradle/m2repository/org/eclipse/jdt/core/compiler/ecj/4.4.2/ecj-4.4.2.jar
7efe1cf2e000-7efe1cf35000 r--s 000be000 08:01 12846539                   /home/ahmed/.gradle/caches/modules-2/files-2.1/com.android.tools.lint/lint-checks/25.1.0/8527298ca77202032b16b729bd1849e44f445adc/lint-checks-25.1.0.jar
7efe1cf35000-7efe1cf37000 r--s 00006000 08:01 5899081                    /home/ahmed/myData/android-studio/gradle/m2repository/org/ow2/asm/asm-tree/5.0.3/asm-tree-5.0.3.jar
7efe1cf37000-7efe1cf6a000 r--s 00203000 08:01 5637498                    /home/ahmed/myData/android-studio/gradle/m2repository/org/bouncycastle/bcprov-jdk15on/1.48/bcprov-jdk15on-1.48.jar
7efe1cf6a000-7efe1cf78000 r--s 00081000 08:01 5637492                    /home/ahmed/myData/android-studio/gradle/m2repository/org/bouncycastle/bcpkix-jdk15on/1.48/bcpkix-jdk15on-1.48.jar
7efe1cf78000-7efe1cf7a000 r--s 00002000 08:01 5899109                    /home/ahmed/myData/android-studio/gradle/m2repository/com/squareup/javawriter/2.5.0/javawriter-2.5.0.jar
7efe1cf7a000-7efe1cf7b000 r--s 00001000 08:01 12846538                   /home/ahmed/.gradle/caches/modules-2/files-2.1/com.android.tools.jill/jill-api/0.10.0/7dfd6360ae4af1e171ec67b92e0cf065d59eef19/jill-api-0.10.0.jar
7efe1cf7b000-7efe1cf7d000 r--s 00003000 08:01 12846535                   /home/ahmed/.gradle/caches/modules-2/files-2.1/com.android.tools.jack/jack-api/0.10.0/f44f53e8f713714f9a1bf9b2cabfea3584b00878/jack-api-0.10.0.jar
7efe1cf7d000-7efe1cf83000 r--s 0004a000 08:01 12846534                   /home/ahmed/.gradle/caches/modules-2/files-2.1/com.android.tools.ddms/ddmlib/25.1.0/7aae7364ea2a1d632fd86938bd71b1078930bd2c/ddmlib-25.1.0.jar
7efe1cf83000-7efe1cf86000 r--s 00028000 08:01 12846533                   /home/ahmed/.gradle/caches/modules-2/files-2.1/com.android.tools.build/manifest-merger/25.1.0/db4c07f151804f5091156fe128312d817535126a/manifest-merger-25.1.0.jar
7efe1cf86000-7efe1cf88000 r--s 00018000 08:01 12846532                   /home/ahmed/.gradle/caches/modules-2/files-2.1/com.android.tools/common/25.1.0/f28e33233e0d20119a04256036324ac2aba3426d/common-25.1.0.jar
7efe1cf88000-7efe1cf90000 r--s 0007c000 08:01 12846531                   /home/ahmed/.gradle/caches/modules-2/files-2.1/com.android.tools/sdk-common/25.1.0/54053c7fe667b737870d3fa509b0d3c53eccb7f/sdk-common-25.1.0.jar
7efe1cf90000-7efe1cf98000 r--s 00078000 08:01 12846530                   /home/ahmed/.gradle/caches/modules-2/files-2.1/com.android.tools/sdklib/25.1.0/aad711bbb11a5d987e2f7894ca47531ef7152ae/sdklib-25.1.0.jar
7efe1cf98000-7efe1cf99000 r--s 00002000 08:01 12846529                   /home/ahmed/.gradle/caches/modules-2/files-2.1/com.android.tools.build/builder-test-api/2.1.0/b3b98fa0514c5e7301233db9586317a8aeda2aa0/builder-test-api-2.1.0.jar
7efe1cf99000-7efe1cf9b000 r--s 00005000 08:01 12846527                   /home/ahmed/.gradle/caches/modules-2/files-2.1/com.android.tools.build/builder-model/2.1.0/a3aa281eebfdb2f9f13b73c754648ad434f515ab/builder-model-2.1.0.jar
7efe1cf9b000-7efe1cfa5000 r--s 00110000 08:01 5768955                    /home/ahmed/myData/android-studio/gradle/m2repository/org/antlr/antlr/3.5.2/antlr-3.5.2.jar
7efe1cfa5000-7efe1cfa9000 r--s 0001e000 08:01 5115245                    /home/ahmed/myData/android-studio/gradle/m2repository/org/jacoco/org.jacoco.core/0.7.4.201502262128/org.jacoco.core-0.7.4.201502262128.jar
7efe1cfa9000-7efe1cfaa000 r--s 00002000 08:01 5899421                    /home/ahmed/myData/android-studio/gradle/m2repository/net/sf/proguard/proguard-gradle/5.2.1/proguard-gradle-5.2.1.jar
7efe1cfaa000-7efe1cfae000 r--s 0002b000 08:01 12846524                   /home/ahmed/.gradle/caches/modules-2/files-2.1/com.android.databinding/compilerCommon/2.1.0/92d114064b10fde26f5363c6d965767852b42828/compilerCommon-2.1.0.jar
7efe1cfae000-7efe1cfcb000 r--s 0017b000 08:01 12846520                   /home/ahmed/.gradle/caches/modules-2/files-2.1/com.android.tools.build/gradle-core/2.1.0/527d4386755e742b500df6cc2f2b0dc2bb798dfe/gradle-core-2.1.0.jar
7efe1cfcb000-7efe1d1cb000 rw-p 00000000 00:00 0 
7efe1d1cb000-7efe1d3cb000 rw-p 00000000 00:00 0 
7efe1d3cb000-7efe1d5cb000 rw-p 00000000 00:00 0 
7efe1d5cb000-7efe1d5ce000 ---p 00000000 00:00 0 
7efe1d5ce000-7efe1d804000 rw-p 00000000 00:00 0 
7efe1d804000-7efe1d8cc000 r--s 00fdc000 08:01 3418276                    /home/ahmed/myData/android-studio/lib/openapi.jar
7efe1d8cc000-7efe1dacc000 rw-p 00000000 00:00 0 
7efe1dacc000-7efe1dacd000 r--s 00000000 08:01 6167134                    /home/ahmed/.gradle/caches/jars-1/dg22azhabc6tsc1i8xni15giz1bnssh/gradle-appengine-builder-model-0.1.0.jar
7efe1dacd000-7efe1dacf000 r--s 00005000 08:01 6167132                    /home/ahmed/.gradle/caches/jars-1/buwpmlrbgxfhtpshg8uyuaov0xrp0nb/builder-model-2.0.0-alpha7.jar
7efe1dacf000-7efe1db97000 r--s 00fdc000 08:01 6167130                    /home/ahmed/.gradle/caches/jars-1/oe1fcl136io3ng4t4mo4qw9fygp14qj/openapi.jar
7efe1db97000-7efe1db99000 r--s 00009000 08:01 5899094                    /home/ahmed/myData/android-studio/gradle/m2repository/org/ow2/asm/asm-commons/5.0.3/asm-commons-5.0.3.jar
7efe1db99000-7efe1db9a000 r--s 0000c000 08:01 5899063                    /home/ahmed/myData/android-studio/gradle/m2repository/org/ow2/asm/asm/5.0.3/asm-5.0.3.jar
7efe1db9a000-7efe1db9b000 r--s 00002000 08:01 12846523                   /home/ahmed/.gradle/caches/modules-2/files-2.1/com.android.tools.build/gradle-api/2.1.0/f3278f0caee0382a1cc3dfccd08d7981b1d69013/gradle-api-2.1.0.jar
7efe1db9b000-7efe1db9c000 r--s 00000000 08:01 5899327                    /home/ahmed/myData/android-studio/gradle/m2repository/com/android/tools/build/transform-api/2.0.0-deprecated-use-gradle-api/transform-api-2.0.0-deprecated-use-gradle-api.jar
7efe1db9c000-7efe1db9e000 r--s 00023000 08:01 12846522                   /home/ahmed/.gradle/caches/modules-2/files-2.1/com.android.tools.lint/lint/25.1.0/2bc7dab70d203eebda02f12b20a6170c190f6b29/lint-25.1.0.jar
7efe1db9e000-7efe1dbb1000 r--s 00130000 08:01 12846521                   /home/ahmed/.gradle/caches/modules-2/files-2.1/com.android.tools.build/builder/2.1.0/525d7c91bd7acccecba4a6a4e611b772b0824f21/builder-2.1.0.jar
7efe1dbb1000-7efe1dbb3000 r--s 0000c000 08:01 12846519                   /home/ahmed/.gradle/caches/modules-2/files-2.1/com.android.tools.build/gradle/2.1.0/6d96b336cb51a348725e6c366aefd74682dce465/gradle-2.1.0.jar
7efe1dbb3000-7efe1dbb4000 r--p 00000000 00:00 0 
7efe1dbb4000-7efe1dbb6000 r--s 00025000 08:01 5377344                    /home/ahmed/myData/android-studio/plugins/gradle/lib/gradle-tooling-extension-impl.jar
7efe1dbb6000-7efe1dbb8000 r--s 0000c000 08:01 5377355                    /home/ahmed/myData/android-studio/plugins/gradle/lib/gradle-tooling-extension-api.jar
7efe1dbb8000-7efe1dbbd000 r--s 0002f000 08:01 3418217                    /home/ahmed/myData/android-studio/lib/gson-2.3.1.jar
7efe1dbbd000-7efe1dc29000 r--s 00696000 08:01 3418342                    /home/ahmed/myData/android-studio/lib/groovy-all-2.3.9.jar
7efe1dc29000-7efe1de29000 rw-p 00000000 00:00 0 
7efe1de29000-7efe1de2b000 r--s 0000c000 08:01 6167128                    /home/ahmed/.gradle/caches/jars-1/17ppggnxlrny1thxa5ra9c4tand880v/gradle-tooling-extension-api.jar
7efe1de2b000-7efe1de32000 r--s 00031000 08:01 6031757                    /home/ahmed/.gradle/caches/jars-1/mjzb6pkr202klpc4mvbvp2j9mhcyoj2/gradle-base-services-2.5.jar
7efe1de32000-7efe1de5a000 r--s 001cf000 08:01 6031755                    /home/ahmed/.gradle/caches/jars-1/87eo0lrvp84r6dbxjq018wy66es2era/guava-jdk5-17.0.jar
7efe1de5a000-7efe1de65000 r--s 00036000 08:01 6031753                    /home/ahmed/.gradle/caches/jars-1/ppuug715rid7lfxxo8hcoh44crsa3x4/gradle-tooling-api-2.5.jar
7efe1de65000-7efe1de68000 ---p 00000000 00:00 0 
7efe1de68000-7efe1e166000 rw-p 00000000 00:00 0 
7efe1e166000-7efe1e366000 rw-p 00000000 00:00 0 
7efe1e366000-7efe1e3df000 r--s 010e3000 08:01 4079336                    /usr/lib/jvm/java-8-oracle/lib/tools.jar
7efe1e3df000-7efe1e5df000 rw-p 00000000 00:00 0 
7efe1e5df000-7efe1e5e2000 ---p 00000000 00:00 0 
7efe1e5e2000-7efe1e6e0000 rw-p 00000000 00:00 0 
7efe1e6e0000-7efe1e6e7000 r--s 00000000 08:01 3280040                    /usr/lib/x86_64-linux-gnu/gconv/gconv-modules.cache
7efe1e6e7000-7efe1e6ea000 ---p 00000000 00:00 0 
7efe1e6ea000-7efe1e7e8000 rw-p 00000000 00:00 0 
7efe1e7e8000-7efe1e7eb000 ---p 00000000 00:00 0 
7efe1e7eb000-7efe1e8e9000 rw-p 00000000 00:00 0 
7efe1e8e9000-7efe1e8ec000 ---p 00000000 00:00 0 
7efe1e8ec000-7efe1e9ea000 rw-p 00000000 00:00 0 
7efe1e9ea000-7efe1e9ed000 ---p 00000000 00:00 0 
7efe1e9ed000-7efe1eceb000 rw-p 00000000 00:00 0 
7efe1eceb000-7efe1ecee000 ---p 00000000 00:00 0 
7efe1ecee000-7efe1edec000 rw-p 00000000 00:00 0 
7efe1edec000-7efe1edf0000 r--s 00097000 08:01 3149870                    /usr/lib/jvm/java-8-oracle/jre/lib/jsse.jar
7efe1edf0000-7efe1edf2000 r--s 00005000 08:01 4217013                    /home/ahmed/myData/android-studio/gradle/gradle-2.10/lib/plugins/gradle-tooling-api-builders-2.10.jar
7efe1edf2000-7efe1ee02000 r--s 00088000 08:01 4217046                    /home/ahmed/myData/android-studio/gradle/gradle-2.10/lib/plugins/joda-time-2.8.2.jar
7efe1ee02000-7efe1ee13000 r--s 000cf000 08:01 4217082                    /home/ahmed/myData/android-studio/gradle/gradle-2.10/lib/plugins/jackson-databind-2.3.2.jar
7efe1ee13000-7efe1ee15000 r--s 00007000 08:01 4217099                    /home/ahmed/myData/android-studio/gradle/gradle-2.10/lib/plugins/jackson-annotations-2.3.2.jar
7efe1ee15000-7efe1ee18000 r--s 0002e000 08:01 4217061                    /home/ahmed/myData/android-studio/gradle/gradle-2.10/lib/plugins/jackson-core-2.3.2.jar
7efe1ee18000-7efe1ee23000 r--s 0006b000 08:01 4217121                    /home/ahmed/myData/android-studio/gradle/gradle-2.10/lib/plugins/aws-java-sdk-core-1.9.19.jar
7efe1ee23000-7efe1ee29000 r--s 00036000 08:01 4217094                    /home/ahmed/myData/android-studio/gradle/gradle-2.10/lib/plugins/aws-java-sdk-kms-1.9.19.jar
7efe1ee29000-7efe1ee34000 r--s 00079000 08:01 4217020                    /home/ahmed/myData/android-studio/gradle/gradle-2.10/lib/plugins/aws-java-sdk-s3-1.9.19.jar
7efe1ee34000-7efe1ee35000 r--s 00003000 08:01 4217023                    /home/ahmed/myData/android-studio/gradle/gradle-2.10/lib/plugins/gradle-resources-s3-2.10.jar
7efe1ee35000-7efe1ee36000 r--s 00004000 08:01 4217052                    /home/ahmed/myData/android-studio/gradle/gradle-2.10/lib/plugins/gradle-resources-sftp-2.10.jar
7efe1ee36000-7efe1ee37000 r--s 00001000 08:01 4217036                    /home/ahmed/myData/android-studio/gradle/gradle-2.10/lib/plugins/gradle-plugin-development-2.10.jar
7efe1ee37000-7efe1ee39000 r--s 00005000 08:01 4217066                    /home/ahmed/myData/android-studio/gradle/gradle-2.10/lib/plugins/gradle-testing-native-2.10.jar
7efe1ee39000-7efe1ee3e000 r--s 0002b000 08:01 4217096                    /home/ahmed/myData/android-studio/gradle/gradle-2.10/lib/plugins/gradle-ide-native-2.10.jar
7efe1ee3e000-7efe1ee43000 r--s 0001a000 08:01 4217038                    /home/ahmed/myData/android-studio/gradle/gradle-2.10/lib/plugins/gradle-language-native-2.10.jar
7efe1ee43000-7efe1ee48000 r--s 00028000 08:01 4217033                    /home/ahmed/myData/android-studio/gradle/gradle-2.10/lib/plugins/gradle-platform-play-2.10.jar
7efe1ee48000-7efe1ee55000 r--s 0004f000 08:01 4217073                    /home/ahmed/myData/android-studio/gradle/gradle-2.10/lib/plugins/gradle-platform-native-2.10.jar
7efe1ee55000-7efe1ee58000 r--s 00008000 08:01 4217063                    /home/ahmed/myData/android-studio/gradle/gradle-2.10/lib/plugins/gradle-language-scala-2.10.jar
7efe1ee58000-7efe1ee5a000 r--s 00009000 08:01 4217035                    /home/ahmed/myData/android-studio/gradle/gradle-2.10/lib/plugins/gradle-language-groovy-2.10.jar
7efe1ee5a000-7efe1ee60000 r--s 00023000 08:01 4217083                    /home/ahmed/myData/android-studio/gradle/gradle-2.10/lib/plugins/gradle-language-java-2.10.jar
7efe1ee60000-7efe1ee62000 r--s 00008000 08:01 4217108                    /home/ahmed/myData/android-studio/gradle/gradle-2.10/lib/plugins/gradle-language-jvm-2.10.jar
7efe1ee62000-7efe1ee65000 r--s 00015000 08:01 4217104                    /home/ahmed/myData/android-studio/gradle/gradle-2.10/lib/plugins/gradle-platform-jvm-2.10.jar
7efe1ee65000-7efe1ee6d000 r--s 0002b000 08:01 4217075                    /home/ahmed/myData/android-studio/gradle/gradle-2.10/lib/plugins/gradle-platform-base-2.10.jar
7efe1ee6d000-7efe1ee71000 r--s 00020000 08:01 4217111                    /home/ahmed/myData/android-studio/gradle/gradle-2.10/lib/plugins/gradle-build-init-2.10.jar
7efe1ee71000-7efe1ee74000 r--s 00017000 08:01 4217064                    /home/ahmed/myData/android-studio/gradle/gradle-2.10/lib/plugins/gradle-jacoco-2.10.jar
7efe1ee74000-7efe1ee77000 r--s 0000e000 08:01 4217050                    /home/ahmed/myData/android-studio/gradle/gradle-2.10/lib/plugins/gradle-ivy-2.10.jar
7efe1ee77000-7efe1ee79000 r--s 00002000 08:01 4217044                    /home/ahmed/myData/android-studio/gradle/gradle-2.10/lib/plugins/gradle-publish-2.10.jar
7efe1ee79000-7efe1ee7b000 r--s 00005000 08:01 4217068                    /home/ahmed/myData/android-studio/gradle/gradle-2.10/lib/plugins/jatl-0.2.2.jar
7efe1ee7b000-7efe1ee7d000 r--s 0000f000 08:01 4217100                    /home/ahmed/myData/android-studio/gradle/gradle-2.10/lib/plugins/gradle-reporting-2.10.jar
7efe1ee7d000-7efe1ee83000 r--s 00036000 08:01 4217088                    /home/ahmed/myData/android-studio/gradle/gradle-2.10/lib/plugins/gradle-diagnostics-2.10.jar
7efe1ee83000-7efe1ee8a000 r--s 0008f000 08:01 4217030                    /home/ahmed/myData/android-studio/gradle/gradle-2.10/lib/plugins/gradle-build-comparison-2.10.jar
7efe1ee8a000-7efe1ee91000 r--s 00035000 08:01 4217081                    /home/ahmed/myData/android-studio/gradle/gradle-2.10/lib/plugins/simple-4.1.21.jar
7efe1ee91000-7efe1ee9d000 r--s 00100000 08:01 4217110                    /home/ahmed/myData/android-studio/gradle/gradle-2.10/lib/plugins/rhino-1.7R3.jar
7efe1ee9d000-7efe1eea1000 r--s 0001c000 08:01 4217122                    /home/ahmed/myData/android-studio/gradle/gradle-2.10/lib/plugins/gradle-javascript-2.10.jar
7efe1eea1000-7efe1eea3000 r--s 0000b000 08:01 4217051                    /home/ahmed/myData/android-studio/gradle/gradle-2.10/lib/plugins/gradle-ear-2.10.jar
7efe1eea3000-7efe1eeaa000 r--s 00038000 08:01 4217070                    /home/ahmed/myData/android-studio/gradle/gradle-2.10/lib/plugins/bcpg-jdk15on-1.51.jar
7efe1eeaa000-7efe1eeac000 r--s 00017000 08:01 4217072                    /home/ahmed/myData/android-studio/gradle/gradle-2.10/lib/plugins/gradle-signing-2.10.jar
7efe1eeac000-7efe1eead000 r--s 00002000 08:01 4217015                    /home/ahmed/myData/android-studio/gradle/gradle-2.10/lib/plugins/sonar-batch-bootstrapper-2.9.jar
7efe1eead000-7efe1eeb0000 r--s 00015000 08:01 4217037                    /home/ahmed/myData/android-studio/gradle/gradle-2.10/lib/plugins/gradle-sonar-2.10.jar
7efe1eeb0000-7efe1eeb3000 r--s 00010000 08:01 4217093                    /home/ahmed/myData/android-studio/gradle/gradle-2.10/lib/plugins/gradle-scala-2.10.jar
7efe1eeb3000-7efe1eeb5000 r--s 0000a000 08:01 4217021                    /home/ahmed/myData/android-studio/gradle/gradle-2.10/lib/plugins/gradle-announce-2.10.jar
7efe1eeb5000-7efe1eec4000 r--s 0009f000 08:01 4217106                    /home/ahmed/myData/android-studio/gradle/gradle-2.10/lib/plugins/gradle-ide-2.10.jar
7efe1eec4000-7efe1eec7000 r--s 0000c000 08:01 4217062                    /home/ahmed/myData/android-studio/gradle/gradle-2.10/lib/plugins/pmaven-groovy-0.8-20100325.jar
7efe1eec7000-7efe1eec8000 r--s 00004000 08:01 4217084                    /home/ahmed/myData/android-studio/gradle/gradle-2.10/lib/plugins/pmaven-common-0.8-20100325.jar
7efe1eec8000-7efe1eece000 r--s 00022000 08:01 4217014                    /home/ahmed/myData/android-studio/gradle/gradle-2.10/lib/plugins/gradle-maven-2.10.jar
7efe1eece000-7efe1eeef000 r--s 001c3000 08:01 4217058                    /home/ahmed/myData/android-studio/gradle/gradle-2.10/lib/plugins/bndlib-2.4.0.jar
7efe1eeef000-7efe1eef1000 r--s 00004000 08:01 4217078                    /home/ahmed/myData/android-studio/gradle/gradle-2.10/lib/plugins/gradle-osgi-2.10.jar
7efe1eef1000-7efe1eef3000 r--s 00008000 08:01 4217041                    /home/ahmed/myData/android-studio/gradle/gradle-2.10/lib/plugins/gradle-antlr-2.10.jar
7efe1eef3000-7efe1eef6000 r--s 0001e000 08:01 4217077                    /home/ahmed/myData/android-studio/gradle/gradle-2.10/lib/plugins/jsp-api-2.1-6.1.14.jar
7efe1eef6000-7efe1ef19000 r--s 00344000 08:01 4217103                    /home/ahmed/myData/android-studio/gradle/gradle-2.10/lib/plugins/core-3.1.1.jar
7efe1ef19000-7efe1ef1a000 r--s 00006000 08:01 4217123                    /home/ahmed/myData/android-studio/gradle/gradle-2.10/lib/plugins/jetty-naming-6.1.25.jar
7efe1ef1a000-7efe1ef1b000 r--s 00002000 08:01 4217056                    /home/ahmed/myData/android-studio/gradle/gradle-2.10/lib/plugins/geronimo-annotation_1.0_spec-1.0.jar
7efe1ef1b000-7efe1ef1d000 r--s 00002000 08:01 4217069                    /home/ahmed/myData/android-studio/gradle/gradle-2.10/lib/plugins/jetty-annotations-6.1.25.jar
7efe1ef1d000-7efe1ef2e000 r--s 000ea000 08:01 4217087                    /home/ahmed/myData/android-studio/gradle/gradle-2.10/lib/plugins/jsp-2.1-6.1.14.jar
7efe1ef2e000-7efe1ef30000 r--s 0000d000 08:01 4217040                    /home/ahmed/myData/android-studio/gradle/gradle-2.10/lib/plugins/jetty-plus-6.1.25.jar
7efe1ef30000-7efe1ef32000 r--s 0001f000 08:01 4217059                    /home/ahmed/myData/android-studio/gradle/gradle-2.10/lib/plugins/servlet-api-2.5-20081211.jar
7efe1ef32000-7efe1ef36000 r--s 00028000 08:01 4217016                    /home/ahmed/myData/android-studio/gradle/gradle-2.10/lib/plugins/jetty-util-6.1.25.jar
7efe1ef36000-7efe1ef3d000 r--s 0007d000 08:01 4217089                    /home/ahmed/myData/android-studio/gradle/gradle-2.10/lib/plugins/jetty-6.1.25.jar
7efe1ef3d000-7efe1ef3f000 r--s 00009000 08:01 4217067                    /home/ahmed/myData/android-studio/gradle/gradle-2.10/lib/plugins/gradle-jetty-2.10.jar
7efe1ef3f000-7efe1ef45000 r--s 00037000 08:01 4217031                    /home/ahmed/myData/android-studio/gradle/gradle-2.10/lib/plugins/gradle-code-quality-2.10.jar
7efe1ef45000-7efe1ef47000 r--s 00009000 08:01 4217057                    /home/ahmed/myData/android-studio/gradle/gradle-2.10/lib/plugins/hamcrest-core-1.3.jar
7efe1ef47000-7efe1ef4d000 r--s 00033000 08:01 4217090                    /home/ahmed/myData/android-studio/gradle/gradle-2.10/lib/plugins/snakeyaml-1.6.jar
7efe1ef4d000-7efe1ef4f000 r--s 00006000 08:01 4217042                    /home/ahmed/myData/android-studio/gradle/gradle-2.10/lib/plugins/jcommander-1.12.jar
7efe1ef4f000-7efe1ef54000 r--s 00040000 08:01 4217101                    /home/ahmed/myData/android-studio/gradle/gradle-2.10/lib/plugins/bsh-2.0b4.jar
7efe1ef54000-7efe1ef56000 r--s 00009000 08:01 4217029                    /home/ahmed/myData/android-studio/gradle/gradle-2.10/lib/plugins/commons-cli-1.2.jar
7efe1ef56000-7efe1ef5f000 r--s 00089000 08:01 4217054                    /home/ahmed/myData/android-studio/gradle/gradle-2.10/lib/plugins/testng-6.3.1.jar
7efe1ef5f000-7efe1ef67000 r--s 00045000 08:01 4217115                    /home/ahmed/myData/android-studio/gradle/gradle-2.10/lib/plugins/junit-4.12.jar
7efe1ef67000-7efe1ef74000 r--s 00073000 08:01 4217060                    /home/ahmed/myData/android-studio/gradle/gradle-2.10/lib/plugins/gradle-plugins-2.10.jar
7efe1ef74000-7efe1ef8c000 r--s 00115000 08:01 4217085                    /home/ahmed/myData/android-studio/gradle/gradle-2.10/lib/plugins/xercesImpl-2.9.1.jar
7efe1ef8c000-7efe1ef94000 r--s 00028000 08:01 4217071                    /home/ahmed/myData/android-studio/gradle/gradle-2.10/lib/plugins/xml-apis-1.3.04.jar
7efe1ef94000-7efe1ef9a000 r--s 0005b000 08:01 4217028                    /home/ahmed/myData/android-studio/gradle/gradle-2.10/lib/plugins/jcifs-1.3.17.jar
7efe1ef9a000-7efe1efa0000 r--s 00031000 08:01 4217043                    /home/ahmed/myData/android-studio/gradle/gradle-2.10/lib/plugins/httpcore-4.2.2.jar
7efe1efa0000-7efe1efa6000 r--s 00033000 08:01 4217024                    /home/ahmed/myData/android-studio/gradle/gradle-2.10/lib/plugins/commons-codec-1.6.jar
7efe1efa6000-7efe1efa9000 r--s 0001c000 08:01 4217117                    /home/ahmed/myData/android-studio/gradle/gradle-2.10/lib/plugins/nekohtml-1.9.14.jar
7efe1efa9000-7efe1efb2000 r--s 00060000 08:01 4217055                    /home/ahmed/myData/android-studio/gradle/gradle-2.10/lib/plugins/httpclient-4.2.2.jar
7efe1efb2000-7efe1efb4000 r--s 00009000 08:01 4217102                    /home/ahmed/myData/android-studio/gradle/gradle-2.10/lib/plugins/gradle-resources-http-2.10.jar
7efe1efb4000-7efe1efb7000 r--s 00011000 08:01 4217034                    /home/ahmed/myData/android-studio/gradle/gradle-2.10/lib/plugins/gradle-plugin-use-2.10.jar
7efe1efb7000-7efe1efb8000 r--s 00007000 08:01 4217086                    /home/ahmed/myData/android-studio/gradle/gradle-2.10/lib/plugins/wagon-http-shared4-2.4.jar
7efe1efb8000-7efe1efbc000 r--s 00033000 08:01 4217109                    /home/ahmed/myData/android-studio/gradle/gradle-2.10/lib/plugins/plexus-utils-2.0.6.jar
7efe1efbc000-7efe1efc0000 r--s 00021000 08:01 4217065                    /home/ahmed/myData/android-studio/gradle/gradle-2.10/lib/plugins/maven-model-builder-3.0.4.jar
7efe1efc0000-7efe1efc1000 r--s 00002000 08:01 4217098                    /home/ahmed/myData/android-studio/gradle/gradle-2.10/lib/plugins/wagon-file-2.4.jar
7efe1efc1000-7efe1efc3000 r--s 00002000 08:01 4217120                    /home/ahmed/myData/android-studio/gradle/gradle-2.10/lib/plugins/plexus-cipher-1.7.jar
7efe1efc3000-7efe1efc6000 r--s 00013000 08:01 4217118                    /home/ahmed/myData/android-studio/gradle/gradle-2.10/lib/plugins/aether-api-1.13.1.jar
7efe1efc6000-7efe1efc8000 r--s 0000a000 08:01 4217079                    /home/ahmed/myData/android-studio/gradle/gradle-2.10/lib/plugins/maven-settings-3.0.4.jar
7efe1efc8000-7efe1efca000 r--s 0000d000 08:01 4217012                    /home/ahmed/myData/android-studio/gradle/gradle-2.10/lib/plugins/plexus-interpolation-1.14.jar
7efe1efca000-7efe1efcc000 r--s 0000b000 08:01 4217047                    /home/ahmed/myData/android-studio/gradle/gradle-2.10/lib/plugins/maven-artifact-3.0.4.jar
7efe1efcc000-7efe1efd3000 r--s 0002e000 08:01 4217074                    /home/ahmed/myData/android-studio/gradle/gradle-2.10/lib/plugins/plexus-container-default-1.5.5.jar
7efe1efd3000-7efe1efd5000 r--s 0000b000 08:01 4217097                    /home/ahmed/myData/android-studio/gradle/gradle-2.10/lib/plugins/maven-plugin-api-3.0.4.jar
7efe1efd5000-7efe1efd7000 r--s 00000000 08:01 4217048                    /home/ahmed/myData/android-studio/gradle/gradle-2.10/lib/plugins/plexus-component-annotations-1.5.5.jar
7efe1efd7000-7efe1efdd000 r--s 0003f000 08:01 4217049                    /home/ahmed/myData/android-studio/gradle/gradle-2.10/lib/plugins/maven-compat-3.0.4.jar
7efe1efdd000-7efe1efe0000 r--s 00008000 08:01 4217116                    /home/ahmed/myData/android-studio/gradle/gradle-2.10/lib/plugins/maven-settings-builder-3.0.4.jar
7efe1efe0000-7efe1efe1000 r--s 00002000 08:01 4217017                    /home/ahmed/myData/android-studio/gradle/gradle-2.10/lib/plugins/wagon-http-2.4.jar
7efe1efe1000-7efe1efe3000 r--s 00026000 08:01 4217113                    /home/ahmed/myData/android-studio/gradle/gradle-2.10/lib/plugins/maven-model-3.0.4.jar
7efe1efe3000-7efe1efe5000 r--s 00006000 08:01 4217114                    /home/ahmed/myData/android-studio/gradle/gradle-2.10/lib/plugins/aether-connector-wagon-1.13.1.jar
7efe1efe5000-7efe1efe7000 r--s 0000a000 08:01 4217032                    /home/ahmed/myData/android-studio/gradle/gradle-2.10/lib/plugins/plexus-classworlds-2.4.jar
7efe1efe7000-7efe1efe9000 r--s 00006000 08:01 4217095                    /home/ahmed/myData/android-studio/gradle/gradle-2.10/lib/plugins/maven-repository-metadata-3.0.4.jar
7efe1efe9000-7efe1efeb000 r--s 0000c000 08:01 4217018                    /home/ahmed/myData/android-studio/gradle/gradle-2.10/lib/plugins/maven-aether-provider-3.0.4.jar
7efe1efeb000-7efe1efed000 r--s 0000b000 08:01 4217019                    /home/ahmed/myData/android-studio/gradle/gradle-2.10/lib/plugins/wagon-provider-api-2.4.jar
7efe1efed000-7efe1efee000 r--s 00003000 08:01 4217076                    /home/ahmed/myData/android-studio/gradle/gradle-2.10/lib/plugins/aether-spi-1.13.1.jar
7efe1efee000-7efe1eff2000 r--s 0001c000 08:01 4217080                    /home/ahmed/myData/android-studio/gradle/gradle-2.10/lib/plugins/aether-util-1.13.1.jar
7efe1eff2000-7efe1eff5000 r--s 0001d000 08:01 4217039                    /home/ahmed/myData/android-studio/gradle/gradle-2.10/lib/plugins/aether-impl-1.13.1.jar
7efe1eff5000-7efe1effa000 r--s 00040000 08:01 4217053                    /home/ahmed/myData/android-studio/gradle/gradle-2.10/lib/plugins/jsch-0.1.53.jar
7efe1effa000-7efe1f03a000 r--s 00277000 08:01 4217105                    /home/ahmed/myData/android-studio/gradle/gradle-2.10/lib/plugins/bcprov-jdk15on-1.51.jar
7efe1f03a000-7efe1f03e000 r--s 0001d000 08:01 4217107                    /home/ahmed/myData/android-studio/gradle/gradle-2.10/lib/plugins/xbean-reflect-3.4.jar
7efe1f03e000-7efe1f04a000 r--s 0007d000 08:01 4217022                    /home/ahmed/myData/android-studio/gradle/gradle-2.10/lib/plugins/maven-core-3.0.4.jar
7efe1f04a000-7efe1f04f000 r--s 0002a000 08:01 4217112                    /home/ahmed/myData/android-studio/gradle/gradle-2.10/lib/plugins/gson-2.2.4.jar
7efe1f04f000-7efe1f05e000 r--s 000d9000 08:01 4217091                    /home/ahmed/myData/android-studio/gradle/gradle-2.10/lib/plugins/ivy-2.2.0.jar
7efe1f05e000-7efe1f074000 r-xp 00000000 08:01 7995494                    /lib/x86_64-linux-gnu/libgcc_s.so.1
7efe1f074000-7efe1f273000 ---p 00016000 08:01 7995494                    /lib/x86_64-linux-gnu/libgcc_s.so.1
7efe1f273000-7efe1f274000 rw-p 00015000 08:01 7995494                    /lib/x86_64-linux-gnu/libgcc_s.so.1
7efe1f274000-7efe1f35a000 r-xp 00000000 08:01 2886262                    /usr/lib/x86_64-linux-gnu/libstdc++.so.6.0.19
7efe1f35a000-7efe1f559000 ---p 000e6000 08:01 2886262                    /usr/lib/x86_64-linux-gnu/libstdc++.so.6.0.19
7efe1f559000-7efe1f561000 r--p 000e5000 08:01 2886262                    /usr/lib/x86_64-linux-gnu/libstdc++.so.6.0.19
7efe1f561000-7efe1f563000 rw-p 000ed000 08:01 2886262                    /usr/lib/x86_64-linux-gnu/libstdc++.so.6.0.19
7efe1f563000-7efe1f578000 rw-p 00000000 00:00 0 
7efe1f578000-7efe1f579000 r--s 00006000 08:01 4217092                    /home/ahmed/myData/android-studio/gradle/gradle-2.10/lib/plugins/plexus-sec-dispatcher-1.3.jar
7efe1f579000-7efe1f595000 r--s 000c9000 08:01 4217119                    /home/ahmed/myData/android-studio/gradle/gradle-2.10/lib/plugins/gradle-dependency-management-2.10.jar
7efe1f595000-7efe1f599000 r-xp 00000000 08:01 4855054                    /home/ahmed/.gradle/native/19/linux-amd64/libnative-platform.so
7efe1f599000-7efe1f798000 ---p 00004000 08:01 4855054                    /home/ahmed/.gradle/native/19/linux-amd64/libnative-platform.so
7efe1f798000-7efe1f799000 rw-p 00003000 08:01 4855054                    /home/ahmed/.gradle/native/19/linux-amd64/libnative-platform.so
7efe1f799000-7efe1f7aa000 r-xp 00000000 08:01 3283155                    /usr/lib/jvm/java-8-oracle/jre/lib/amd64/libnio.so
7efe1f7aa000-7efe1f9a9000 ---p 00011000 08:01 3283155                    /usr/lib/jvm/java-8-oracle/jre/lib/amd64/libnio.so
7efe1f9a9000-7efe1f9aa000 rw-p 00010000 08:01 3283155                    /usr/lib/jvm/java-8-oracle/jre/lib/amd64/libnio.so
7efe1f9aa000-7efe1f9c0000 r-xp 00000000 08:01 3284680                    /usr/lib/jvm/java-8-oracle/jre/lib/amd64/libnet.so
7efe1f9c0000-7efe1fbc0000 ---p 00016000 08:01 3284680                    /usr/lib/jvm/java-8-oracle/jre/lib/amd64/libnet.so
7efe1fbc0000-7efe1fbc1000 rw-p 00016000 08:01 3284680                    /usr/lib/jvm/java-8-oracle/jre/lib/amd64/libnet.so
7efe1fbc1000-7efe1fbc2000 r--s 00006000 08:01 4216980                    /home/ahmed/myData/android-studio/gradle/gradle-2.10/lib/gradle-wrapper-2.10.jar
7efe1fbc2000-7efe1fbcd000 r--s 0003b000 08:01 4217004                    /home/ahmed/myData/android-studio/gradle/gradle-2.10/lib/gradle-tooling-api-2.10.jar
7efe1fbcd000-7efe1fbcf000 r--s 00002000 08:01 4216984                    /home/ahmed/myData/android-studio/gradle/gradle-2.10/lib/gradle-open-api-2.10.jar
7efe1fbcf000-7efe1fbd5000 r--s 00032000 08:01 4217003                    /home/ahmed/myData/android-studio/gradle/gradle-2.10/lib/jaxen-1.1.jar
7efe1fbd5000-7efe1fbda000 r--s 00048000 08:01 4216977                    /home/ahmed/myData/android-studio/gradle/gradle-2.10/lib/dom4j-1.6.1.jar
7efe1fbda000-7efe1fbe5000 r--s 00059000 08:01 4217002                    /home/ahmed/myData/android-studio/gradle/gradle-2.10/lib/gradle-ui-2.10.jar
7efe1fbe5000-7efe1fbe8000 r--s 00008000 08:01 4217126                    /home/ahmed/myData/android-studio/gradle/gradle-2.10/lib/gradle-resources-2.10.jar
7efe1fbe8000-7efe1fbea000 r--s 00007000 08:01 4217005                    /home/ahmed/myData/android-studio/gradle/gradle-2.10/lib/objenesis-1.2.jar
7efe1fbea000-7efe1fbec000 r--s 00000000 08:01 4217006                    /home/ahmed/myData/android-studio/gradle/gradle-2.10/lib/minlog-1.2.jar
7efe1fbec000-7efe1fbee000 r--s 0000f000 08:01 4217009                    /home/ahmed/myData/android-studio/gradle/gradle-2.10/lib/reflectasm-1.07-shaded.jar
7efe1fbee000-7efe1fbf2000 r--s 00026000 08:01 4217125                    /home/ahmed/myData/android-studio/gradle/gradle-2.10/lib/kryo-2.20.jar
7efe1fbf2000-7efe1fbfb000 r--s 0003f000 08:01 4216994                    /home/ahmed/myData/android-studio/gradle/gradle-2.10/lib/gradle-messaging-2.10.jar
7efe1fbfb000-7efe1fbfc000 r--s 00003000 08:01 4217010                    /home/ahmed/myData/android-studio/gradle/gradle-2.10/lib/native-platform-freebsd-amd64-0.10.jar
7efe1fbfc000-7efe1fbfd000 ---p 00000000 00:00 0 
7efe1fbfd000-7efe1fcfd000 rw-p 00000000 00:00 0 
7efe1fcfd000-7efe1fd00000 ---p 00000000 00:00 0 
7efe1fd00000-7efe1fdfe000 rw-p 00000000 00:00 0 
7efe1fdfe000-7efe1fe01000 ---p 00000000 00:00 0 
7efe1fe01000-7efe1feff000 rw-p 00000000 00:00 0 
7efe1feff000-7efe1ff02000 ---p 00000000 00:00 0 
7efe1ff02000-7efe20000000 rw-p 00000000 00:00 0 
7efe20000000-7efe2002e000 rw-p 00000000 00:00 0 
7efe2002e000-7efe24000000 ---p 00000000 00:00 0 
7efe24000000-7efe24001000 r--s 00003000 08:01 4216995                    /home/ahmed/myData/android-studio/gradle/gradle-2.10/lib/native-platform-freebsd-i386-0.10.jar
7efe24001000-7efe24002000 r--s 00005000 08:01 4217000                    /home/ahmed/myData/android-studio/gradle/gradle-2.10/lib/native-platform-windows-i386-0.10.jar
7efe24002000-7efe24003000 r--s 00005000 08:01 4216974                    /home/ahmed/myData/android-studio/gradle/gradle-2.10/lib/native-platform-windows-amd64-0.10.jar
7efe24003000-7efe24004000 r--s 00003000 08:01 4216976                    /home/ahmed/myData/android-studio/gradle/gradle-2.10/lib/native-platform-linux-i386-0.10.jar
7efe24004000-7efe24005000 r--s 00003000 08:01 4216983                    /home/ahmed/myData/android-studio/gradle/gradle-2.10/lib/native-platform-linux-amd64-0.10.jar
7efe24005000-7efe24006000 r--s 00002000 08:01 4217128                    /home/ahmed/myData/android-studio/gradle/gradle-2.10/lib/native-platform-osx-amd64-0.10.jar
7efe24006000-7efe24007000 r--s 00002000 08:01 4216993                    /home/ahmed/myData/android-studio/gradle/gradle-2.10/lib/native-platform-osx-i386-0.10.jar
7efe24007000-7efe24009000 r--s 00008000 08:01 4216992                    /home/ahmed/myData/android-studio/gradle/gradle-2.10/lib/jansi-1.2.1.jar
7efe24009000-7efe2400c000 r--s 0000d000 08:01 4217007                    /home/ahmed/myData/android-studio/gradle/gradle-2.10/lib/native-platform-0.10.jar
7efe2400c000-7efe24010000 r--s 000e4000 08:01 4216975                    /home/ahmed/myData/android-studio/gradle/gradle-2.10/lib/jna-3.2.7.jar
7efe24010000-7efe24012000 r--s 00008000 08:01 4216999                    /home/ahmed/myData/android-studio/gradle/gradle-2.10/lib/gradle-native-2.10.jar
7efe24012000-7efe24014000 r--s 00005000 08:01 4216998                    /home/ahmed/myData/android-studio/gradle/gradle-2.10/lib/gradle-cli-2.10.jar
7efe24014000-7efe24015000 r--s 00007000 08:01 4217127                    /home/ahmed/myData/android-studio/gradle/gradle-2.10/lib/gradle-model-groovy-2.10.jar
7efe24015000-7efe24017000 r--s 00005000 08:01 4216978                    /home/ahmed/myData/android-studio/gradle/gradle-2.10/lib/gradle-base-services-groovy-2.10.jar
7efe24017000-7efe24024000 r--s 00073000 08:01 4216981                    /home/ahmed/myData/android-studio/gradle/gradle-2.10/lib/gradle-model-core-2.10.jar
7efe24024000-7efe24025000 r--s 00000000 08:01 4217132                    /home/ahmed/myData/android-studio/gradle/gradle-2.10/lib/gradle-docs-2.10.jar
7efe24025000-7efe24027000 r--s 00003000 08:01 4216987                    /home/ahmed/myData/android-studio/gradle/gradle-2.10/lib/jcl-over-slf4j-1.7.10.jar
7efe24027000-7efe2402a000 r--s 0001b000 08:01 4216985                    /home/ahmed/myData/android-studio/gradle/gradle-2.10/lib/jarjar-1.3.jar
7efe2402a000-7efe2402e000 r--s 00027000 08:01 4216986                    /home/ahmed/myData/android-studio/gradle/gradle-2.10/lib/commons-io-2.2.jar
7efe2402e000-7efe2403c000 r--s 0007f000 08:01 4217008                    /home/ahmed/myData/android-studio/gradle/gradle-2.10/lib/commons-collections-3.2.1.jar
7efe2403c000-7efe24041000 r--s 00036000 08:01 4216996                    /home/ahmed/myData/android-studio/gradle/gradle-2.10/lib/asm-all-5.0.3.jar
7efe24041000-7efe240b0000 r--s 0063e000 08:01 4217001                    /home/ahmed/myData/android-studio/gradle/gradle-2.10/lib/groovy-all-2.4.4.jar
7efe240b0000-7efe240b5000 r--s 00041000 08:01 4216979                    /home/ahmed/myData/android-studio/gradle/gradle-2.10/lib/commons-lang-2.6.jar
7efe240b5000-7efe240dd000 r--s 001cf000 08:01 4216989                    /home/ahmed/myData/android-studio/gradle/gradle-2.10/lib/guava-jdk5-17.0.jar
7efe240dd000-7efe240fc000 r--s 001cc000 08:01 4216982                    /home/ahmed/myData/android-studio/gradle/gradle-2.10/lib/ant-1.9.3.jar
7efe240fc000-7efe240ff000 ---p 00000000 00:00 0 
7efe240ff000-7efe241fd000 rw-p 00000000 00:00 0 
7efe241fd000-7efe24200000 ---p 00000000 00:00 0 
7efe24200000-7efe242fe000 rw-p 00000000 00:00 0 
7efe242fe000-7efe249f2000 r--p 00000000 08:01 2890341                    /usr/lib/locale/locale-archive
7efe249f2000-7efe249f5000 ---p 00000000 00:00 0 
7efe249f5000-7efe24af3000 rw-p 00000000 00:00 0 
7efe24af3000-7efe24af6000 ---p 00000000 00:00 0 
7efe24af6000-7efe24bf4000 rw-p 00000000 00:00 0 
7efe24bf4000-7efe24bf5000 ---p 00000000 00:00 0 
7efe24bf5000-7efe28000000 rw-p 00000000 00:00 0 
7efe28000000-7efe28021000 rw-p 00000000 00:00 0 
7efe28021000-7efe2c000000 ---p 00000000 00:00 0 
7efe2c000000-7efe2c037000 r--s 001bc000 08:01 4216990                    /home/ahmed/myData/android-studio/gradle/gradle-2.10/lib/gradle-core-2.10.jar
7efe2c037000-7efe2c4cc000 rw-p 00000000 00:00 0 
7efe2c4cc000-7efe2c6a5000 r--s 03d1f000 08:01 3149907                    /usr/lib/jvm/java-8-oracle/jre/lib/rt.jar
7efe2c6a5000-7efe2c8a5000 rw-p 00000000 00:00 0 
7efe2c8a5000-7efe2c8a6000 ---p 00000000 00:00 0 
7efe2c8a6000-7efe2c9a6000 rw-p 00000000 00:00 0 
7efe2c9a6000-7efe2c9a7000 ---p 00000000 00:00 0 
7efe2c9a7000-7efe2caa7000 rw-p 00000000 00:00 0 
7efe2caa7000-7efe2caa8000 ---p 00000000 00:00 0 
7efe2caa8000-7efe2cba8000 rw-p 00000000 00:00 0 
7efe2cba8000-7efe2cba9000 ---p 00000000 00:00 0 
7efe2cba9000-7efe2ccc1000 rw-p 00000000 00:00 0 
7efe2ccc1000-7efe2cdff000 ---p 00000000 00:00 0 
7efe2cdff000-7efe2ce17000 rw-p 00000000 00:00 0 
7efe2ce17000-7efe2cf54000 ---p 00000000 00:00 0 
7efe2cf54000-7efe2cfbe000 rw-p 00000000 00:00 0 
7efe2cfbe000-7efe2cfff000 ---p 00000000 00:00 0 
7efe2cfff000-7efe2d000000 rw-p 00000000 00:00 0 
7efe2d000000-7efe2de10000 rwxp 00000000 00:00 0 
7efe2de10000-7efe3c000000 ---p 00000000 00:00 0 
7efe3c000000-7efe3cae3000 rw-p 00000000 00:00 0 
7efe3cae3000-7efe40000000 ---p 00000000 00:00 0 
7efe40000000-7efe40001000 r--s 00005000 08:01 4217129                    /home/ahmed/myData/android-studio/gradle/gradle-2.10/lib/log4j-over-slf4j-1.7.10.jar
7efe40001000-7efe40003000 r--s 00000000 08:01 4217124                    /home/ahmed/myData/android-studio/gradle/gradle-2.10/lib/jul-to-slf4j-1.7.10.jar
7efe40003000-7efe400d3000 rw-p 00000000 00:00 0 
7efe400d3000-7efe4045a000 ---p 00000000 00:00 0 
7efe4045a000-7efe40474000 r-xp 00000000 08:01 3284666                    /usr/lib/jvm/java-8-oracle/jre/lib/amd64/libzip.so
7efe40474000-7efe40674000 ---p 0001a000 08:01 3284666                    /usr/lib/jvm/java-8-oracle/jre/lib/amd64/libzip.so
7efe40674000-7efe40675000 rw-p 0001a000 08:01 3284666                    /usr/lib/jvm/java-8-oracle/jre/lib/amd64/libzip.so
7efe40675000-7efe4067f000 r-xp 00000000 08:01 8002158                    /lib/x86_64-linux-gnu/libnss_files-2.19.so
7efe4067f000-7efe4087e000 ---p 0000a000 08:01 8002158                    /lib/x86_64-linux-gnu/libnss_files-2.19.so
7efe4087e000-7efe4087f000 r--p 00009000 08:01 8002158                    /lib/x86_64-linux-gnu/libnss_files-2.19.so
7efe4087f000-7efe40880000 rw-p 0000a000 08:01 8002158                    /lib/x86_64-linux-gnu/libnss_files-2.19.so
7efe40880000-7efe4088b000 r-xp 00000000 08:01 8002150                    /lib/x86_64-linux-gnu/libnss_nis-2.19.so
7efe4088b000-7efe40a8a000 ---p 0000b000 08:01 8002150                    /lib/x86_64-linux-gnu/libnss_nis-2.19.so
7efe40a8a000-7efe40a8b000 r--p 0000a000 08:01 8002150                    /lib/x86_64-linux-gnu/libnss_nis-2.19.so
7efe40a8b000-7efe40a8c000 rw-p 0000b000 08:01 8002150                    /lib/x86_64-linux-gnu/libnss_nis-2.19.so
7efe40a8c000-7efe40aa3000 r-xp 00000000 08:01 8002142                    /lib/x86_64-linux-gnu/libnsl-2.19.so
7efe40aa3000-7efe40ca2000 ---p 00017000 08:01 8002142                    /lib/x86_64-linux-gnu/libnsl-2.19.so
7efe40ca2000-7efe40ca3000 r--p 00016000 08:01 8002142                    /lib/x86_64-linux-gnu/libnsl-2.19.so
7efe40ca3000-7efe40ca4000 rw-p 00017000 08:01 8002142                    /lib/x86_64-linux-gnu/libnsl-2.19.so
7efe40ca4000-7efe40ca6000 rw-p 00000000 00:00 0 
7efe40ca6000-7efe40caf000 r-xp 00000000 08:01 8002141                    /lib/x86_64-linux-gnu/libnss_compat-2.19.so
7efe40caf000-7efe40eae000 ---p 00009000 08:01 8002141                    /lib/x86_64-linux-gnu/libnss_compat-2.19.so
7efe40eae000-7efe40eaf000 r--p 00008000 08:01 8002141                    /lib/x86_64-linux-gnu/libnss_compat-2.19.so
7efe40eaf000-7efe40eb0000 rw-p 00009000 08:01 8002141                    /lib/x86_64-linux-gnu/libnss_compat-2.19.so
7efe40eb0000-7efe40eda000 r-xp 00000000 08:01 3284615                    /usr/lib/jvm/java-8-oracle/jre/lib/amd64/libjava.so
7efe40eda000-7efe410da000 ---p 0002a000 08:01 3284615                    /usr/lib/jvm/java-8-oracle/jre/lib/amd64/libjava.so
7efe410da000-7efe410dc000 rw-p 0002a000 08:01 3284615                    /usr/lib/jvm/java-8-oracle/jre/lib/amd64/libjava.so
7efe410dc000-7efe410e9000 r-xp 00000000 08:01 3284672                    /usr/lib/jvm/java-8-oracle/jre/lib/amd64/libverify.so
7efe410e9000-7efe412e9000 ---p 0000d000 08:01 3284672                    /usr/lib/jvm/java-8-oracle/jre/lib/amd64/libverify.so
7efe412e9000-7efe412eb000 rw-p 0000d000 08:01 3284672                    /usr/lib/jvm/java-8-oracle/jre/lib/amd64/libverify.so
7efe412eb000-7efe412f2000 r-xp 00000000 08:01 8002154                    /lib/x86_64-linux-gnu/librt-2.19.so
7efe412f2000-7efe414f1000 ---p 00007000 08:01 8002154                    /lib/x86_64-linux-gnu/librt-2.19.so
7efe414f1000-7efe414f2000 r--p 00006000 08:01 8002154                    /lib/x86_64-linux-gnu/librt-2.19.so
7efe414f2000-7efe414f3000 rw-p 00007000 08:01 8002154                    /lib/x86_64-linux-gnu/librt-2.19.so
7efe414f3000-7efe415f8000 r-xp 00000000 08:01 8002005                    /lib/x86_64-linux-gnu/libm-2.19.so
7efe415f8000-7efe417f7000 ---p 00105000 08:01 8002005                    /lib/x86_64-linux-gnu/libm-2.19.so
7efe417f7000-7efe417f8000 r--p 00104000 08:01 8002005                    /lib/x86_64-linux-gnu/libm-2.19.so
7efe417f8000-7efe417f9000 rw-p 00105000 08:01 8002005                    /lib/x86_64-linux-gnu/libm-2.19.so
7efe417f9000-7efe424b9000 r-xp 00000000 08:01 3284648                    /usr/lib/jvm/java-8-oracle/jre/lib/amd64/server/libjvm.so
7efe424b9000-7efe426b9000 ---p 00cc0000 08:01 3284648                    /usr/lib/jvm/java-8-oracle/jre/lib/amd64/server/libjvm.so
7efe426b9000-7efe42791000 rw-p 00cc0000 08:01 3284648                    /usr/lib/jvm/java-8-oracle/jre/lib/amd64/server/libjvm.so
7efe42791000-7efe427dc000 rw-p 00000000 00:00 0 
7efe427dc000-7efe42996000 r-xp 00000000 08:01 8002155                    /lib/x86_64-linux-gnu/libc-2.19.so
7efe42996000-7efe42b96000 ---p 001ba000 08:01 8002155                    /lib/x86_64-linux-gnu/libc-2.19.so
7efe42b96000-7efe42b9a000 r--p 001ba000 08:01 8002155                    /lib/x86_64-linux-gnu/libc-2.19.so
7efe42b9a000-7efe42b9c000 rw-p 001be000 08:01 8002155                    /lib/x86_64-linux-gnu/libc-2.19.so
7efe42b9c000-7efe42ba1000 rw-p 00000000 00:00 0 
7efe42ba1000-7efe42ba4000 r-xp 00000000 08:01 8002007                    /lib/x86_64-linux-gnu/libdl-2.19.so
7efe42ba4000-7efe42da3000 ---p 00003000 08:01 8002007                    /lib/x86_64-linux-gnu/libdl-2.19.so
7efe42da3000-7efe42da4000 r--p 00002000 08:01 8002007                    /lib/x86_64-linux-gnu/libdl-2.19.so
7efe42da4000-7efe42da5000 rw-p 00003000 08:01 8002007                    /lib/x86_64-linux-gnu/libdl-2.19.so
7efe42da5000-7efe42dba000 r-xp 00000000 08:01 4079274                    /usr/lib/jvm/java-8-oracle/lib/amd64/jli/libjli.so
7efe42dba000-7efe42fba000 ---p 00015000 08:01 4079274                    /usr/lib/jvm/java-8-oracle/lib/amd64/jli/libjli.so
7efe42fba000-7efe42fbb000 rw-p 00015000 08:01 4079274                    /usr/lib/jvm/java-8-oracle/lib/amd64/jli/libjli.so
7efe42fbb000-7efe42fd4000 r-xp 00000000 08:01 8002147                    /lib/x86_64-linux-gnu/libpthread-2.19.so
7efe42fd4000-7efe431d3000 ---p 00019000 08:01 8002147                    /lib/x86_64-linux-gnu/libpthread-2.19.so
7efe431d3000-7efe431d4000 r--p 00018000 08:01 8002147                    /lib/x86_64-linux-gnu/libpthread-2.19.so
7efe431d4000-7efe431d5000 rw-p 00019000 08:01 8002147                    /lib/x86_64-linux-gnu/libpthread-2.19.so
7efe431d5000-7efe431d9000 rw-p 00000000 00:00 0 
7efe431d9000-7efe431fc000 r-xp 00000000 08:01 8002148                    /lib/x86_64-linux-gnu/ld-2.19.so
7efe431fc000-7efe431fd000 r--s 00000000 08:01 4216997                    /home/ahmed/myData/android-studio/gradle/gradle-2.10/lib/javax.inject-1.jar
7efe431fd000-7efe431fe000 r--s 00000000 08:01 4216991                    /home/ahmed/myData/android-studio/gradle/gradle-2.10/lib/jcip-annotations-1.0.jar
7efe431fe000-7efe432d7000 rw-p 00000000 00:00 0 
7efe432d7000-7efe432da000 ---p 00000000 00:00 0 
7efe432da000-7efe433dc000 rw-p 00000000 00:00 0 
7efe433dc000-7efe433dd000 r--s 00007000 08:01 4216973                    /home/ahmed/myData/android-studio/gradle/gradle-2.10/lib/slf4j-api-1.7.10.jar
7efe433dd000-7efe433de000 r--s 00004000 08:01 4216988                    /home/ahmed/myData/android-studio/gradle/gradle-2.10/lib/ant-launcher-1.9.3.jar
7efe433de000-7efe433e5000 r--s 00034000 08:01 4217131                    /home/ahmed/myData/android-studio/gradle/gradle-2.10/lib/gradle-base-services-2.10.jar
7efe433e5000-7efe433ef000 r--s 0004a000 08:01 4217130                    /home/ahmed/myData/android-studio/gradle/gradle-2.10/lib/gradle-launcher-2.10.jar
7efe433ef000-7efe433f7000 rw-s 00000000 08:01 13893646                   /tmp/hsperfdata_ahmed/29228
7efe433f7000-7efe433f8000 rw-p 00000000 00:00 0 
7efe433f8000-7efe433f9000 ---p 00000000 00:00 0 
7efe433f9000-7efe433fb000 rw-p 00000000 00:00 0 
7efe433fb000-7efe433fc000 r--p 00022000 08:01 8002148                    /lib/x86_64-linux-gnu/ld-2.19.so
7efe433fc000-7efe433fd000 rw-p 00023000 08:01 8002148                    /lib/x86_64-linux-gnu/ld-2.19.so
7efe433fd000-7efe433fe000 rw-p 00000000 00:00 0 
7fffc2d30000-7fffc2d51000 rw-p 00000000 00:00 0                          [stack]
7fffc2daa000-7fffc2dac000 r--p 00000000 00:00 0                          [vvar]
7fffc2dac000-7fffc2dae000 r-xp 00000000 00:00 0                          [vdso]
ffffffffff600000-ffffffffff601000 r-xp 00000000 00:00 0                  [vsyscall]

VM Arguments:
jvm_args: -XX:MaxPermSize=256m -XX:+HeapDumpOnOutOfMemoryError -Xmx1024m -Dfile.encoding=UTF-8 -Duser.country=US -Duser.language=en -Duser.variant 
java_command: org.gradle.launcher.daemon.bootstrap.GradleDaemon 2.10
java_class_path (initial): /home/ahmed/myData/android-studio/gradle/gradle-2.10/lib/gradle-launcher-2.10.jar
Launcher Type: SUN_STANDARD

Environment Variables:
JAVA_HOME=/usr/lib/jvm/java-8-oracle
PATH=/usr/local/sbin:/usr/local/bin:/usr/sbin:/usr/bin:/sbin:/bin:/usr/games:/usr/local/games
LD_LIBRARY_PATH=/home/ahmed/myData/android-studio/bin:
SHELL=/bin/bash
DISPLAY=:0

Signal Handlers:
SIGSEGV: [libjvm.so+0xabca10], sa_mask[0]=11111111011111111101111111111110, sa_flags=SA_RESTART|SA_SIGINFO
SIGBUS: [libjvm.so+0xabca10], sa_mask[0]=11111111011111111101111111111110, sa_flags=SA_RESTART|SA_SIGINFO
SIGFPE: [libjvm.so+0x919a20], sa_mask[0]=11111111011111111101111111111110, sa_flags=SA_RESTART|SA_SIGINFO
SIGPIPE: [libjvm.so+0x919a20], sa_mask[0]=11111111011111111101111111111110, sa_flags=SA_RESTART|SA_SIGINFO
SIGXFSZ: [libjvm.so+0x919a20], sa_mask[0]=11111111011111111101111111111110, sa_flags=SA_RESTART|SA_SIGINFO
SIGILL: [libjvm.so+0x919a20], sa_mask[0]=11111111011111111101111111111110, sa_flags=SA_RESTART|SA_SIGINFO
SIGUSR1: SIG_DFL, sa_mask[0]=00000000000000000000000000000000, sa_flags=none
SIGUSR2: [libjvm.so+0x91b050], sa_mask[0]=00100000000000000000000000000000, sa_flags=SA_RESTART|SA_SIGINFO
SIGHUP: [libjvm.so+0x91c450], sa_mask[0]=11111111011111111101111111111110, sa_flags=SA_RESTART|SA_SIGINFO
SIGINT: [libjvm.so+0x91c450], sa_mask[0]=11111111011111111101111111111110, sa_flags=SA_RESTART|SA_SIGINFO
SIGTERM: [libjvm.so+0x91c450], sa_mask[0]=11111111011111111101111111111110, sa_flags=SA_RESTART|SA_SIGINFO
SIGQUIT: [libjvm.so+0x91c450], sa_mask[0]=11111111011111111101111111111110, sa_flags=SA_RESTART|SA_SIGINFO


---------------  S Y S T E M  ---------------

OS:DISTRIB_ID=Ubuntu
DISTRIB_RELEASE=14.04
DISTRIB_CODENAME=trusty
DISTRIB_DESCRIPTION="Ubuntu 14.04.4 LTS"

uname:Linux 3.19.0-59-generic #66~14.04.1-Ubuntu SMP Fri May 13 17:27:10 UTC 2016 x86_64
libc:glibc 2.19 NPTL 2.19 
rlimit: STACK 8192k, CORE 0k, NPROC 23476, NOFILE 4096, AS infinity
load average:2.04 1.23 0.71

/proc/meminfo:
MemTotal:        6040744 kB
MemFree:         1514328 kB
MemAvailable:    2521144 kB
Buffers:          152752 kB
Cached:          1432980 kB
SwapCached:        57908 kB
Active:          3111104 kB
Inactive:        1132532 kB
Active(anon):    2395308 kB
Inactive(anon):   732892 kB
Active(file):     715796 kB
Inactive(file):   399640 kB
Unevictable:          48 kB
Mlocked:              48 kB
SwapTotal:       6213628 kB
SwapFree:        5653984 kB
Dirty:             13952 kB
Writeback:             0 kB
AnonPages:       2626368 kB
Mapped:           425548 kB
Shmem:            470220 kB
Slab:             167652 kB
SReclaimable:     120612 kB
SUnreclaim:        47040 kB
KernelStack:       10848 kB
PageTables:        48824 kB
NFS_Unstable:          0 kB
Bounce:                0 kB
WritebackTmp:          0 kB
CommitLimit:     9234000 kB
Committed_AS:    8213740 kB
VmallocTotal:   34359738367 kB
VmallocUsed:      553744 kB
VmallocChunk:   34359180152 kB
HardwareCorrupted:     0 kB
AnonHugePages:   1232896 kB
CmaTotal:              0 kB
CmaFree:               0 kB
HugePages_Total:       0
HugePages_Free:        0
HugePages_Rsvd:        0
HugePages_Surp:        0
Hugepagesize:       2048 kB
DirectMap4k:      511824 kB
DirectMap2M:     5709824 kB


CPU:total 4 (2 cores per cpu, 2 threads per core) family 6 model 42 stepping 7, cmov, cx8, fxsr, mmx, sse, sse2, sse3, ssse3, sse4.1, sse4.2, popcnt, avx, clmul, ht, tsc, tscinvbit

/proc/cpuinfo:
processor	: 0
vendor_id	: GenuineIntel
cpu family	: 6
model		: 42
model name	: Intel(R) Core(TM) i3-2310M CPU @ 2.10GHz
stepping	: 7
microcode	: 0x14
cpu MHz		: 2100.000
cache size	: 3072 KB
physical id	: 0
siblings	: 4
core id		: 0
cpu cores	: 2
apicid		: 0
initial apicid	: 0
fpu		: yes
fpu_exception	: yes
cpuid level	: 13
wp		: yes
flags		: fpu vme de pse tsc msr pae mce cx8 apic sep mtrr pge mca cmov pat pse36 clflush dts acpi mmx fxsr sse sse2 ss ht tm pbe syscall nx rdtscp lm constant_tsc arch_perfmon pebs bts rep_good nopl xtopology nonstop_tsc aperfmperf eagerfpu pni pclmulqdq dtes64 monitor ds_cpl vmx est tm2 ssse3 cx16 xtpr pdcm pcid sse4_1 sse4_2 x2apic popcnt tsc_deadline_timer xsave avx lahf_lm arat epb pln pts dtherm tpr_shadow vnmi flexpriority ept vpid xsaveopt
bugs		:
bogomips	: 4190.59
clflush size	: 64
cache_alignment	: 64
address sizes	: 36 bits physical, 48 bits virtual
power management:

processor	: 1
vendor_id	: GenuineIntel
cpu family	: 6
model		: 42
model name	: Intel(R) Core(TM) i3-2310M CPU @ 2.10GHz
stepping	: 7
microcode	: 0x14
cpu MHz		: 2100.000
cache size	: 3072 KB
physical id	: 0
siblings	: 4
core id		: 0
cpu cores	: 2
apicid		: 1
initial apicid	: 1
fpu		: yes
fpu_exception	: yes
cpuid level	: 13
wp		: yes
flags		: fpu vme de pse tsc msr pae mce cx8 apic sep mtrr pge mca cmov pat pse36 clflush dts acpi mmx fxsr sse sse2 ss ht tm pbe syscall nx rdtscp lm constant_tsc arch_perfmon pebs bts rep_good nopl xtopology nonstop_tsc aperfmperf eagerfpu pni pclmulqdq dtes64 monitor ds_cpl vmx est tm2 ssse3 cx16 xtpr pdcm pcid sse4_1 sse4_2 x2apic popcnt tsc_deadline_timer xsave avx lahf_lm arat epb pln pts dtherm tpr_shadow vnmi flexpriority ept vpid xsaveopt
bugs		:
bogomips	: 4190.59
clflush size	: 64
cache_alignment	: 64
address sizes	: 36 bits physical, 48 bits virtual
power management:

processor	: 2
vendor_id	: GenuineIntel
cpu family	: 6
model		: 42
model name	: Intel(R) Core(TM) i3-2310M CPU @ 2.10GHz
stepping	: 7
microcode	: 0x14
cpu MHz		: 2099.917
cache size	: 3072 KB
physical id	: 0
siblings	: 4
core id		: 1
cpu cores	: 2
apicid		: 2
initial apicid	: 2
fpu		: yes
fpu_exception	: yes
cpuid level	: 13
wp		: yes
flags		: fpu vme de pse tsc msr pae mce cx8 apic sep mtrr pge mca cmov pat pse36 clflush dts acpi mmx fxsr sse sse2 ss ht tm pbe syscall nx rdtscp lm constant_tsc arch_perfmon pebs bts rep_good nopl xtopology nonstop_tsc aperfmperf eagerfpu pni pclmulqdq dtes64 monitor ds_cpl vmx est tm2 ssse3 cx16 xtpr pdcm pcid sse4_1 sse4_2 x2apic popcnt tsc_deadline_timer xsave avx lahf_lm arat epb pln pts dtherm tpr_shadow vnmi flexpriority ept vpid xsaveopt
bugs		:
bogomips	: 4190.59
clflush size	: 64
cache_alignment	: 64
address sizes	: 36 bits physical, 48 bits virtual
power management:

processor	: 3
vendor_id	: GenuineIntel
cpu family	: 6
model		: 42
model name	: Intel(R) Core(TM) i3-2310M CPU @ 2.10GHz
stepping	: 7
microcode	: 0x14
cpu MHz		: 2099.917
cache size	: 3072 KB
physical id	: 0
siblings	: 4
core id		: 1
cpu cores	: 2
apicid		: 3
initial apicid	: 3
fpu		: yes
fpu_exception	: yes
cpuid level	: 13
wp		: yes
flags		: fpu vme de pse tsc msr pae mce cx8 apic sep mtrr pge mca cmov pat pse36 clflush dts acpi mmx fxsr sse sse2 ss ht tm pbe syscall nx rdtscp lm constant_tsc arch_perfmon pebs bts rep_good nopl xtopology nonstop_tsc aperfmperf eagerfpu pni pclmulqdq dtes64 monitor ds_cpl vmx est tm2 ssse3 cx16 xtpr pdcm pcid sse4_1 sse4_2 x2apic popcnt tsc_deadline_timer xsave avx lahf_lm arat epb pln pts dtherm tpr_shadow vnmi flexpriority ept vpid xsaveopt
bugs		:
bogomips	: 4190.59
clflush size	: 64
cache_alignment	: 64
address sizes	: 36 bits physical, 48 bits virtual
power management:



Memory: 4k page, physical 6040744k(1514328k free), swap 6213628k(5653984k free)

vm_info: Java HotSpot(TM) 64-Bit Server VM (25.91-b14) for linux-amd64 JRE (1.8.0_91-b14), built on Apr  1 2016 00:57:21 by "java_re" with gcc 4.3.0 20080428 (Red Hat 4.3.0-8)

time: Sat May 28 09:55:38 2016
elapsed time: 20 seconds (0d 0h 0m 20s)

