#
# A fatal error has been detected by the Java Runtime Environment:
#
#  SIGSEGV (0xb) at pc=0x00007fc912721610, pid=29375, tid=140501536139008
#
# JRE version: Java(TM) SE Runtime Environment (8.0_91-b14) (build 1.8.0_91-b14)
# Java VM: Java HotSpot(TM) 64-Bit Server VM (25.91-b14 mixed mode linux-amd64 compressed oops)
# Problematic frame:
# V  [libjvm.so+0x8fb610]  ObjArrayKlass::oop_follow_contents(ParCompactionManager*, oopDesc*)+0x160
#
# Failed to write core dump. Core dumps have been disabled. To enable core dumping, try "ulimit -c unlimited" before starting Java again
#
# If you would like to submit a bug report, please visit:
#   http://bugreport.java.com/bugreport/crash.jsp
#

---------------  T H R E A D  ---------------

Current thread (0x00007fc90c021000):  GCTaskThread [stack: 0x00007fc91016e000,0x00007fc91026f000] [id=29380]

siginfo: si_signo: 11 (SIGSEGV), si_code: 128 (SI_KERNEL), si_addr: 0x0000000000000000

Registers:
RAX=0x00007fc8f6000000, RBX=0x00007fc912ddcd60, RCX=0x0000000000000000, RDX=0x007fffffffa02000
RSP=0x00007fc91026d7d0, RBP=0x00007fc91026d840, RSI=0x0000000000000001, RDI=0x00000000c05b7218
R8 =0x00000000c05b728c, R9 =0x0000000000002000, R10=0x0000000000000005, R11=0x00007fc912dd8d40
R12=0x0000000000400000, R13=0x00000000c05b7240, R14=0x00007fc90c074960, R15=0x00007fc90c074960
RIP=0x00007fc912721610, EFLAGS=0x0000000000010206, CSGSFS=0x0000000000000033, ERR=0x0000000000000000
  TRAPNO=0x000000000000000d

Top of Stack: (sp=0x00007fc91026d7d0)
0x00007fc91026d7d0:   00000000c05b7218 00000000c05b7268
0x00007fc91026d7e0:   0000000000000010 00000000c05b7268
0x00007fc91026d7f0:   000000010002cbf8 00007fc90c0749a0
0x00007fc91026d800:   00007fc90c074960 0000000000000010
0x00007fc91026d810:   00007fc90c074960 00007fc912dd8d40
0x00007fc91026d820:   00007fc90c074960 00007fc90c021480
0x00007fc91026d830:   00007fc90c074960 00007fc90c026fe0
0x00007fc91026d840:   00007fc91026d9d0 00007fc912799b22
0x00007fc91026d850:   00007fc91026d8d0 00000000c0db8e34
0x00007fc91026d860:   00007fc90c074970 00007fc91026d980
0x00007fc91026d870:   00007fc91026d950 00007fc91026d930
0x00007fc91026d880:   00007fc91026d920 00007fc91026d910
0x00007fc91026d890:   00007fc91026d900 00007fc91026d8f0
0x00007fc91026d8a0:   00000000c0db8e2d 00007fc90c074a20
0x00007fc91026d8b0:   00007fc90c074fc0 00000000c0de5448
0x00007fc91026d8c0:   00000000f0c0c150 0000000000000029
0x00007fc91026d8d0:   0000000000000001 0000000000000002
0x00007fc91026d8e0:   00007fc90c0749a0 00007fc91026d998
0x00007fc91026d8f0:   00007fc91026d960 00007fc912dcd879
0x00007fc91026d900:   00007fc90c074fe8 00007fc90c074fc0
0x00007fc91026d910:   00000000c0de4530 0000000000000400
0x00007fc91026d920:   00007fc90c022028 0000000000000000
0x00007fc91026d930:   0000000000000000 0000000000000000
0x00007fc91026d940:   00007fc9135f3894 00007fc912da9480
0x00007fc91026d950:   0000000000000000 00007fc90c075028
0x00007fc91026d960:   00007fc91026da50 0000000000000c00
0x00007fc91026d970:   0000000000000000 0000000000000000
0x00007fc91026d980:   0000000c00000000 00007fc90c00a000
0x00007fc91026d990:   0000000d00000001 00000000c05b7218
0x00007fc91026d9a0:   00007fc90c074960 00007fc91026da60
0x00007fc91026d9b0:   00007fc90c021440 00007fc90c021480
0x00007fc91026d9c0:   00007fc90c074960 00007fc90c026fe0 

Instructions: (pc=0x00007fc912721610)
0x00007fc9127215f0:   c1 48 8b 43 30 48 c1 ee 03 48 d3 ee 48 89 f2 89
0x00007fc912721600:   f1 be 01 00 00 00 83 e1 3f 48 c1 ea 06 48 d3 e6
0x00007fc912721610:   48 85 34 d0 75 9a 48 8b 05 4b b4 66 00 80 38 00
0x00007fc912721620:   0f 85 ba 02 00 00 49 8b 74 24 08 4c 89 e7 e8 dd 

Register to memory mapping:

RAX=0x00007fc8f6000000 is an unknown value
RBX=0x00007fc912ddcd60: <offset 0xfb6d60> in /usr/lib/jvm/java-8-oracle/jre/lib/amd64/server/libjvm.so at 0x00007fc911e26000
RCX=0x0000000000000000 is an unknown value
RDX=0x007fffffffa02000 is an unknown value
RSP=0x00007fc91026d7d0 is an unknown value
RBP=0x00007fc91026d840 is an unknown value
RSI=0x0000000000000001 is an unknown value
RDI=0x00000000c05b7218 is an oop
[Ljava.util.HashMap$Node; 
 - klass: 'java/util/HashMap$Node'[]
 - length: 16
R8 =0x00000000c05b728c is pointing into object: 0x00000000c05b7268
java.util.LinkedHashMap$Entry 
 - klass: 'java/util/LinkedHashMap$Entry'
R9 =0x0000000000002000 is an unknown value
R10=0x0000000000000005 is an unknown value
R11=0x00007fc912dd8d40: <offset 0xfb2d40> in /usr/lib/jvm/java-8-oracle/jre/lib/amd64/server/libjvm.so at 0x00007fc911e26000
R12=0x0000000000400000: <offset 0> in /usr/lib/jvm/java-8-oracle/bin/java at 0x0000000000400000
R13=0x00000000c05b7240 is pointing into object: 0x00000000c05b7218
[Ljava.util.HashMap$Node; 
 - klass: 'java/util/HashMap$Node'[]
 - length: 16
R14=0x00007fc90c074960 is an unknown value
R15=0x00007fc90c074960 is an unknown value


Stack: [0x00007fc91016e000,0x00007fc91026f000],  sp=0x00007fc91026d7d0,  free space=1021k
Native frames: (J=compiled Java code, j=interpreted, Vv=VM code, C=native code)
V  [libjvm.so+0x8fb610]  ObjArrayKlass::oop_follow_contents(ParCompactionManager*, oopDesc*)+0x160
V  [libjvm.so+0x973b22]  ParCompactionManager::follow_marking_stacks()+0x232
V  [libjvm.so+0x959d0e]  ThreadRootsMarkingTask::do_it(GCTaskManager*, unsigned int)+0x12e
V  [libjvm.so+0x5d584f]  GCTaskThread::run()+0x12f
V  [libjvm.so+0x91ef78]  java_start(Thread*)+0x108


---------------  P R O C E S S  ---------------

Java Threads: ( => current thread )
  0x00007fc8b04aa000 JavaThread "File lock request listener" [_thread_in_native, id=29401, stack(0x00007fc8c2491000,0x00007fc8c2592000)]
  0x00007fc8b0025800 JavaThread "Stdin handler" [_thread_blocked, id=29400, stack(0x00007fc8c2c0b000,0x00007fc8c2d0c000)]
  0x00007fc8b400d000 JavaThread "Daemon worker" [_thread_blocked, id=29397, stack(0x00007fc8c2d13000,0x00007fc8c2e14000)]
  0x00007fc8b4009000 JavaThread "Cancel handler" [_thread_blocked, id=29396, stack(0x00007fc8c2e14000,0x00007fc8c2f15000)]
  0x00007fc8b4003800 JavaThread "Handler for socket connection from /127.0.0.1:50410 to /127.0.0.1:40599" [_thread_in_native, id=29395, stack(0x00007fc8c2f15000,0x00007fc8c3016000)]
  0x00007fc8bc011000 JavaThread "Daemon" [_thread_blocked, id=29394, stack(0x00007fc8c3016000,0x00007fc8c3117000)]
  0x00007fc90cb17000 JavaThread "Incoming local TCP Connector on port 50410" [_thread_in_native, id=29392, stack(0x00007fc8c3318000,0x00007fc8c3419000)]
  0x00007fc90c0e3000 JavaThread "Service Thread" daemon [_thread_blocked, id=29390, stack(0x00007fc8f43f7000,0x00007fc8f44f8000)]
  0x00007fc90c0be000 JavaThread "C1 CompilerThread2" daemon [_thread_blocked, id=29389, stack(0x00007fc8f44f8000,0x00007fc8f45f9000)]
  0x00007fc90c0bc800 JavaThread "C2 CompilerThread1" daemon [_thread_in_native, id=29388, stack(0x00007fc8f45f9000,0x00007fc8f46fa000)]
  0x00007fc90c0b9800 JavaThread "C2 CompilerThread0" daemon [_thread_in_native, id=29387, stack(0x00007fc8f46fa000,0x00007fc8f47fb000)]
  0x00007fc90c0b8000 JavaThread "Signal Dispatcher" daemon [_thread_blocked, id=29386, stack(0x00007fc8f47fb000,0x00007fc8f48fc000)]
  0x00007fc90c084000 JavaThread "Finalizer" daemon [_thread_blocked, id=29385, stack(0x00007fc8f4ff0000,0x00007fc8f50f1000)]
  0x00007fc90c07f800 JavaThread "Reference Handler" daemon [_thread_blocked, id=29384, stack(0x00007fc8f50f1000,0x00007fc8f51f2000)]
  0x00007fc90c00a000 JavaThread "main" [_thread_blocked, id=29378, stack(0x00007fc913904000,0x00007fc913a05000)]

Other Threads:
  0x00007fc90c077800 VMThread [stack: 0x00007fc8f51f2000,0x00007fc8f52f3000] [id=29383]
  0x00007fc90c0e6800 WatcherThread [stack: 0x00007fc8f42f6000,0x00007fc8f43f7000] [id=29391]

=>0x00007fc90c021000 (exited) GCTaskThread [stack: 0x00007fc91016e000,0x00007fc91026f000] [id=29380]

VM state:at safepoint (normal execution)

VM Mutex/Monitor currently owned by a thread:  ([mutex/lock_event])
[0x00007fc90c006240] Threads_lock - owner thread: 0x00007fc90c077800
[0x00007fc90c006740] Heap_lock - owner thread: 0x00007fc8b400d000

Heap:
 PSYoungGen      total 205312K, used 2144K [0x00000000eab00000, 0x00000000f7c00000, 0x0000000100000000)
  eden space 196608K, 0% used [0x00000000eab00000,0x00000000eab00000,0x00000000f6b00000)
  from space 8704K, 24% used [0x00000000f7380000,0x00000000f7598020,0x00000000f7c00000)
  to   space 8704K, 0% used [0x00000000f6b00000,0x00000000f6b00000,0x00000000f7380000)
 ParOldGen       total 64512K, used 14233K [0x00000000c0000000, 0x00000000c3f00000, 0x00000000eab00000)
  object space 64512K, 22% used [0x00000000c0000000,0x00000000c0de6530,0x00000000c3f00000)
 Metaspace       used 20736K, capacity 21138K, committed 21296K, reserved 1067008K
  class space    used 2713K, capacity 2857K, committed 2944K, reserved 1048576K

Card table byte_map: [0x00007fc9104c6000,0x00007fc9106c7000] byte_map_base: 0x00007fc90fec6000

Marking Bits: (ParMarkBitMap*) 0x00007fc912ddcd60
 Begin Bits: [0x00007fc8f6000000, 0x00007fc8f7000000)
 End Bits:   [0x00007fc8f7000000, 0x00007fc8f8000000)

Polling page: 0x00007fc913a25000

CodeCache: size=245760Kb used=6551Kb max_used=6551Kb free=239208Kb
 bounds [0x00007fc8fd000000, 0x00007fc8fd670000, 0x00007fc90c000000]
 total_blobs=2372 nmethods=1765 adapters=520
 compilation: enabled

Compilation events (10 events):
Event: 5.179 Thread 0x00007fc90c0be000 1797       1       org.codehaus.groovy.ast.ASTNode::getLastColumnNumber (5 bytes)
Event: 5.179 Thread 0x00007fc90c0be000 nmethod 1797 0x00007fc8fd667710 code [0x00007fc8fd667860, 0x00007fc8fd667970]
Event: 5.179 Thread 0x00007fc90c0be000 1798       1       org.codehaus.groovy.ast.ASTNode::getColumnNumber (5 bytes)
Event: 5.179 Thread 0x00007fc90c0be000 nmethod 1798 0x00007fc8fd6679d0 code [0x00007fc8fd667b20, 0x00007fc8fd667c30]
Event: 5.179 Thread 0x00007fc90c0be000 1799       1       org.codehaus.groovy.ast.ASTNode::getLineNumber (5 bytes)
Event: 5.179 Thread 0x00007fc90c0be000 nmethod 1799 0x00007fc8fd667c90 code [0x00007fc8fd667de0, 0x00007fc8fd667ef0]
Event: 5.180 Thread 0x00007fc90c0be000 1801       2       org.codehaus.groovy.ast.ClassCodeExpressionTransformer::visitAnnotations (121 bytes)
Event: 5.181 Thread 0x00007fc90c0be000 nmethod 1801 0x00007fc8fd667f50 code [0x00007fc8fd668180, 0x00007fc8fd668658]
Event: 5.181 Thread 0x00007fc90c0be000 1800       2       org.codehaus.groovy.control.StaticImportVisitor::visitAnnotations (21 bytes)
Event: 5.181 Thread 0x00007fc90c0be000 nmethod 1800 0x00007fc8fd668a10 code [0x00007fc8fd668b80, 0x00007fc8fd668d08]

GC Heap History (10 events):
Event: 3.158 GC heap after
Heap after GC invocations=4 (full 0):
 PSYoungGen      total 52736K, used 3568K [0x00000000eab00000, 0x00000000ee200000, 0x0000000100000000)
  eden space 49152K, 0% used [0x00000000eab00000,0x00000000eab00000,0x00000000edb00000)
  from space 3584K, 99% used [0x00000000ede80000,0x00000000ee1fc030,0x00000000ee200000)
  to   space 3584K, 0% used [0x00000000edb00000,0x00000000edb00000,0x00000000ede80000)
 ParOldGen       total 64512K, used 8468K [0x00000000c0000000, 0x00000000c3f00000, 0x00000000eab00000)
  object space 64512K, 13% used [0x00000000c0000000,0x00000000c0845100,0x00000000c3f00000)
 Metaspace       used 18833K, capacity 19276K, committed 19328K, reserved 1067008K
  class space    used 2511K, capacity 2664K, committed 2688K, reserved 1048576K
}
Event: 3.789 GC heap before
{Heap before GC invocations=5 (full 0):
 PSYoungGen      total 52736K, used 52720K [0x00000000eab00000, 0x00000000ee200000, 0x0000000100000000)
  eden space 49152K, 100% used [0x00000000eab00000,0x00000000edb00000,0x00000000edb00000)
  from space 3584K, 99% used [0x00000000ede80000,0x00000000ee1fc030,0x00000000ee200000)
  to   space 3584K, 0% used [0x00000000edb00000,0x00000000edb00000,0x00000000ede80000)
 ParOldGen       total 64512K, used 8468K [0x00000000c0000000, 0x00000000c3f00000, 0x00000000eab00000)
  object space 64512K, 13% used [0x00000000c0000000,0x00000000c0845100,0x00000000c3f00000)
 Metaspace       used 20646K, capacity 21010K, committed 21296K, reserved 1067008K
  class space    used 2713K, capacity 2857K, committed 2944K, reserved 1048576K
Event: 3.802 GC heap after
Heap after GC invocations=5 (full 0):
 PSYoungGen      total 52736K, used 3568K [0x00000000eab00000, 0x00000000f1c00000, 0x0000000100000000)
  eden space 49152K, 0% used [0x00000000eab00000,0x00000000eab00000,0x00000000edb00000)
  from space 3584K, 99% used [0x00000000edb00000,0x00000000ede7c010,0x00000000ede80000)
  to   space 8704K, 0% used [0x00000000f1380000,0x00000000f1380000,0x00000000f1c00000)
 ParOldGen       total 64512K, used 10866K [0x00000000c0000000, 0x00000000c3f00000, 0x00000000eab00000)
  object space 64512K, 16% used [0x00000000c0000000,0x00000000c0a9c8b0,0x00000000c3f00000)
 Metaspace       used 20646K, capacity 21010K, committed 21296K, reserved 1067008K
  class space    used 2713K, capacity 2857K, committed 2944K, reserved 1048576K
}
Event: 4.218 GC heap before
{Heap before GC invocations=6 (full 0):
 PSYoungGen      total 52736K, used 52720K [0x00000000eab00000, 0x00000000f1c00000, 0x0000000100000000)
  eden space 49152K, 100% used [0x00000000eab00000,0x00000000edb00000,0x00000000edb00000)
  from space 3584K, 99% used [0x00000000edb00000,0x00000000ede7c010,0x00000000ede80000)
  to   space 8704K, 0% used [0x00000000f1380000,0x00000000f1380000,0x00000000f1c00000)
 ParOldGen       total 64512K, used 10866K [0x00000000c0000000, 0x00000000c3f00000, 0x00000000eab00000)
  object space 64512K, 16% used [0x00000000c0000000,0x00000000c0a9c8b0,0x00000000c3f00000)
 Metaspace       used 20692K, capacity 21074K, committed 21296K, reserved 1067008K
  class space    used 2713K, capacity 2857K, committed 2944K, reserved 1048576K
Event: 4.235 GC heap after
Heap after GC invocations=6 (full 0):
 PSYoungGen      total 107008K, used 4080K [0x00000000eab00000, 0x00000000f1c00000, 0x0000000100000000)
  eden space 98304K, 0% used [0x00000000eab00000,0x00000000eab00000,0x00000000f0b00000)
  from space 8704K, 46% used [0x00000000f1380000,0x00000000f177c030,0x00000000f1c00000)
  to   space 8704K, 0% used [0x00000000f0b00000,0x00000000f0b00000,0x00000000f1380000)
 ParOldGen       total 64512K, used 10874K [0x00000000c0000000, 0x00000000c3f00000, 0x00000000eab00000)
  object space 64512K, 16% used [0x00000000c0000000,0x00000000c0a9e8b0,0x00000000c3f00000)
 Metaspace       used 20692K, capacity 21074K, committed 21296K, reserved 1067008K
  class space    used 2713K, capacity 2857K, committed 2944K, reserved 1048576K
}
Event: 4.944 GC heap before
{Heap before GC invocations=7 (full 0):
 PSYoungGen      total 107008K, used 102384K [0x00000000eab00000, 0x00000000f1c00000, 0x0000000100000000)
  eden space 98304K, 100% used [0x00000000eab00000,0x00000000f0b00000,0x00000000f0b00000)
  from space 8704K, 46% used [0x00000000f1380000,0x00000000f177c030,0x00000000f1c00000)
  to   space 8704K, 0% used [0x00000000f0b00000,0x00000000f0b00000,0x00000000f1380000)
 ParOldGen       total 64512K, used 10874K [0x00000000c0000000, 0x00000000c3f00000, 0x00000000eab00000)
  object space 64512K, 16% used [0x00000000c0000000,0x00000000c0a9e8b0,0x00000000c3f00000)
 Metaspace       used 20722K, capacity 21138K, committed 21296K, reserved 1067008K
  class space    used 2713K, capacity 2857K, committed 2944K, reserved 1048576K
Event: 4.991 GC heap after
Heap after GC invocations=7 (full 0):
 PSYoungGen      total 107008K, used 3840K [0x00000000eab00000, 0x00000000f7c00000, 0x0000000100000000)
  eden space 98304K, 0% used [0x00000000eab00000,0x00000000eab00000,0x00000000f0b00000)
  from space 8704K, 44% used [0x00000000f0b00000,0x00000000f0ec0020,0x00000000f1380000)
  to   space 8704K, 0% used [0x00000000f7380000,0x00000000f7380000,0x00000000f7c00000)
 ParOldGen       total 64512K, used 12046K [0x00000000c0000000, 0x00000000c3f00000, 0x00000000eab00000)
  object space 64512K, 18% used [0x00000000c0000000,0x00000000c0bc3980,0x00000000c3f00000)
 Metaspace       used 20722K, capacity 21138K, committed 21296K, reserved 1067008K
  class space    used 2713K, capacity 2857K, committed 2944K, reserved 1048576K
}
Event: 5.184 GC heap before
{Heap before GC invocations=8 (full 0):
 PSYoungGen      total 107008K, used 36563K [0x00000000eab00000, 0x00000000f7c00000, 0x0000000100000000)
  eden space 98304K, 33% used [0x00000000eab00000,0x00000000ecaf4f20,0x00000000f0b00000)
  from space 8704K, 44% used [0x00000000f0b00000,0x00000000f0ec0020,0x00000000f1380000)
  to   space 8704K, 0% used [0x00000000f7380000,0x00000000f7380000,0x00000000f7c00000)
 ParOldGen       total 64512K, used 12046K [0x00000000c0000000, 0x00000000c3f00000, 0x00000000eab00000)
  object space 64512K, 18% used [0x00000000c0000000,0x00000000c0bc3980,0x00000000c3f00000)
 Metaspace       used 20736K, capacity 21138K, committed 21296K, reserved 1067008K
  class space    used 2713K, capacity 2857K, committed 2944K, reserved 1048576K
Event: 5.211 GC heap after
Heap after GC invocations=8 (full 0):
 PSYoungGen      total 205312K, used 2144K [0x00000000eab00000, 0x00000000f7c00000, 0x0000000100000000)
  eden space 196608K, 0% used [0x00000000eab00000,0x00000000eab00000,0x00000000f6b00000)
  from space 8704K, 24% used [0x00000000f7380000,0x00000000f7598020,0x00000000f7c00000)
  to   space 8704K, 0% used [0x00000000f6b00000,0x00000000f6b00000,0x00000000f7380000)
 ParOldGen       total 64512K, used 14233K [0x00000000c0000000, 0x00000000c3f00000, 0x00000000eab00000)
  object space 64512K, 22% used [0x00000000c0000000,0x00000000c0de6530,0x00000000c3f00000)
 Metaspace       used 20736K, capacity 21138K, committed 21296K, reserved 1067008K
  class space    used 2713K, capacity 2857K, committed 2944K, reserved 1048576K
}
Event: 5.211 GC heap before
{Heap before GC invocations=9 (full 1):
 PSYoungGen      total 205312K, used 2144K [0x00000000eab00000, 0x00000000f7c00000, 0x0000000100000000)
  eden space 196608K, 0% used [0x00000000eab00000,0x00000000eab00000,0x00000000f6b00000)
  from space 8704K, 24% used [0x00000000f7380000,0x00000000f7598020,0x00000000f7c00000)
  to   space 8704K, 0% used [0x00000000f6b00000,0x00000000f6b00000,0x00000000f7380000)
 ParOldGen       total 64512K, used 14233K [0x00000000c0000000, 0x00000000c3f00000, 0x00000000eab00000)
  object space 64512K, 22% used [0x00000000c0000000,0x00000000c0de6530,0x00000000c3f00000)
 Metaspace       used 20736K, capacity 21138K, committed 21296K, reserved 1067008K
  class space    used 2713K, capacity 2857K, committed 2944K, reserved 1048576K

Deoptimization events (10 events):
Event: 2.547 Thread 0x00007fc8b400d000 Uncommon trap: reason=unstable_if action=reinterpret pc=0x00007fc8fd2377dc method=java.lang.AbstractStringBuilder.append(Ljava/lang/String;)Ljava/lang/AbstractStringBuilder; @ 1
Event: 2.547 Thread 0x00007fc8b400d000 Uncommon trap: reason=unstable_if action=reinterpret pc=0x00007fc8fd1b9a40 method=java.lang.AbstractStringBuilder.append(Ljava/lang/String;)Ljava/lang/AbstractStringBuilder; @ 1
Event: 2.707 Thread 0x00007fc8b400d000 Uncommon trap: reason=unstable_if action=reinterpret pc=0x00007fc8fd24ee60 method=java.io.UnixFileSystem.normalize(Ljava/lang/String;)Ljava/lang/String; @ 60
Event: 2.707 Thread 0x00007fc8b400d000 Uncommon trap: reason=class_check action=maybe_recompile pc=0x00007fc8fd39d1ec method=sun.misc.URLClassPath.getLoader(I)Lsun/misc/URLClassPath$Loader; @ 94
Event: 2.707 Thread 0x00007fc8b400d000 Uncommon trap: reason=class_check action=maybe_recompile pc=0x00007fc8fd285ea8 method=sun.misc.URLClassPath.getResource(Ljava/lang/String;Z)Lsun/misc/Resource; @ 62
Event: 2.707 Thread 0x00007fc8b400d000 Uncommon trap: reason=unstable_if action=reinterpret pc=0x00007fc8fd36da0c method=sun.net.www.ParseUtil.encodePath(Ljava/lang/String;Z)Ljava/lang/String; @ 109
Event: 2.749 Thread 0x00007fc8b400d000 Uncommon trap: reason=class_check action=maybe_recompile pc=0x00007fc8fd39d2f8 method=sun.misc.URLClassPath.getLoader(I)Lsun/misc/URLClassPath$Loader; @ 193
Event: 2.767 Thread 0x00007fc8b400d000 Uncommon trap: reason=class_check action=maybe_recompile pc=0x00007fc8fd39d2f8 method=sun.misc.URLClassPath.getLoader(I)Lsun/misc/URLClassPath$Loader; @ 193
Event: 2.789 Thread 0x00007fc8b400d000 Uncommon trap: reason=class_check action=maybe_recompile pc=0x00007fc8fd39d2f8 method=sun.misc.URLClassPath.getLoader(I)Lsun/misc/URLClassPath$Loader; @ 193
Event: 3.698 Thread 0x00007fc8b400d000 Uncommon trap: reason=unstable_if action=reinterpret pc=0x00007fc8fd2858f4 method=java.util.LinkedHashMap.afterNodeInsertion(Z)V @ 1

Internal exceptions (10 events):
Event: 2.794 Thread 0x00007fc8b400d000 Exception <a 'java/lang/ClassNotFoundException': groovy/lang/Closure$1BeanInfo> (0x00000000ebc17090) thrown at [/HUDSON/workspace/8-2-build-linux-amd64/jdk8u91/6644/hotspot/src/share/vm/classfile/systemDictionary.cpp, line 210]
Event: 2.795 Thread 0x00007fc8b400d000 Exception <a 'java/lang/ClassNotFoundException': groovy/lang/ClosureBeanInfo> (0x00000000ebc2a4f8) thrown at [/HUDSON/workspace/8-2-build-linux-amd64/jdk8u91/6644/hotspot/src/share/vm/classfile/systemDictionary.cpp, line 210]
Event: 2.795 Thread 0x00007fc8b400d000 Exception <a 'java/lang/ClassNotFoundException': groovy/lang/ClosureCustomizer> (0x00000000ebc3e0a0) thrown at [/HUDSON/workspace/8-2-build-linux-amd64/jdk8u91/6644/hotspot/src/share/vm/classfile/systemDictionary.cpp, line 210]
Event: 2.805 Thread 0x00007fc8b400d000 Exception <a 'java/lang/ClassNotFoundException': groovy/lang/Closure$1Customizer> (0x00000000ebc7acc0) thrown at [/HUDSON/workspace/8-2-build-linux-amd64/jdk8u91/6644/hotspot/src/share/vm/classfile/systemDictionary.cpp, line 210]
Event: 2.951 Thread 0x00007fc8b400d000 Exception <a 'java/lang/ClassNotFoundException': org/gradle/invocation/DefaultGradle_DecoratedBeanInfo> (0x00000000ec0adc78) thrown at [/HUDSON/workspace/8-2-build-linux-amd64/jdk8u91/6644/hotspot/src/share/vm/classfile/systemDictionary.cpp, line 210]
Event: 2.952 Thread 0x00007fc8b400d000 Exception <a 'java/lang/ClassNotFoundException': org/gradle/invocation/DefaultGradleBeanInfo> (0x00000000ec0c7b90) thrown at [/HUDSON/workspace/8-2-build-linux-amd64/jdk8u91/6644/hotspot/src/share/vm/classfile/systemDictionary.cpp, line 210]
Event: 2.953 Thread 0x00007fc8b400d000 Exception <a 'java/lang/ClassNotFoundException': org/gradle/api/internal/project/AbstractPluginAwareBeanInfo> (0x00000000ec0e7428) thrown at [/HUDSON/workspace/8-2-build-linux-amd64/jdk8u91/6644/hotspot/src/share/vm/classfile/systemDictionary.cpp, line 21
Event: 2.955 Thread 0x00007fc8b400d000 Exception <a 'java/lang/ClassNotFoundException': org/gradle/api/internal/project/AbstractPluginAwareCustomizer> (0x00000000ec1073d0) thrown at [/HUDSON/workspace/8-2-build-linux-amd64/jdk8u91/6644/hotspot/src/share/vm/classfile/systemDictionary.cpp, line 
Event: 2.961 Thread 0x00007fc8b400d000 Exception <a 'java/lang/ClassNotFoundException': org/gradle/invocation/DefaultGradleCustomizer> (0x00000000ec127e48) thrown at [/HUDSON/workspace/8-2-build-linux-amd64/jdk8u91/6644/hotspot/src/share/vm/classfile/systemDictionary.cpp, line 210]
Event: 2.974 Thread 0x00007fc8b400d000 Exception <a 'java/lang/ClassNotFoundException': org/gradle/invocation/DefaultGradle_DecoratedCustomizer> (0x00000000ec168868) thrown at [/HUDSON/workspace/8-2-build-linux-amd64/jdk8u91/6644/hotspot/src/share/vm/classfile/systemDictionary.cpp, line 210]

Events (10 events):
Event: 5.176 loading class javax/inject/Inject done
Event: 5.177 loading class org/gradle/api/Plugin$Project
Event: 5.177 loading class org/gradle/api/Plugin$Project done
Event: 5.177 loading class org/gradle/api/Plugin$Project
Event: 5.177 loading class org/gradle/api/Plugin$Project done
Event: 5.183 loading class org/codehaus/groovy/classgen/InnerClassVisitor
Event: 5.183 loading class org/codehaus/groovy/classgen/InnerClassVisitor done
Event: 5.184 loading class org/codehaus/groovy/classgen/InnerClassVisitorHelper
Event: 5.184 loading class org/codehaus/groovy/classgen/InnerClassVisitorHelper done
Event: 5.184 Executing VM operation: CollectForMetadataAllocation


Dynamic libraries:
00400000-00401000 r-xp 00000000 08:01 3016174                            /usr/lib/jvm/java-8-oracle/bin/java
00600000-00601000 rw-p 00000000 08:01 3016174                            /usr/lib/jvm/java-8-oracle/bin/java
00b08000-00b29000 rw-p 00000000 00:00 0                                  [heap]
c0000000-c3f00000 rw-p 00000000 00:00 0 
c3f00000-eab00000 ---p 00000000 00:00 0 
eab00000-f7c00000 rw-p 00000000 00:00 0 
f7c00000-100000000 ---p 00000000 00:00 0 
100000000-1002e0000 rw-p 00000000 00:00 0 
1002e0000-140000000 ---p 00000000 00:00 0 
7fc8a4000000-7fc8a4021000 rw-p 00000000 00:00 0 
7fc8a4021000-7fc8a8000000 ---p 00000000 00:00 0 
7fc8a8000000-7fc8a8021000 rw-p 00000000 00:00 0 
7fc8a8021000-7fc8ac000000 ---p 00000000 00:00 0 
7fc8ac000000-7fc8ac021000 rw-p 00000000 00:00 0 
7fc8ac021000-7fc8b0000000 ---p 00000000 00:00 0 
7fc8b0000000-7fc8b0e52000 rw-p 00000000 00:00 0 
7fc8b0e52000-7fc8b4000000 ---p 00000000 00:00 0 
7fc8b4000000-7fc8b4021000 rw-p 00000000 00:00 0 
7fc8b4021000-7fc8b8000000 ---p 00000000 00:00 0 
7fc8b8000000-7fc8b8021000 rw-p 00000000 00:00 0 
7fc8b8021000-7fc8bc000000 ---p 00000000 00:00 0 
7fc8bc000000-7fc8bc069000 rw-p 00000000 00:00 0 
7fc8bc069000-7fc8c0000000 ---p 00000000 00:00 0 
7fc8c1efc000-7fc8c20e8000 rw-p 00000000 00:00 0 
7fc8c20e8000-7fc8c20fc000 ---p 00000000 00:00 0 
7fc8c238a000-7fc8c238b000 rw-p 00000000 00:00 0 
7fc8c238b000-7fc8c238d000 r--s 00005000 08:01 6167132                    /home/ahmed/.gradle/caches/jars-1/buwpmlrbgxfhtpshg8uyuaov0xrp0nb/builder-model-2.0.0-alpha7.jar
7fc8c238d000-7fc8c2455000 r--s 00fdc000 08:01 6167130                    /home/ahmed/.gradle/caches/jars-1/oe1fcl136io3ng4t4mo4qw9fygp14qj/openapi.jar
7fc8c2455000-7fc8c2457000 r--s 0000c000 08:01 6167128                    /home/ahmed/.gradle/caches/jars-1/17ppggnxlrny1thxa5ra9c4tand880v/gradle-tooling-extension-api.jar
7fc8c2457000-7fc8c245e000 r--s 00031000 08:01 6031757                    /home/ahmed/.gradle/caches/jars-1/mjzb6pkr202klpc4mvbvp2j9mhcyoj2/gradle-base-services-2.5.jar
7fc8c245e000-7fc8c2486000 r--s 001cf000 08:01 6031755                    /home/ahmed/.gradle/caches/jars-1/87eo0lrvp84r6dbxjq018wy66es2era/guava-jdk5-17.0.jar
7fc8c2486000-7fc8c2491000 r--s 00036000 08:01 6031753                    /home/ahmed/.gradle/caches/jars-1/ppuug715rid7lfxxo8hcoh44crsa3x4/gradle-tooling-api-2.5.jar
7fc8c2491000-7fc8c2494000 ---p 00000000 00:00 0 
7fc8c2494000-7fc8c2792000 rw-p 00000000 00:00 0 
7fc8c2792000-7fc8c2992000 rw-p 00000000 00:00 0 
7fc8c2992000-7fc8c2b92000 rw-p 00000000 00:00 0 
7fc8c2b92000-7fc8c2c0b000 r--s 010e3000 08:01 4079336                    /usr/lib/jvm/java-8-oracle/lib/tools.jar
7fc8c2c0b000-7fc8c2c0e000 ---p 00000000 00:00 0 
7fc8c2c0e000-7fc8c2d0c000 rw-p 00000000 00:00 0 
7fc8c2d0c000-7fc8c2d13000 r--s 00000000 08:01 3280040                    /usr/lib/x86_64-linux-gnu/gconv/gconv-modules.cache
7fc8c2d13000-7fc8c2d16000 ---p 00000000 00:00 0 
7fc8c2d16000-7fc8c2e14000 rw-p 00000000 00:00 0 
7fc8c2e14000-7fc8c2e17000 ---p 00000000 00:00 0 
7fc8c2e17000-7fc8c2f15000 rw-p 00000000 00:00 0 
7fc8c2f15000-7fc8c2f18000 ---p 00000000 00:00 0 
7fc8c2f18000-7fc8c3016000 rw-p 00000000 00:00 0 
7fc8c3016000-7fc8c3019000 ---p 00000000 00:00 0 
7fc8c3019000-7fc8c3317000 rw-p 00000000 00:00 0 
7fc8c3317000-7fc8c3318000 r--s 00000000 08:01 6167134                    /home/ahmed/.gradle/caches/jars-1/dg22azhabc6tsc1i8xni15giz1bnssh/gradle-appengine-builder-model-0.1.0.jar
7fc8c3318000-7fc8c331b000 ---p 00000000 00:00 0 
7fc8c331b000-7fc8c3419000 rw-p 00000000 00:00 0 
7fc8c3419000-7fc8c341d000 r--s 00097000 08:01 3149870                    /usr/lib/jvm/java-8-oracle/jre/lib/jsse.jar
7fc8c341d000-7fc8c341f000 r--s 00005000 08:01 4217013                    /home/ahmed/myData/android-studio/gradle/gradle-2.10/lib/plugins/gradle-tooling-api-builders-2.10.jar
7fc8c341f000-7fc8c342f000 r--s 00088000 08:01 4217046                    /home/ahmed/myData/android-studio/gradle/gradle-2.10/lib/plugins/joda-time-2.8.2.jar
7fc8c342f000-7fc8c3440000 r--s 000cf000 08:01 4217082                    /home/ahmed/myData/android-studio/gradle/gradle-2.10/lib/plugins/jackson-databind-2.3.2.jar
7fc8c3440000-7fc8c3442000 r--s 00007000 08:01 4217099                    /home/ahmed/myData/android-studio/gradle/gradle-2.10/lib/plugins/jackson-annotations-2.3.2.jar
7fc8c3442000-7fc8c3445000 r--s 0002e000 08:01 4217061                    /home/ahmed/myData/android-studio/gradle/gradle-2.10/lib/plugins/jackson-core-2.3.2.jar
7fc8c3445000-7fc8c3450000 r--s 0006b000 08:01 4217121                    /home/ahmed/myData/android-studio/gradle/gradle-2.10/lib/plugins/aws-java-sdk-core-1.9.19.jar
7fc8c3450000-7fc8c3456000 r--s 00036000 08:01 4217094                    /home/ahmed/myData/android-studio/gradle/gradle-2.10/lib/plugins/aws-java-sdk-kms-1.9.19.jar
7fc8c3456000-7fc8c3461000 r--s 00079000 08:01 4217020                    /home/ahmed/myData/android-studio/gradle/gradle-2.10/lib/plugins/aws-java-sdk-s3-1.9.19.jar
7fc8c3461000-7fc8c3462000 r--s 00003000 08:01 4217023                    /home/ahmed/myData/android-studio/gradle/gradle-2.10/lib/plugins/gradle-resources-s3-2.10.jar
7fc8c3462000-7fc8c3463000 r--s 00004000 08:01 4217052                    /home/ahmed/myData/android-studio/gradle/gradle-2.10/lib/plugins/gradle-resources-sftp-2.10.jar
7fc8c3463000-7fc8c3464000 r--s 00001000 08:01 4217036                    /home/ahmed/myData/android-studio/gradle/gradle-2.10/lib/plugins/gradle-plugin-development-2.10.jar
7fc8c3464000-7fc8c3466000 r--s 00005000 08:01 4217066                    /home/ahmed/myData/android-studio/gradle/gradle-2.10/lib/plugins/gradle-testing-native-2.10.jar
7fc8c3466000-7fc8c346b000 r--s 0002b000 08:01 4217096                    /home/ahmed/myData/android-studio/gradle/gradle-2.10/lib/plugins/gradle-ide-native-2.10.jar
7fc8c346b000-7fc8c3470000 r--s 0001a000 08:01 4217038                    /home/ahmed/myData/android-studio/gradle/gradle-2.10/lib/plugins/gradle-language-native-2.10.jar
7fc8c3470000-7fc8c3475000 r--s 00028000 08:01 4217033                    /home/ahmed/myData/android-studio/gradle/gradle-2.10/lib/plugins/gradle-platform-play-2.10.jar
7fc8c3475000-7fc8c3482000 r--s 0004f000 08:01 4217073                    /home/ahmed/myData/android-studio/gradle/gradle-2.10/lib/plugins/gradle-platform-native-2.10.jar
7fc8c3482000-7fc8c3485000 r--s 00008000 08:01 4217063                    /home/ahmed/myData/android-studio/gradle/gradle-2.10/lib/plugins/gradle-language-scala-2.10.jar
7fc8c3485000-7fc8c3487000 r--s 00009000 08:01 4217035                    /home/ahmed/myData/android-studio/gradle/gradle-2.10/lib/plugins/gradle-language-groovy-2.10.jar
7fc8c3487000-7fc8c348d000 r--s 00023000 08:01 4217083                    /home/ahmed/myData/android-studio/gradle/gradle-2.10/lib/plugins/gradle-language-java-2.10.jar
7fc8c348d000-7fc8c348f000 r--s 00008000 08:01 4217108                    /home/ahmed/myData/android-studio/gradle/gradle-2.10/lib/plugins/gradle-language-jvm-2.10.jar
7fc8c348f000-7fc8c3492000 r--s 00015000 08:01 4217104                    /home/ahmed/myData/android-studio/gradle/gradle-2.10/lib/plugins/gradle-platform-jvm-2.10.jar
7fc8c3492000-7fc8c349a000 r--s 0002b000 08:01 4217075                    /home/ahmed/myData/android-studio/gradle/gradle-2.10/lib/plugins/gradle-platform-base-2.10.jar
7fc8c349a000-7fc8c349e000 r--s 00020000 08:01 4217111                    /home/ahmed/myData/android-studio/gradle/gradle-2.10/lib/plugins/gradle-build-init-2.10.jar
7fc8c349e000-7fc8c34a1000 r--s 00017000 08:01 4217064                    /home/ahmed/myData/android-studio/gradle/gradle-2.10/lib/plugins/gradle-jacoco-2.10.jar
7fc8c34a1000-7fc8c34a4000 r--s 0000e000 08:01 4217050                    /home/ahmed/myData/android-studio/gradle/gradle-2.10/lib/plugins/gradle-ivy-2.10.jar
7fc8c34a4000-7fc8c34a6000 r--s 00002000 08:01 4217044                    /home/ahmed/myData/android-studio/gradle/gradle-2.10/lib/plugins/gradle-publish-2.10.jar
7fc8c34a6000-7fc8c34ac000 r--s 00036000 08:01 4217088                    /home/ahmed/myData/android-studio/gradle/gradle-2.10/lib/plugins/gradle-diagnostics-2.10.jar
7fc8c34ac000-7fc8c34b3000 r--s 0008f000 08:01 4217030                    /home/ahmed/myData/android-studio/gradle/gradle-2.10/lib/plugins/gradle-build-comparison-2.10.jar
7fc8c34b3000-7fc8c34ba000 r--s 00035000 08:01 4217081                    /home/ahmed/myData/android-studio/gradle/gradle-2.10/lib/plugins/simple-4.1.21.jar
7fc8c34ba000-7fc8c34d0000 r-xp 00000000 08:01 7995494                    /lib/x86_64-linux-gnu/libgcc_s.so.1
7fc8c34d0000-7fc8c36cf000 ---p 00016000 08:01 7995494                    /lib/x86_64-linux-gnu/libgcc_s.so.1
7fc8c36cf000-7fc8c36d0000 rw-p 00015000 08:01 7995494                    /lib/x86_64-linux-gnu/libgcc_s.so.1
7fc8c36d0000-7fc8c37b6000 r-xp 00000000 08:01 2886262                    /usr/lib/x86_64-linux-gnu/libstdc++.so.6.0.19
7fc8c37b6000-7fc8c39b5000 ---p 000e6000 08:01 2886262                    /usr/lib/x86_64-linux-gnu/libstdc++.so.6.0.19
7fc8c39b5000-7fc8c39bd000 r--p 000e5000 08:01 2886262                    /usr/lib/x86_64-linux-gnu/libstdc++.so.6.0.19
7fc8c39bd000-7fc8c39bf000 rw-p 000ed000 08:01 2886262                    /usr/lib/x86_64-linux-gnu/libstdc++.so.6.0.19
7fc8c39bf000-7fc8c39d4000 rw-p 00000000 00:00 0 
7fc8c39d4000-7fc8c39d8000 r-xp 00000000 08:01 4855054                    /home/ahmed/.gradle/native/19/linux-amd64/libnative-platform.so
7fc8c39d8000-7fc8c3bd7000 ---p 00004000 08:01 4855054                    /home/ahmed/.gradle/native/19/linux-amd64/libnative-platform.so
7fc8c3bd7000-7fc8c3bd8000 rw-p 00003000 08:01 4855054                    /home/ahmed/.gradle/native/19/linux-amd64/libnative-platform.so
7fc8c3bd8000-7fc8c3be9000 r-xp 00000000 08:01 3283155                    /usr/lib/jvm/java-8-oracle/jre/lib/amd64/libnio.so
7fc8c3be9000-7fc8c3de8000 ---p 00011000 08:01 3283155                    /usr/lib/jvm/java-8-oracle/jre/lib/amd64/libnio.so
7fc8c3de8000-7fc8c3de9000 rw-p 00010000 08:01 3283155                    /usr/lib/jvm/java-8-oracle/jre/lib/amd64/libnio.so
7fc8c3de9000-7fc8c3dff000 r-xp 00000000 08:01 3284680                    /usr/lib/jvm/java-8-oracle/jre/lib/amd64/libnet.so
7fc8c3dff000-7fc8c3fff000 ---p 00016000 08:01 3284680                    /usr/lib/jvm/java-8-oracle/jre/lib/amd64/libnet.so
7fc8c3fff000-7fc8c4000000 rw-p 00016000 08:01 3284680                    /usr/lib/jvm/java-8-oracle/jre/lib/amd64/libnet.so
7fc8c4000000-7fc8c4021000 rw-p 00000000 00:00 0 
7fc8c4021000-7fc8c8000000 ---p 00000000 00:00 0 
7fc8c8000000-7fc8c8021000 rw-p 00000000 00:00 0 
7fc8c8021000-7fc8cc000000 ---p 00000000 00:00 0 
7fc8cc000000-7fc8cdc31000 rw-p 00000000 00:00 0 
7fc8cdc31000-7fc8d0000000 ---p 00000000 00:00 0 
7fc8d0000000-7fc8d0814000 rw-p 00000000 00:00 0 
7fc8d0814000-7fc8d4000000 ---p 00000000 00:00 0 
7fc8d4000000-7fc8d4021000 rw-p 00000000 00:00 0 
7fc8d4021000-7fc8d8000000 ---p 00000000 00:00 0 
7fc8d8000000-7fc8d9a3c000 rw-p 00000000 00:00 0 
7fc8d9a3c000-7fc8dc000000 ---p 00000000 00:00 0 
7fc8dc000000-7fc8dc021000 rw-p 00000000 00:00 0 
7fc8dc021000-7fc8e0000000 ---p 00000000 00:00 0 
7fc8e0000000-7fc8e0021000 rw-p 00000000 00:00 0 
7fc8e0021000-7fc8e4000000 ---p 00000000 00:00 0 
7fc8e4000000-7fc8e4021000 rw-p 00000000 00:00 0 
7fc8e4021000-7fc8e8000000 ---p 00000000 00:00 0 
7fc8e8000000-7fc8e8021000 rw-p 00000000 00:00 0 
7fc8e8021000-7fc8ec000000 ---p 00000000 00:00 0 
7fc8ec000000-7fc8ec021000 rw-p 00000000 00:00 0 
7fc8ec021000-7fc8f0000000 ---p 00000000 00:00 0 
7fc8f0000000-7fc8f028e000 rw-p 00000000 00:00 0 
7fc8f028e000-7fc8f4000000 ---p 00000000 00:00 0 
7fc8f4000000-7fc8f4002000 r--s 00005000 08:01 4217068                    /home/ahmed/myData/android-studio/gradle/gradle-2.10/lib/plugins/jatl-0.2.2.jar
7fc8f4002000-7fc8f4004000 r--s 0000f000 08:01 4217100                    /home/ahmed/myData/android-studio/gradle/gradle-2.10/lib/plugins/gradle-reporting-2.10.jar
7fc8f4004000-7fc8f4010000 r--s 00100000 08:01 4217110                    /home/ahmed/myData/android-studio/gradle/gradle-2.10/lib/plugins/rhino-1.7R3.jar
7fc8f4010000-7fc8f4014000 r--s 0001c000 08:01 4217122                    /home/ahmed/myData/android-studio/gradle/gradle-2.10/lib/plugins/gradle-javascript-2.10.jar
7fc8f4014000-7fc8f4016000 r--s 0000b000 08:01 4217051                    /home/ahmed/myData/android-studio/gradle/gradle-2.10/lib/plugins/gradle-ear-2.10.jar
7fc8f4016000-7fc8f401d000 r--s 00038000 08:01 4217070                    /home/ahmed/myData/android-studio/gradle/gradle-2.10/lib/plugins/bcpg-jdk15on-1.51.jar
7fc8f401d000-7fc8f401f000 r--s 00017000 08:01 4217072                    /home/ahmed/myData/android-studio/gradle/gradle-2.10/lib/plugins/gradle-signing-2.10.jar
7fc8f401f000-7fc8f4020000 r--s 00002000 08:01 4217015                    /home/ahmed/myData/android-studio/gradle/gradle-2.10/lib/plugins/sonar-batch-bootstrapper-2.9.jar
7fc8f4020000-7fc8f4023000 r--s 00015000 08:01 4217037                    /home/ahmed/myData/android-studio/gradle/gradle-2.10/lib/plugins/gradle-sonar-2.10.jar
7fc8f4023000-7fc8f4026000 r--s 00010000 08:01 4217093                    /home/ahmed/myData/android-studio/gradle/gradle-2.10/lib/plugins/gradle-scala-2.10.jar
7fc8f4026000-7fc8f4028000 r--s 0000a000 08:01 4217021                    /home/ahmed/myData/android-studio/gradle/gradle-2.10/lib/plugins/gradle-announce-2.10.jar
7fc8f4028000-7fc8f4037000 r--s 0009f000 08:01 4217106                    /home/ahmed/myData/android-studio/gradle/gradle-2.10/lib/plugins/gradle-ide-2.10.jar
7fc8f4037000-7fc8f403a000 r--s 0000c000 08:01 4217062                    /home/ahmed/myData/android-studio/gradle/gradle-2.10/lib/plugins/pmaven-groovy-0.8-20100325.jar
7fc8f403a000-7fc8f403b000 r--s 00004000 08:01 4217084                    /home/ahmed/myData/android-studio/gradle/gradle-2.10/lib/plugins/pmaven-common-0.8-20100325.jar
7fc8f403b000-7fc8f4041000 r--s 00022000 08:01 4217014                    /home/ahmed/myData/android-studio/gradle/gradle-2.10/lib/plugins/gradle-maven-2.10.jar
7fc8f4041000-7fc8f4062000 r--s 001c3000 08:01 4217058                    /home/ahmed/myData/android-studio/gradle/gradle-2.10/lib/plugins/bndlib-2.4.0.jar
7fc8f4062000-7fc8f4064000 r--s 00004000 08:01 4217078                    /home/ahmed/myData/android-studio/gradle/gradle-2.10/lib/plugins/gradle-osgi-2.10.jar
7fc8f4064000-7fc8f4066000 r--s 00008000 08:01 4217041                    /home/ahmed/myData/android-studio/gradle/gradle-2.10/lib/plugins/gradle-antlr-2.10.jar
7fc8f4066000-7fc8f4069000 r--s 0001e000 08:01 4217077                    /home/ahmed/myData/android-studio/gradle/gradle-2.10/lib/plugins/jsp-api-2.1-6.1.14.jar
7fc8f4069000-7fc8f408c000 r--s 00344000 08:01 4217103                    /home/ahmed/myData/android-studio/gradle/gradle-2.10/lib/plugins/core-3.1.1.jar
7fc8f408c000-7fc8f408d000 r--s 00006000 08:01 4217123                    /home/ahmed/myData/android-studio/gradle/gradle-2.10/lib/plugins/jetty-naming-6.1.25.jar
7fc8f408d000-7fc8f408e000 r--s 00002000 08:01 4217056                    /home/ahmed/myData/android-studio/gradle/gradle-2.10/lib/plugins/geronimo-annotation_1.0_spec-1.0.jar
7fc8f408e000-7fc8f4090000 r--s 00002000 08:01 4217069                    /home/ahmed/myData/android-studio/gradle/gradle-2.10/lib/plugins/jetty-annotations-6.1.25.jar
7fc8f4090000-7fc8f40a1000 r--s 000ea000 08:01 4217087                    /home/ahmed/myData/android-studio/gradle/gradle-2.10/lib/plugins/jsp-2.1-6.1.14.jar
7fc8f40a1000-7fc8f40a3000 r--s 0000d000 08:01 4217040                    /home/ahmed/myData/android-studio/gradle/gradle-2.10/lib/plugins/jetty-plus-6.1.25.jar
7fc8f40a3000-7fc8f40a5000 r--s 0001f000 08:01 4217059                    /home/ahmed/myData/android-studio/gradle/gradle-2.10/lib/plugins/servlet-api-2.5-20081211.jar
7fc8f40a5000-7fc8f40a9000 r--s 00028000 08:01 4217016                    /home/ahmed/myData/android-studio/gradle/gradle-2.10/lib/plugins/jetty-util-6.1.25.jar
7fc8f40a9000-7fc8f40b0000 r--s 0007d000 08:01 4217089                    /home/ahmed/myData/android-studio/gradle/gradle-2.10/lib/plugins/jetty-6.1.25.jar
7fc8f40b0000-7fc8f40b2000 r--s 00009000 08:01 4217067                    /home/ahmed/myData/android-studio/gradle/gradle-2.10/lib/plugins/gradle-jetty-2.10.jar
7fc8f40b2000-7fc8f40b8000 r--s 00037000 08:01 4217031                    /home/ahmed/myData/android-studio/gradle/gradle-2.10/lib/plugins/gradle-code-quality-2.10.jar
7fc8f40b8000-7fc8f40ba000 r--s 00009000 08:01 4217057                    /home/ahmed/myData/android-studio/gradle/gradle-2.10/lib/plugins/hamcrest-core-1.3.jar
7fc8f40ba000-7fc8f40c0000 r--s 00033000 08:01 4217090                    /home/ahmed/myData/android-studio/gradle/gradle-2.10/lib/plugins/snakeyaml-1.6.jar
7fc8f40c0000-7fc8f40c2000 r--s 00006000 08:01 4217042                    /home/ahmed/myData/android-studio/gradle/gradle-2.10/lib/plugins/jcommander-1.12.jar
7fc8f40c2000-7fc8f40c7000 r--s 00040000 08:01 4217101                    /home/ahmed/myData/android-studio/gradle/gradle-2.10/lib/plugins/bsh-2.0b4.jar
7fc8f40c7000-7fc8f40c9000 r--s 00009000 08:01 4217029                    /home/ahmed/myData/android-studio/gradle/gradle-2.10/lib/plugins/commons-cli-1.2.jar
7fc8f40c9000-7fc8f40d2000 r--s 00089000 08:01 4217054                    /home/ahmed/myData/android-studio/gradle/gradle-2.10/lib/plugins/testng-6.3.1.jar
7fc8f40d2000-7fc8f40da000 r--s 00045000 08:01 4217115                    /home/ahmed/myData/android-studio/gradle/gradle-2.10/lib/plugins/junit-4.12.jar
7fc8f40da000-7fc8f40e7000 r--s 00073000 08:01 4217060                    /home/ahmed/myData/android-studio/gradle/gradle-2.10/lib/plugins/gradle-plugins-2.10.jar
7fc8f40e7000-7fc8f40ff000 r--s 00115000 08:01 4217085                    /home/ahmed/myData/android-studio/gradle/gradle-2.10/lib/plugins/xercesImpl-2.9.1.jar
7fc8f40ff000-7fc8f4107000 r--s 00028000 08:01 4217071                    /home/ahmed/myData/android-studio/gradle/gradle-2.10/lib/plugins/xml-apis-1.3.04.jar
7fc8f4107000-7fc8f410d000 r--s 0005b000 08:01 4217028                    /home/ahmed/myData/android-studio/gradle/gradle-2.10/lib/plugins/jcifs-1.3.17.jar
7fc8f410d000-7fc8f4113000 r--s 00031000 08:01 4217043                    /home/ahmed/myData/android-studio/gradle/gradle-2.10/lib/plugins/httpcore-4.2.2.jar
7fc8f4113000-7fc8f4119000 r--s 00033000 08:01 4217024                    /home/ahmed/myData/android-studio/gradle/gradle-2.10/lib/plugins/commons-codec-1.6.jar
7fc8f4119000-7fc8f411c000 r--s 0001c000 08:01 4217117                    /home/ahmed/myData/android-studio/gradle/gradle-2.10/lib/plugins/nekohtml-1.9.14.jar
7fc8f411c000-7fc8f4125000 r--s 00060000 08:01 4217055                    /home/ahmed/myData/android-studio/gradle/gradle-2.10/lib/plugins/httpclient-4.2.2.jar
7fc8f4125000-7fc8f4127000 r--s 00009000 08:01 4217102                    /home/ahmed/myData/android-studio/gradle/gradle-2.10/lib/plugins/gradle-resources-http-2.10.jar
7fc8f4127000-7fc8f412a000 r--s 00011000 08:01 4217034                    /home/ahmed/myData/android-studio/gradle/gradle-2.10/lib/plugins/gradle-plugin-use-2.10.jar
7fc8f412a000-7fc8f412b000 r--s 00007000 08:01 4217086                    /home/ahmed/myData/android-studio/gradle/gradle-2.10/lib/plugins/wagon-http-shared4-2.4.jar
7fc8f412b000-7fc8f412f000 r--s 00033000 08:01 4217109                    /home/ahmed/myData/android-studio/gradle/gradle-2.10/lib/plugins/plexus-utils-2.0.6.jar
7fc8f412f000-7fc8f4133000 r--s 00021000 08:01 4217065                    /home/ahmed/myData/android-studio/gradle/gradle-2.10/lib/plugins/maven-model-builder-3.0.4.jar
7fc8f4133000-7fc8f4134000 r--s 00002000 08:01 4217098                    /home/ahmed/myData/android-studio/gradle/gradle-2.10/lib/plugins/wagon-file-2.4.jar
7fc8f4134000-7fc8f4136000 r--s 00002000 08:01 4217120                    /home/ahmed/myData/android-studio/gradle/gradle-2.10/lib/plugins/plexus-cipher-1.7.jar
7fc8f4136000-7fc8f4139000 r--s 00013000 08:01 4217118                    /home/ahmed/myData/android-studio/gradle/gradle-2.10/lib/plugins/aether-api-1.13.1.jar
7fc8f4139000-7fc8f413b000 r--s 0000a000 08:01 4217079                    /home/ahmed/myData/android-studio/gradle/gradle-2.10/lib/plugins/maven-settings-3.0.4.jar
7fc8f413b000-7fc8f413d000 r--s 0000d000 08:01 4217012                    /home/ahmed/myData/android-studio/gradle/gradle-2.10/lib/plugins/plexus-interpolation-1.14.jar
7fc8f413d000-7fc8f413f000 r--s 0000b000 08:01 4217047                    /home/ahmed/myData/android-studio/gradle/gradle-2.10/lib/plugins/maven-artifact-3.0.4.jar
7fc8f413f000-7fc8f4146000 r--s 0002e000 08:01 4217074                    /home/ahmed/myData/android-studio/gradle/gradle-2.10/lib/plugins/plexus-container-default-1.5.5.jar
7fc8f4146000-7fc8f4148000 r--s 0000b000 08:01 4217097                    /home/ahmed/myData/android-studio/gradle/gradle-2.10/lib/plugins/maven-plugin-api-3.0.4.jar
7fc8f4148000-7fc8f414a000 r--s 00000000 08:01 4217048                    /home/ahmed/myData/android-studio/gradle/gradle-2.10/lib/plugins/plexus-component-annotations-1.5.5.jar
7fc8f414a000-7fc8f4150000 r--s 0003f000 08:01 4217049                    /home/ahmed/myData/android-studio/gradle/gradle-2.10/lib/plugins/maven-compat-3.0.4.jar
7fc8f4150000-7fc8f4153000 r--s 00008000 08:01 4217116                    /home/ahmed/myData/android-studio/gradle/gradle-2.10/lib/plugins/maven-settings-builder-3.0.4.jar
7fc8f4153000-7fc8f4154000 r--s 00002000 08:01 4217017                    /home/ahmed/myData/android-studio/gradle/gradle-2.10/lib/plugins/wagon-http-2.4.jar
7fc8f4154000-7fc8f4156000 r--s 00026000 08:01 4217113                    /home/ahmed/myData/android-studio/gradle/gradle-2.10/lib/plugins/maven-model-3.0.4.jar
7fc8f4156000-7fc8f4158000 r--s 00006000 08:01 4217114                    /home/ahmed/myData/android-studio/gradle/gradle-2.10/lib/plugins/aether-connector-wagon-1.13.1.jar
7fc8f4158000-7fc8f415a000 r--s 0000a000 08:01 4217032                    /home/ahmed/myData/android-studio/gradle/gradle-2.10/lib/plugins/plexus-classworlds-2.4.jar
7fc8f415a000-7fc8f415c000 r--s 00006000 08:01 4217095                    /home/ahmed/myData/android-studio/gradle/gradle-2.10/lib/plugins/maven-repository-metadata-3.0.4.jar
7fc8f415c000-7fc8f415e000 r--s 0000c000 08:01 4217018                    /home/ahmed/myData/android-studio/gradle/gradle-2.10/lib/plugins/maven-aether-provider-3.0.4.jar
7fc8f415e000-7fc8f4160000 r--s 0000b000 08:01 4217019                    /home/ahmed/myData/android-studio/gradle/gradle-2.10/lib/plugins/wagon-provider-api-2.4.jar
7fc8f4160000-7fc8f4161000 r--s 00003000 08:01 4217076                    /home/ahmed/myData/android-studio/gradle/gradle-2.10/lib/plugins/aether-spi-1.13.1.jar
7fc8f4161000-7fc8f4165000 r--s 0001c000 08:01 4217080                    /home/ahmed/myData/android-studio/gradle/gradle-2.10/lib/plugins/aether-util-1.13.1.jar
7fc8f4165000-7fc8f4168000 r--s 0001d000 08:01 4217039                    /home/ahmed/myData/android-studio/gradle/gradle-2.10/lib/plugins/aether-impl-1.13.1.jar
7fc8f4168000-7fc8f4169000 r--s 00006000 08:01 4217092                    /home/ahmed/myData/android-studio/gradle/gradle-2.10/lib/plugins/plexus-sec-dispatcher-1.3.jar
7fc8f4169000-7fc8f416e000 r--s 00040000 08:01 4217053                    /home/ahmed/myData/android-studio/gradle/gradle-2.10/lib/plugins/jsch-0.1.53.jar
7fc8f416e000-7fc8f41ae000 r--s 00277000 08:01 4217105                    /home/ahmed/myData/android-studio/gradle/gradle-2.10/lib/plugins/bcprov-jdk15on-1.51.jar
7fc8f41ae000-7fc8f41b2000 r--s 0001d000 08:01 4217107                    /home/ahmed/myData/android-studio/gradle/gradle-2.10/lib/plugins/xbean-reflect-3.4.jar
7fc8f41b2000-7fc8f41be000 r--s 0007d000 08:01 4217022                    /home/ahmed/myData/android-studio/gradle/gradle-2.10/lib/plugins/maven-core-3.0.4.jar
7fc8f41be000-7fc8f41c3000 r--s 0002a000 08:01 4217112                    /home/ahmed/myData/android-studio/gradle/gradle-2.10/lib/plugins/gson-2.2.4.jar
7fc8f41c3000-7fc8f41d2000 r--s 000d9000 08:01 4217091                    /home/ahmed/myData/android-studio/gradle/gradle-2.10/lib/plugins/ivy-2.2.0.jar
7fc8f41d2000-7fc8f41ee000 r--s 000c9000 08:01 4217119                    /home/ahmed/myData/android-studio/gradle/gradle-2.10/lib/plugins/gradle-dependency-management-2.10.jar
7fc8f41ee000-7fc8f41ef000 r--s 00006000 08:01 4216980                    /home/ahmed/myData/android-studio/gradle/gradle-2.10/lib/gradle-wrapper-2.10.jar
7fc8f41ef000-7fc8f41fa000 r--s 0003b000 08:01 4217004                    /home/ahmed/myData/android-studio/gradle/gradle-2.10/lib/gradle-tooling-api-2.10.jar
7fc8f41fa000-7fc8f41fc000 r--s 00002000 08:01 4216984                    /home/ahmed/myData/android-studio/gradle/gradle-2.10/lib/gradle-open-api-2.10.jar
7fc8f41fc000-7fc8f4202000 r--s 00032000 08:01 4217003                    /home/ahmed/myData/android-studio/gradle/gradle-2.10/lib/jaxen-1.1.jar
7fc8f4202000-7fc8f4207000 r--s 00048000 08:01 4216977                    /home/ahmed/myData/android-studio/gradle/gradle-2.10/lib/dom4j-1.6.1.jar
7fc8f4207000-7fc8f4212000 r--s 00059000 08:01 4217002                    /home/ahmed/myData/android-studio/gradle/gradle-2.10/lib/gradle-ui-2.10.jar
7fc8f4212000-7fc8f4215000 r--s 00008000 08:01 4217126                    /home/ahmed/myData/android-studio/gradle/gradle-2.10/lib/gradle-resources-2.10.jar
7fc8f4215000-7fc8f4217000 r--s 00007000 08:01 4217005                    /home/ahmed/myData/android-studio/gradle/gradle-2.10/lib/objenesis-1.2.jar
7fc8f4217000-7fc8f4219000 r--s 00000000 08:01 4217006                    /home/ahmed/myData/android-studio/gradle/gradle-2.10/lib/minlog-1.2.jar
7fc8f4219000-7fc8f421b000 r--s 0000f000 08:01 4217009                    /home/ahmed/myData/android-studio/gradle/gradle-2.10/lib/reflectasm-1.07-shaded.jar
7fc8f421b000-7fc8f421f000 r--s 00026000 08:01 4217125                    /home/ahmed/myData/android-studio/gradle/gradle-2.10/lib/kryo-2.20.jar
7fc8f421f000-7fc8f4228000 r--s 0003f000 08:01 4216994                    /home/ahmed/myData/android-studio/gradle/gradle-2.10/lib/gradle-messaging-2.10.jar
7fc8f4228000-7fc8f4229000 r--s 00003000 08:01 4217010                    /home/ahmed/myData/android-studio/gradle/gradle-2.10/lib/native-platform-freebsd-amd64-0.10.jar
7fc8f4229000-7fc8f422a000 r--s 00003000 08:01 4216995                    /home/ahmed/myData/android-studio/gradle/gradle-2.10/lib/native-platform-freebsd-i386-0.10.jar
7fc8f422a000-7fc8f422b000 r--s 00005000 08:01 4217000                    /home/ahmed/myData/android-studio/gradle/gradle-2.10/lib/native-platform-windows-i386-0.10.jar
7fc8f422b000-7fc8f422c000 r--s 00005000 08:01 4216974                    /home/ahmed/myData/android-studio/gradle/gradle-2.10/lib/native-platform-windows-amd64-0.10.jar
7fc8f422c000-7fc8f422d000 r--s 00003000 08:01 4216976                    /home/ahmed/myData/android-studio/gradle/gradle-2.10/lib/native-platform-linux-i386-0.10.jar
7fc8f422d000-7fc8f422e000 r--s 00003000 08:01 4216983                    /home/ahmed/myData/android-studio/gradle/gradle-2.10/lib/native-platform-linux-amd64-0.10.jar
7fc8f422e000-7fc8f422f000 r--s 00002000 08:01 4217128                    /home/ahmed/myData/android-studio/gradle/gradle-2.10/lib/native-platform-osx-amd64-0.10.jar
7fc8f422f000-7fc8f4230000 r--s 00002000 08:01 4216993                    /home/ahmed/myData/android-studio/gradle/gradle-2.10/lib/native-platform-osx-i386-0.10.jar
7fc8f4230000-7fc8f4232000 r--s 00008000 08:01 4216992                    /home/ahmed/myData/android-studio/gradle/gradle-2.10/lib/jansi-1.2.1.jar
7fc8f4232000-7fc8f4235000 r--s 0000d000 08:01 4217007                    /home/ahmed/myData/android-studio/gradle/gradle-2.10/lib/native-platform-0.10.jar
7fc8f4235000-7fc8f4239000 r--s 000e4000 08:01 4216975                    /home/ahmed/myData/android-studio/gradle/gradle-2.10/lib/jna-3.2.7.jar
7fc8f4239000-7fc8f423b000 r--s 00008000 08:01 4216999                    /home/ahmed/myData/android-studio/gradle/gradle-2.10/lib/gradle-native-2.10.jar
7fc8f423b000-7fc8f423d000 r--s 00005000 08:01 4216998                    /home/ahmed/myData/android-studio/gradle/gradle-2.10/lib/gradle-cli-2.10.jar
7fc8f423d000-7fc8f423e000 r--s 00007000 08:01 4217127                    /home/ahmed/myData/android-studio/gradle/gradle-2.10/lib/gradle-model-groovy-2.10.jar
7fc8f423e000-7fc8f4240000 r--s 00005000 08:01 4216978                    /home/ahmed/myData/android-studio/gradle/gradle-2.10/lib/gradle-base-services-groovy-2.10.jar
7fc8f4240000-7fc8f42af000 r--s 0063e000 08:01 4217001                    /home/ahmed/myData/android-studio/gradle/gradle-2.10/lib/groovy-all-2.4.4.jar
7fc8f42af000-7fc8f42d7000 r--s 001cf000 08:01 4216989                    /home/ahmed/myData/android-studio/gradle/gradle-2.10/lib/guava-jdk5-17.0.jar
7fc8f42d7000-7fc8f42f6000 r--s 001cc000 08:01 4216982                    /home/ahmed/myData/android-studio/gradle/gradle-2.10/lib/ant-1.9.3.jar
7fc8f42f6000-7fc8f42f7000 ---p 00000000 00:00 0 
7fc8f42f7000-7fc8f43f7000 rw-p 00000000 00:00 0 
7fc8f43f7000-7fc8f43fa000 ---p 00000000 00:00 0 
7fc8f43fa000-7fc8f44f8000 rw-p 00000000 00:00 0 
7fc8f44f8000-7fc8f44fb000 ---p 00000000 00:00 0 
7fc8f44fb000-7fc8f45f9000 rw-p 00000000 00:00 0 
7fc8f45f9000-7fc8f45fc000 ---p 00000000 00:00 0 
7fc8f45fc000-7fc8f46fa000 rw-p 00000000 00:00 0 
7fc8f46fa000-7fc8f46fd000 ---p 00000000 00:00 0 
7fc8f46fd000-7fc8f47fb000 rw-p 00000000 00:00 0 
7fc8f47fb000-7fc8f47fe000 ---p 00000000 00:00 0 
7fc8f47fe000-7fc8f48fc000 rw-p 00000000 00:00 0 
7fc8f48fc000-7fc8f4ff0000 r--p 00000000 08:01 2890341                    /usr/lib/locale/locale-archive
7fc8f4ff0000-7fc8f4ff3000 ---p 00000000 00:00 0 
7fc8f4ff3000-7fc8f50f1000 rw-p 00000000 00:00 0 
7fc8f50f1000-7fc8f50f4000 ---p 00000000 00:00 0 
7fc8f50f4000-7fc8f51f2000 rw-p 00000000 00:00 0 
7fc8f51f2000-7fc8f51f3000 ---p 00000000 00:00 0 
7fc8f51f3000-7fc8f8000000 rw-p 00000000 00:00 0 
7fc8f8000000-7fc8f8022000 rw-p 00000000 00:00 0 
7fc8f8022000-7fc8fc000000 ---p 00000000 00:00 0 
7fc8fc000000-7fc8fc00d000 r--s 00073000 08:01 4216981                    /home/ahmed/myData/android-studio/gradle/gradle-2.10/lib/gradle-model-core-2.10.jar
7fc8fc00d000-7fc8fc00e000 r--s 00000000 08:01 4217132                    /home/ahmed/myData/android-studio/gradle/gradle-2.10/lib/gradle-docs-2.10.jar
7fc8fc00e000-7fc8fc010000 r--s 00003000 08:01 4216987                    /home/ahmed/myData/android-studio/gradle/gradle-2.10/lib/jcl-over-slf4j-1.7.10.jar
7fc8fc010000-7fc8fc011000 r--s 00005000 08:01 4217129                    /home/ahmed/myData/android-studio/gradle/gradle-2.10/lib/log4j-over-slf4j-1.7.10.jar
7fc8fc011000-7fc8fc014000 r--s 0001b000 08:01 4216985                    /home/ahmed/myData/android-studio/gradle/gradle-2.10/lib/jarjar-1.3.jar
7fc8fc014000-7fc8fc04b000 r--s 001bc000 08:01 4216990                    /home/ahmed/myData/android-studio/gradle/gradle-2.10/lib/gradle-core-2.10.jar
7fc8fc04b000-7fc8fc2b0000 rw-p 00000000 00:00 0 
7fc8fc2b0000-7fc8fc489000 r--s 03d1f000 08:01 3149907                    /usr/lib/jvm/java-8-oracle/jre/lib/rt.jar
7fc8fc489000-7fc8fceff000 rw-p 00000000 00:00 0 
7fc8fceff000-7fc8fcf00000 ---p 00000000 00:00 0 
7fc8fcf00000-7fc8fd000000 rw-p 00000000 00:00 0 
7fc8fd000000-7fc8fd670000 rwxp 00000000 00:00 0 
7fc8fd670000-7fc90c000000 ---p 00000000 00:00 0 
7fc90c000000-7fc90cb5d000 rw-p 00000000 00:00 0 
7fc90cb5d000-7fc910000000 ---p 00000000 00:00 0 
7fc910000000-7fc910002000 r--s 00000000 08:01 4217124                    /home/ahmed/myData/android-studio/gradle/gradle-2.10/lib/jul-to-slf4j-1.7.10.jar
7fc910002000-7fc910006000 r--s 00027000 08:01 4216986                    /home/ahmed/myData/android-studio/gradle/gradle-2.10/lib/commons-io-2.2.jar
7fc910006000-7fc910014000 r--s 0007f000 08:01 4217008                    /home/ahmed/myData/android-studio/gradle/gradle-2.10/lib/commons-collections-3.2.1.jar
7fc910014000-7fc910019000 r--s 00036000 08:01 4216996                    /home/ahmed/myData/android-studio/gradle/gradle-2.10/lib/asm-all-5.0.3.jar
7fc910019000-7fc91001e000 r--s 00041000 08:01 4216979                    /home/ahmed/myData/android-studio/gradle/gradle-2.10/lib/commons-lang-2.6.jar
7fc91001e000-7fc91006d000 rw-p 00000000 00:00 0 
7fc91006d000-7fc91006e000 ---p 00000000 00:00 0 
7fc91006e000-7fc91016e000 rw-p 00000000 00:00 0 
7fc91016e000-7fc91016f000 ---p 00000000 00:00 0 
7fc91016f000-7fc91026f000 rw-p 00000000 00:00 0 
7fc91026f000-7fc910270000 ---p 00000000 00:00 0 
7fc910270000-7fc910390000 rw-p 00000000 00:00 0 
7fc910390000-7fc9104c6000 ---p 00000000 00:00 0 
7fc9104c6000-7fc9104e6000 rw-p 00000000 00:00 0 
7fc9104e6000-7fc91061b000 ---p 00000000 00:00 0 
7fc91061b000-7fc910684000 rw-p 00000000 00:00 0 
7fc910684000-7fc9106c6000 ---p 00000000 00:00 0 
7fc9106c6000-7fc9106e1000 rw-p 00000000 00:00 0 
7fc9106e1000-7fc910a87000 ---p 00000000 00:00 0 
7fc910a87000-7fc910aa1000 r-xp 00000000 08:01 3284666                    /usr/lib/jvm/java-8-oracle/jre/lib/amd64/libzip.so
7fc910aa1000-7fc910ca1000 ---p 0001a000 08:01 3284666                    /usr/lib/jvm/java-8-oracle/jre/lib/amd64/libzip.so
7fc910ca1000-7fc910ca2000 rw-p 0001a000 08:01 3284666                    /usr/lib/jvm/java-8-oracle/jre/lib/amd64/libzip.so
7fc910ca2000-7fc910cac000 r-xp 00000000 08:01 8002158                    /lib/x86_64-linux-gnu/libnss_files-2.19.so
7fc910cac000-7fc910eab000 ---p 0000a000 08:01 8002158                    /lib/x86_64-linux-gnu/libnss_files-2.19.so
7fc910eab000-7fc910eac000 r--p 00009000 08:01 8002158                    /lib/x86_64-linux-gnu/libnss_files-2.19.so
7fc910eac000-7fc910ead000 rw-p 0000a000 08:01 8002158                    /lib/x86_64-linux-gnu/libnss_files-2.19.so
7fc910ead000-7fc910eb8000 r-xp 00000000 08:01 8002150                    /lib/x86_64-linux-gnu/libnss_nis-2.19.so
7fc910eb8000-7fc9110b7000 ---p 0000b000 08:01 8002150                    /lib/x86_64-linux-gnu/libnss_nis-2.19.so
7fc9110b7000-7fc9110b8000 r--p 0000a000 08:01 8002150                    /lib/x86_64-linux-gnu/libnss_nis-2.19.so
7fc9110b8000-7fc9110b9000 rw-p 0000b000 08:01 8002150                    /lib/x86_64-linux-gnu/libnss_nis-2.19.so
7fc9110b9000-7fc9110d0000 r-xp 00000000 08:01 8002142                    /lib/x86_64-linux-gnu/libnsl-2.19.so
7fc9110d0000-7fc9112cf000 ---p 00017000 08:01 8002142                    /lib/x86_64-linux-gnu/libnsl-2.19.so
7fc9112cf000-7fc9112d0000 r--p 00016000 08:01 8002142                    /lib/x86_64-linux-gnu/libnsl-2.19.so
7fc9112d0000-7fc9112d1000 rw-p 00017000 08:01 8002142                    /lib/x86_64-linux-gnu/libnsl-2.19.so
7fc9112d1000-7fc9112d3000 rw-p 00000000 00:00 0 
7fc9112d3000-7fc9112dc000 r-xp 00000000 08:01 8002141                    /lib/x86_64-linux-gnu/libnss_compat-2.19.so
7fc9112dc000-7fc9114db000 ---p 00009000 08:01 8002141                    /lib/x86_64-linux-gnu/libnss_compat-2.19.so
7fc9114db000-7fc9114dc000 r--p 00008000 08:01 8002141                    /lib/x86_64-linux-gnu/libnss_compat-2.19.so
7fc9114dc000-7fc9114dd000 rw-p 00009000 08:01 8002141                    /lib/x86_64-linux-gnu/libnss_compat-2.19.so
7fc9114dd000-7fc911507000 r-xp 00000000 08:01 3284615                    /usr/lib/jvm/java-8-oracle/jre/lib/amd64/libjava.so
7fc911507000-7fc911707000 ---p 0002a000 08:01 3284615                    /usr/lib/jvm/java-8-oracle/jre/lib/amd64/libjava.so
7fc911707000-7fc911709000 rw-p 0002a000 08:01 3284615                    /usr/lib/jvm/java-8-oracle/jre/lib/amd64/libjava.so
7fc911709000-7fc911716000 r-xp 00000000 08:01 3284672                    /usr/lib/jvm/java-8-oracle/jre/lib/amd64/libverify.so
7fc911716000-7fc911916000 ---p 0000d000 08:01 3284672                    /usr/lib/jvm/java-8-oracle/jre/lib/amd64/libverify.so
7fc911916000-7fc911918000 rw-p 0000d000 08:01 3284672                    /usr/lib/jvm/java-8-oracle/jre/lib/amd64/libverify.so
7fc911918000-7fc91191f000 r-xp 00000000 08:01 8002154                    /lib/x86_64-linux-gnu/librt-2.19.so
7fc91191f000-7fc911b1e000 ---p 00007000 08:01 8002154                    /lib/x86_64-linux-gnu/librt-2.19.so
7fc911b1e000-7fc911b1f000 r--p 00006000 08:01 8002154                    /lib/x86_64-linux-gnu/librt-2.19.so
7fc911b1f000-7fc911b20000 rw-p 00007000 08:01 8002154                    /lib/x86_64-linux-gnu/librt-2.19.so
7fc911b20000-7fc911c25000 r-xp 00000000 08:01 8002005                    /lib/x86_64-linux-gnu/libm-2.19.so
7fc911c25000-7fc911e24000 ---p 00105000 08:01 8002005                    /lib/x86_64-linux-gnu/libm-2.19.so
7fc911e24000-7fc911e25000 r--p 00104000 08:01 8002005                    /lib/x86_64-linux-gnu/libm-2.19.so
7fc911e25000-7fc911e26000 rw-p 00105000 08:01 8002005                    /lib/x86_64-linux-gnu/libm-2.19.so
7fc911e26000-7fc912ae6000 r-xp 00000000 08:01 3284648                    /usr/lib/jvm/java-8-oracle/jre/lib/amd64/server/libjvm.so
7fc912ae6000-7fc912ce6000 ---p 00cc0000 08:01 3284648                    /usr/lib/jvm/java-8-oracle/jre/lib/amd64/server/libjvm.so
7fc912ce6000-7fc912dbe000 rw-p 00cc0000 08:01 3284648                    /usr/lib/jvm/java-8-oracle/jre/lib/amd64/server/libjvm.so
7fc912dbe000-7fc912e09000 rw-p 00000000 00:00 0 
7fc912e09000-7fc912fc3000 r-xp 00000000 08:01 8002155                    /lib/x86_64-linux-gnu/libc-2.19.so
7fc912fc3000-7fc9131c3000 ---p 001ba000 08:01 8002155                    /lib/x86_64-linux-gnu/libc-2.19.so
7fc9131c3000-7fc9131c7000 r--p 001ba000 08:01 8002155                    /lib/x86_64-linux-gnu/libc-2.19.so
7fc9131c7000-7fc9131c9000 rw-p 001be000 08:01 8002155                    /lib/x86_64-linux-gnu/libc-2.19.so
7fc9131c9000-7fc9131ce000 rw-p 00000000 00:00 0 
7fc9131ce000-7fc9131d1000 r-xp 00000000 08:01 8002007                    /lib/x86_64-linux-gnu/libdl-2.19.so
7fc9131d1000-7fc9133d0000 ---p 00003000 08:01 8002007                    /lib/x86_64-linux-gnu/libdl-2.19.so
7fc9133d0000-7fc9133d1000 r--p 00002000 08:01 8002007                    /lib/x86_64-linux-gnu/libdl-2.19.so
7fc9133d1000-7fc9133d2000 rw-p 00003000 08:01 8002007                    /lib/x86_64-linux-gnu/libdl-2.19.so
7fc9133d2000-7fc9133e7000 r-xp 00000000 08:01 4079274                    /usr/lib/jvm/java-8-oracle/lib/amd64/jli/libjli.so
7fc9133e7000-7fc9135e7000 ---p 00015000 08:01 4079274                    /usr/lib/jvm/java-8-oracle/lib/amd64/jli/libjli.so
7fc9135e7000-7fc9135e8000 rw-p 00015000 08:01 4079274                    /usr/lib/jvm/java-8-oracle/lib/amd64/jli/libjli.so
7fc9135e8000-7fc913601000 r-xp 00000000 08:01 8002147                    /lib/x86_64-linux-gnu/libpthread-2.19.so
7fc913601000-7fc913800000 ---p 00019000 08:01 8002147                    /lib/x86_64-linux-gnu/libpthread-2.19.so
7fc913800000-7fc913801000 r--p 00018000 08:01 8002147                    /lib/x86_64-linux-gnu/libpthread-2.19.so
7fc913801000-7fc913802000 rw-p 00019000 08:01 8002147                    /lib/x86_64-linux-gnu/libpthread-2.19.so
7fc913802000-7fc913806000 rw-p 00000000 00:00 0 
7fc913806000-7fc913829000 r-xp 00000000 08:01 8002148                    /lib/x86_64-linux-gnu/ld-2.19.so
7fc913829000-7fc91382a000 r--s 00000000 08:01 4216997                    /home/ahmed/myData/android-studio/gradle/gradle-2.10/lib/javax.inject-1.jar
7fc91382a000-7fc91382b000 r--s 00000000 08:01 4216991                    /home/ahmed/myData/android-studio/gradle/gradle-2.10/lib/jcip-annotations-1.0.jar
7fc91382b000-7fc913904000 rw-p 00000000 00:00 0 
7fc913904000-7fc913907000 ---p 00000000 00:00 0 
7fc913907000-7fc913a09000 rw-p 00000000 00:00 0 
7fc913a09000-7fc913a0a000 r--s 00007000 08:01 4216973                    /home/ahmed/myData/android-studio/gradle/gradle-2.10/lib/slf4j-api-1.7.10.jar
7fc913a0a000-7fc913a0b000 r--s 00004000 08:01 4216988                    /home/ahmed/myData/android-studio/gradle/gradle-2.10/lib/ant-launcher-1.9.3.jar
7fc913a0b000-7fc913a12000 r--s 00034000 08:01 4217131                    /home/ahmed/myData/android-studio/gradle/gradle-2.10/lib/gradle-base-services-2.10.jar
7fc913a12000-7fc913a1c000 r--s 0004a000 08:01 4217130                    /home/ahmed/myData/android-studio/gradle/gradle-2.10/lib/gradle-launcher-2.10.jar
7fc913a1c000-7fc913a24000 rw-s 00000000 08:01 13893651                   /tmp/hsperfdata_ahmed/29375
7fc913a24000-7fc913a25000 rw-p 00000000 00:00 0 
7fc913a25000-7fc913a26000 ---p 00000000 00:00 0 
7fc913a26000-7fc913a28000 rw-p 00000000 00:00 0 
7fc913a28000-7fc913a29000 r--p 00022000 08:01 8002148                    /lib/x86_64-linux-gnu/ld-2.19.so
7fc913a29000-7fc913a2a000 rw-p 00023000 08:01 8002148                    /lib/x86_64-linux-gnu/ld-2.19.so
7fc913a2a000-7fc913a2b000 rw-p 00000000 00:00 0 
7ffd1bc8c000-7ffd1bcad000 rw-p 00000000 00:00 0                          [stack]
7ffd1bcf6000-7ffd1bcf8000 r--p 00000000 00:00 0                          [vvar]
7ffd1bcf8000-7ffd1bcfa000 r-xp 00000000 00:00 0                          [vdso]
ffffffffff600000-ffffffffff601000 r-xp 00000000 00:00 0                  [vsyscall]

VM Arguments:
jvm_args: -XX:MaxPermSize=256m -XX:+HeapDumpOnOutOfMemoryError -Xmx1024m -Dfile.encoding=UTF-8 -Duser.country=US -Duser.language=en -Duser.variant 
java_command: org.gradle.launcher.daemon.bootstrap.GradleDaemon 2.10
java_class_path (initial): /home/ahmed/myData/android-studio/gradle/gradle-2.10/lib/gradle-launcher-2.10.jar
Launcher Type: SUN_STANDARD

Environment Variables:
JAVA_HOME=/usr/lib/jvm/java-8-oracle
PATH=/usr/local/sbin:/usr/local/bin:/usr/sbin:/usr/bin:/sbin:/bin:/usr/games:/usr/local/games
LD_LIBRARY_PATH=/home/ahmed/myData/android-studio/bin:
SHELL=/bin/bash
DISPLAY=:0

Signal Handlers:
SIGSEGV: [libjvm.so+0xabca10], sa_mask[0]=11111111011111111101111111111110, sa_flags=SA_RESTART|SA_SIGINFO
SIGBUS: [libjvm.so+0xabca10], sa_mask[0]=11111111011111111101111111111110, sa_flags=SA_RESTART|SA_SIGINFO
SIGFPE: [libjvm.so+0x919a20], sa_mask[0]=11111111011111111101111111111110, sa_flags=SA_RESTART|SA_SIGINFO
SIGPIPE: [libjvm.so+0x919a20], sa_mask[0]=11111111011111111101111111111110, sa_flags=SA_RESTART|SA_SIGINFO
SIGXFSZ: [libjvm.so+0x919a20], sa_mask[0]=11111111011111111101111111111110, sa_flags=SA_RESTART|SA_SIGINFO
SIGILL: [libjvm.so+0x919a20], sa_mask[0]=11111111011111111101111111111110, sa_flags=SA_RESTART|SA_SIGINFO
SIGUSR1: SIG_DFL, sa_mask[0]=00000000000000000000000000000000, sa_flags=none
SIGUSR2: [libjvm.so+0x91b050], sa_mask[0]=00100000000000000000000000000000, sa_flags=SA_RESTART|SA_SIGINFO
SIGHUP: [libjvm.so+0x91c450], sa_mask[0]=11111111011111111101111111111110, sa_flags=SA_RESTART|SA_SIGINFO
SIGINT: [libjvm.so+0x91c450], sa_mask[0]=11111111011111111101111111111110, sa_flags=SA_RESTART|SA_SIGINFO
SIGTERM: [libjvm.so+0x91c450], sa_mask[0]=11111111011111111101111111111110, sa_flags=SA_RESTART|SA_SIGINFO
SIGQUIT: [libjvm.so+0x91c450], sa_mask[0]=11111111011111111101111111111110, sa_flags=SA_RESTART|SA_SIGINFO


---------------  S Y S T E M  ---------------

OS:DISTRIB_ID=Ubuntu
DISTRIB_RELEASE=14.04
DISTRIB_CODENAME=trusty
DISTRIB_DESCRIPTION="Ubuntu 14.04.4 LTS"

uname:Linux 3.19.0-59-generic #66~14.04.1-Ubuntu SMP Fri May 13 17:27:10 UTC 2016 x86_64
libc:glibc 2.19 NPTL 2.19 
rlimit: STACK 8192k, CORE 0k, NPROC 23476, NOFILE 4096, AS infinity
load average:14.98 6.42 2.65

/proc/meminfo:
MemTotal:        6040744 kB
MemFree:         1275168 kB
MemAvailable:    2394908 kB
Buffers:          158188 kB
Cached:          1580180 kB
SwapCached:        51852 kB
Active:          3301320 kB
Inactive:        1173672 kB
Active(anon):    2479928 kB
Inactive(anon):   769416 kB
Active(file):     821392 kB
Inactive(file):   404256 kB
Unevictable:          48 kB
Mlocked:              48 kB
SwapTotal:       6213628 kB
SwapFree:        5668688 kB
Dirty:             14284 kB
Writeback:             0 kB
AnonPages:       2710484 kB
Mapped:           442104 kB
Shmem:            512720 kB
Slab:             173304 kB
SReclaimable:     126036 kB
SUnreclaim:        47268 kB
KernelStack:       10992 kB
PageTables:        49448 kB
NFS_Unstable:          0 kB
Bounce:                0 kB
WritebackTmp:          0 kB
CommitLimit:     9234000 kB
Committed_AS:    8404284 kB
VmallocTotal:   34359738367 kB
VmallocUsed:      553776 kB
VmallocChunk:   34359180152 kB
HardwareCorrupted:     0 kB
AnonHugePages:   1253376 kB
CmaTotal:              0 kB
CmaFree:               0 kB
HugePages_Total:       0
HugePages_Free:        0
HugePages_Rsvd:        0
HugePages_Surp:        0
Hugepagesize:       2048 kB
DirectMap4k:      511824 kB
DirectMap2M:     5709824 kB


CPU:total 4 (2 cores per cpu, 2 threads per core) family 6 model 42 stepping 7, cmov, cx8, fxsr, mmx, sse, sse2, sse3, ssse3, sse4.1, sse4.2, popcnt, avx, clmul, ht, tsc, tscinvbit

/proc/cpuinfo:
processor	: 0
vendor_id	: GenuineIntel
cpu family	: 6
model		: 42
model name	: Intel(R) Core(TM) i3-2310M CPU @ 2.10GHz
stepping	: 7
microcode	: 0x14
cpu MHz		: 2100.000
cache size	: 3072 KB
physical id	: 0
siblings	: 4
core id		: 0
cpu cores	: 2
apicid		: 0
initial apicid	: 0
fpu		: yes
fpu_exception	: yes
cpuid level	: 13
wp		: yes
flags		: fpu vme de pse tsc msr pae mce cx8 apic sep mtrr pge mca cmov pat pse36 clflush dts acpi mmx fxsr sse sse2 ss ht tm pbe syscall nx rdtscp lm constant_tsc arch_perfmon pebs bts rep_good nopl xtopology nonstop_tsc aperfmperf eagerfpu pni pclmulqdq dtes64 monitor ds_cpl vmx est tm2 ssse3 cx16 xtpr pdcm pcid sse4_1 sse4_2 x2apic popcnt tsc_deadline_timer xsave avx lahf_lm arat epb pln pts dtherm tpr_shadow vnmi flexpriority ept vpid xsaveopt
bugs		:
bogomips	: 4190.59
clflush size	: 64
cache_alignment	: 64
address sizes	: 36 bits physical, 48 bits virtual
power management:

processor	: 1
vendor_id	: GenuineIntel
cpu family	: 6
model		: 42
model name	: Intel(R) Core(TM) i3-2310M CPU @ 2.10GHz
stepping	: 7
microcode	: 0x14
cpu MHz		: 2100.000
cache size	: 3072 KB
physical id	: 0
siblings	: 4
core id		: 0
cpu cores	: 2
apicid		: 1
initial apicid	: 1
fpu		: yes
fpu_exception	: yes
cpuid level	: 13
wp		: yes
flags		: fpu vme de pse tsc msr pae mce cx8 apic sep mtrr pge mca cmov pat pse36 clflush dts acpi mmx fxsr sse sse2 ss ht tm pbe syscall nx rdtscp lm constant_tsc arch_perfmon pebs bts rep_good nopl xtopology nonstop_tsc aperfmperf eagerfpu pni pclmulqdq dtes64 monitor ds_cpl vmx est tm2 ssse3 cx16 xtpr pdcm pcid sse4_1 sse4_2 x2apic popcnt tsc_deadline_timer xsave avx lahf_lm arat epb pln pts dtherm tpr_shadow vnmi flexpriority ept vpid xsaveopt
bugs		:
bogomips	: 4190.59
clflush size	: 64
cache_alignment	: 64
address sizes	: 36 bits physical, 48 bits virtual
power management:

processor	: 2
vendor_id	: GenuineIntel
cpu family	: 6
model		: 42
model name	: Intel(R) Core(TM) i3-2310M CPU @ 2.10GHz
stepping	: 7
microcode	: 0x14
cpu MHz		: 2099.917
cache size	: 3072 KB
physical id	: 0
siblings	: 4
core id		: 1
cpu cores	: 2
apicid		: 2
initial apicid	: 2
fpu		: yes
fpu_exception	: yes
cpuid level	: 13
wp		: yes
flags		: fpu vme de pse tsc msr pae mce cx8 apic sep mtrr pge mca cmov pat pse36 clflush dts acpi mmx fxsr sse sse2 ss ht tm pbe syscall nx rdtscp lm constant_tsc arch_perfmon pebs bts rep_good nopl xtopology nonstop_tsc aperfmperf eagerfpu pni pclmulqdq dtes64 monitor ds_cpl vmx est tm2 ssse3 cx16 xtpr pdcm pcid sse4_1 sse4_2 x2apic popcnt tsc_deadline_timer xsave avx lahf_lm arat epb pln pts dtherm tpr_shadow vnmi flexpriority ept vpid xsaveopt
bugs		:
bogomips	: 4190.59
clflush size	: 64
cache_alignment	: 64
address sizes	: 36 bits physical, 48 bits virtual
power management:

processor	: 3
vendor_id	: GenuineIntel
cpu family	: 6
model		: 42
model name	: Intel(R) Core(TM) i3-2310M CPU @ 2.10GHz
stepping	: 7
microcode	: 0x14
cpu MHz		: 2099.917
cache size	: 3072 KB
physical id	: 0
siblings	: 4
core id		: 1
cpu cores	: 2
apicid		: 3
initial apicid	: 3
fpu		: yes
fpu_exception	: yes
cpuid level	: 13
wp		: yes
flags		: fpu vme de pse tsc msr pae mce cx8 apic sep mtrr pge mca cmov pat pse36 clflush dts acpi mmx fxsr sse sse2 ss ht tm pbe syscall nx rdtscp lm constant_tsc arch_perfmon pebs bts rep_good nopl xtopology nonstop_tsc aperfmperf eagerfpu pni pclmulqdq dtes64 monitor ds_cpl vmx est tm2 ssse3 cx16 xtpr pdcm pcid sse4_1 sse4_2 x2apic popcnt tsc_deadline_timer xsave avx lahf_lm arat epb pln pts dtherm tpr_shadow vnmi flexpriority ept vpid xsaveopt
bugs		:
bogomips	: 4190.59
clflush size	: 64
cache_alignment	: 64
address sizes	: 36 bits physical, 48 bits virtual
power management:



Memory: 4k page, physical 6040744k(1275168k free), swap 6213628k(5668688k free)

vm_info: Java HotSpot(TM) 64-Bit Server VM (25.91-b14) for linux-amd64 JRE (1.8.0_91-b14), built on Apr  1 2016 00:57:21 by "java_re" with gcc 4.3.0 20080428 (Red Hat 4.3.0-8)

time: Sat May 28 09:57:11 2016
elapsed time: 5 seconds (0d 0h 0m 5s)

