#
# A fatal error has been detected by the Java Runtime Environment:
#
#  SIGSEGV (0xb) at pc=0x00007fda3596761c, pid=16172, tid=140575097300736
#
# JRE version: Java(TM) SE Runtime Environment (8.0_91-b14) (build 1.8.0_91-b14)
# Java VM: Java HotSpot(TM) 64-Bit Server VM (25.91-b14 mixed mode linux-amd64 compressed oops)
# Problematic frame:
# J 2715 C1 com.android.dx.dex.code.OutputFinisher.getAllConstants()Ljava/util/HashSet; (47 bytes) @ 0x00007fda3596761c [0x00007fda35967080+0x59c]
#
# Failed to write core dump. Core dumps have been disabled. To enable core dumping, try "ulimit -c unlimited" before starting Java again
#
# If you would like to submit a bug report, please visit:
#   http://bugreport.java.com/bugreport/crash.jsp
#

---------------  T H R E A D  ---------------

Current thread (0x00007fda4414b000):  JavaThread "pool-1-thread-1" [_thread_in_Java, id=16654, stack(0x00007fda30ad2000,0x00007fda30bd3000)]

siginfo: si_signo: 11 (SIGSEGV), si_code: 2 (SEGV_ACCERR), si_addr: 0x0000000102092af0

Registers:
RAX=0x00000000ef787a08, RBX=0x000000010008bd60, RCX=0x000000010008c468, RDX=0x000000000006fe50
RSP=0x00007fda30bd10b0, RBP=0x00007fda30bd1278, RSI=0x00000000f0f637e8, RDI=0x0000000102092ac0
R8 =0x0000000000007cb5, R9 =0x00000000ef5b0d08, R10=0x00000000ef787a08, R11=0x0000000000007cb6
R12=0x0000000000000000, R13=0x00000000f0f63898, R14=0x000000000000007a, R15=0x00007fda4414b000
RIP=0x00007fda3596761c, EFLAGS=0x0000000000010206, CSGSFS=0x0000000000000033, ERR=0x0000000000000004
  TRAPNO=0x000000000000000e

Top of Stack: (sp=0x00007fda30bd10b0)
0x00007fda30bd10b0:   000000000000002a 00007fda32d7e2d8
0x00007fda30bd10c0:   000000000000ffff 0000000000001c8d
0x00007fda30bd10d0:   00007fda30bd1278 00007fda359795dc
0x00007fda30bd10e0:   0000000000000034 00007fda32d8db38
0x00007fda30bd10f0:   00007fda30bd1120 00007fda30bd1120
0x00007fda30bd1100:   00007fda30bd1278 00007fda3596d6d4
0x00007fda30bd1110:   0000000000000049 00007fda32afc138
0x00007fda30bd1120:   00007fda30bd1278 00007fda35955aa4
0x00007fda30bd1130:   00000000f0f637b8 00000000f0f637a8
0x00007fda30bd1140:   00000000eec44a30 00000000f0f637e8
0x00007fda30bd1150:   00007fda30bd1170 0000000000000212
0x00007fda30bd1160:   00007fda30bd1278 00007fda3596bdac
0x00007fda30bd1170:   00000000000000aa 00007fda32d930e0
0x00007fda30bd1180:   00007fda32b55798 00007fda329c9b00
0x00007fda30bd1190:   00007fda30bd11f8 00007fda35007ad5
0x00007fda30bd11a0:   00007fda350082bd 00007fda35007ad5
0x00007fda30bd11b0:   00000000f0ef1910 00007fda30bd11b8
0x00007fda30bd11c0:   00007fda32d93048 00007fda30bd1230
0x00007fda30bd11d0:   00000000f0f47780 00000000ef7cf440
0x00007fda30bd11e0:   00000000c0075590 00000000c00e0330
0x00007fda30bd11f0:   00000000c0e88340 00000000f0f4b750
0x00007fda30bd1200:   00000000f0f63780 00000000c14f0658
0x00007fda30bd1210:   00007fda30bd1278 00007fda350082bd
0x00007fda30bd1220:   00007fda350082bd 00000000c0e88340
0x00007fda30bd1230:   00000000ef7cf440 00007fda30bd1238
0x00007fda30bd1240:   00007fda32c1a884 00007fda30bd12a8
0x00007fda30bd1250:   00007fda32c22910 0000000000000000
0x00007fda30bd1260:   00007fda32c1a8e0 00007fda30bd1228
0x00007fda30bd1270:   00007fda30bd12a8 00007fda30bd12f0
0x00007fda30bd1280:   00007fda350082bd 00000000ef7cf440
0x00007fda30bd1290:   000000000000161a 0000000000000c0d
0x00007fda30bd12a0:   00000000c0e88340 00000000c0075c08 

Instructions: (pc=0x00007fda3596761c)
0x00007fda359675fc:   81 8f c0 01 00 00 00 01 00 00 e9 c1 00 00 00 48
0x00007fda3596760c:   bb 60 bd 08 00 01 00 00 00 8b 78 08 48 c1 e7 03
0x00007fda3596761c:   48 3b 5f 30 0f 85 8a 00 00 00 48 bf 70 4d e7 32
0x00007fda3596762c:   da 7f 00 00 8b 58 08 48 c1 e3 03 48 3b 9f d0 01 

Register to memory mapping:

RAX=0x00000000ef787a08 is an oop

[error occurred during error reporting (printing register info), id 0xb]

Stack: [0x00007fda30ad2000,0x00007fda30bd3000],  sp=0x00007fda30bd10b0,  free space=1020k
Native frames: (J=compiled Java code, j=interpreted, Vv=VM code, C=native code)
J 2715 C1 com.android.dx.dex.code.OutputFinisher.getAllConstants()Ljava/util/HashSet; (47 bytes) @ 0x00007fda3596761c [0x00007fda35967080+0x59c]
J 2708 C1 com.android.dx.dex.file.CodeItem.addContents(Lcom/android/dx/dex/file/DexFile;)V (174 bytes) @ 0x00007fda3596bdac [0x00007fda3596ba00+0x3ac]
j  com.android.dx.dex.file.MixedItemSection.prepare0()V+44
j  com.android.dx.dex.file.Section.prepare()V+5
j  com.android.dx.dex.file.DexFile.toDex0(ZZ)Lcom/android/dx/util/ByteArrayAnnotatedOutput;+18
j  com.android.dx.dex.file.DexFile.toDex(Ljava/io/Writer;Z)[B+13
j  com.android.dx.command.dexer.Main.writeDex(Lcom/android/dx/dex/file/DexFile;)[B+44
j  com.android.dx.command.dexer.Main.access$3000(Lcom/android/dx/dex/file/DexFile;)[B+1
j  com.android.dx.command.dexer.Main$DexWriter.call()[B+4
j  com.android.dx.command.dexer.Main$DexWriter.call()Ljava/lang/Object;+1
J 2278 C1 java.util.concurrent.FutureTask.run()V (126 bytes) @ 0x00007fda3575f7dc [0x00007fda3575f700+0xdc]
j  java.util.concurrent.ThreadPoolExecutor.runWorker(Ljava/util/concurrent/ThreadPoolExecutor$Worker;)V+95
j  java.util.concurrent.ThreadPoolExecutor$Worker.run()V+5
j  java.lang.Thread.run()V+11
v  ~StubRoutines::call_stub
V  [libjvm.so+0x68dbc6]  JavaCalls::call_helper(JavaValue*, methodHandle*, JavaCallArguments*, Thread*)+0x1056
V  [libjvm.so+0x68e0d1]  JavaCalls::call_virtual(JavaValue*, KlassHandle, Symbol*, Symbol*, JavaCallArguments*, Thread*)+0x321
V  [libjvm.so+0x68e567]  JavaCalls::call_virtual(JavaValue*, Handle, KlassHandle, Symbol*, Symbol*, Thread*)+0x47
V  [libjvm.so+0x7254b0]  thread_entry(JavaThread*, Thread*)+0xa0
V  [libjvm.so+0xa6b77f]  JavaThread::thread_main_inner()+0xdf
V  [libjvm.so+0xa6b8ac]  JavaThread::run()+0x11c
V  [libjvm.so+0x91ef78]  java_start(Thread*)+0x108
C  [libpthread.so.0+0x76fa]  start_thread+0xca


---------------  P R O C E S S  ---------------

Java Threads: ( => current thread )
=>0x00007fda4414b000 JavaThread "pool-1-thread-1" [_thread_in_Java, id=16654, stack(0x00007fda30ad2000,0x00007fda30bd3000)]
  0x00007fda440c1000 JavaThread "Service Thread" daemon [_thread_blocked, id=16195, stack(0x00007fda30dfc000,0x00007fda30efd000)]
  0x00007fda440be000 JavaThread "C1 CompilerThread2" daemon [_thread_blocked, id=16194, stack(0x00007fda30efd000,0x00007fda30ffe000)]
  0x00007fda440bc800 JavaThread "C2 CompilerThread1" daemon [_thread_in_native, id=16193, stack(0x00007fda30ffe000,0x00007fda310ff000)]
  0x00007fda440b9800 JavaThread "C2 CompilerThread0" daemon [_thread_in_native, id=16192, stack(0x00007fda310ff000,0x00007fda31200000)]
  0x00007fda440b8000 JavaThread "Signal Dispatcher" daemon [_thread_blocked, id=16191, stack(0x00007fda31200000,0x00007fda31301000)]
  0x00007fda44084000 JavaThread "Finalizer" daemon [_thread_blocked, id=16190, stack(0x00007fda315ee000,0x00007fda316ef000)]
  0x00007fda4407f800 JavaThread "Reference Handler" daemon [_thread_blocked, id=16188, stack(0x00007fda316ef000,0x00007fda317f0000)]
  0x00007fda4400a000 JavaThread "main" [_thread_blocked, id=16174, stack(0x00007fda4bea4000,0x00007fda4bfa5000)]

Other Threads:
  0x00007fda44078000 VMThread [stack: 0x00007fda317f0000,0x00007fda318f1000] [id=16184]
  0x00007fda440c4000 WatcherThread [stack: 0x00007fda30cfb000,0x00007fda30dfc000] [id=16196]

VM state:not at safepoint (normal execution)

VM Mutex/Monitor currently owned by a thread: None

Heap:
 PSYoungGen      total 232960K, used 103098K [0x00000000eab00000, 0x0000000100000000, 0x0000000100000000)
  eden space 116736K, 88% used [0x00000000eab00000,0x00000000f0fae9a0,0x00000000f1d00000)
  from space 116224K, 0% used [0x00000000f1d00000,0x00000000f1d00000,0x00000000f8e80000)
  to   space 116224K, 0% used [0x00000000f8e80000,0x00000000f8e80000,0x0000000100000000)
 ParOldGen       total 425984K, used 221590K [0x00000000c0000000, 0x00000000da000000, 0x00000000eab00000)
  object space 425984K, 52% used [0x00000000c0000000,0x00000000cd865818,0x00000000da000000)
 Metaspace       used 6558K, capacity 7320K, committed 7680K, reserved 1056768K
  class space    used 620K, capacity 656K, committed 768K, reserved 1048576K

Card table byte_map: [0x00007fda48a64000,0x00007fda48c65000] byte_map_base: 0x00007fda48464000

Marking Bits: (ParMarkBitMap*) 0x00007fda4b382d60
 Begin Bits: [0x00007fda33000000, 0x00007fda34000000)
 End Bits:   [0x00007fda34000000, 0x00007fda35000000)

Polling page: 0x00007fda4bfd1000

CodeCache: size=245760Kb used=9675Kb max_used=9675Kb free=236084Kb
 bounds [0x00007fda35000000, 0x00007fda35980000, 0x00007fda44000000]
 total_blobs=2519 nmethods=2250 adapters=182
 compilation: enabled

Compilation events (10 events):
Event: 54.252 Thread 0x00007fda440be000 2725       2       com.android.dx.rop.cst.CstMemberRef::equals (56 bytes)
Event: 54.253 Thread 0x00007fda440be000 nmethod 2725 0x00007fda35975850 code [0x00007fda359759c0, 0x00007fda35975c48]
Event: 54.253 Thread 0x00007fda440be000 2706       2       java.util.HashMap$KeyIterator::<init> (11 bytes)
Event: 54.253 Thread 0x00007fda440be000 nmethod 2706 0x00007fda359785d0 code [0x00007fda35978740, 0x00007fda359788c8]
Event: 54.253 Thread 0x00007fda440be000 2718       2       java.util.HashSet::<init> (17 bytes)
Event: 54.254 Thread 0x00007fda440be000 nmethod 2718 0x00007fda3596cf90 code [0x00007fda3596d120, 0x00007fda3596d328]
Event: 54.254 Thread 0x00007fda440be000 2707       2       java.util.HashMap$KeySet::<init> (10 bytes)
Event: 54.254 Thread 0x00007fda440be000 nmethod 2707 0x00007fda35975510 code [0x00007fda35975660, 0x00007fda359757d0]
Event: 54.254 Thread 0x00007fda440be000 2670       2       com.android.dx.dex.file.OffsettedItem::equals (45 bytes)
Event: 54.254 Thread 0x00007fda440be000 nmethod 2670 0x00007fda35975010 code [0x00007fda359751a0, 0x00007fda35975408]

GC Heap History (10 events):
Event: 37.124 GC heap before
{Heap before GC invocations=19 (full 3):
 PSYoungGen      total 232960K, used 139460K [0x00000000eab00000, 0x0000000100000000, 0x0000000100000000)
  eden space 116736K, 100% used [0x00000000eab00000,0x00000000f1d00000,0x00000000f1d00000)
  from space 116224K, 19% used [0x00000000f1d00000,0x00000000f33310c0,0x00000000f8e80000)
  to   space 116224K, 0% used [0x00000000f8e80000,0x00000000f8e80000,0x0000000100000000)
 ParOldGen       total 351232K, used 235709K [0x00000000c0000000, 0x00000000d5700000, 0x00000000eab00000)
  object space 351232K, 67% used [0x00000000c0000000,0x00000000ce62f4b0,0x00000000d5700000)
 Metaspace       used 6441K, capacity 7256K, committed 7424K, reserved 1056768K
  class space    used 614K, capacity 656K, committed 768K, reserved 1048576K
Event: 37.640 GC heap after
Heap after GC invocations=19 (full 3):
 PSYoungGen      total 225792K, used 29251K [0x00000000eab00000, 0x00000000ff900000, 0x0000000100000000)
  eden space 116736K, 0% used [0x00000000eab00000,0x00000000eab00000,0x00000000f1d00000)
  from space 109056K, 26% used [0x00000000f8e80000,0x00000000fab10d98,0x00000000ff900000)
  to   space 112640K, 0% used [0x00000000f1d00000,0x00000000f1d00000,0x00000000f8b00000)
 ParOldGen       total 351232K, used 254184K [0x00000000c0000000, 0x00000000d5700000, 0x00000000eab00000)
  object space 351232K, 72% used [0x00000000c0000000,0x00000000cf83a1b0,0x00000000d5700000)
 Metaspace       used 6441K, capacity 7256K, committed 7424K, reserved 1056768K
  class space    used 614K, capacity 656K, committed 768K, reserved 1048576K
}
Event: 40.235 GC heap before
{Heap before GC invocations=20 (full 3):
 PSYoungGen      total 225792K, used 145987K [0x00000000eab00000, 0x00000000ff900000, 0x0000000100000000)
  eden space 116736K, 100% used [0x00000000eab00000,0x00000000f1d00000,0x00000000f1d00000)
  from space 109056K, 26% used [0x00000000f8e80000,0x00000000fab10d98,0x00000000ff900000)
  to   space 112640K, 0% used [0x00000000f1d00000,0x00000000f1d00000,0x00000000f8b00000)
 ParOldGen       total 351232K, used 254184K [0x00000000c0000000, 0x00000000d5700000, 0x00000000eab00000)
  object space 351232K, 72% used [0x00000000c0000000,0x00000000cf83a1b0,0x00000000d5700000)
 Metaspace       used 6461K, capacity 7256K, committed 7424K, reserved 1056768K
  class space    used 614K, capacity 656K, committed 768K, reserved 1048576K
Event: 40.569 GC heap after
Heap after GC invocations=20 (full 3):
 PSYoungGen      total 229376K, used 55122K [0x00000000eab00000, 0x00000000ffe80000, 0x0000000100000000)
  eden space 116736K, 0% used [0x00000000eab00000,0x00000000eab00000,0x00000000f1d00000)
  from space 112640K, 48% used [0x00000000f1d00000,0x00000000f52d4968,0x00000000f8b00000)
  to   space 110080K, 0% used [0x00000000f9300000,0x00000000f9300000,0x00000000ffe80000)
 ParOldGen       total 351232K, used 254184K [0x00000000c0000000, 0x00000000d5700000, 0x00000000eab00000)
  object space 351232K, 72% used [0x00000000c0000000,0x00000000cf83a1b0,0x00000000d5700000)
 Metaspace       used 6461K, capacity 7256K, committed 7424K, reserved 1056768K
  class space    used 614K, capacity 656K, committed 768K, reserved 1048576K
}
Event: 47.268 GC heap before
{Heap before GC invocations=21 (full 3):
 PSYoungGen      total 229376K, used 171858K [0x00000000eab00000, 0x00000000ffe80000, 0x0000000100000000)
  eden space 116736K, 100% used [0x00000000eab00000,0x00000000f1d00000,0x00000000f1d00000)
  from space 112640K, 48% used [0x00000000f1d00000,0x00000000f52d4968,0x00000000f8b00000)
  to   space 110080K, 0% used [0x00000000f9300000,0x00000000f9300000,0x00000000ffe80000)
 ParOldGen       total 351232K, used 254184K [0x00000000c0000000, 0x00000000d5700000, 0x00000000eab00000)
  object space 351232K, 72% used [0x00000000c0000000,0x00000000cf83a1b0,0x00000000d5700000)
 Metaspace       used 6463K, capacity 7256K, committed 7424K, reserved 1056768K
  class space    used 614K, capacity 656K, committed 768K, reserved 1048576K
Event: 48.056 GC heap after
Heap after GC invocations=21 (full 3):
 PSYoungGen      total 226816K, used 80465K [0x00000000eab00000, 0x0000000100000000, 0x0000000100000000)
  eden space 116736K, 0% used [0x00000000eab00000,0x00000000eab00000,0x00000000f1d00000)
  from space 110080K, 73% used [0x00000000f9300000,0x00000000fe194530,0x00000000ffe80000)
  to   space 116224K, 0% used [0x00000000f1d00000,0x00000000f1d00000,0x00000000f8e80000)
 ParOldGen       total 351232K, used 254184K [0x00000000c0000000, 0x00000000d5700000, 0x00000000eab00000)
  object space 351232K, 72% used [0x00000000c0000000,0x00000000cf83a1b0,0x00000000d5700000)
 Metaspace       used 6463K, capacity 7256K, committed 7424K, reserved 1056768K
  class space    used 614K, capacity 656K, committed 768K, reserved 1048576K
}
Event: 48.824 GC heap before
{Heap before GC invocations=22 (full 3):
 PSYoungGen      total 226816K, used 197201K [0x00000000eab00000, 0x0000000100000000, 0x0000000100000000)
  eden space 116736K, 100% used [0x00000000eab00000,0x00000000f1d00000,0x00000000f1d00000)
  from space 110080K, 73% used [0x00000000f9300000,0x00000000fe194530,0x00000000ffe80000)
  to   space 116224K, 0% used [0x00000000f1d00000,0x00000000f1d00000,0x00000000f8e80000)
 ParOldGen       total 351232K, used 254184K [0x00000000c0000000, 0x00000000d5700000, 0x00000000eab00000)
  object space 351232K, 72% used [0x00000000c0000000,0x00000000cf83a1b0,0x00000000d5700000)
 Metaspace       used 6463K, capacity 7256K, committed 7424K, reserved 1056768K
  class space    used 614K, capacity 656K, committed 768K, reserved 1048576K
Event: 49.625 GC heap after
Heap after GC invocations=22 (full 3):
 PSYoungGen      total 232960K, used 86736K [0x00000000eab00000, 0x0000000100000000, 0x0000000100000000)
  eden space 116736K, 0% used [0x00000000eab00000,0x00000000eab00000,0x00000000f1d00000)
  from space 116224K, 74% used [0x00000000f1d00000,0x00000000f71b4360,0x00000000f8e80000)
  to   space 116224K, 0% used [0x00000000f8e80000,0x00000000f8e80000,0x0000000100000000)
 ParOldGen       total 351232K, used 304519K [0x00000000c0000000, 0x00000000d5700000, 0x00000000eab00000)
  object space 351232K, 86% used [0x00000000c0000000,0x00000000d2961c50,0x00000000d5700000)
 Metaspace       used 6463K, capacity 7256K, committed 7424K, reserved 1056768K
  class space    used 614K, capacity 656K, committed 768K, reserved 1048576K
}
Event: 49.625 GC heap before
{Heap before GC invocations=23 (full 4):
 PSYoungGen      total 232960K, used 86736K [0x00000000eab00000, 0x0000000100000000, 0x0000000100000000)
  eden space 116736K, 0% used [0x00000000eab00000,0x00000000eab00000,0x00000000f1d00000)
  from space 116224K, 74% used [0x00000000f1d00000,0x00000000f71b4360,0x00000000f8e80000)
  to   space 116224K, 0% used [0x00000000f8e80000,0x00000000f8e80000,0x0000000100000000)
 ParOldGen       total 351232K, used 304519K [0x00000000c0000000, 0x00000000d5700000, 0x00000000eab00000)
  object space 351232K, 86% used [0x00000000c0000000,0x00000000d2961c50,0x00000000d5700000)
 Metaspace       used 6463K, capacity 7256K, committed 7424K, reserved 1056768K
  class space    used 614K, capacity 656K, committed 768K, reserved 1048576K
Event: 52.837 GC heap after
Heap after GC invocations=23 (full 4):
 PSYoungGen      total 232960K, used 0K [0x00000000eab00000, 0x0000000100000000, 0x0000000100000000)
  eden space 116736K, 0% used [0x00000000eab00000,0x00000000eab00000,0x00000000f1d00000)
  from space 116224K, 0% used [0x00000000f1d00000,0x00000000f1d00000,0x00000000f8e80000)
  to   space 116224K, 0% used [0x00000000f8e80000,0x00000000f8e80000,0x0000000100000000)
 ParOldGen       total 425984K, used 221590K [0x00000000c0000000, 0x00000000da000000, 0x00000000eab00000)
  object space 425984K, 52% used [0x00000000c0000000,0x00000000cd865818,0x00000000da000000)
 Metaspace       used 6463K, capacity 7256K, committed 7424K, reserved 1056768K
  class space    used 614K, capacity 656K, committed 768K, reserved 1048576K
}

Deoptimization events (10 events):
Event: 38.074 Thread 0x00007fda44147800 Uncommon trap: reason=class_check action=maybe_recompile pc=0x00007fda3560421c method=com.android.dx.cf.code.Ropper.processBlock(Lcom/android/dx/cf/code/ByteBlock;Lcom/android/dx/cf/code/Frame;[I)V @ 693
Event: 38.074 Thread 0x00007fda44147800 Uncommon trap: reason=class_check action=maybe_recompile pc=0x00007fda3560421c method=com.android.dx.cf.code.Ropper.processBlock(Lcom/android/dx/cf/code/ByteBlock;Lcom/android/dx/cf/code/Frame;[I)V @ 693
Event: 38.074 Thread 0x00007fda44147800 Uncommon trap: reason=class_check action=maybe_recompile pc=0x00007fda3560421c method=com.android.dx.cf.code.Ropper.processBlock(Lcom/android/dx/cf/code/ByteBlock;Lcom/android/dx/cf/code/Frame;[I)V @ 693
Event: 53.028 Thread 0x00007fda44149000 Uncommon trap: reason=predicate action=maybe_recompile pc=0x00007fda358bc828 method=com.android.dx.ssa.SsaConverter.placePhiFunctions(Lcom/android/dx/ssa/SsaMethod;Lcom/android/dx/ssa/LocalVariableInfo;I)V @ 274
Event: 53.584 Thread 0x00007fda44142000 Uncommon trap: reason=unstable_if action=reinterpret pc=0x00007fda358f3944 method=com.android.dx.cf.code.Ropper.processBlock(Lcom/android/dx/cf/code/ByteBlock;Lcom/android/dx/cf/code/Frame;[I)V @ 651
Event: 53.964 Thread 0x00007fda4414b000 Uncommon trap: reason=class_check action=maybe_recompile pc=0x00007fda353aa67c method=java.util.Arrays.hashCode([Ljava/lang/Object;)I @ 43
Event: 53.964 Thread 0x00007fda4414b000 Uncommon trap: reason=class_check action=maybe_recompile pc=0x00007fda353aa67c method=java.util.Arrays.hashCode([Ljava/lang/Object;)I @ 43
Event: 53.964 Thread 0x00007fda4414b000 Uncommon trap: reason=class_check action=maybe_recompile pc=0x00007fda353aa67c method=java.util.Arrays.hashCode([Ljava/lang/Object;)I @ 43
Event: 53.964 Thread 0x00007fda4414b000 Uncommon trap: reason=class_check action=maybe_recompile pc=0x00007fda353aa67c method=java.util.Arrays.hashCode([Ljava/lang/Object;)I @ 43
Event: 53.964 Thread 0x00007fda4414b000 Uncommon trap: reason=class_check action=maybe_recompile pc=0x00007fda3539b874 method=java.util.Arrays.hashCode([Ljava/lang/Object;)I @ 43

Internal exceptions (5 events):
Event: 0.180 Thread 0x00007fda4400a000 Exception <a 'java/lang/NoSuchMethodError': Method sun.misc.Unsafe.defineClass(Ljava/lang/String;[BII)Ljava/lang/Class; name or signature does not match> (0x00000000eab07cc0) thrown at [/HUDSON/workspace/8-2-build-linux-amd64/jdk8u91/6644/hotspot/src/shar
Event: 0.180 Thread 0x00007fda4400a000 Exception <a 'java/lang/NoSuchMethodError': Method sun.misc.Unsafe.prefetchRead(Ljava/lang/Object;J)V name or signature does not match> (0x00000000eab07fa8) thrown at [/HUDSON/workspace/8-2-build-linux-amd64/jdk8u91/6644/hotspot/src/share/vm/prims/jni.cpp
Event: 5.115 Thread 0x00007fda44147800 Exception <a 'java/lang/ArrayIndexOutOfBoundsException': 18> (0x00000000ecac1928) thrown at [/HUDSON/workspace/8-2-build-linux-amd64/jdk8u91/6644/hotspot/src/share/vm/interpreter/interpreterRuntime.cpp, line 366]
Event: 5.115 Thread 0x00007fda44147800 Exception <a 'java/lang/ArrayIndexOutOfBoundsException': 145> (0x00000000ecac34a8) thrown at [/HUDSON/workspace/8-2-build-linux-amd64/jdk8u91/6644/hotspot/src/share/vm/interpreter/interpreterRuntime.cpp, line 366]
Event: 5.117 Thread 0x00007fda44147800 Exception <a 'java/lang/ArrayIndexOutOfBoundsException'> (0x00000000ecac4790) thrown at [/HUDSON/workspace/8-2-build-linux-amd64/jdk8u91/6644/hotspot/src/share/vm/runtime/sharedRuntime.cpp, line 605]

Events (10 events):
Event: 54.086 loading class com/android/dx/dex/file/CatchStructs
Event: 54.086 loading class com/android/dx/dex/file/CatchStructs done
Event: 54.155 Thread 0x00007fda4414b000 DEOPT PACKING pc=0x00007fda3595614a sp=0x00007fda30bd1090
Event: 54.155 Thread 0x00007fda4414b000 DEOPT UNPACKING pc=0x00007fda35047633 sp=0x00007fda30bd0e48 mode 0
Event: 54.163 Thread 0x00007fda4414b000 DEOPT PACKING pc=0x00007fda3595614a sp=0x00007fda30bd1090
Event: 54.163 Thread 0x00007fda4414b000 DEOPT UNPACKING pc=0x00007fda35047633 sp=0x00007fda30bd0e48 mode 0
Event: 54.213 Thread 0x00007fda4414b000 DEOPT PACKING pc=0x00007fda35648045 sp=0x00007fda30bd1030
Event: 54.213 Thread 0x00007fda4414b000 DEOPT UNPACKING pc=0x00007fda35047633 sp=0x00007fda30bd0d90 mode 0
Event: 54.239 Thread 0x00007fda4414b000 DEOPT PACKING pc=0x00007fda35966944 sp=0x00007fda30bd10e0
Event: 54.239 Thread 0x00007fda4414b000 DEOPT UNPACKING pc=0x00007fda35047633 sp=0x00007fda30bd0e50 mode 0


Dynamic libraries:
00400000-00401000 r-xp 00000000 08:01 3016174                            /usr/lib/jvm/java-8-oracle/bin/java
00600000-00601000 rw-p 00000000 08:01 3016174                            /usr/lib/jvm/java-8-oracle/bin/java
02382000-023a3000 rw-p 00000000 00:00 0                                  [heap]
c0000000-da000000 rw-p 00000000 00:00 0 
da000000-eab00000 ---p 00000000 00:00 0 
eab00000-100000000 rw-p 00000000 00:00 0 
100000000-1000c0000 rw-p 00000000 00:00 0 
1000c0000-140000000 ---p 00000000 00:00 0 
7fd9e4000000-7fd9e4035000 rw-p 00000000 00:00 0 
7fd9e4035000-7fd9e8000000 ---p 00000000 00:00 0 
7fd9ec000000-7fd9ec047000 rw-p 00000000 00:00 0 
7fd9ec047000-7fd9f0000000 ---p 00000000 00:00 0 
7fd9f0000000-7fd9f0035000 rw-p 00000000 00:00 0 
7fd9f0035000-7fd9f4000000 ---p 00000000 00:00 0 
7fd9f4000000-7fd9f4031000 rw-p 00000000 00:00 0 
7fd9f4031000-7fd9f8000000 ---p 00000000 00:00 0 
7fd9f8000000-7fd9f829c000 rw-p 00000000 00:00 0 
7fd9f829c000-7fd9fc000000 ---p 00000000 00:00 0 
7fd9fc000000-7fd9fc021000 rw-p 00000000 00:00 0 
7fd9fc021000-7fda00000000 ---p 00000000 00:00 0 
7fda00000000-7fda00021000 rw-p 00000000 00:00 0 
7fda00021000-7fda04000000 ---p 00000000 00:00 0 
7fda04000000-7fda0598e000 rw-p 00000000 00:00 0 
7fda0598e000-7fda08000000 ---p 00000000 00:00 0 
7fda08000000-7fda0884d000 rw-p 00000000 00:00 0 
7fda0884d000-7fda0c000000 ---p 00000000 00:00 0 
7fda0c000000-7fda0c021000 rw-p 00000000 00:00 0 
7fda0c021000-7fda10000000 ---p 00000000 00:00 0 
7fda10000000-7fda115ed000 rw-p 00000000 00:00 0 
7fda115ed000-7fda14000000 ---p 00000000 00:00 0 
7fda14000000-7fda14021000 rw-p 00000000 00:00 0 
7fda14021000-7fda18000000 ---p 00000000 00:00 0 
7fda18000000-7fda18021000 rw-p 00000000 00:00 0 
7fda18021000-7fda1c000000 ---p 00000000 00:00 0 
7fda1c000000-7fda1c021000 rw-p 00000000 00:00 0 
7fda1c021000-7fda20000000 ---p 00000000 00:00 0 
7fda20000000-7fda20021000 rw-p 00000000 00:00 0 
7fda20021000-7fda24000000 ---p 00000000 00:00 0 
7fda24000000-7fda24021000 rw-p 00000000 00:00 0 
7fda24021000-7fda28000000 ---p 00000000 00:00 0 
7fda28000000-7fda28021000 rw-p 00000000 00:00 0 
7fda28021000-7fda2c000000 ---p 00000000 00:00 0 
7fda2c000000-7fda2c021000 rw-p 00000000 00:00 0 
7fda2c021000-7fda30000000 ---p 00000000 00:00 0 
7fda307cf000-7fda307d2000 ---p 00000000 00:00 0 
7fda307d2000-7fda308d0000 rw-p 00000000 00:00 0 
7fda308d0000-7fda308d3000 ---p 00000000 00:00 0 
7fda308d3000-7fda309d1000 rw-p 00000000 00:00 0 
7fda309d1000-7fda309d4000 ---p 00000000 00:00 0 
7fda309d4000-7fda30ad2000 rw-p 00000000 00:00 0 
7fda30ad2000-7fda30ad5000 ---p 00000000 00:00 0 
7fda30ad5000-7fda30bd3000 rw-p 00000000 00:00 0 
7fda30bd3000-7fda30bd6000 ---p 00000000 00:00 0 
7fda30bd6000-7fda30cd4000 rw-p 00000000 00:00 0 
7fda30cec000-7fda30cfb000 r--s 000df000 08:01 3938513                    /home/ahmed/Android/Sdk/build-tools/23.0.3/lib/dx.jar
7fda30cfb000-7fda30cfc000 ---p 00000000 00:00 0 
7fda30cfc000-7fda30dfc000 rw-p 00000000 00:00 0 
7fda30dfc000-7fda30dff000 ---p 00000000 00:00 0 
7fda30dff000-7fda30efd000 rw-p 00000000 00:00 0 
7fda30efd000-7fda30f00000 ---p 00000000 00:00 0 
7fda30f00000-7fda30ffe000 rw-p 00000000 00:00 0 
7fda30ffe000-7fda31001000 ---p 00000000 00:00 0 
7fda31001000-7fda310ff000 rw-p 00000000 00:00 0 
7fda310ff000-7fda31102000 ---p 00000000 00:00 0 
7fda31102000-7fda31200000 rw-p 00000000 00:00 0 
7fda31200000-7fda31203000 ---p 00000000 00:00 0 
7fda31203000-7fda31301000 rw-p 00000000 00:00 0 
7fda31301000-7fda315ee000 r--p 00000000 08:01 2884254                    /usr/lib/locale/locale-archive
7fda315ee000-7fda315f1000 ---p 00000000 00:00 0 
7fda315f1000-7fda316ef000 rw-p 00000000 00:00 0 
7fda316ef000-7fda316f2000 ---p 00000000 00:00 0 
7fda316f2000-7fda317f0000 rw-p 00000000 00:00 0 
7fda317f0000-7fda317f1000 ---p 00000000 00:00 0 
7fda317f1000-7fda32ec0000 rw-p 00000000 00:00 0 
7fda32ec0000-7fda33000000 ---p 00000000 00:00 0 
7fda33000000-7fda35000000 rw-p 00000000 00:00 0 
7fda35000000-7fda35980000 rwxp 00000000 00:00 0 
7fda35980000-7fda44000000 ---p 00000000 00:00 0 
7fda44000000-7fda44391000 rw-p 00000000 00:00 0 
7fda44391000-7fda48000000 ---p 00000000 00:00 0 
7fda48009000-7fda480bb000 rw-p 00000000 00:00 0 
7fda480bb000-7fda48294000 r--s 03d1f000 08:01 3149907                    /usr/lib/jvm/java-8-oracle/jre/lib/rt.jar
7fda48294000-7fda4850a000 rw-p 00000000 00:00 0 
7fda4850a000-7fda4850b000 ---p 00000000 00:00 0 
7fda4850b000-7fda4860b000 rw-p 00000000 00:00 0 
7fda4860b000-7fda4860c000 ---p 00000000 00:00 0 
7fda4860c000-7fda4870c000 rw-p 00000000 00:00 0 
7fda4870c000-7fda4870d000 ---p 00000000 00:00 0 
7fda4870d000-7fda4880d000 rw-p 00000000 00:00 0 
7fda4880d000-7fda4880e000 ---p 00000000 00:00 0 
7fda4880e000-7fda489de000 rw-p 00000000 00:00 0 
7fda489de000-7fda48a64000 ---p 00000000 00:00 0 
7fda48a64000-7fda48b34000 rw-p 00000000 00:00 0 
7fda48b34000-7fda48bb9000 ---p 00000000 00:00 0 
7fda48bb9000-7fda48c64000 rw-p 00000000 00:00 0 
7fda48c64000-7fda48c8b000 rw-p 00000000 00:00 0 
7fda48c8b000-7fda49025000 ---p 00000000 00:00 0 
7fda49025000-7fda4903f000 r-xp 00000000 08:01 3284666                    /usr/lib/jvm/java-8-oracle/jre/lib/amd64/libzip.so
7fda4903f000-7fda4923f000 ---p 0001a000 08:01 3284666                    /usr/lib/jvm/java-8-oracle/jre/lib/amd64/libzip.so
7fda4923f000-7fda49240000 rw-p 0001a000 08:01 3284666                    /usr/lib/jvm/java-8-oracle/jre/lib/amd64/libzip.so
7fda49240000-7fda4924b000 r-xp 00000000 08:01 7999875                    /lib/x86_64-linux-gnu/libnss_files-2.23.so
7fda4924b000-7fda4944a000 ---p 0000b000 08:01 7999875                    /lib/x86_64-linux-gnu/libnss_files-2.23.so
7fda4944a000-7fda4944b000 r--p 0000a000 08:01 7999875                    /lib/x86_64-linux-gnu/libnss_files-2.23.so
7fda4944b000-7fda4944c000 rw-p 0000b000 08:01 7999875                    /lib/x86_64-linux-gnu/libnss_files-2.23.so
7fda4944c000-7fda49452000 rw-p 00000000 00:00 0 
7fda49452000-7fda4945d000 r-xp 00000000 08:01 7999868                    /lib/x86_64-linux-gnu/libnss_nis-2.23.so
7fda4945d000-7fda4965c000 ---p 0000b000 08:01 7999868                    /lib/x86_64-linux-gnu/libnss_nis-2.23.so
7fda4965c000-7fda4965d000 r--p 0000a000 08:01 7999868                    /lib/x86_64-linux-gnu/libnss_nis-2.23.so
7fda4965d000-7fda4965e000 rw-p 0000b000 08:01 7999868                    /lib/x86_64-linux-gnu/libnss_nis-2.23.so
7fda4965e000-7fda49674000 r-xp 00000000 08:01 7999864                    /lib/x86_64-linux-gnu/libnsl-2.23.so
7fda49674000-7fda49873000 ---p 00016000 08:01 7999864                    /lib/x86_64-linux-gnu/libnsl-2.23.so
7fda49873000-7fda49874000 r--p 00015000 08:01 7999864                    /lib/x86_64-linux-gnu/libnsl-2.23.so
7fda49874000-7fda49875000 rw-p 00016000 08:01 7999864                    /lib/x86_64-linux-gnu/libnsl-2.23.so
7fda49875000-7fda49877000 rw-p 00000000 00:00 0 
7fda49877000-7fda4987f000 r-xp 00000000 08:01 7999507                    /lib/x86_64-linux-gnu/libnss_compat-2.23.so
7fda4987f000-7fda49a7e000 ---p 00008000 08:01 7999507                    /lib/x86_64-linux-gnu/libnss_compat-2.23.so
7fda49a7e000-7fda49a7f000 r--p 00007000 08:01 7999507                    /lib/x86_64-linux-gnu/libnss_compat-2.23.so
7fda49a7f000-7fda49a80000 rw-p 00008000 08:01 7999507                    /lib/x86_64-linux-gnu/libnss_compat-2.23.so
7fda49a80000-7fda49aaa000 r-xp 00000000 08:01 3284615                    /usr/lib/jvm/java-8-oracle/jre/lib/amd64/libjava.so
7fda49aaa000-7fda49caa000 ---p 0002a000 08:01 3284615                    /usr/lib/jvm/java-8-oracle/jre/lib/amd64/libjava.so
7fda49caa000-7fda49cac000 rw-p 0002a000 08:01 3284615                    /usr/lib/jvm/java-8-oracle/jre/lib/amd64/libjava.so
7fda49cac000-7fda49cb9000 r-xp 00000000 08:01 3284672                    /usr/lib/jvm/java-8-oracle/jre/lib/amd64/libverify.so
7fda49cb9000-7fda49eb9000 ---p 0000d000 08:01 3284672                    /usr/lib/jvm/java-8-oracle/jre/lib/amd64/libverify.so
7fda49eb9000-7fda49ebb000 rw-p 0000d000 08:01 3284672                    /usr/lib/jvm/java-8-oracle/jre/lib/amd64/libverify.so
7fda49ebb000-7fda49ec2000 r-xp 00000000 08:01 7999892                    /lib/x86_64-linux-gnu/librt-2.23.so
7fda49ec2000-7fda4a0c1000 ---p 00007000 08:01 7999892                    /lib/x86_64-linux-gnu/librt-2.23.so
7fda4a0c1000-7fda4a0c2000 r--p 00006000 08:01 7999892                    /lib/x86_64-linux-gnu/librt-2.23.so
7fda4a0c2000-7fda4a0c3000 rw-p 00007000 08:01 7999892                    /lib/x86_64-linux-gnu/librt-2.23.so
7fda4a0c3000-7fda4a1cb000 r-xp 00000000 08:01 7999886                    /lib/x86_64-linux-gnu/libm-2.23.so
7fda4a1cb000-7fda4a3ca000 ---p 00108000 08:01 7999886                    /lib/x86_64-linux-gnu/libm-2.23.so
7fda4a3ca000-7fda4a3cb000 r--p 00107000 08:01 7999886                    /lib/x86_64-linux-gnu/libm-2.23.so
7fda4a3cb000-7fda4a3cc000 rw-p 00108000 08:01 7999886                    /lib/x86_64-linux-gnu/libm-2.23.so
7fda4a3cc000-7fda4b08c000 r-xp 00000000 08:01 3284648                    /usr/lib/jvm/java-8-oracle/jre/lib/amd64/server/libjvm.so
7fda4b08c000-7fda4b28c000 ---p 00cc0000 08:01 3284648                    /usr/lib/jvm/java-8-oracle/jre/lib/amd64/server/libjvm.so
7fda4b28c000-7fda4b364000 rw-p 00cc0000 08:01 3284648                    /usr/lib/jvm/java-8-oracle/jre/lib/amd64/server/libjvm.so
7fda4b364000-7fda4b3af000 rw-p 00000000 00:00 0 
7fda4b3af000-7fda4b56f000 r-xp 00000000 08:01 7999902                    /lib/x86_64-linux-gnu/libc-2.23.so
7fda4b56f000-7fda4b76e000 ---p 001c0000 08:01 7999902                    /lib/x86_64-linux-gnu/libc-2.23.so
7fda4b76e000-7fda4b772000 r--p 001bf000 08:01 7999902                    /lib/x86_64-linux-gnu/libc-2.23.so
7fda4b772000-7fda4b774000 rw-p 001c3000 08:01 7999902                    /lib/x86_64-linux-gnu/libc-2.23.so
7fda4b774000-7fda4b778000 rw-p 00000000 00:00 0 
7fda4b778000-7fda4b77b000 r-xp 00000000 08:01 7999904                    /lib/x86_64-linux-gnu/libdl-2.23.so
7fda4b77b000-7fda4b97a000 ---p 00003000 08:01 7999904                    /lib/x86_64-linux-gnu/libdl-2.23.so
7fda4b97a000-7fda4b97b000 r--p 00002000 08:01 7999904                    /lib/x86_64-linux-gnu/libdl-2.23.so
7fda4b97b000-7fda4b97c000 rw-p 00003000 08:01 7999904                    /lib/x86_64-linux-gnu/libdl-2.23.so
7fda4b97c000-7fda4b991000 r-xp 00000000 08:01 4079274                    /usr/lib/jvm/java-8-oracle/lib/amd64/jli/libjli.so
7fda4b991000-7fda4bb91000 ---p 00015000 08:01 4079274                    /usr/lib/jvm/java-8-oracle/lib/amd64/jli/libjli.so
7fda4bb91000-7fda4bb92000 rw-p 00015000 08:01 4079274                    /usr/lib/jvm/java-8-oracle/lib/amd64/jli/libjli.so
7fda4bb92000-7fda4bbaa000 r-xp 00000000 08:01 7999900                    /lib/x86_64-linux-gnu/libpthread-2.23.so
7fda4bbaa000-7fda4bda9000 ---p 00018000 08:01 7999900                    /lib/x86_64-linux-gnu/libpthread-2.23.so
7fda4bda9000-7fda4bdaa000 r--p 00017000 08:01 7999900                    /lib/x86_64-linux-gnu/libpthread-2.23.so
7fda4bdaa000-7fda4bdab000 rw-p 00018000 08:01 7999900                    /lib/x86_64-linux-gnu/libpthread-2.23.so
7fda4bdab000-7fda4bdaf000 rw-p 00000000 00:00 0 
7fda4bdaf000-7fda4bdd5000 r-xp 00000000 08:01 7999894                    /lib/x86_64-linux-gnu/ld-2.23.so
7fda4bddf000-7fda4bea4000 rw-p 00000000 00:00 0 
7fda4bea4000-7fda4bea7000 ---p 00000000 00:00 0 
7fda4bea7000-7fda4bfa9000 rw-p 00000000 00:00 0 
7fda4bfb4000-7fda4bfc8000 rw-p 00000000 00:00 0 
7fda4bfc8000-7fda4bfd0000 rw-s 00000000 08:01 12852929                   /tmp/hsperfdata_ahmed/16172
7fda4bfd0000-7fda4bfd1000 rw-p 00000000 00:00 0 
7fda4bfd1000-7fda4bfd2000 r--p 00000000 00:00 0 
7fda4bfd2000-7fda4bfd4000 rw-p 00000000 00:00 0 
7fda4bfd4000-7fda4bfd5000 r--p 00025000 08:01 7999894                    /lib/x86_64-linux-gnu/ld-2.23.so
7fda4bfd5000-7fda4bfd6000 rw-p 00026000 08:01 7999894                    /lib/x86_64-linux-gnu/ld-2.23.so
7fda4bfd6000-7fda4bfd7000 rw-p 00000000 00:00 0 
7ffd68292000-7ffd682b3000 rw-p 00000000 00:00 0                          [stack]
7ffd6838a000-7ffd6838c000 r--p 00000000 00:00 0                          [vvar]
7ffd6838c000-7ffd6838e000 r-xp 00000000 00:00 0                          [vdso]
ffffffffff600000-ffffffffff601000 r-xp 00000000 00:00 0                  [vsyscall]

VM Arguments:
jvm_args: -Djava.awt.headless=true -Xmx1024M -Dfile.encoding=UTF-8 -Duser.country=US -Duser.language=en -Duser.variant 
java_command: com.android.dx.command.Main --dex --force-jumbo --num-threads=4 --multi-dex --output /home/ahmed/AndroidStudioProjects/tienda/app/build/intermediates/transforms/dex/debug/folders/1000/10/com.google.android.gms-play-services-ads-8.4.0_4adabcfeae47523d8e27eb95a058dfbdf2072cff /home/ahmed/AndroidStudioProjects/tienda/app/build/intermediates/exploded-aar/com.google.android.gms/play-services-ads/8.4.0/jars/classes.jar
java_class_path (initial): /home/ahmed/Android/Sdk/build-tools/23.0.3/lib/dx.jar
Launcher Type: SUN_STANDARD

Environment Variables:
JAVA_HOME=/usr/lib/jvm/java-8-oracle
PATH=/usr/local/sbin:/usr/local/bin:/usr/sbin:/usr/bin:/sbin:/bin:/usr/games:/usr/local/games:/snap/bin
LD_LIBRARY_PATH=/home/ahmed/myData/android-studio/bin:
SHELL=/bin/bash
DISPLAY=:0

Signal Handlers:
SIGSEGV: [libjvm.so+0xabca10], sa_mask[0]=11111111011111111101111111111110, sa_flags=SA_RESTART|SA_SIGINFO
SIGBUS: [libjvm.so+0xabca10], sa_mask[0]=11111111011111111101111111111110, sa_flags=SA_RESTART|SA_SIGINFO
SIGFPE: [libjvm.so+0x919a20], sa_mask[0]=11111111011111111101111111111110, sa_flags=SA_RESTART|SA_SIGINFO
SIGPIPE: [libjvm.so+0x919a20], sa_mask[0]=11111111011111111101111111111110, sa_flags=SA_RESTART|SA_SIGINFO
SIGXFSZ: [libjvm.so+0x919a20], sa_mask[0]=11111111011111111101111111111110, sa_flags=SA_RESTART|SA_SIGINFO
SIGILL: [libjvm.so+0x919a20], sa_mask[0]=11111111011111111101111111111110, sa_flags=SA_RESTART|SA_SIGINFO
SIGUSR1: SIG_DFL, sa_mask[0]=00000000000000000000000000000000, sa_flags=none
SIGUSR2: [libjvm.so+0x91b050], sa_mask[0]=00100000000000000000000000000000, sa_flags=SA_RESTART|SA_SIGINFO
SIGHUP: [libjvm.so+0x91c450], sa_mask[0]=11111111011111111101111111111110, sa_flags=SA_RESTART|SA_SIGINFO
SIGINT: [libjvm.so+0x91c450], sa_mask[0]=11111111011111111101111111111110, sa_flags=SA_RESTART|SA_SIGINFO
SIGTERM: [libjvm.so+0x91c450], sa_mask[0]=11111111011111111101111111111110, sa_flags=SA_RESTART|SA_SIGINFO
SIGQUIT: [libjvm.so+0x91c450], sa_mask[0]=11111111011111111101111111111110, sa_flags=SA_RESTART|SA_SIGINFO


---------------  S Y S T E M  ---------------

OS:DISTRIB_ID=Ubuntu
DISTRIB_RELEASE=16.04
DISTRIB_CODENAME=xenial
DISTRIB_DESCRIPTION="Ubuntu 16.04 LTS"

uname:Linux 4.4.0-28-generic #47-Ubuntu SMP Fri Jun 24 10:09:13 UTC 2016 x86_64
libc:glibc 2.23 NPTL 2.23 
rlimit: STACK 8192k, CORE 0k, NPROC 23395, NOFILE 65536, AS infinity
load average:19.60 12.32 6.65

/proc/meminfo:
MemTotal:        6028064 kB
MemFree:          579888 kB
MemAvailable:     567864 kB
Buffers:           12652 kB
Cached:           678448 kB
SwapCached:        71004 kB
Active:          4027500 kB
Inactive:        1178768 kB
Active(anon):    3934328 kB
Inactive(anon):  1097268 kB
Active(file):      93172 kB
Inactive(file):    81500 kB
Unevictable:          48 kB
Mlocked:              48 kB
SwapTotal:       6213628 kB
SwapFree:        4376940 kB
Dirty:              3388 kB
Writeback:             0 kB
AnonPages:       4474888 kB
Mapped:           531112 kB
Shmem:            516200 kB
Slab:             101116 kB
SReclaimable:      52188 kB
SUnreclaim:        48928 kB
KernelStack:       15744 kB
PageTables:        67412 kB
NFS_Unstable:          0 kB
Bounce:                0 kB
WritebackTmp:          0 kB
CommitLimit:     9227660 kB
Committed_AS:   13862180 kB
VmallocTotal:   34359738367 kB
VmallocUsed:           0 kB
VmallocChunk:          0 kB
HardwareCorrupted:     0 kB
AnonHugePages:   2668544 kB
CmaTotal:              0 kB
CmaFree:               0 kB
HugePages_Total:       0
HugePages_Free:        0
HugePages_Rsvd:        0
HugePages_Surp:        0
Hugepagesize:       2048 kB
DirectMap4k:      202944 kB
DirectMap2M:     6006784 kB


CPU:total 4 (2 cores per cpu, 2 threads per core) family 6 model 42 stepping 7, cmov, cx8, fxsr, mmx, sse, sse2, sse3, ssse3, sse4.1, sse4.2, popcnt, avx, clmul, ht, tsc, tscinvbit

/proc/cpuinfo:
processor	: 0
vendor_id	: GenuineIntel
cpu family	: 6
model		: 42
model name	: Intel(R) Core(TM) i3-2310M CPU @ 2.10GHz
stepping	: 7
microcode	: 0x14
cpu MHz		: 2099.917
cache size	: 3072 KB
physical id	: 0
siblings	: 4
core id		: 0
cpu cores	: 2
apicid		: 0
initial apicid	: 0
fpu		: yes
fpu_exception	: yes
cpuid level	: 13
wp		: yes
flags		: fpu vme de pse tsc msr pae mce cx8 apic sep mtrr pge mca cmov pat pse36 clflush dts acpi mmx fxsr sse sse2 ss ht tm pbe syscall nx rdtscp lm constant_tsc arch_perfmon pebs bts rep_good nopl xtopology nonstop_tsc aperfmperf eagerfpu pni pclmulqdq dtes64 monitor ds_cpl vmx est tm2 ssse3 cx16 xtpr pdcm pcid sse4_1 sse4_2 x2apic popcnt tsc_deadline_timer xsave avx lahf_lm epb tpr_shadow vnmi flexpriority ept vpid xsaveopt dtherm arat pln pts
bugs		:
bogomips	: 4190.34
clflush size	: 64
cache_alignment	: 64
address sizes	: 36 bits physical, 48 bits virtual
power management:

processor	: 1
vendor_id	: GenuineIntel
cpu family	: 6
model		: 42
model name	: Intel(R) Core(TM) i3-2310M CPU @ 2.10GHz
stepping	: 7
microcode	: 0x14
cpu MHz		: 2100.000
cache size	: 3072 KB
physical id	: 0
siblings	: 4
core id		: 0
cpu cores	: 2
apicid		: 1
initial apicid	: 1
fpu		: yes
fpu_exception	: yes
cpuid level	: 13
wp		: yes
flags		: fpu vme de pse tsc msr pae mce cx8 apic sep mtrr pge mca cmov pat pse36 clflush dts acpi mmx fxsr sse sse2 ss ht tm pbe syscall nx rdtscp lm constant_tsc arch_perfmon pebs bts rep_good nopl xtopology nonstop_tsc aperfmperf eagerfpu pni pclmulqdq dtes64 monitor ds_cpl vmx est tm2 ssse3 cx16 xtpr pdcm pcid sse4_1 sse4_2 x2apic popcnt tsc_deadline_timer xsave avx lahf_lm epb tpr_shadow vnmi flexpriority ept vpid xsaveopt dtherm arat pln pts
bugs		:
bogomips	: 4190.34
clflush size	: 64
cache_alignment	: 64
address sizes	: 36 bits physical, 48 bits virtual
power management:

processor	: 2
vendor_id	: GenuineIntel
cpu family	: 6
model		: 42
model name	: Intel(R) Core(TM) i3-2310M CPU @ 2.10GHz
stepping	: 7
microcode	: 0x14
cpu MHz		: 2100.000
cache size	: 3072 KB
physical id	: 0
siblings	: 4
core id		: 1
cpu cores	: 2
apicid		: 2
initial apicid	: 2
fpu		: yes
fpu_exception	: yes
cpuid level	: 13
wp		: yes
flags		: fpu vme de pse tsc msr pae mce cx8 apic sep mtrr pge mca cmov pat pse36 clflush dts acpi mmx fxsr sse sse2 ss ht tm pbe syscall nx rdtscp lm constant_tsc arch_perfmon pebs bts rep_good nopl xtopology nonstop_tsc aperfmperf eagerfpu pni pclmulqdq dtes64 monitor ds_cpl vmx est tm2 ssse3 cx16 xtpr pdcm pcid sse4_1 sse4_2 x2apic popcnt tsc_deadline_timer xsave avx lahf_lm epb tpr_shadow vnmi flexpriority ept vpid xsaveopt dtherm arat pln pts
bugs		:
bogomips	: 4190.34
clflush size	: 64
cache_alignment	: 64
address sizes	: 36 bits physical, 48 bits virtual
power management:

processor	: 3
vendor_id	: GenuineIntel
cpu family	: 6
model		: 42
model name	: Intel(R) Core(TM) i3-2310M CPU @ 2.10GHz
stepping	: 7
microcode	: 0x14
cpu MHz		: 2099.917
cache size	: 3072 KB
physical id	: 0
siblings	: 4
core id		: 1
cpu cores	: 2
apicid		: 3
initial apicid	: 3
fpu		: yes
fpu_exception	: yes
cpuid level	: 13
wp		: yes
flags		: fpu vme de pse tsc msr pae mce cx8 apic sep mtrr pge mca cmov pat pse36 clflush dts acpi mmx fxsr sse sse2 ss ht tm pbe syscall nx rdtscp lm constant_tsc arch_perfmon pebs bts rep_good nopl xtopology nonstop_tsc aperfmperf eagerfpu pni pclmulqdq dtes64 monitor ds_cpl vmx est tm2 ssse3 cx16 xtpr pdcm pcid sse4_1 sse4_2 x2apic popcnt tsc_deadline_timer xsave avx lahf_lm epb tpr_shadow vnmi flexpriority ept vpid xsaveopt dtherm arat pln pts
bugs		:
bogomips	: 4190.34
clflush size	: 64
cache_alignment	: 64
address sizes	: 36 bits physical, 48 bits virtual
power management:



Memory: 4k page, physical 6028064k(579888k free), swap 6213628k(4376940k free)

vm_info: Java HotSpot(TM) 64-Bit Server VM (25.91-b14) for linux-amd64 JRE (1.8.0_91-b14), built on Apr  1 2016 00:57:21 by "java_re" with gcc 4.3.0 20080428 (Red Hat 4.3.0-8)

time: Tue Jul 19 14:54:02 2016
elapsed time: 54 seconds (0d 0h 0m 54s)

