#
# A fatal error has been detected by the Java Runtime Environment:
#
#  SIGSEGV (0xb) at pc=0x00007f823473d583, pid=7977, tid=140197164451584
#
# JRE version: Java(TM) SE Runtime Environment (8.0_91-b14) (build 1.8.0_91-b14)
# Java VM: Java HotSpot(TM) 64-Bit Server VM (25.91-b14 mixed mode linux-amd64 compressed oops)
# Problematic frame:
# V  [libjvm.so+0x986583]  oopDesc* PSPromotionManager::copy_to_survivor_space<false>(oopDesc*)+0x143
#
# Failed to write core dump. Core dumps have been disabled. To enable core dumping, try "ulimit -c unlimited" before starting Java again
#
# If you would like to submit a bug report, please visit:
#   http://bugreport.java.com/bugreport/crash.jsp
#

---------------  T H R E A D  ---------------

Current thread (0x00007f822c01f000):  GCTaskThread [stack: 0x00007f82321f8000,0x00007f82322f9000] [id=7983]

siginfo: si_signo: 11 (SIGSEGV), si_code: 1 (SEGV_MAPERR), si_addr: 0x000000076eee3208

Registers:
RAX=0x00007f8234d3a490, RBX=0x00000000f163d118, RCX=0x0000000000000003, RDX=0x0000000000000001
RSP=0x00007f82322f7b20, RBP=0x00007f82322f7b90, RSI=0x00000000edf87660, RDI=0x000000076eee3200
R8 =0x00000000f163d138, R9 =0x00007f8234ef8a00, R10=0x00007f8234d5e879, R11=0x00007f8234f2f8f0
R12=0x00000000edf87660, R13=0x00000003200022f2, R14=0x0000000000000000, R15=0x00007f822c074fe8
RIP=0x00007f823473d583, EFLAGS=0x0000000000010206, CSGSFS=0x0000000000000033, ERR=0x0000000000000004
  TRAPNO=0x000000000000000e

Top of Stack: (sp=0x00007f82322f7b20)
0x00007f82322f7b20:   0000000100085a60 00007f8234d5e879
0x00007f82322f7b30:   00007f82322f7b90 00007f822c074f80
0x00007f82322f7b40:   00000000c11bc06d 00007f8234d6ded0
0x00007f82322f7b50:   00000000f1638a60 0000000000001000
0x00007f82322f7b60:   00007f82322f7c10 00000000f163d118
0x00007f82322f7b70:   00007f822c074f80 00007f8234d3a480
0x00007f82322f7b80:   0000000000000000 00007f822c074fe8
0x00007f82322f7b90:   00007f82322f7c80 00007f823473ce50
0x00007f82322f7ba0:   00007f82322f7c00 00007f82322f7c10
0x00007f82322f7bb0:   00007f82322f7c20 00007f82322f7be0
0x00007f82322f7bc0:   00007f82322f7bf0 00007f82322f7c40
0x00007f82322f7bd0:   00000000ec4968a2 00007f822c075018
0x00007f82322f7be0:   00007f822c020528 0000000000000000
0x00007f82322f7bf0:   00007f823558853f 0000000000000000
0x00007f82322f7c00:   00007f82322f7c80 00007f82346b0e8f
0x00007f82322f7c10:   0000000100077f40 00000000c015a85c
0x00007f82322f7c20:   00007f82322f7c80 00007f82343fcb90
0x00007f82322f7c30:   00000000c015a2bd 00007f8234d6ded0
0x00007f82322f7c40:   00000000f163d119 00007f822c074fe0
0x00007f82322f7c50:   0000000000000000 00000000c015aa10
0x00007f82322f7c60:   00000000c015aa00 00007f823244fad5
0x00007f82322f7c70:   00007f822c017ca0 00007f823244fb01
0x00007f82322f7c80:   00007f82322f7d40 00007f82341b58ae
0x00007f82322f7c90:   00007f822c01ecc0 00007f823244fb00
0x00007f82322f7ca0:   00007f823244fa82 00007f8234d5e879
0x00007f82322f7cb0:   00007f822c074f80 00000000c130a188
0x00007f82322f7cc0:   00007f822c0179e0 00007f8232458851
0x00007f82322f7cd0:   00000000c0155a10 0000000000000200
0x00007f82322f7ce0:   00000000c0160038 00007f823244fab0
0x00007f82322f7cf0:   0000000000000240 00007f823244fc00
0x00007f82322f7d00:   00007f823244fc80 00007f823244fad5
0x00007f82322f7d10:   00007f823244fab0 00007f822c026e90 

Instructions: (pc=0x00007f823473d583)
0x00007f823473d563:   83 e0 07 48 83 f8 05 75 d3 31 db eb d6 48 8b 05
0x00007f823473d573:   31 df 5d 00 8b 7e 08 8b 48 08 48 d3 e7 48 03 38
0x00007f823473d583:   8b 77 08 83 fe 00 0f 8f 0a ff ff ff 0f 85 4b 02
0x00007f823473d593:   00 00 0f 1f 00 48 8b 07 4c 89 e6 4c 89 55 98 ff 

Register to memory mapping:

RAX=0x00007f8234d3a490: <offset 0xf83490> in /usr/lib/jvm/java-8-oracle/jre/lib/amd64/server/libjvm.so at 0x00007f8233db7000
RBX=0x00000000f163d118 is an oop

[error occurred during error reporting (printing register info), id 0xb]

Stack: [0x00007f82321f8000,0x00007f82322f9000],  sp=0x00007f82322f7b20,  free space=1022k
Native frames: (J=compiled Java code, j=interpreted, Vv=VM code, C=native code)
V  [libjvm.so+0x986583]  oopDesc* PSPromotionManager::copy_to_survivor_space<false>(oopDesc*)+0x143
V  [libjvm.so+0x985e50]  PSPromotionManager::drain_stacks_depth(bool)+0x830
V  [libjvm.so+0x3fe8ae]  CardTableExtension::scavenge_contents_parallel(ObjectStartArray*, MutableSpace*, HeapWord*, PSPromotionManager*, unsigned int, unsigned int)+0xafe
V  [libjvm.so+0x9896cb]  OldToYoungRootsTask::do_it(GCTaskManager*, unsigned int)+0x4b
V  [libjvm.so+0x5d584f]  GCTaskThread::run()+0x12f
V  [libjvm.so+0x91ef78]  java_start(Thread*)+0x108


---------------  P R O C E S S  ---------------

Java Threads: ( => current thread )
  0x00007f822c147000 JavaThread "pool-2-thread-4" [_thread_blocked, id=8036, stack(0x00007f821c107000,0x00007f821c208000)]
  0x00007f822c145800 JavaThread "pool-2-thread-3" [_thread_blocked, id=8035, stack(0x00007f821c208000,0x00007f821c309000)]
  0x00007f822c143800 JavaThread "pool-2-thread-2" [_thread_blocked, id=8034, stack(0x00007f821c309000,0x00007f821c40a000)]
  0x00007f822c142800 JavaThread "pool-3-thread-1" [_thread_blocked, id=8033, stack(0x00007f821c40a000,0x00007f821c50b000)]
  0x00007f822c140000 JavaThread "pool-2-thread-1" [_thread_blocked, id=8032, stack(0x00007f821c50b000,0x00007f821c60c000)]
  0x00007f822c0c1800 JavaThread "Service Thread" daemon [_thread_blocked, id=8006, stack(0x00007f821c70d000,0x00007f821c80e000)]
  0x00007f822c0be000 JavaThread "C1 CompilerThread2" daemon [_thread_blocked, id=8004, stack(0x00007f821c80e000,0x00007f821c90f000)]
  0x00007f822c0bc800 JavaThread "C2 CompilerThread1" daemon [_thread_in_native, id=8002, stack(0x00007f821c90f000,0x00007f821ca10000)]
  0x00007f822c0b9800 JavaThread "C2 CompilerThread0" daemon [_thread_blocked, id=8001, stack(0x00007f821ca10000,0x00007f821cb11000)]
  0x00007f822c0b8000 JavaThread "Signal Dispatcher" daemon [_thread_blocked, id=8000, stack(0x00007f821cb11000,0x00007f821cc12000)]
  0x00007f822c084000 JavaThread "Finalizer" daemon [_thread_blocked, id=7991, stack(0x00007f821ceff000,0x00007f821d000000)]
  0x00007f822c07f800 JavaThread "Reference Handler" daemon [_thread_blocked, id=7990, stack(0x00007f82300e3000,0x00007f82301e4000)]
  0x00007f822c00a000 JavaThread "main" [_thread_blocked, id=7979, stack(0x00007f823588e000,0x00007f823598f000)]

Other Threads:
  0x00007f822c078000 VMThread [stack: 0x00007f82301e4000,0x00007f82302e5000] [id=7989]
  0x00007f822c0c4000 WatcherThread [stack: 0x00007f821c60c000,0x00007f821c70d000] [id=8007]

=>0x00007f822c01f000 (exited) GCTaskThread [stack: 0x00007f82321f8000,0x00007f82322f9000] [id=7983]

VM state:at safepoint (normal execution)

VM Mutex/Monitor currently owned by a thread:  ([mutex/lock_event])
[0x00007f822c006530] Threads_lock - owner thread: 0x00007f822c078000
[0x00007f822c006a30] Heap_lock - owner thread: 0x00007f822c140000

Heap:
 PSYoungGen      total 51712K, used 51692K [0x00000000eab00000, 0x00000000f2000000, 0x0000000100000000)
  eden space 48128K, 100% used [0x00000000eab00000,0x00000000eda00000,0x00000000eda00000)
  from space 3584K, 99% used [0x00000000eda00000,0x00000000edd7b3b8,0x00000000edd80000)
  to   space 11776K, 34% used [0x00000000f1480000,0x00000000f1880a60,0x00000000f2000000)
 ParOldGen       total 62976K, used 19496K [0x00000000c0000000, 0x00000000c3d80000, 0x00000000eab00000)
  object space 62976K, 30% used [0x00000000c0000000,0x00000000c130a188,0x00000000c3d80000)
 Metaspace       used 5973K, capacity 6960K, committed 7040K, reserved 1056768K
  class space    used 590K, capacity 616K, committed 640K, reserved 1048576K

Card table byte_map: [0x00007f823244f000,0x00007f8232650000] byte_map_base: 0x00007f8231e4f000

Marking Bits: (ParMarkBitMap*) 0x00007f8234d6dd60
 Begin Bits: [0x00007f8216000000, 0x00007f8217000000)
 End Bits:   [0x00007f8217000000, 0x00007f8218000000)

Polling page: 0x00007f82359bc000

CodeCache: size=245760Kb used=5363Kb max_used=5363Kb free=240397Kb
 bounds [0x00007f821d000000, 0x00007f821d550000, 0x00007f822c000000]
 total_blobs=1614 nmethods=1346 adapters=182
 compilation: enabled

Compilation events (10 events):
Event: 7.458 Thread 0x00007f822c0be000 nmethod 1615% 0x00007f821d53d790 code [0x00007f821d53da20, 0x00007f821d53ebe8]
Event: 7.458 Thread 0x00007f822c0be000 1416       2       com.android.dx.ssa.DomFront::<init> (60 bytes)
Event: 7.459 Thread 0x00007f822c0be000 nmethod 1416 0x00007f821d53f490 code [0x00007f821d53f600, 0x00007f821d53f990]
Event: 7.459 Thread 0x00007f822c0be000 1562       2       com.android.dx.util.LabeledList::rebuildLabelToIndex (46 bytes)
Event: 7.460 Thread 0x00007f822c0be000 nmethod 1562 0x00007f821d53fbd0 code [0x00007f821d53fd60, 0x00007f821d540008]
Event: 7.460 Thread 0x00007f822c0be000 1561       2       com.android.dx.cf.code.Ropper::getRopMethod (64 bytes)
Event: 7.461 Thread 0x00007f822c0be000 nmethod 1561 0x00007f821d5401d0 code [0x00007f821d5403a0, 0x00007f821d5408f8]
Event: 7.461 Thread 0x00007f822c0be000 1534       2       com.android.dx.ssa.SCCP::replaceConstants (209 bytes)
Event: 7.463 Thread 0x00007f822c0be000 nmethod 1534 0x00007f821d540f50 code [0x00007f821d5411c0, 0x00007f821d5419d8]
Event: 7.463 Thread 0x00007f822c0be000 1531       2       com.android.dx.ssa.ConstCollector::updateConstUses (248 bytes)

GC Heap History (10 events):
Event: 3.034 GC heap after
Heap after GC invocations=1 (full 0):
 PSYoungGen      total 27648K, used 3552K [0x00000000eab00000, 0x00000000ec980000, 0x0000000100000000)
  eden space 24064K, 0% used [0x00000000eab00000,0x00000000eab00000,0x00000000ec280000)
  from space 3584K, 99% used [0x00000000ec280000,0x00000000ec5f8040,0x00000000ec600000)
  to   space 3584K, 0% used [0x00000000ec600000,0x00000000ec600000,0x00000000ec980000)
 ParOldGen       total 62976K, used 1014K [0x00000000c0000000, 0x00000000c3d80000, 0x00000000eab00000)
  object space 62976K, 1% used [0x00000000c0000000,0x00000000c00fd9b8,0x00000000c3d80000)
 Metaspace       used 5676K, capacity 6704K, committed 6784K, reserved 1056768K
  class space    used 587K, capacity 616K, committed 640K, reserved 1048576K
}
Event: 4.220 GC heap before
{Heap before GC invocations=2 (full 0):
 PSYoungGen      total 27648K, used 27616K [0x00000000eab00000, 0x00000000ec980000, 0x0000000100000000)
  eden space 24064K, 100% used [0x00000000eab00000,0x00000000ec280000,0x00000000ec280000)
  from space 3584K, 99% used [0x00000000ec280000,0x00000000ec5f8040,0x00000000ec600000)
  to   space 3584K, 0% used [0x00000000ec600000,0x00000000ec600000,0x00000000ec980000)
 ParOldGen       total 62976K, used 1014K [0x00000000c0000000, 0x00000000c3d80000, 0x00000000eab00000)
  object space 62976K, 1% used [0x00000000c0000000,0x00000000c00fd9b8,0x00000000c3d80000)
 Metaspace       used 5785K, capacity 6768K, committed 7040K, reserved 1056768K
  class space    used 588K, capacity 616K, committed 640K, reserved 1048576K
Event: 4.300 GC heap after
Heap after GC invocations=2 (full 0):
 PSYoungGen      total 27648K, used 3579K [0x00000000eab00000, 0x00000000ee100000, 0x0000000100000000)
  eden space 24064K, 0% used [0x00000000eab00000,0x00000000eab00000,0x00000000ec280000)
  from space 3584K, 99% used [0x00000000ec600000,0x00000000ec97ee40,0x00000000ec980000)
  to   space 3584K, 0% used [0x00000000ec280000,0x00000000ec280000,0x00000000ec600000)
 ParOldGen       total 62976K, used 4317K [0x00000000c0000000, 0x00000000c3d80000, 0x00000000eab00000)
  object space 62976K, 6% used [0x00000000c0000000,0x00000000c0437498,0x00000000c3d80000)
 Metaspace       used 5785K, capacity 6768K, committed 7040K, reserved 1056768K
  class space    used 588K, capacity 616K, committed 640K, reserved 1048576K
}
Event: 4.976 GC heap before
{Heap before GC invocations=3 (full 0):
 PSYoungGen      total 27648K, used 27643K [0x00000000eab00000, 0x00000000ee100000, 0x0000000100000000)
  eden space 24064K, 100% used [0x00000000eab00000,0x00000000ec280000,0x00000000ec280000)
  from space 3584K, 99% used [0x00000000ec600000,0x00000000ec97ee40,0x00000000ec980000)
  to   space 3584K, 0% used [0x00000000ec280000,0x00000000ec280000,0x00000000ec600000)
 ParOldGen       total 62976K, used 4317K [0x00000000c0000000, 0x00000000c3d80000, 0x00000000eab00000)
  object space 62976K, 6% used [0x00000000c0000000,0x00000000c0437498,0x00000000c3d80000)
 Metaspace       used 5842K, capacity 6832K, committed 7040K, reserved 1056768K
  class space    used 589K, capacity 616K, committed 640K, reserved 1048576K
Event: 5.056 GC heap after
Heap after GC invocations=3 (full 0):
 PSYoungGen      total 27648K, used 3555K [0x00000000eab00000, 0x00000000ee100000, 0x0000000100000000)
  eden space 24064K, 0% used [0x00000000eab00000,0x00000000eab00000,0x00000000ec280000)
  from space 3584K, 99% used [0x00000000ec280000,0x00000000ec5f8e58,0x00000000ec600000)
  to   space 3584K, 0% used [0x00000000edd80000,0x00000000edd80000,0x00000000ee100000)
 ParOldGen       total 62976K, used 8306K [0x00000000c0000000, 0x00000000c3d80000, 0x00000000eab00000)
  object space 62976K, 13% used [0x00000000c0000000,0x00000000c081cb48,0x00000000c3d80000)
 Metaspace       used 5842K, capacity 6832K, committed 7040K, reserved 1056768K
  class space    used 589K, capacity 616K, committed 640K, reserved 1048576K
}
Event: 5.606 GC heap before
{Heap before GC invocations=4 (full 0):
 PSYoungGen      total 27648K, used 27619K [0x00000000eab00000, 0x00000000ee100000, 0x0000000100000000)
  eden space 24064K, 100% used [0x00000000eab00000,0x00000000ec280000,0x00000000ec280000)
  from space 3584K, 99% used [0x00000000ec280000,0x00000000ec5f8e58,0x00000000ec600000)
  to   space 3584K, 0% used [0x00000000edd80000,0x00000000edd80000,0x00000000ee100000)
 ParOldGen       total 62976K, used 8306K [0x00000000c0000000, 0x00000000c3d80000, 0x00000000eab00000)
  object space 62976K, 13% used [0x00000000c0000000,0x00000000c081cb48,0x00000000c3d80000)
 Metaspace       used 5893K, capacity 6896K, committed 7040K, reserved 1056768K
  class space    used 590K, capacity 616K, committed 640K, reserved 1048576K
Event: 5.683 GC heap after
Heap after GC invocations=4 (full 0):
 PSYoungGen      total 51712K, used 3564K [0x00000000eab00000, 0x00000000ee100000, 0x0000000100000000)
  eden space 48128K, 0% used [0x00000000eab00000,0x00000000eab00000,0x00000000eda00000)
  from space 3584K, 99% used [0x00000000edd80000,0x00000000ee0fb3b8,0x00000000ee100000)
  to   space 3584K, 0% used [0x00000000eda00000,0x00000000eda00000,0x00000000edd80000)
 ParOldGen       total 62976K, used 12278K [0x00000000c0000000, 0x00000000c3d80000, 0x00000000eab00000)
  object space 62976K, 19% used [0x00000000c0000000,0x00000000c0bfd960,0x00000000c3d80000)
 Metaspace       used 5893K, capacity 6896K, committed 7040K, reserved 1056768K
  class space    used 590K, capacity 616K, committed 640K, reserved 1048576K
}
Event: 6.659 GC heap before
{Heap before GC invocations=5 (full 0):
 PSYoungGen      total 51712K, used 51692K [0x00000000eab00000, 0x00000000ee100000, 0x0000000100000000)
  eden space 48128K, 100% used [0x00000000eab00000,0x00000000eda00000,0x00000000eda00000)
  from space 3584K, 99% used [0x00000000edd80000,0x00000000ee0fb3b8,0x00000000ee100000)
  to   space 3584K, 0% used [0x00000000eda00000,0x00000000eda00000,0x00000000edd80000)
 ParOldGen       total 62976K, used 12278K [0x00000000c0000000, 0x00000000c3d80000, 0x00000000eab00000)
  object space 62976K, 19% used [0x00000000c0000000,0x00000000c0bfd960,0x00000000c3d80000)
 Metaspace       used 5951K, capacity 6960K, committed 7040K, reserved 1056768K
  class space    used 590K, capacity 616K, committed 640K, reserved 1048576K
Event: 6.763 GC heap after
Heap after GC invocations=5 (full 0):
 PSYoungGen      total 51712K, used 3564K [0x00000000eab00000, 0x00000000f2000000, 0x0000000100000000)
  eden space 48128K, 0% used [0x00000000eab00000,0x00000000eab00000,0x00000000eda00000)
  from space 3584K, 99% used [0x00000000eda00000,0x00000000edd7b3b8,0x00000000edd80000)
  to   space 11776K, 0% used [0x00000000f1480000,0x00000000f1480000,0x00000000f2000000)
 ParOldGen       total 62976K, used 19496K [0x00000000c0000000, 0x00000000c3d80000, 0x00000000eab00000)
  object space 62976K, 30% used [0x00000000c0000000,0x00000000c130a188,0x00000000c3d80000)
 Metaspace       used 5951K, capacity 6960K, committed 7040K, reserved 1056768K
  class space    used 590K, capacity 616K, committed 640K, reserved 1048576K
}
Event: 7.471 GC heap before
{Heap before GC invocations=6 (full 0):
 PSYoungGen      total 51712K, used 51692K [0x00000000eab00000, 0x00000000f2000000, 0x0000000100000000)
  eden space 48128K, 100% used [0x00000000eab00000,0x00000000eda00000,0x00000000eda00000)
  from space 3584K, 99% used [0x00000000eda00000,0x00000000edd7b3b8,0x00000000edd80000)
  to   space 11776K, 0% used [0x00000000f1480000,0x00000000f1480000,0x00000000f2000000)
 ParOldGen       total 62976K, used 19496K [0x00000000c0000000, 0x00000000c3d80000, 0x00000000eab00000)
  object space 62976K, 30% used [0x00000000c0000000,0x00000000c130a188,0x00000000c3d80000)
 Metaspace       used 5973K, capacity 6960K, committed 7040K, reserved 1056768K
  class space    used 590K, capacity 616K, committed 640K, reserved 1048576K

Deoptimization events (10 events):
Event: 3.509 Thread 0x00007f822c00a000 Uncommon trap: reason=null_check action=make_not_entrant pc=0x00007f821d2cce44 method=com.android.dx.ssa.SsaRenamer.getLocalForNewReg(I)Lcom/android/dx/rop/code/LocalItem; @ 19
Event: 4.107 Thread 0x00007f822c143800 Uncommon trap: reason=class_check action=maybe_recompile pc=0x00007f821d32383c method=com.android.dx.ssa.NormalSsaInsn.accept(Lcom/android/dx/ssa/SsaInsn$Visitor;)V @ 9
Event: 4.107 Thread 0x00007f822c143800 Uncommon trap: reason=class_check action=maybe_recompile pc=0x00007f821d32383c method=com.android.dx.ssa.NormalSsaInsn.accept(Lcom/android/dx/ssa/SsaInsn$Visitor;)V @ 9
Event: 4.567 Thread 0x00007f822c00a000 Uncommon trap: reason=unstable_if action=reinterpret pc=0x00007f821d2ae6c0 method=java.lang.String.<init>([CII)V @ 18
Event: 6.096 Thread 0x00007f822c145800 Uncommon trap: reason=bimorphic action=maybe_recompile pc=0x00007f821d21bb4c method=java.util.HashMap.getNode(ILjava/lang/Object;)Ljava/util/HashMap$Node; @ 126
Event: 6.096 Thread 0x00007f822c145800 Uncommon trap: reason=class_check action=maybe_recompile pc=0x00007f821d446bcc method=java.util.HashMap.putVal(ILjava/lang/Object;Ljava/lang/Object;ZZ)Ljava/lang/Object; @ 203
Event: 7.042 Thread 0x00007f822c147000 Uncommon trap: reason=bimorphic action=maybe_recompile pc=0x00007f821d21bb4c method=java.util.HashMap.getNode(ILjava/lang/Object;)Ljava/util/HashMap$Node; @ 126
Event: 7.042 Thread 0x00007f822c147000 Uncommon trap: reason=class_check action=maybe_recompile pc=0x00007f821d446bcc method=java.util.HashMap.putVal(ILjava/lang/Object;Ljava/lang/Object;ZZ)Ljava/lang/Object; @ 203
Event: 7.069 Thread 0x00007f822c143800 Uncommon trap: reason=unstable_if action=reinterpret pc=0x00007f821d2db834 method=com.android.dx.rop.code.RegisterSpec.equals(ILcom/android/dx/rop/type/TypeBearer;Lcom/android/dx/rop/code/LocalItem;)Z @ 42
Event: 7.156 Thread 0x00007f822c143800 Uncommon trap: reason=unstable_if action=reinterpret pc=0x00007f821d3c8fbc method=com.android.dx.ssa.SsaMethod.updateOneDefinition(Lcom/android/dx/ssa/SsaInsn;Lcom/android/dx/rop/code/RegisterSpec;)V @ 4

Internal exceptions (4 events):
Event: 0.181 Thread 0x00007f822c00a000 Exception <a 'java/lang/NoSuchMethodError': Method sun.misc.Unsafe.defineClass(Ljava/lang/String;[BII)Ljava/lang/Class; name or signature does not match> (0x00000000eab07cc0) thrown at [/HUDSON/workspace/8-2-build-linux-amd64/jdk8u91/6644/hotspot/src/shar
Event: 0.181 Thread 0x00007f822c00a000 Exception <a 'java/lang/NoSuchMethodError': Method sun.misc.Unsafe.prefetchRead(Ljava/lang/Object;J)V name or signature does not match> (0x00000000eab07fa8) thrown at [/HUDSON/workspace/8-2-build-linux-amd64/jdk8u91/6644/hotspot/src/share/vm/prims/jni.cpp
Event: 3.147 Thread 0x00007f822c145800 Implicit null exception at 0x00007f821d29681f to 0x00007f821d2989c1
Event: 3.499 Thread 0x00007f822c00a000 Implicit null exception at 0x00007f821d2cacc0 to 0x00007f821d2ccdfd

Events (10 events):
Event: 7.202 Thread 0x00007f822c147000 DEOPT UNPACKING pc=0x00007f821d047633 sp=0x00007f821c205fb8 mode 0
Event: 7.243 Thread 0x00007f822c147000 DEOPT PACKING pc=0x00007f821d432199 sp=0x00007f821c206180
Event: 7.243 Thread 0x00007f822c147000 DEOPT UNPACKING pc=0x00007f821d047633 sp=0x00007f821c205f90 mode 0
Event: 7.247 Thread 0x00007f822c145800 DEOPT PACKING pc=0x00007f821d201eb9 sp=0x00007f821c307110
Event: 7.247 Thread 0x00007f822c145800 DEOPT UNPACKING pc=0x00007f821d047633 sp=0x00007f821c306e60 mode 0
Event: 7.255 Thread 0x00007f822c140000 DEOPT PACKING pc=0x00007f821d3ade0f sp=0x00007f821c60a0d0
Event: 7.255 Thread 0x00007f822c140000 DEOPT UNPACKING pc=0x00007f821d047633 sp=0x00007f821c609e10 mode 0
Event: 7.288 Thread 0x00007f822c140000 DEOPT PACKING pc=0x00007f821d4339cc sp=0x00007f821c60a010
Event: 7.288 Thread 0x00007f822c140000 DEOPT UNPACKING pc=0x00007f821d047633 sp=0x00007f821c609da0 mode 0
Event: 7.465 Executing VM operation: ParallelGCFailedAllocation


Dynamic libraries:
00400000-00401000 r-xp 00000000 08:01 3016174                            /usr/lib/jvm/java-8-oracle/bin/java
00600000-00601000 rw-p 00000000 08:01 3016174                            /usr/lib/jvm/java-8-oracle/bin/java
00dac000-00dcd000 rw-p 00000000 00:00 0                                  [heap]
c0000000-c3d80000 rw-p 00000000 00:00 0 
c3d80000-eab00000 ---p 00000000 00:00 0 
eab00000-f2000000 rw-p 00000000 00:00 0 
f2000000-100000000 ---p 00000000 00:00 0 
100000000-1000a0000 rw-p 00000000 00:00 0 
1000a0000-140000000 ---p 00000000 00:00 0 
7f81d0000000-7f81d0021000 rw-p 00000000 00:00 0 
7f81d0021000-7f81d4000000 ---p 00000000 00:00 0 
7f81d4000000-7f81d4021000 rw-p 00000000 00:00 0 
7f81d4021000-7f81d8000000 ---p 00000000 00:00 0 
7f81d8000000-7f81d8021000 rw-p 00000000 00:00 0 
7f81d8021000-7f81dc000000 ---p 00000000 00:00 0 
7f81dc000000-7f81dc021000 rw-p 00000000 00:00 0 
7f81dc021000-7f81e0000000 ---p 00000000 00:00 0 
7f81e0000000-7f81e0021000 rw-p 00000000 00:00 0 
7f81e0021000-7f81e4000000 ---p 00000000 00:00 0 
7f81e4000000-7f81e403f000 rw-p 00000000 00:00 0 
7f81e403f000-7f81e8000000 ---p 00000000 00:00 0 
7f81e8000000-7f81e8768000 rw-p 00000000 00:00 0 
7f81e8768000-7f81ec000000 ---p 00000000 00:00 0 
7f81ec000000-7f81ec021000 rw-p 00000000 00:00 0 
7f81ec021000-7f81f0000000 ---p 00000000 00:00 0 
7f81f0000000-7f81f055c000 rw-p 00000000 00:00 0 
7f81f055c000-7f81f4000000 ---p 00000000 00:00 0 
7f81f4000000-7f81f4550000 rw-p 00000000 00:00 0 
7f81f4550000-7f81f8000000 ---p 00000000 00:00 0 
7f81f8000000-7f81f8021000 rw-p 00000000 00:00 0 
7f81f8021000-7f81fc000000 ---p 00000000 00:00 0 
7f81fc000000-7f81fc021000 rw-p 00000000 00:00 0 
7f81fc021000-7f8200000000 ---p 00000000 00:00 0 
7f8200000000-7f8200021000 rw-p 00000000 00:00 0 
7f8200021000-7f8204000000 ---p 00000000 00:00 0 
7f8204000000-7f8204021000 rw-p 00000000 00:00 0 
7f8204021000-7f8208000000 ---p 00000000 00:00 0 
7f8208000000-7f8208021000 rw-p 00000000 00:00 0 
7f8208021000-7f820c000000 ---p 00000000 00:00 0 
7f820c000000-7f820c021000 rw-p 00000000 00:00 0 
7f820c021000-7f8210000000 ---p 00000000 00:00 0 
7f8210000000-7f8210293000 rw-p 00000000 00:00 0 
7f8210293000-7f8214000000 ---p 00000000 00:00 0 
7f8216000000-7f8218000000 rw-p 00000000 00:00 0 
7f8218000000-7f8218021000 rw-p 00000000 00:00 0 
7f8218021000-7f821c000000 ---p 00000000 00:00 0 
7f821c107000-7f821c10a000 ---p 00000000 00:00 0 
7f821c10a000-7f821c208000 rw-p 00000000 00:00 0 
7f821c208000-7f821c20b000 ---p 00000000 00:00 0 
7f821c20b000-7f821c309000 rw-p 00000000 00:00 0 
7f821c309000-7f821c30c000 ---p 00000000 00:00 0 
7f821c30c000-7f821c40a000 rw-p 00000000 00:00 0 
7f821c40a000-7f821c40d000 ---p 00000000 00:00 0 
7f821c40d000-7f821c50b000 rw-p 00000000 00:00 0 
7f821c50b000-7f821c50e000 ---p 00000000 00:00 0 
7f821c50e000-7f821c60c000 rw-p 00000000 00:00 0 
7f821c60c000-7f821c60d000 ---p 00000000 00:00 0 
7f821c60d000-7f821c70d000 rw-p 00000000 00:00 0 
7f821c70d000-7f821c710000 ---p 00000000 00:00 0 
7f821c710000-7f821c80e000 rw-p 00000000 00:00 0 
7f821c80e000-7f821c811000 ---p 00000000 00:00 0 
7f821c811000-7f821c90f000 rw-p 00000000 00:00 0 
7f821c90f000-7f821c912000 ---p 00000000 00:00 0 
7f821c912000-7f821ca10000 rw-p 00000000 00:00 0 
7f821ca10000-7f821ca13000 ---p 00000000 00:00 0 
7f821ca13000-7f821cb11000 rw-p 00000000 00:00 0 
7f821cb11000-7f821cb14000 ---p 00000000 00:00 0 
7f821cb14000-7f821cc12000 rw-p 00000000 00:00 0 
7f821cc12000-7f821ceff000 r--p 00000000 08:01 2884254                    /usr/lib/locale/locale-archive
7f821ceff000-7f821cf02000 ---p 00000000 00:00 0 
7f821cf02000-7f821d000000 rw-p 00000000 00:00 0 
7f821d000000-7f821d550000 rwxp 00000000 00:00 0 
7f821d550000-7f822c000000 ---p 00000000 00:00 0 
7f822c000000-7f822c391000 rw-p 00000000 00:00 0 
7f822c391000-7f8230000000 ---p 00000000 00:00 0 
7f82300c6000-7f82300d4000 r--s 000b0000 08:01 12853113                   /home/ahmed/.gradle/caches/modules-2/files-2.1/com.parse/parse-android/1.13.1/ef266d93357210b530c5b400e3d40de64fd86a0d/parse-android-1.13.1.jar
7f82300d4000-7f82300e3000 r--s 000df000 08:01 3938513                    /home/ahmed/Android/Sdk/build-tools/23.0.3/lib/dx.jar
7f82300e3000-7f82300e6000 ---p 00000000 00:00 0 
7f82300e6000-7f82301e4000 rw-p 00000000 00:00 0 
7f82301e4000-7f82301e5000 ---p 00000000 00:00 0 
7f82301e5000-7f82312a6000 rw-p 00000000 00:00 0 
7f82312a6000-7f823147f000 r--s 03d1f000 08:01 3149907                    /usr/lib/jvm/java-8-oracle/jre/lib/rt.jar
7f823147f000-7f8231b35000 rw-p 00000000 00:00 0 
7f8231b35000-7f8231cf5000 ---p 00000000 00:00 0 
7f8231cf5000-7f8231ef5000 rw-p 00000000 00:00 0 
7f8231ef5000-7f8231ef6000 ---p 00000000 00:00 0 
7f8231ef6000-7f8231ff6000 rw-p 00000000 00:00 0 
7f8231ff6000-7f8231ff7000 ---p 00000000 00:00 0 
7f8231ff7000-7f82320f7000 rw-p 00000000 00:00 0 
7f82320f7000-7f82320f8000 ---p 00000000 00:00 0 
7f82320f8000-7f82321f8000 rw-p 00000000 00:00 0 
7f82321f8000-7f82321f9000 ---p 00000000 00:00 0 
7f82321f9000-7f8232318000 rw-p 00000000 00:00 0 
7f8232318000-7f823244f000 ---p 00000000 00:00 0 
7f823244f000-7f823246e000 rw-p 00000000 00:00 0 
7f823246e000-7f82325a4000 ---p 00000000 00:00 0 
7f82325a4000-7f82325df000 rw-p 00000000 00:00 0 
7f82325df000-7f823264f000 ---p 00000000 00:00 0 
7f823264f000-7f8232666000 rw-p 00000000 00:00 0 
7f8232666000-7f8232a10000 ---p 00000000 00:00 0 
7f8232a10000-7f8232a2a000 r-xp 00000000 08:01 3284666                    /usr/lib/jvm/java-8-oracle/jre/lib/amd64/libzip.so
7f8232a2a000-7f8232c2a000 ---p 0001a000 08:01 3284666                    /usr/lib/jvm/java-8-oracle/jre/lib/amd64/libzip.so
7f8232c2a000-7f8232c2b000 rw-p 0001a000 08:01 3284666                    /usr/lib/jvm/java-8-oracle/jre/lib/amd64/libzip.so
7f8232c2b000-7f8232c36000 r-xp 00000000 08:01 7999875                    /lib/x86_64-linux-gnu/libnss_files-2.23.so
7f8232c36000-7f8232e35000 ---p 0000b000 08:01 7999875                    /lib/x86_64-linux-gnu/libnss_files-2.23.so
7f8232e35000-7f8232e36000 r--p 0000a000 08:01 7999875                    /lib/x86_64-linux-gnu/libnss_files-2.23.so
7f8232e36000-7f8232e37000 rw-p 0000b000 08:01 7999875                    /lib/x86_64-linux-gnu/libnss_files-2.23.so
7f8232e37000-7f8232e3d000 rw-p 00000000 00:00 0 
7f8232e3d000-7f8232e48000 r-xp 00000000 08:01 7999868                    /lib/x86_64-linux-gnu/libnss_nis-2.23.so
7f8232e48000-7f8233047000 ---p 0000b000 08:01 7999868                    /lib/x86_64-linux-gnu/libnss_nis-2.23.so
7f8233047000-7f8233048000 r--p 0000a000 08:01 7999868                    /lib/x86_64-linux-gnu/libnss_nis-2.23.so
7f8233048000-7f8233049000 rw-p 0000b000 08:01 7999868                    /lib/x86_64-linux-gnu/libnss_nis-2.23.so
7f8233049000-7f823305f000 r-xp 00000000 08:01 7999864                    /lib/x86_64-linux-gnu/libnsl-2.23.so
7f823305f000-7f823325e000 ---p 00016000 08:01 7999864                    /lib/x86_64-linux-gnu/libnsl-2.23.so
7f823325e000-7f823325f000 r--p 00015000 08:01 7999864                    /lib/x86_64-linux-gnu/libnsl-2.23.so
7f823325f000-7f8233260000 rw-p 00016000 08:01 7999864                    /lib/x86_64-linux-gnu/libnsl-2.23.so
7f8233260000-7f8233262000 rw-p 00000000 00:00 0 
7f8233262000-7f823326a000 r-xp 00000000 08:01 7999507                    /lib/x86_64-linux-gnu/libnss_compat-2.23.so
7f823326a000-7f8233469000 ---p 00008000 08:01 7999507                    /lib/x86_64-linux-gnu/libnss_compat-2.23.so
7f8233469000-7f823346a000 r--p 00007000 08:01 7999507                    /lib/x86_64-linux-gnu/libnss_compat-2.23.so
7f823346a000-7f823346b000 rw-p 00008000 08:01 7999507                    /lib/x86_64-linux-gnu/libnss_compat-2.23.so
7f823346b000-7f8233495000 r-xp 00000000 08:01 3284615                    /usr/lib/jvm/java-8-oracle/jre/lib/amd64/libjava.so
7f8233495000-7f8233695000 ---p 0002a000 08:01 3284615                    /usr/lib/jvm/java-8-oracle/jre/lib/amd64/libjava.so
7f8233695000-7f8233697000 rw-p 0002a000 08:01 3284615                    /usr/lib/jvm/java-8-oracle/jre/lib/amd64/libjava.so
7f8233697000-7f82336a4000 r-xp 00000000 08:01 3284672                    /usr/lib/jvm/java-8-oracle/jre/lib/amd64/libverify.so
7f82336a4000-7f82338a4000 ---p 0000d000 08:01 3284672                    /usr/lib/jvm/java-8-oracle/jre/lib/amd64/libverify.so
7f82338a4000-7f82338a6000 rw-p 0000d000 08:01 3284672                    /usr/lib/jvm/java-8-oracle/jre/lib/amd64/libverify.so
7f82338a6000-7f82338ad000 r-xp 00000000 08:01 7999892                    /lib/x86_64-linux-gnu/librt-2.23.so
7f82338ad000-7f8233aac000 ---p 00007000 08:01 7999892                    /lib/x86_64-linux-gnu/librt-2.23.so
7f8233aac000-7f8233aad000 r--p 00006000 08:01 7999892                    /lib/x86_64-linux-gnu/librt-2.23.so
7f8233aad000-7f8233aae000 rw-p 00007000 08:01 7999892                    /lib/x86_64-linux-gnu/librt-2.23.so
7f8233aae000-7f8233bb6000 r-xp 00000000 08:01 7999886                    /lib/x86_64-linux-gnu/libm-2.23.so
7f8233bb6000-7f8233db5000 ---p 00108000 08:01 7999886                    /lib/x86_64-linux-gnu/libm-2.23.so
7f8233db5000-7f8233db6000 r--p 00107000 08:01 7999886                    /lib/x86_64-linux-gnu/libm-2.23.so
7f8233db6000-7f8233db7000 rw-p 00108000 08:01 7999886                    /lib/x86_64-linux-gnu/libm-2.23.so
7f8233db7000-7f8234a77000 r-xp 00000000 08:01 3284648                    /usr/lib/jvm/java-8-oracle/jre/lib/amd64/server/libjvm.so
7f8234a77000-7f8234c77000 ---p 00cc0000 08:01 3284648                    /usr/lib/jvm/java-8-oracle/jre/lib/amd64/server/libjvm.so
7f8234c77000-7f8234d4f000 rw-p 00cc0000 08:01 3284648                    /usr/lib/jvm/java-8-oracle/jre/lib/amd64/server/libjvm.so
7f8234d4f000-7f8234d9a000 rw-p 00000000 00:00 0 
7f8234d9a000-7f8234f5a000 r-xp 00000000 08:01 7999902                    /lib/x86_64-linux-gnu/libc-2.23.so
7f8234f5a000-7f8235159000 ---p 001c0000 08:01 7999902                    /lib/x86_64-linux-gnu/libc-2.23.so
7f8235159000-7f823515d000 r--p 001bf000 08:01 7999902                    /lib/x86_64-linux-gnu/libc-2.23.so
7f823515d000-7f823515f000 rw-p 001c3000 08:01 7999902                    /lib/x86_64-linux-gnu/libc-2.23.so
7f823515f000-7f8235163000 rw-p 00000000 00:00 0 
7f8235163000-7f8235166000 r-xp 00000000 08:01 7999904                    /lib/x86_64-linux-gnu/libdl-2.23.so
7f8235166000-7f8235365000 ---p 00003000 08:01 7999904                    /lib/x86_64-linux-gnu/libdl-2.23.so
7f8235365000-7f8235366000 r--p 00002000 08:01 7999904                    /lib/x86_64-linux-gnu/libdl-2.23.so
7f8235366000-7f8235367000 rw-p 00003000 08:01 7999904                    /lib/x86_64-linux-gnu/libdl-2.23.so
7f8235367000-7f823537c000 r-xp 00000000 08:01 4079274                    /usr/lib/jvm/java-8-oracle/lib/amd64/jli/libjli.so
7f823537c000-7f823557c000 ---p 00015000 08:01 4079274                    /usr/lib/jvm/java-8-oracle/lib/amd64/jli/libjli.so
7f823557c000-7f823557d000 rw-p 00015000 08:01 4079274                    /usr/lib/jvm/java-8-oracle/lib/amd64/jli/libjli.so
7f823557d000-7f8235595000 r-xp 00000000 08:01 7999900                    /lib/x86_64-linux-gnu/libpthread-2.23.so
7f8235595000-7f8235794000 ---p 00018000 08:01 7999900                    /lib/x86_64-linux-gnu/libpthread-2.23.so
7f8235794000-7f8235795000 r--p 00017000 08:01 7999900                    /lib/x86_64-linux-gnu/libpthread-2.23.so
7f8235795000-7f8235796000 rw-p 00018000 08:01 7999900                    /lib/x86_64-linux-gnu/libpthread-2.23.so
7f8235796000-7f823579a000 rw-p 00000000 00:00 0 
7f823579a000-7f82357c0000 r-xp 00000000 08:01 7999894                    /lib/x86_64-linux-gnu/ld-2.23.so
7f82357c9000-7f823588e000 rw-p 00000000 00:00 0 
7f823588e000-7f8235891000 ---p 00000000 00:00 0 
7f8235891000-7f8235993000 rw-p 00000000 00:00 0 
7f823599f000-7f82359b3000 rw-p 00000000 00:00 0 
7f82359b3000-7f82359bb000 rw-s 00000000 08:01 12849178                   /tmp/hsperfdata_ahmed/7977
7f82359bb000-7f82359bc000 rw-p 00000000 00:00 0 
7f82359bc000-7f82359bd000 ---p 00000000 00:00 0 
7f82359bd000-7f82359bf000 rw-p 00000000 00:00 0 
7f82359bf000-7f82359c0000 r--p 00025000 08:01 7999894                    /lib/x86_64-linux-gnu/ld-2.23.so
7f82359c0000-7f82359c1000 rw-p 00026000 08:01 7999894                    /lib/x86_64-linux-gnu/ld-2.23.so
7f82359c1000-7f82359c2000 rw-p 00000000 00:00 0 
7ffdebb1e000-7ffdebb3f000 rw-p 00000000 00:00 0                          [stack]
7ffdebba4000-7ffdebba6000 r--p 00000000 00:00 0                          [vvar]
7ffdebba6000-7ffdebba8000 r-xp 00000000 00:00 0                          [vdso]
ffffffffff600000-ffffffffff601000 r-xp 00000000 00:00 0                  [vsyscall]

VM Arguments:
jvm_args: -Djava.awt.headless=true -Xmx1024M -Dfile.encoding=UTF-8 -Duser.country=US -Duser.language=en -Duser.variant 
java_command: com.android.dx.command.Main --dex --force-jumbo --num-threads=4 --multi-dex --output /home/ahmed/AndroidStudioProjects/tienda/app/build/intermediates/transforms/dex/debug/folders/1000/10/parse-android-1.13.1_ebdb9ad3504f7be9c0e8e67371074b96e05482d7 /home/ahmed/.gradle/caches/modules-2/files-2.1/com.parse/parse-android/1.13.1/ef266d93357210b530c5b400e3d40de64fd86a0d/parse-android-1.13.1.jar
java_class_path (initial): /home/ahmed/Android/Sdk/build-tools/23.0.3/lib/dx.jar
Launcher Type: SUN_STANDARD

Environment Variables:
JAVA_HOME=/usr/lib/jvm/java-8-oracle
PATH=/usr/local/sbin:/usr/local/bin:/usr/sbin:/usr/bin:/sbin:/bin:/usr/games:/usr/local/games:/snap/bin
LD_LIBRARY_PATH=/home/ahmed/myData/android-studio/bin:
SHELL=/bin/bash
DISPLAY=:0

Signal Handlers:
SIGSEGV: [libjvm.so+0xabca10], sa_mask[0]=11111111011111111101111111111110, sa_flags=SA_RESTART|SA_SIGINFO
SIGBUS: [libjvm.so+0xabca10], sa_mask[0]=11111111011111111101111111111110, sa_flags=SA_RESTART|SA_SIGINFO
SIGFPE: [libjvm.so+0x919a20], sa_mask[0]=11111111011111111101111111111110, sa_flags=SA_RESTART|SA_SIGINFO
SIGPIPE: [libjvm.so+0x919a20], sa_mask[0]=11111111011111111101111111111110, sa_flags=SA_RESTART|SA_SIGINFO
SIGXFSZ: [libjvm.so+0x919a20], sa_mask[0]=11111111011111111101111111111110, sa_flags=SA_RESTART|SA_SIGINFO
SIGILL: [libjvm.so+0x919a20], sa_mask[0]=11111111011111111101111111111110, sa_flags=SA_RESTART|SA_SIGINFO
SIGUSR1: SIG_DFL, sa_mask[0]=00000000000000000000000000000000, sa_flags=none
SIGUSR2: [libjvm.so+0x91b050], sa_mask[0]=00100000000000000000000000000000, sa_flags=SA_RESTART|SA_SIGINFO
SIGHUP: [libjvm.so+0x91c450], sa_mask[0]=11111111011111111101111111111110, sa_flags=SA_RESTART|SA_SIGINFO
SIGINT: [libjvm.so+0x91c450], sa_mask[0]=11111111011111111101111111111110, sa_flags=SA_RESTART|SA_SIGINFO
SIGTERM: [libjvm.so+0x91c450], sa_mask[0]=11111111011111111101111111111110, sa_flags=SA_RESTART|SA_SIGINFO
SIGQUIT: [libjvm.so+0x91c450], sa_mask[0]=11111111011111111101111111111110, sa_flags=SA_RESTART|SA_SIGINFO


---------------  S Y S T E M  ---------------

OS:DISTRIB_ID=Ubuntu
DISTRIB_RELEASE=16.04
DISTRIB_CODENAME=xenial
DISTRIB_DESCRIPTION="Ubuntu 16.04.1 LTS"

uname:Linux 4.4.0-31-generic #50-Ubuntu SMP Wed Jul 13 00:07:12 UTC 2016 x86_64
libc:glibc 2.23 NPTL 2.23 
rlimit: STACK 8192k, CORE 0k, NPROC 23391, NOFILE 65536, AS infinity
load average:15.68 8.47 3.78

/proc/meminfo:
MemTotal:        6027024 kB
MemFree:         1661232 kB
MemAvailable:    2849648 kB
Buffers:          148896 kB
Cached:          1385056 kB
SwapCached:            0 kB
Active:          3286380 kB
Inactive:         853184 kB
Active(anon):    2607784 kB
Inactive(anon):   175448 kB
Active(file):     678596 kB
Inactive(file):   677736 kB
Unevictable:          32 kB
Mlocked:              32 kB
SwapTotal:       6213628 kB
SwapFree:        6213628 kB
Dirty:              3784 kB
Writeback:             0 kB
AnonPages:       2605648 kB
Mapped:           316444 kB
Shmem:            177624 kB
Slab:             128136 kB
SReclaimable:      89772 kB
SUnreclaim:        38364 kB
KernelStack:       12112 kB
PageTables:        38572 kB
NFS_Unstable:          0 kB
Bounce:                0 kB
WritebackTmp:          0 kB
CommitLimit:     9227140 kB
Committed_AS:    6582324 kB
VmallocTotal:   34359738367 kB
VmallocUsed:           0 kB
VmallocChunk:          0 kB
HardwareCorrupted:     0 kB
AnonHugePages:   1325056 kB
CmaTotal:              0 kB
CmaFree:               0 kB
HugePages_Total:       0
HugePages_Free:        0
HugePages_Rsvd:        0
HugePages_Surp:        0
Hugepagesize:       2048 kB
DirectMap4k:      124112 kB
DirectMap2M:     6084608 kB


CPU:total 4 (2 cores per cpu, 2 threads per core) family 6 model 42 stepping 7, cmov, cx8, fxsr, mmx, sse, sse2, sse3, ssse3, sse4.1, sse4.2, popcnt, avx, clmul, ht, tsc, tscinvbit

/proc/cpuinfo:
processor	: 0
vendor_id	: GenuineIntel
cpu family	: 6
model		: 42
model name	: Intel(R) Core(TM) i3-2310M CPU @ 2.10GHz
stepping	: 7
microcode	: 0x14
cpu MHz		: 2099.917
cache size	: 3072 KB
physical id	: 0
siblings	: 4
core id		: 0
cpu cores	: 2
apicid		: 0
initial apicid	: 0
fpu		: yes
fpu_exception	: yes
cpuid level	: 13
wp		: yes
flags		: fpu vme de pse tsc msr pae mce cx8 apic sep mtrr pge mca cmov pat pse36 clflush dts acpi mmx fxsr sse sse2 ss ht tm pbe syscall nx rdtscp lm constant_tsc arch_perfmon pebs bts rep_good nopl xtopology nonstop_tsc aperfmperf eagerfpu pni pclmulqdq dtes64 monitor ds_cpl vmx est tm2 ssse3 cx16 xtpr pdcm pcid sse4_1 sse4_2 x2apic popcnt tsc_deadline_timer xsave avx lahf_lm epb tpr_shadow vnmi flexpriority ept vpid xsaveopt dtherm arat pln pts
bugs		:
bogomips	: 4190.77
clflush size	: 64
cache_alignment	: 64
address sizes	: 36 bits physical, 48 bits virtual
power management:

processor	: 1
vendor_id	: GenuineIntel
cpu family	: 6
model		: 42
model name	: Intel(R) Core(TM) i3-2310M CPU @ 2.10GHz
stepping	: 7
microcode	: 0x14
cpu MHz		: 2100.000
cache size	: 3072 KB
physical id	: 0
siblings	: 4
core id		: 0
cpu cores	: 2
apicid		: 1
initial apicid	: 1
fpu		: yes
fpu_exception	: yes
cpuid level	: 13
wp		: yes
flags		: fpu vme de pse tsc msr pae mce cx8 apic sep mtrr pge mca cmov pat pse36 clflush dts acpi mmx fxsr sse sse2 ss ht tm pbe syscall nx rdtscp lm constant_tsc arch_perfmon pebs bts rep_good nopl xtopology nonstop_tsc aperfmperf eagerfpu pni pclmulqdq dtes64 monitor ds_cpl vmx est tm2 ssse3 cx16 xtpr pdcm pcid sse4_1 sse4_2 x2apic popcnt tsc_deadline_timer xsave avx lahf_lm epb tpr_shadow vnmi flexpriority ept vpid xsaveopt dtherm arat pln pts
bugs		:
bogomips	: 4190.77
clflush size	: 64
cache_alignment	: 64
address sizes	: 36 bits physical, 48 bits virtual
power management:

processor	: 2
vendor_id	: GenuineIntel
cpu family	: 6
model		: 42
model name	: Intel(R) Core(TM) i3-2310M CPU @ 2.10GHz
stepping	: 7
microcode	: 0x14
cpu MHz		: 2099.917
cache size	: 3072 KB
physical id	: 0
siblings	: 4
core id		: 1
cpu cores	: 2
apicid		: 2
initial apicid	: 2
fpu		: yes
fpu_exception	: yes
cpuid level	: 13
wp		: yes
flags		: fpu vme de pse tsc msr pae mce cx8 apic sep mtrr pge mca cmov pat pse36 clflush dts acpi mmx fxsr sse sse2 ss ht tm pbe syscall nx rdtscp lm constant_tsc arch_perfmon pebs bts rep_good nopl xtopology nonstop_tsc aperfmperf eagerfpu pni pclmulqdq dtes64 monitor ds_cpl vmx est tm2 ssse3 cx16 xtpr pdcm pcid sse4_1 sse4_2 x2apic popcnt tsc_deadline_timer xsave avx lahf_lm epb tpr_shadow vnmi flexpriority ept vpid xsaveopt dtherm arat pln pts
bugs		:
bogomips	: 4190.77
clflush size	: 64
cache_alignment	: 64
address sizes	: 36 bits physical, 48 bits virtual
power management:

processor	: 3
vendor_id	: GenuineIntel
cpu family	: 6
model		: 42
model name	: Intel(R) Core(TM) i3-2310M CPU @ 2.10GHz
stepping	: 7
microcode	: 0x14
cpu MHz		: 2099.917
cache size	: 3072 KB
physical id	: 0
siblings	: 4
core id		: 1
cpu cores	: 2
apicid		: 3
initial apicid	: 3
fpu		: yes
fpu_exception	: yes
cpuid level	: 13
wp		: yes
flags		: fpu vme de pse tsc msr pae mce cx8 apic sep mtrr pge mca cmov pat pse36 clflush dts acpi mmx fxsr sse sse2 ss ht tm pbe syscall nx rdtscp lm constant_tsc arch_perfmon pebs bts rep_good nopl xtopology nonstop_tsc aperfmperf eagerfpu pni pclmulqdq dtes64 monitor ds_cpl vmx est tm2 ssse3 cx16 xtpr pdcm pcid sse4_1 sse4_2 x2apic popcnt tsc_deadline_timer xsave avx lahf_lm epb tpr_shadow vnmi flexpriority ept vpid xsaveopt dtherm arat pln pts
bugs		:
bogomips	: 4190.77
clflush size	: 64
cache_alignment	: 64
address sizes	: 36 bits physical, 48 bits virtual
power management:



Memory: 4k page, physical 6027024k(1661232k free), swap 6213628k(6213628k free)

vm_info: Java HotSpot(TM) 64-Bit Server VM (25.91-b14) for linux-amd64 JRE (1.8.0_91-b14), built on Apr  1 2016 00:57:21 by "java_re" with gcc 4.3.0 20080428 (Red Hat 4.3.0-8)

time: Sun Aug  7 17:55:43 2016
elapsed time: 7 seconds (0d 0h 0m 7s)

