#
# A fatal error has been detected by the Java Runtime Environment:
#
#  SIGSEGV (0xb) at pc=0x00007fd6c57d533b, pid=24141, tid=140560162612992
#
# JRE version: Java(TM) SE Runtime Environment (8.0_91-b14) (build 1.8.0_91-b14)
# Java VM: Java HotSpot(TM) 64-Bit Server VM (25.91-b14 mixed mode linux-amd64 compressed oops)
# Problematic frame:
# J 2231 C1 com.android.dx.dex.code.OutputFinisher.makeOpcodesArray()[Lcom/android/dx/dex/code/Dop; (45 bytes) @ 0x00007fd6c57d533b [0x00007fd6c57d4f20+0x41b]
#
# Failed to write core dump. Core dumps have been disabled. To enable core dumping, try "ulimit -c unlimited" before starting Java again
#
# If you would like to submit a bug report, please visit:
#   http://bugreport.java.com/bugreport/crash.jsp
#

---------------  T H R E A D  ---------------

Current thread (0x00007fd6d4123800):  JavaThread "pool-1-thread-1" [_thread_in_Java, id=24335, stack(0x00007fd6b67fe000,0x00007fd6b68ff000)]

siginfo: si_signo: 11 (SIGSEGV), si_code: 1 (SEGV_MAPERR), si_addr: 0x0000000000000038

Registers:
RAX=0x00000000ebb99ea0, RBX=0x0000000000003200, RCX=0x0000000000000008, RDX=0x00000000c15ae3c8
RSP=0x00007fd6b68fcf20, RBP=0x00007fd6b68fd020, RSI=0x00000000ebba66b0, RDI=0x000000010008d838
R8 =0x00000000fd0beb20, R9 =0x00000000000035aa, R10=0x00000001000178f0, R11=0x00007fd6c57d4f40
R12=0x0000000000000000, R13=0x0000000000000030, R14=0x00007fd6b68fd038, R15=0x00007fd6d4123800
RIP=0x00007fd6c57d533b, EFLAGS=0x0000000000010283, CSGSFS=0x4069000000000033, ERR=0x0000000000000004
  TRAPNO=0x000000000000000e

Top of Stack: (sp=0x00007fd6b68fcf20)
0x00007fd6b68fcf20:   0000000000000028 00007fd6c4d82028
0x00007fd6b68fcf30:   00007fd6b68fd250 00007fd6c57ad7f4
0x00007fd6b68fcf40:   00007fd6b68fcf70 00007fd6b68fcf70
0x00007fd6b68fcf50:   0000000000000000 00000000ebb99e68
0x00007fd6b68fcf60:   00000000c127f660 0000000100092740
0x00007fd6b68fcf70:   00007fd6b68fd250 00007fd6c57ade5c
0x00007fd6b68fcf80:   00007fd6d4123800 00007fd6b68fd288
0x00007fd6b68fcf90:   00007fd6b68fd1f8 00000000fd0beaf8
0x00007fd6b68fcfa0:   0000000000002e59 00000000fd0ed2b0
0x00007fd6b68fcfb0:   00000000fd0c0de8 0000000000002e58
0x00007fd6b68fcfc0:   00007fd6b68fd020 00007fd6c5008040
0x00007fd6b68fcfd0:   00007fd6c5008040 00000000fd0beaf8
0x00007fd6b68fcfe0:   00007fd6b68fcfe0 00007fd6c4d81e7a
0x00007fd6b68fcff0:   00007fd6b68fd038 00007fd6c4d83608
0x00007fd6b68fd000:   00007fd6c4e87c58 00007fd6c4d81ee0
0x00007fd6b68fd010:   00007fd6b68fcfd8 00007fd6b68fd040
0x00007fd6b68fd020:   00007fd6b68fd250 00007fd6c582e9e4
0x00007fd6b68fd030:   0000000000000000 00000000fd0beaf8
0x00007fd6b68fd040:   00000000fd0b94e0 00007fd6b68fd048
0x00007fd6b68fd050:   00007fd6c4c7dd90 00007fd6b68fd0a0
0x00007fd6b68fd060:   00007fd6c4c850d0 00007fd6c4e898c0
0x00007fd6b68fd070:   00007fd6c4c7dde0 0000000000000000
0x00007fd6b68fd080:   00000000fd0bead0 00000000ebb99e68
0x00007fd6b68fd090:   00000000ebb99e80 0000000000000094
0x00007fd6b68fd0a0:   00007fd6b68fd250 00007fd6c582f894
0x00007fd6b68fd0b0:   00007fd6b68fd0b0 00007fd6c4c7dd90
0x00007fd6b68fd0c0:   00007fd6b68fd108 00007fd6c4c850d0
0x00007fd6b68fd0d0:   00007fd6c4e898c0 00007fd6c4c7dde0
0x00007fd6b68fd0e0:   0000000000000000 00007fd6b68fd100
0x00007fd6b68fd0f0:   00007fd6d4123800 00007fd6b68fd288
0x00007fd6b68fd100:   00007fd6b68fd1f8 0000000000000000
0x00007fd6b68fd110:   00007fd6c57fc920 00000000c0130970 

Instructions: (pc=0x00007fd6c57d533b)
0x00007fd6c57d531b:   08 48 c1 e7 03 8b 4a 08 48 c1 e1 03 48 8b bf e8
0x00007fd6c57d532b:   00 00 00 48 3b cf 0f 84 2a 00 00 00 44 8b 6f 0c
0x00007fd6c57d533b:   4a 3b 3c 29 0f 84 1c 00 00 00 41 83 fd 18 0f 85
0x00007fd6c57d534b:   99 00 00 00 51 57 e8 ca 05 93 ff 59 5f 83 ff 00 

Register to memory mapping:

RAX=0x00000000ebb99ea0 is an oop
[Lcom.android.dx.dex.code.Dop; 
 - klass: 'com/android/dx/dex/code/Dop'[]
 - length: 13738
RBX=0x0000000000003200 is an unknown value
RCX=0x0000000000000008 is an unknown value
RDX=0x00000000c15ae3c8 is pointing into object: 0x00000000c15ae3c0
com.android.dx.util.BitIntSet 
 - klass: 'com/android/dx/util/BitIntSet'
RSP=0x00007fd6b68fcf20 is pointing into the stack for thread: 0x00007fd6d4123800
RBP=0x00007fd6b68fd020 is pointing into the stack for thread: 0x00007fd6d4123800
RSI=0x00000000ebba66b0 is an oop

[error occurred during error reporting (printing register info), id 0xb]

Stack: [0x00007fd6b67fe000,0x00007fd6b68ff000],  sp=0x00007fd6b68fcf20,  free space=1019k
Native frames: (J=compiled Java code, j=interpreted, Vv=VM code, C=native code)
J 2231 C1 com.android.dx.dex.code.OutputFinisher.makeOpcodesArray()[Lcom/android/dx/dex/code/Dop; (45 bytes) @ 0x00007fd6c57d533b [0x00007fd6c57d4f20+0x41b]
j  com.android.dx.dex.code.OutputFinisher.finishProcessingAndGetList()Lcom/android/dx/dex/code/DalvInsnList;+18
J 2329 C1 com.android.dx.dex.code.DalvCode.finishProcessingIfNecessary()V (69 bytes) @ 0x00007fd6c582e9e4 [0x00007fd6c582e960+0x84]
J 2331 C1 com.android.dx.dex.file.CodeItem.place0(Lcom/android/dx/dex/file/Section;I)V (88 bytes) @ 0x00007fd6c582f894 [0x00007fd6c582f6c0+0x1d4]
J 2272 C1 com.android.dx.dex.file.OffsettedItem.place(Lcom/android/dx/dex/file/Section;I)I (78 bytes) @ 0x00007fd6c57fc9c4 [0x00007fd6c57fc900+0xc4]
j  com.android.dx.dex.file.MixedItemSection.placeItems()V+94
j  com.android.dx.dex.file.DexFile.toDex0(ZZ)Lcom/android/dx/util/ByteArrayAnnotatedOutput;+195
j  com.android.dx.dex.file.DexFile.toDex(Ljava/io/Writer;Z)[B+13
j  com.android.dx.command.dexer.Main.writeDex(Lcom/android/dx/dex/file/DexFile;)[B+44
j  com.android.dx.command.dexer.Main.access$3000(Lcom/android/dx/dex/file/DexFile;)[B+1
j  com.android.dx.command.dexer.Main$DexWriter.call()[B+4
j  com.android.dx.command.dexer.Main$DexWriter.call()Ljava/lang/Object;+1
j  java.util.concurrent.FutureTask.run()V+42
j  java.util.concurrent.ThreadPoolExecutor.runWorker(Ljava/util/concurrent/ThreadPoolExecutor$Worker;)V+95
j  java.util.concurrent.ThreadPoolExecutor$Worker.run()V+5
j  java.lang.Thread.run()V+11
v  ~StubRoutines::call_stub
V  [libjvm.so+0x68dbc6]  JavaCalls::call_helper(JavaValue*, methodHandle*, JavaCallArguments*, Thread*)+0x1056
V  [libjvm.so+0x68e0d1]  JavaCalls::call_virtual(JavaValue*, KlassHandle, Symbol*, Symbol*, JavaCallArguments*, Thread*)+0x321
V  [libjvm.so+0x68e567]  JavaCalls::call_virtual(JavaValue*, Handle, KlassHandle, Symbol*, Symbol*, Thread*)+0x47
V  [libjvm.so+0x7254b0]  thread_entry(JavaThread*, Thread*)+0xa0
V  [libjvm.so+0xa6b77f]  JavaThread::thread_main_inner()+0xdf
V  [libjvm.so+0xa6b8ac]  JavaThread::run()+0x11c
V  [libjvm.so+0x91ef78]  java_start(Thread*)+0x108
C  [libpthread.so.0+0x76fa]  start_thread+0xca


---------------  P R O C E S S  ---------------

Java Threads: ( => current thread )
=>0x00007fd6d4123800 JavaThread "pool-1-thread-1" [_thread_in_Java, id=24335, stack(0x00007fd6b67fe000,0x00007fd6b68ff000)]
  0x00007fd6d40c1000 JavaThread "Service Thread" daemon [_thread_blocked, id=24158, stack(0x00007fd6b6b01000,0x00007fd6b6c02000)]
  0x00007fd6d40be000 JavaThread "C1 CompilerThread2" daemon [_thread_blocked, id=24157, stack(0x00007fd6b6c02000,0x00007fd6b6d03000)]
  0x00007fd6d40bc800 JavaThread "C2 CompilerThread1" daemon [_thread_in_native, id=24156, stack(0x00007fd6b6d03000,0x00007fd6b6e04000)]
  0x00007fd6d40b9800 JavaThread "C2 CompilerThread0" daemon [_thread_in_native, id=24155, stack(0x00007fd6b6e04000,0x00007fd6b6f05000)]
  0x00007fd6d40b8000 JavaThread "Signal Dispatcher" daemon [_thread_blocked, id=24154, stack(0x00007fd6b6f05000,0x00007fd6b7006000)]
  0x00007fd6d4084000 JavaThread "Finalizer" daemon [_thread_blocked, id=24152, stack(0x00007fd6b72f3000,0x00007fd6b73f4000)]
  0x00007fd6d407f800 JavaThread "Reference Handler" daemon [_thread_blocked, id=24151, stack(0x00007fd6b73f4000,0x00007fd6b74f5000)]
  0x00007fd6d400a000 JavaThread "main" [_thread_blocked, id=24143, stack(0x00007fd6ddbe3000,0x00007fd6ddce4000)]

Other Threads:
  0x00007fd6d4077800 VMThread [stack: 0x00007fd6b74f5000,0x00007fd6b75f6000] [id=24150]
  0x00007fd6d40c4000 WatcherThread [stack: 0x00007fd6b6a00000,0x00007fd6b6b01000] [id=24161]

VM state:synchronizing (normal execution)

VM Mutex/Monitor currently owned by a thread:  ([mutex/lock_event])
[0x00007fd6d4006410] Safepoint_lock - owner thread: 0x00007fd6d4077800
[0x00007fd6d4006490] Threads_lock - owner thread: 0x00007fd6d4077800

Heap:
 PSYoungGen      total 252416K, used 61168K [0x00000000eab00000, 0x00000000ffa00000, 0x0000000100000000)
  eden space 208384K, 8% used [0x00000000eab00000,0x00000000ebbc1c88,0x00000000f7680000)
  from space 44032K, 99% used [0x00000000faf80000,0x00000000fda7a5b8,0x00000000fda80000)
  to   space 58368K, 0% used [0x00000000f7680000,0x00000000f7680000,0x00000000faf80000)
 ParOldGen       total 81920K, used 56178K [0x00000000c0000000, 0x00000000c5000000, 0x00000000eab00000)
  object space 81920K, 68% used [0x00000000c0000000,0x00000000c36dcab8,0x00000000c5000000)
 Metaspace       used 6273K, capacity 7344K, committed 7552K, reserved 1056768K
  class space    used 594K, capacity 616K, committed 640K, reserved 1048576K

Card table byte_map: [0x00007fd6da7a4000,0x00007fd6da9a5000] byte_map_base: 0x00007fd6da1a4000

Marking Bits: (ParMarkBitMap*) 0x00007fd6dd0c2d60
 Begin Bits: [0x00007fd6d824a000, 0x00007fd6d924a000)
 End Bits:   [0x00007fd6d924a000, 0x00007fd6da24a000)

Polling page: 0x00007fd6ddd11000

CodeCache: size=245760Kb used=8387Kb max_used=8400Kb free=237372Kb
 bounds [0x00007fd6c5000000, 0x00007fd6c5840000, 0x00007fd6d4000000]
 total_blobs=2289 nmethods=2028 adapters=175
 compilation: enabled

Compilation events (10 events):
Event: 17.124 Thread 0x00007fd6d40bc800 nmethod 2021 0x00007fd6c5833d90 code [0x00007fd6c5834180, 0x00007fd6c5836198]
Event: 17.124 Thread 0x00007fd6d40bc800 2108       4       com.android.dx.dex.code.OutputFinisher::addConstants (93 bytes)
Event: 17.144 Thread 0x00007fd6d40be000 2331       2       com.android.dx.dex.file.CodeItem::place0 (88 bytes)
Event: 17.145 Thread 0x00007fd6d40be000 nmethod 2331 0x00007fd6c582f4d0 code [0x00007fd6c582f6c0, 0x00007fd6c582fbd8]
Event: 17.146 Thread 0x00007fd6d40be000 2332       2       com.android.dx.dex.code.OutputFinisher::assignAddressesAndFixBranches (15 bytes)
Event: 17.146 Thread 0x00007fd6d40be000 nmethod 2332 0x00007fd6c582f090 code [0x00007fd6c582f200, 0x00007fd6c582f3f8]
Event: 17.165 Thread 0x00007fd6d40be000 2333       2       java.util.ArrayList::toArray (60 bytes)
Event: 17.166 Thread 0x00007fd6d40be000 nmethod 2333 0x00007fd6c5833790 code [0x00007fd6c5833920, 0x00007fd6c5833c78]
Event: 17.166 Thread 0x00007fd6d40be000 2334       2       com.android.dx.dex.code.form.Form10x::isCompatible (23 bytes)
Event: 17.166 Thread 0x00007fd6d40be000 nmethod 2334 0x00007fd6c5833350 code [0x00007fd6c58334c0, 0x00007fd6c5833690]

GC Heap History (10 events):
Event: 6.274 GC heap before
{Heap before GC invocations=5 (full 1):
 PSYoungGen      total 101888K, used 3571K [0x00000000eab00000, 0x00000000f1200000, 0x0000000100000000)
  eden space 98304K, 0% used [0x00000000eab00000,0x00000000eab00000,0x00000000f0b00000)
  from space 3584K, 99% used [0x00000000f0e80000,0x00000000f11fccb0,0x00000000f1200000)
  to   space 3584K, 0% used [0x00000000f0b00000,0x00000000f0b00000,0x00000000f0e80000)
 ParOldGen       total 64512K, used 47029K [0x00000000c0000000, 0x00000000c3f00000, 0x00000000eab00000)
  object space 64512K, 72% used [0x00000000c0000000,0x00000000c2ded778,0x00000000c3f00000)
 Metaspace       used 5703K, capacity 6896K, committed 7040K, reserved 1056768K
  class space    used 575K, capacity 616K, committed 640K, reserved 1048576K
Event: 6.789 GC heap after
Heap after GC invocations=5 (full 1):
 PSYoungGen      total 101888K, used 0K [0x00000000eab00000, 0x00000000f1200000, 0x0000000100000000)
  eden space 98304K, 0% used [0x00000000eab00000,0x00000000eab00000,0x00000000f0b00000)
  from space 3584K, 0% used [0x00000000f0e80000,0x00000000f0e80000,0x00000000f1200000)
  to   space 3584K, 0% used [0x00000000f0b00000,0x00000000f0b00000,0x00000000f0e80000)
 ParOldGen       total 81920K, used 20647K [0x00000000c0000000, 0x00000000c5000000, 0x00000000eab00000)
  object space 81920K, 25% used [0x00000000c0000000,0x00000000c1429d98,0x00000000c5000000)
 Metaspace       used 5703K, capacity 6896K, committed 7040K, reserved 1056768K
  class space    used 575K, capacity 616K, committed 640K, reserved 1048576K
}
Event: 8.159 GC heap before
{Heap before GC invocations=6 (full 1):
 PSYoungGen      total 101888K, used 98304K [0x00000000eab00000, 0x00000000f1200000, 0x0000000100000000)
  eden space 98304K, 100% used [0x00000000eab00000,0x00000000f0b00000,0x00000000f0b00000)
  from space 3584K, 0% used [0x00000000f0e80000,0x00000000f0e80000,0x00000000f1200000)
  to   space 3584K, 0% used [0x00000000f0b00000,0x00000000f0b00000,0x00000000f0e80000)
 ParOldGen       total 81920K, used 20647K [0x00000000c0000000, 0x00000000c5000000, 0x00000000eab00000)
  object space 81920K, 25% used [0x00000000c0000000,0x00000000c1429d98,0x00000000c5000000)
 Metaspace       used 5786K, capacity 6960K, committed 7040K, reserved 1056768K
  class space    used 575K, capacity 616K, committed 640K, reserved 1048576K
Event: 8.239 GC heap after
Heap after GC invocations=6 (full 1):
 PSYoungGen      total 101888K, used 3581K [0x00000000eab00000, 0x00000000f7080000, 0x0000000100000000)
  eden space 98304K, 0% used [0x00000000eab00000,0x00000000eab00000,0x00000000f0b00000)
  from space 3584K, 99% used [0x00000000f0b00000,0x00000000f0e7f668,0x00000000f0e80000)
  to   space 27136K, 0% used [0x00000000f5600000,0x00000000f5600000,0x00000000f7080000)
 ParOldGen       total 81920K, used 28534K [0x00000000c0000000, 0x00000000c5000000, 0x00000000eab00000)
  object space 81920K, 34% used [0x00000000c0000000,0x00000000c1bdda00,0x00000000c5000000)
 Metaspace       used 5786K, capacity 6960K, committed 7040K, reserved 1056768K
  class space    used 575K, capacity 616K, committed 640K, reserved 1048576K
}
Event: 9.580 GC heap before
{Heap before GC invocations=7 (full 1):
 PSYoungGen      total 101888K, used 101885K [0x00000000eab00000, 0x00000000f7080000, 0x0000000100000000)
  eden space 98304K, 100% used [0x00000000eab00000,0x00000000f0b00000,0x00000000f0b00000)
  from space 3584K, 99% used [0x00000000f0b00000,0x00000000f0e7f668,0x00000000f0e80000)
  to   space 27136K, 0% used [0x00000000f5600000,0x00000000f5600000,0x00000000f7080000)
 ParOldGen       total 81920K, used 28534K [0x00000000c0000000, 0x00000000c5000000, 0x00000000eab00000)
  object space 81920K, 34% used [0x00000000c0000000,0x00000000c1bdda00,0x00000000c5000000)
 Metaspace       used 5888K, capacity 7024K, committed 7296K, reserved 1056768K
  class space    used 575K, capacity 616K, committed 640K, reserved 1048576K
Event: 9.797 GC heap after
Heap after GC invocations=7 (full 1):
 PSYoungGen      total 168960K, used 27124K [0x00000000eab00000, 0x00000000f8100000, 0x0000000100000000)
  eden space 141824K, 0% used [0x00000000eab00000,0x00000000eab00000,0x00000000f3580000)
  from space 27136K, 99% used [0x00000000f5600000,0x00000000f707d058,0x00000000f7080000)
  to   space 33280K, 0% used [0x00000000f3580000,0x00000000f3580000,0x00000000f5600000)
 ParOldGen       total 81920K, used 30710K [0x00000000c0000000, 0x00000000c5000000, 0x00000000eab00000)
  object space 81920K, 37% used [0x00000000c0000000,0x00000000c1dfdae0,0x00000000c5000000)
 Metaspace       used 5888K, capacity 7024K, committed 7296K, reserved 1056768K
  class space    used 575K, capacity 616K, committed 640K, reserved 1048576K
}
Event: 12.636 GC heap before
{Heap before GC invocations=8 (full 1):
 PSYoungGen      total 168960K, used 168948K [0x00000000eab00000, 0x00000000f8100000, 0x0000000100000000)
  eden space 141824K, 100% used [0x00000000eab00000,0x00000000f3580000,0x00000000f3580000)
  from space 27136K, 99% used [0x00000000f5600000,0x00000000f707d058,0x00000000f7080000)
  to   space 33280K, 0% used [0x00000000f3580000,0x00000000f3580000,0x00000000f5600000)
 ParOldGen       total 81920K, used 30710K [0x00000000c0000000, 0x00000000c5000000, 0x00000000eab00000)
  object space 81920K, 37% used [0x00000000c0000000,0x00000000c1dfdae0,0x00000000c5000000)
 Metaspace       used 5931K, capacity 7088K, committed 7296K, reserved 1056768K
  class space    used 575K, capacity 616K, committed 640K, reserved 1048576K
Event: 13.029 GC heap after
Heap after GC invocations=8 (full 1):
 PSYoungGen      total 175104K, used 33264K [0x00000000eab00000, 0x00000000fda80000, 0x0000000100000000)
  eden space 141824K, 0% used [0x00000000eab00000,0x00000000eab00000,0x00000000f3580000)
  from space 33280K, 99% used [0x00000000f3580000,0x00000000f55fc1a0,0x00000000f5600000)
  to   space 44032K, 0% used [0x00000000faf80000,0x00000000faf80000,0x00000000fda80000)
 ParOldGen       total 81920K, used 40216K [0x00000000c0000000, 0x00000000c5000000, 0x00000000eab00000)
  object space 81920K, 49% used [0x00000000c0000000,0x00000000c2746038,0x00000000c5000000)
 Metaspace       used 5931K, capacity 7088K, committed 7296K, reserved 1056768K
  class space    used 575K, capacity 616K, committed 640K, reserved 1048576K
}
Event: 14.966 GC heap before
{Heap before GC invocations=9 (full 1):
 PSYoungGen      total 175104K, used 175088K [0x00000000eab00000, 0x00000000fda80000, 0x0000000100000000)
  eden space 141824K, 100% used [0x00000000eab00000,0x00000000f3580000,0x00000000f3580000)
  from space 33280K, 99% used [0x00000000f3580000,0x00000000f55fc1a0,0x00000000f5600000)
  to   space 44032K, 0% used [0x00000000faf80000,0x00000000faf80000,0x00000000fda80000)
 ParOldGen       total 81920K, used 40216K [0x00000000c0000000, 0x00000000c5000000, 0x00000000eab00000)
  object space 81920K, 49% used [0x00000000c0000000,0x00000000c2746038,0x00000000c5000000)
 Metaspace       used 5979K, capacity 7088K, committed 7296K, reserved 1056768K
  class space    used 575K, capacity 616K, committed 640K, reserved 1048576K
Event: 15.296 GC heap after
Heap after GC invocations=9 (full 1):
 PSYoungGen      total 252416K, used 44009K [0x00000000eab00000, 0x00000000ffa00000, 0x0000000100000000)
  eden space 208384K, 0% used [0x00000000eab00000,0x00000000eab00000,0x00000000f7680000)
  from space 44032K, 99% used [0x00000000faf80000,0x00000000fda7a5b8,0x00000000fda80000)
  to   space 58368K, 0% used [0x00000000f7680000,0x00000000f7680000,0x00000000faf80000)
 ParOldGen       total 81920K, used 56178K [0x00000000c0000000, 0x00000000c5000000, 0x00000000eab00000)
  object space 81920K, 68% used [0x00000000c0000000,0x00000000c36dcab8,0x00000000c5000000)
 Metaspace       used 5979K, capacity 7088K, committed 7296K, reserved 1056768K
  class space    used 575K, capacity 616K, committed 640K, reserved 1048576K
}

Deoptimization events (10 events):
Event: 15.373 Thread 0x00007fd6d4123800 Uncommon trap: reason=class_check action=maybe_recompile pc=0x00007fd6c54abb68 method=java.util.Arrays.hashCode([Ljava/lang/Object;)I @ 43
Event: 15.373 Thread 0x00007fd6d4123800 Uncommon trap: reason=class_check action=maybe_recompile pc=0x00007fd6c54abb68 method=java.util.Arrays.hashCode([Ljava/lang/Object;)I @ 43
Event: 15.377 Thread 0x00007fd6d4123800 Uncommon trap: reason=bimorphic action=maybe_recompile pc=0x00007fd6c526e71c method=java.util.HashMap.getNode(ILjava/lang/Object;)Ljava/util/HashMap$Node; @ 126
Event: 15.444 Thread 0x00007fd6d4123800 Uncommon trap: reason=bimorphic action=maybe_recompile pc=0x00007fd6c526e71c method=java.util.HashMap.getNode(ILjava/lang/Object;)Ljava/util/HashMap$Node; @ 126
Event: 15.444 Thread 0x00007fd6d4123800 Uncommon trap: reason=bimorphic action=maybe_recompile pc=0x00007fd6c526e71c method=java.util.HashMap.getNode(ILjava/lang/Object;)Ljava/util/HashMap$Node; @ 126
Event: 16.445 Thread 0x00007fd6d4123800 Uncommon trap: reason=class_check action=maybe_recompile pc=0x00007fd6c5351004 method=java.util.Arrays.equals([Ljava/lang/Object;[Ljava/lang/Object;)Z @ 62
Event: 16.445 Thread 0x00007fd6d4123800 Uncommon trap: reason=class_check action=maybe_recompile pc=0x00007fd6c5351004 method=java.util.Arrays.equals([Ljava/lang/Object;[Ljava/lang/Object;)Z @ 62
Event: 16.445 Thread 0x00007fd6d4123800 Uncommon trap: reason=class_check action=maybe_recompile pc=0x00007fd6c5351004 method=java.util.Arrays.equals([Ljava/lang/Object;[Ljava/lang/Object;)Z @ 62
Event: 16.445 Thread 0x00007fd6d4123800 Uncommon trap: reason=class_check action=maybe_recompile pc=0x00007fd6c5351004 method=java.util.Arrays.equals([Ljava/lang/Object;[Ljava/lang/Object;)Z @ 62
Event: 16.610 Thread 0x00007fd6d4123800 Uncommon trap: reason=unstable_if action=reinterpret pc=0x00007fd6c575d698 method=com.android.dx.rop.code.RegisterSpecSet.equals(Ljava/lang/Object;)Z @ 30

Internal exceptions (4 events):
Event: 0.184 Thread 0x00007fd6d400a000 Exception <a 'java/lang/NoSuchMethodError': Method sun.misc.Unsafe.defineClass(Ljava/lang/String;[BII)Ljava/lang/Class; name or signature does not match> (0x00000000eab07cc0) thrown at [/HUDSON/workspace/8-2-build-linux-amd64/jdk8u91/6644/hotspot/src/shar
Event: 0.184 Thread 0x00007fd6d400a000 Exception <a 'java/lang/NoSuchMethodError': Method sun.misc.Unsafe.prefetchRead(Ljava/lang/Object;J)V name or signature does not match> (0x00000000eab07fa8) thrown at [/HUDSON/workspace/8-2-build-linux-amd64/jdk8u91/6644/hotspot/src/share/vm/prims/jni.cpp
Event: 1.824 Thread 0x00007fd6d400a000 Implicit null exception at 0x00007fd6c526f77b to 0x00007fd6c5271305
Event: 17.176 Thread 0x00007fd6d4123800 Implicit null exception at 0x00007fd6c57d533b to 0x0000000000000000

Events (10 events):
Event: 16.446 loading class com/android/dx/util/ByteArrayAnnotatedOutput done
Event: 16.610 Thread 0x00007fd6d4123800 Uncommon trap: trap_request=0xffffff65 fr.pc=0x00007fd6c575d698
Event: 16.610 Thread 0x00007fd6d4123800 DEOPT PACKING pc=0x00007fd6c575d698 sp=0x00007fd6b68fcd10
Event: 16.610 Thread 0x00007fd6d4123800 DEOPT UNPACKING pc=0x00007fd6c5005229 sp=0x00007fd6b68fccb0 mode 2
Event: 16.644 Thread 0x00007fd6d4123800 DEOPT PACKING pc=0x00007fd6c57eeac0 sp=0x00007fd6b68fcc90
Event: 16.644 Thread 0x00007fd6d4123800 DEOPT UNPACKING pc=0x00007fd6c5047633 sp=0x00007fd6b68fca30 mode 0
Event: 16.752 Thread 0x00007fd6d4123800 DEOPT PACKING pc=0x00007fd6c57f1d01 sp=0x00007fd6b68fce60
Event: 16.752 Thread 0x00007fd6d4123800 DEOPT UNPACKING pc=0x00007fd6c5047633 sp=0x00007fd6b68fcca0 mode 0
Event: 16.982 Thread 0x00007fd6d4123800 DEOPT PACKING pc=0x00007fd6c57b4f9a sp=0x00007fd6b68fccf0
Event: 16.982 Thread 0x00007fd6d4123800 DEOPT UNPACKING pc=0x00007fd6c5047633 sp=0x00007fd6b68fca58 mode 0


Dynamic libraries:
00400000-00401000 r-xp 00000000 08:01 3016174                            /usr/lib/jvm/java-8-oracle/bin/java
00600000-00601000 rw-p 00000000 08:01 3016174                            /usr/lib/jvm/java-8-oracle/bin/java
00e43000-00e64000 rw-p 00000000 00:00 0                                  [heap]
c0000000-c5000000 rw-p 00000000 00:00 0 
c5000000-eab00000 ---p 00000000 00:00 0 
eab00000-ffa00000 rw-p 00000000 00:00 0 
ffa00000-100000000 ---p 00000000 00:00 0 
100000000-1000a0000 rw-p 00000000 00:00 0 
1000a0000-140000000 ---p 00000000 00:00 0 
7fd674000000-7fd6742aa000 rw-p 00000000 00:00 0 
7fd6742aa000-7fd678000000 ---p 00000000 00:00 0 
7fd67c000000-7fd67c021000 rw-p 00000000 00:00 0 
7fd67c021000-7fd680000000 ---p 00000000 00:00 0 
7fd680000000-7fd680030000 rw-p 00000000 00:00 0 
7fd680030000-7fd684000000 ---p 00000000 00:00 0 
7fd684000000-7fd68404a000 rw-p 00000000 00:00 0 
7fd68404a000-7fd688000000 ---p 00000000 00:00 0 
7fd688000000-7fd688021000 rw-p 00000000 00:00 0 
7fd688021000-7fd68c000000 ---p 00000000 00:00 0 
7fd68c000000-7fd68c021000 rw-p 00000000 00:00 0 
7fd68c021000-7fd690000000 ---p 00000000 00:00 0 
7fd690000000-7fd690021000 rw-p 00000000 00:00 0 
7fd690021000-7fd694000000 ---p 00000000 00:00 0 
7fd694000000-7fd694a73000 rw-p 00000000 00:00 0 
7fd694a73000-7fd698000000 ---p 00000000 00:00 0 
7fd698000000-7fd698863000 rw-p 00000000 00:00 0 
7fd698863000-7fd69c000000 ---p 00000000 00:00 0 
7fd69c000000-7fd69c021000 rw-p 00000000 00:00 0 
7fd69c021000-7fd6a0000000 ---p 00000000 00:00 0 
7fd6a0000000-7fd6a0c76000 rw-p 00000000 00:00 0 
7fd6a0c76000-7fd6a4000000 ---p 00000000 00:00 0 
7fd6a4000000-7fd6a4021000 rw-p 00000000 00:00 0 
7fd6a4021000-7fd6a8000000 ---p 00000000 00:00 0 
7fd6a8000000-7fd6a8021000 rw-p 00000000 00:00 0 
7fd6a8021000-7fd6ac000000 ---p 00000000 00:00 0 
7fd6ac000000-7fd6ac021000 rw-p 00000000 00:00 0 
7fd6ac021000-7fd6b0000000 ---p 00000000 00:00 0 
7fd6b0000000-7fd6b0021000 rw-p 00000000 00:00 0 
7fd6b0021000-7fd6b4000000 ---p 00000000 00:00 0 
7fd6b64fb000-7fd6b64fe000 ---p 00000000 00:00 0 
7fd6b64fe000-7fd6b65fc000 rw-p 00000000 00:00 0 
7fd6b65fc000-7fd6b65ff000 ---p 00000000 00:00 0 
7fd6b65ff000-7fd6b66fd000 rw-p 00000000 00:00 0 
7fd6b66fd000-7fd6b6700000 ---p 00000000 00:00 0 
7fd6b6700000-7fd6b67fe000 rw-p 00000000 00:00 0 
7fd6b67fe000-7fd6b6801000 ---p 00000000 00:00 0 
7fd6b6801000-7fd6b68ff000 rw-p 00000000 00:00 0 
7fd6b68ff000-7fd6b6902000 ---p 00000000 00:00 0 
7fd6b6902000-7fd6b6a00000 rw-p 00000000 00:00 0 
7fd6b6a00000-7fd6b6a01000 ---p 00000000 00:00 0 
7fd6b6a01000-7fd6b6b01000 rw-p 00000000 00:00 0 
7fd6b6b01000-7fd6b6b04000 ---p 00000000 00:00 0 
7fd6b6b04000-7fd6b6c02000 rw-p 00000000 00:00 0 
7fd6b6c02000-7fd6b6c05000 ---p 00000000 00:00 0 
7fd6b6c05000-7fd6b6d03000 rw-p 00000000 00:00 0 
7fd6b6d03000-7fd6b6d06000 ---p 00000000 00:00 0 
7fd6b6d06000-7fd6b6e04000 rw-p 00000000 00:00 0 
7fd6b6e04000-7fd6b6e07000 ---p 00000000 00:00 0 
7fd6b6e07000-7fd6b6f05000 rw-p 00000000 00:00 0 
7fd6b6f05000-7fd6b6f08000 ---p 00000000 00:00 0 
7fd6b6f08000-7fd6b7006000 rw-p 00000000 00:00 0 
7fd6b7006000-7fd6b72f3000 r--p 00000000 08:01 2884254                    /usr/lib/locale/locale-archive
7fd6b72f3000-7fd6b72f6000 ---p 00000000 00:00 0 
7fd6b72f6000-7fd6b73f4000 rw-p 00000000 00:00 0 
7fd6b73f4000-7fd6b73f7000 ---p 00000000 00:00 0 
7fd6b73f7000-7fd6b74f5000 rw-p 00000000 00:00 0 
7fd6b74f5000-7fd6b74f6000 ---p 00000000 00:00 0 
7fd6b74f6000-7fd6b8000000 rw-p 00000000 00:00 0 
7fd6b8000000-7fd6b8021000 rw-p 00000000 00:00 0 
7fd6b8021000-7fd6bc000000 ---p 00000000 00:00 0 
7fd6bc000000-7fd6bc021000 rw-p 00000000 00:00 0 
7fd6bc021000-7fd6c0000000 ---p 00000000 00:00 0 
7fd6c0000000-7fd6c0021000 rw-p 00000000 00:00 0 
7fd6c0021000-7fd6c4000000 ---p 00000000 00:00 0 
7fd6c402d000-7fd6c403c000 r--s 000df000 08:01 3938513                    /home/ahmed/Android/Sdk/build-tools/23.0.3/lib/dx.jar
7fd6c403c000-7fd6c45b1000 rw-p 00000000 00:00 0 
7fd6c45b1000-7fd6c478a000 r--s 03d1f000 08:01 3149907                    /usr/lib/jvm/java-8-oracle/jre/lib/rt.jar
7fd6c478a000-7fd6c4ec0000 rw-p 00000000 00:00 0 
7fd6c4ec0000-7fd6c5000000 ---p 00000000 00:00 0 
7fd6c5000000-7fd6c5840000 rwxp 00000000 00:00 0 
7fd6c5840000-7fd6d4000000 ---p 00000000 00:00 0 
7fd6d4000000-7fd6d4391000 rw-p 00000000 00:00 0 
7fd6d4391000-7fd6d8000000 ---p 00000000 00:00 0 
7fd6d8008000-7fd6da24a000 rw-p 00000000 00:00 0 
7fd6da24a000-7fd6da24b000 ---p 00000000 00:00 0 
7fd6da24b000-7fd6da34b000 rw-p 00000000 00:00 0 
7fd6da34b000-7fd6da34c000 ---p 00000000 00:00 0 
7fd6da34c000-7fd6da44c000 rw-p 00000000 00:00 0 
7fd6da44c000-7fd6da44d000 ---p 00000000 00:00 0 
7fd6da44d000-7fd6da54d000 rw-p 00000000 00:00 0 
7fd6da54d000-7fd6da54e000 ---p 00000000 00:00 0 
7fd6da54e000-7fd6da676000 rw-p 00000000 00:00 0 
7fd6da676000-7fd6da7a4000 ---p 00000000 00:00 0 
7fd6da7a4000-7fd6da7cc000 rw-p 00000000 00:00 0 
7fd6da7cc000-7fd6da8f9000 ---p 00000000 00:00 0 
7fd6da8f9000-7fd6da9a1000 rw-p 00000000 00:00 0 
7fd6da9a1000-7fd6da9a4000 ---p 00000000 00:00 0 
7fd6da9a4000-7fd6da9c6000 rw-p 00000000 00:00 0 
7fd6da9c6000-7fd6dad65000 ---p 00000000 00:00 0 
7fd6dad65000-7fd6dad7f000 r-xp 00000000 08:01 3284666                    /usr/lib/jvm/java-8-oracle/jre/lib/amd64/libzip.so
7fd6dad7f000-7fd6daf7f000 ---p 0001a000 08:01 3284666                    /usr/lib/jvm/java-8-oracle/jre/lib/amd64/libzip.so
7fd6daf7f000-7fd6daf80000 rw-p 0001a000 08:01 3284666                    /usr/lib/jvm/java-8-oracle/jre/lib/amd64/libzip.so
7fd6daf80000-7fd6daf8b000 r-xp 00000000 08:01 7999875                    /lib/x86_64-linux-gnu/libnss_files-2.23.so
7fd6daf8b000-7fd6db18a000 ---p 0000b000 08:01 7999875                    /lib/x86_64-linux-gnu/libnss_files-2.23.so
7fd6db18a000-7fd6db18b000 r--p 0000a000 08:01 7999875                    /lib/x86_64-linux-gnu/libnss_files-2.23.so
7fd6db18b000-7fd6db18c000 rw-p 0000b000 08:01 7999875                    /lib/x86_64-linux-gnu/libnss_files-2.23.so
7fd6db18c000-7fd6db192000 rw-p 00000000 00:00 0 
7fd6db192000-7fd6db19d000 r-xp 00000000 08:01 7999868                    /lib/x86_64-linux-gnu/libnss_nis-2.23.so
7fd6db19d000-7fd6db39c000 ---p 0000b000 08:01 7999868                    /lib/x86_64-linux-gnu/libnss_nis-2.23.so
7fd6db39c000-7fd6db39d000 r--p 0000a000 08:01 7999868                    /lib/x86_64-linux-gnu/libnss_nis-2.23.so
7fd6db39d000-7fd6db39e000 rw-p 0000b000 08:01 7999868                    /lib/x86_64-linux-gnu/libnss_nis-2.23.so
7fd6db39e000-7fd6db3b4000 r-xp 00000000 08:01 7999864                    /lib/x86_64-linux-gnu/libnsl-2.23.so
7fd6db3b4000-7fd6db5b3000 ---p 00016000 08:01 7999864                    /lib/x86_64-linux-gnu/libnsl-2.23.so
7fd6db5b3000-7fd6db5b4000 r--p 00015000 08:01 7999864                    /lib/x86_64-linux-gnu/libnsl-2.23.so
7fd6db5b4000-7fd6db5b5000 rw-p 00016000 08:01 7999864                    /lib/x86_64-linux-gnu/libnsl-2.23.so
7fd6db5b5000-7fd6db5b7000 rw-p 00000000 00:00 0 
7fd6db5b7000-7fd6db5bf000 r-xp 00000000 08:01 7999507                    /lib/x86_64-linux-gnu/libnss_compat-2.23.so
7fd6db5bf000-7fd6db7be000 ---p 00008000 08:01 7999507                    /lib/x86_64-linux-gnu/libnss_compat-2.23.so
7fd6db7be000-7fd6db7bf000 r--p 00007000 08:01 7999507                    /lib/x86_64-linux-gnu/libnss_compat-2.23.so
7fd6db7bf000-7fd6db7c0000 rw-p 00008000 08:01 7999507                    /lib/x86_64-linux-gnu/libnss_compat-2.23.so
7fd6db7c0000-7fd6db7ea000 r-xp 00000000 08:01 3284615                    /usr/lib/jvm/java-8-oracle/jre/lib/amd64/libjava.so
7fd6db7ea000-7fd6db9ea000 ---p 0002a000 08:01 3284615                    /usr/lib/jvm/java-8-oracle/jre/lib/amd64/libjava.so
7fd6db9ea000-7fd6db9ec000 rw-p 0002a000 08:01 3284615                    /usr/lib/jvm/java-8-oracle/jre/lib/amd64/libjava.so
7fd6db9ec000-7fd6db9f9000 r-xp 00000000 08:01 3284672                    /usr/lib/jvm/java-8-oracle/jre/lib/amd64/libverify.so
7fd6db9f9000-7fd6dbbf9000 ---p 0000d000 08:01 3284672                    /usr/lib/jvm/java-8-oracle/jre/lib/amd64/libverify.so
7fd6dbbf9000-7fd6dbbfb000 rw-p 0000d000 08:01 3284672                    /usr/lib/jvm/java-8-oracle/jre/lib/amd64/libverify.so
7fd6dbbfb000-7fd6dbc02000 r-xp 00000000 08:01 7999892                    /lib/x86_64-linux-gnu/librt-2.23.so
7fd6dbc02000-7fd6dbe01000 ---p 00007000 08:01 7999892                    /lib/x86_64-linux-gnu/librt-2.23.so
7fd6dbe01000-7fd6dbe02000 r--p 00006000 08:01 7999892                    /lib/x86_64-linux-gnu/librt-2.23.so
7fd6dbe02000-7fd6dbe03000 rw-p 00007000 08:01 7999892                    /lib/x86_64-linux-gnu/librt-2.23.so
7fd6dbe03000-7fd6dbf0b000 r-xp 00000000 08:01 7999886                    /lib/x86_64-linux-gnu/libm-2.23.so
7fd6dbf0b000-7fd6dc10a000 ---p 00108000 08:01 7999886                    /lib/x86_64-linux-gnu/libm-2.23.so
7fd6dc10a000-7fd6dc10b000 r--p 00107000 08:01 7999886                    /lib/x86_64-linux-gnu/libm-2.23.so
7fd6dc10b000-7fd6dc10c000 rw-p 00108000 08:01 7999886                    /lib/x86_64-linux-gnu/libm-2.23.so
7fd6dc10c000-7fd6dcdcc000 r-xp 00000000 08:01 3284648                    /usr/lib/jvm/java-8-oracle/jre/lib/amd64/server/libjvm.so
7fd6dcdcc000-7fd6dcfcc000 ---p 00cc0000 08:01 3284648                    /usr/lib/jvm/java-8-oracle/jre/lib/amd64/server/libjvm.so
7fd6dcfcc000-7fd6dd0a4000 rw-p 00cc0000 08:01 3284648                    /usr/lib/jvm/java-8-oracle/jre/lib/amd64/server/libjvm.so
7fd6dd0a4000-7fd6dd0ef000 rw-p 00000000 00:00 0 
7fd6dd0ef000-7fd6dd2af000 r-xp 00000000 08:01 7999902                    /lib/x86_64-linux-gnu/libc-2.23.so
7fd6dd2af000-7fd6dd4ae000 ---p 001c0000 08:01 7999902                    /lib/x86_64-linux-gnu/libc-2.23.so
7fd6dd4ae000-7fd6dd4b2000 r--p 001bf000 08:01 7999902                    /lib/x86_64-linux-gnu/libc-2.23.so
7fd6dd4b2000-7fd6dd4b4000 rw-p 001c3000 08:01 7999902                    /lib/x86_64-linux-gnu/libc-2.23.so
7fd6dd4b4000-7fd6dd4b8000 rw-p 00000000 00:00 0 
7fd6dd4b8000-7fd6dd4bb000 r-xp 00000000 08:01 7999904                    /lib/x86_64-linux-gnu/libdl-2.23.so
7fd6dd4bb000-7fd6dd6ba000 ---p 00003000 08:01 7999904                    /lib/x86_64-linux-gnu/libdl-2.23.so
7fd6dd6ba000-7fd6dd6bb000 r--p 00002000 08:01 7999904                    /lib/x86_64-linux-gnu/libdl-2.23.so
7fd6dd6bb000-7fd6dd6bc000 rw-p 00003000 08:01 7999904                    /lib/x86_64-linux-gnu/libdl-2.23.so
7fd6dd6bc000-7fd6dd6d1000 r-xp 00000000 08:01 4079274                    /usr/lib/jvm/java-8-oracle/lib/amd64/jli/libjli.so
7fd6dd6d1000-7fd6dd8d1000 ---p 00015000 08:01 4079274                    /usr/lib/jvm/java-8-oracle/lib/amd64/jli/libjli.so
7fd6dd8d1000-7fd6dd8d2000 rw-p 00015000 08:01 4079274                    /usr/lib/jvm/java-8-oracle/lib/amd64/jli/libjli.so
7fd6dd8d2000-7fd6dd8ea000 r-xp 00000000 08:01 7999900                    /lib/x86_64-linux-gnu/libpthread-2.23.so
7fd6dd8ea000-7fd6ddae9000 ---p 00018000 08:01 7999900                    /lib/x86_64-linux-gnu/libpthread-2.23.so
7fd6ddae9000-7fd6ddaea000 r--p 00017000 08:01 7999900                    /lib/x86_64-linux-gnu/libpthread-2.23.so
7fd6ddaea000-7fd6ddaeb000 rw-p 00018000 08:01 7999900                    /lib/x86_64-linux-gnu/libpthread-2.23.so
7fd6ddaeb000-7fd6ddaef000 rw-p 00000000 00:00 0 
7fd6ddaef000-7fd6ddb15000 r-xp 00000000 08:01 7999894                    /lib/x86_64-linux-gnu/ld-2.23.so
7fd6ddb1e000-7fd6ddbe3000 rw-p 00000000 00:00 0 
7fd6ddbe3000-7fd6ddbe6000 ---p 00000000 00:00 0 
7fd6ddbe6000-7fd6ddce8000 rw-p 00000000 00:00 0 
7fd6ddcf4000-7fd6ddd08000 rw-p 00000000 00:00 0 
7fd6ddd08000-7fd6ddd10000 rw-s 00000000 08:01 12853368                   /tmp/hsperfdata_ahmed/24141
7fd6ddd10000-7fd6ddd11000 rw-p 00000000 00:00 0 
7fd6ddd11000-7fd6ddd12000 ---p 00000000 00:00 0 
7fd6ddd12000-7fd6ddd14000 rw-p 00000000 00:00 0 
7fd6ddd14000-7fd6ddd15000 r--p 00025000 08:01 7999894                    /lib/x86_64-linux-gnu/ld-2.23.so
7fd6ddd15000-7fd6ddd16000 rw-p 00026000 08:01 7999894                    /lib/x86_64-linux-gnu/ld-2.23.so
7fd6ddd16000-7fd6ddd17000 rw-p 00000000 00:00 0 
7ffe8b7ad000-7ffe8b7ce000 rw-p 00000000 00:00 0                          [stack]
7ffe8b7e8000-7ffe8b7ea000 r--p 00000000 00:00 0                          [vvar]
7ffe8b7ea000-7ffe8b7ec000 r-xp 00000000 00:00 0                          [vdso]
ffffffffff600000-ffffffffff601000 r-xp 00000000 00:00 0                  [vsyscall]

VM Arguments:
jvm_args: -Djava.awt.headless=true -Xmx1024M -Dfile.encoding=UTF-8 -Duser.country=US -Duser.language=en -Duser.variant 
java_command: com.android.dx.command.Main --dex --force-jumbo --num-threads=4 --multi-dex --output /home/ahmed/AndroidStudioProjects/tienda/app/build/intermediates/transforms/dex/debug/folders/1000/5/slice_6 /home/ahmed/AndroidStudioProjects/tienda/app/build/intermediates/transforms/instantRunSlicer/debug/folders/1/5/slice_6
java_class_path (initial): /home/ahmed/Android/Sdk/build-tools/23.0.3/lib/dx.jar
Launcher Type: SUN_STANDARD

Environment Variables:
JAVA_HOME=/usr/lib/jvm/java-8-oracle
PATH=/usr/local/sbin:/usr/local/bin:/usr/sbin:/usr/bin:/sbin:/bin:/usr/games:/usr/local/games:/snap/bin
LD_LIBRARY_PATH=/home/ahmed/myData/android-studio/bin:
SHELL=/bin/bash
DISPLAY=:0

Signal Handlers:
SIGSEGV: [libjvm.so+0xabca10], sa_mask[0]=11111111011111111101111111111110, sa_flags=SA_RESTART|SA_SIGINFO
SIGBUS: [libjvm.so+0xabca10], sa_mask[0]=11111111011111111101111111111110, sa_flags=SA_RESTART|SA_SIGINFO
SIGFPE: [libjvm.so+0x919a20], sa_mask[0]=11111111011111111101111111111110, sa_flags=SA_RESTART|SA_SIGINFO
SIGPIPE: [libjvm.so+0x919a20], sa_mask[0]=11111111011111111101111111111110, sa_flags=SA_RESTART|SA_SIGINFO
SIGXFSZ: [libjvm.so+0x919a20], sa_mask[0]=11111111011111111101111111111110, sa_flags=SA_RESTART|SA_SIGINFO
SIGILL: [libjvm.so+0x919a20], sa_mask[0]=11111111011111111101111111111110, sa_flags=SA_RESTART|SA_SIGINFO
SIGUSR1: SIG_DFL, sa_mask[0]=00000000000000000000000000000000, sa_flags=none
SIGUSR2: [libjvm.so+0x91b050], sa_mask[0]=00100000000000000000000000000000, sa_flags=SA_RESTART|SA_SIGINFO
SIGHUP: [libjvm.so+0x91c450], sa_mask[0]=11111111011111111101111111111110, sa_flags=SA_RESTART|SA_SIGINFO
SIGINT: [libjvm.so+0x91c450], sa_mask[0]=11111111011111111101111111111110, sa_flags=SA_RESTART|SA_SIGINFO
SIGTERM: [libjvm.so+0x91c450], sa_mask[0]=11111111011111111101111111111110, sa_flags=SA_RESTART|SA_SIGINFO
SIGQUIT: [libjvm.so+0x91c450], sa_mask[0]=11111111011111111101111111111110, sa_flags=SA_RESTART|SA_SIGINFO


---------------  S Y S T E M  ---------------

OS:DISTRIB_ID=Ubuntu
DISTRIB_RELEASE=16.04
DISTRIB_CODENAME=xenial
DISTRIB_DESCRIPTION="Ubuntu 16.04.1 LTS"

uname:Linux 4.4.0-31-generic #50-Ubuntu SMP Wed Jul 13 00:07:12 UTC 2016 x86_64
libc:glibc 2.23 NPTL 2.23 
rlimit: STACK 8192k, CORE 0k, NPROC 23447, NOFILE 65536, AS infinity
load average:12.35 4.95 4.65

/proc/meminfo:
MemTotal:        6041468 kB
MemFree:          215788 kB
MemAvailable:     418008 kB
Buffers:           41228 kB
Cached:           730212 kB
SwapCached:        51584 kB
Active:          4337164 kB
Inactive:        1234392 kB
Active(anon):    4144596 kB
Inactive(anon):  1049692 kB
Active(file):     192568 kB
Inactive(file):   184700 kB
Unevictable:          48 kB
Mlocked:              48 kB
SwapTotal:       6213628 kB
SwapFree:        5778284 kB
Dirty:             10000 kB
Writeback:             0 kB
AnonPages:       4750056 kB
Mapped:           385124 kB
Shmem:            394172 kB
Slab:             123140 kB
SReclaimable:      75500 kB
SUnreclaim:        47640 kB
KernelStack:       15808 kB
PageTables:        60744 kB
NFS_Unstable:          0 kB
Bounce:                0 kB
WritebackTmp:          0 kB
CommitLimit:     9234360 kB
Committed_AS:   12281328 kB
VmallocTotal:   34359738367 kB
VmallocUsed:           0 kB
VmallocChunk:          0 kB
HardwareCorrupted:     0 kB
AnonHugePages:   2813952 kB
CmaTotal:              0 kB
CmaFree:               0 kB
HugePages_Total:       0
HugePages_Free:        0
HugePages_Rsvd:        0
HugePages_Surp:        0
Hugepagesize:       2048 kB
DirectMap4k:      202048 kB
DirectMap2M:     6021120 kB


CPU:total 4 (2 cores per cpu, 2 threads per core) family 6 model 42 stepping 7, cmov, cx8, fxsr, mmx, sse, sse2, sse3, ssse3, sse4.1, sse4.2, popcnt, avx, clmul, ht, tsc, tscinvbit

/proc/cpuinfo:
processor	: 0
vendor_id	: GenuineIntel
cpu family	: 6
model		: 42
model name	: Intel(R) Core(TM) i3-2310M CPU @ 2.10GHz
stepping	: 7
microcode	: 0x14
cpu MHz		: 2099.917
cache size	: 3072 KB
physical id	: 0
siblings	: 4
core id		: 0
cpu cores	: 2
apicid		: 0
initial apicid	: 0
fpu		: yes
fpu_exception	: yes
cpuid level	: 13
wp		: yes
flags		: fpu vme de pse tsc msr pae mce cx8 apic sep mtrr pge mca cmov pat pse36 clflush dts acpi mmx fxsr sse sse2 ss ht tm pbe syscall nx rdtscp lm constant_tsc arch_perfmon pebs bts rep_good nopl xtopology nonstop_tsc aperfmperf eagerfpu pni pclmulqdq dtes64 monitor ds_cpl vmx est tm2 ssse3 cx16 xtpr pdcm pcid sse4_1 sse4_2 x2apic popcnt tsc_deadline_timer xsave avx lahf_lm epb tpr_shadow vnmi flexpriority ept vpid xsaveopt dtherm arat pln pts
bugs		:
bogomips	: 4190.50
clflush size	: 64
cache_alignment	: 64
address sizes	: 36 bits physical, 48 bits virtual
power management:

processor	: 1
vendor_id	: GenuineIntel
cpu family	: 6
model		: 42
model name	: Intel(R) Core(TM) i3-2310M CPU @ 2.10GHz
stepping	: 7
microcode	: 0x14
cpu MHz		: 2100.000
cache size	: 3072 KB
physical id	: 0
siblings	: 4
core id		: 0
cpu cores	: 2
apicid		: 1
initial apicid	: 1
fpu		: yes
fpu_exception	: yes
cpuid level	: 13
wp		: yes
flags		: fpu vme de pse tsc msr pae mce cx8 apic sep mtrr pge mca cmov pat pse36 clflush dts acpi mmx fxsr sse sse2 ss ht tm pbe syscall nx rdtscp lm constant_tsc arch_perfmon pebs bts rep_good nopl xtopology nonstop_tsc aperfmperf eagerfpu pni pclmulqdq dtes64 monitor ds_cpl vmx est tm2 ssse3 cx16 xtpr pdcm pcid sse4_1 sse4_2 x2apic popcnt tsc_deadline_timer xsave avx lahf_lm epb tpr_shadow vnmi flexpriority ept vpid xsaveopt dtherm arat pln pts
bugs		:
bogomips	: 4190.50
clflush size	: 64
cache_alignment	: 64
address sizes	: 36 bits physical, 48 bits virtual
power management:

processor	: 2
vendor_id	: GenuineIntel
cpu family	: 6
model		: 42
model name	: Intel(R) Core(TM) i3-2310M CPU @ 2.10GHz
stepping	: 7
microcode	: 0x14
cpu MHz		: 2099.917
cache size	: 3072 KB
physical id	: 0
siblings	: 4
core id		: 1
cpu cores	: 2
apicid		: 2
initial apicid	: 2
fpu		: yes
fpu_exception	: yes
cpuid level	: 13
wp		: yes
flags		: fpu vme de pse tsc msr pae mce cx8 apic sep mtrr pge mca cmov pat pse36 clflush dts acpi mmx fxsr sse sse2 ss ht tm pbe syscall nx rdtscp lm constant_tsc arch_perfmon pebs bts rep_good nopl xtopology nonstop_tsc aperfmperf eagerfpu pni pclmulqdq dtes64 monitor ds_cpl vmx est tm2 ssse3 cx16 xtpr pdcm pcid sse4_1 sse4_2 x2apic popcnt tsc_deadline_timer xsave avx lahf_lm epb tpr_shadow vnmi flexpriority ept vpid xsaveopt dtherm arat pln pts
bugs		:
bogomips	: 4190.50
clflush size	: 64
cache_alignment	: 64
address sizes	: 36 bits physical, 48 bits virtual
power management:

processor	: 3
vendor_id	: GenuineIntel
cpu family	: 6
model		: 42
model name	: Intel(R) Core(TM) i3-2310M CPU @ 2.10GHz
stepping	: 7
microcode	: 0x14
cpu MHz		: 2099.917
cache size	: 3072 KB
physical id	: 0
siblings	: 4
core id		: 1
cpu cores	: 2
apicid		: 3
initial apicid	: 3
fpu		: yes
fpu_exception	: yes
cpuid level	: 13
wp		: yes
flags		: fpu vme de pse tsc msr pae mce cx8 apic sep mtrr pge mca cmov pat pse36 clflush dts acpi mmx fxsr sse sse2 ss ht tm pbe syscall nx rdtscp lm constant_tsc arch_perfmon pebs bts rep_good nopl xtopology nonstop_tsc aperfmperf eagerfpu pni pclmulqdq dtes64 monitor ds_cpl vmx est tm2 ssse3 cx16 xtpr pdcm pcid sse4_1 sse4_2 x2apic popcnt tsc_deadline_timer xsave avx lahf_lm epb tpr_shadow vnmi flexpriority ept vpid xsaveopt dtherm arat pln pts
bugs		:
bogomips	: 4190.50
clflush size	: 64
cache_alignment	: 64
address sizes	: 36 bits physical, 48 bits virtual
power management:



Memory: 4k page, physical 6041468k(215788k free), swap 6213628k(5778284k free)

vm_info: Java HotSpot(TM) 64-Bit Server VM (25.91-b14) for linux-amd64 JRE (1.8.0_91-b14), built on Apr  1 2016 00:57:21 by "java_re" with gcc 4.3.0 20080428 (Red Hat 4.3.0-8)

time: Sun Aug  7 17:26:27 2016
elapsed time: 17 seconds (0d 0h 0m 17s)

