#
# A fatal error has been detected by the Java Runtime Environment:
#
#  SIGSEGV (0xb) at pc=0x00007f22b8c3cc25, pid=29097, tid=139786941638400
#
# JRE version: Java(TM) SE Runtime Environment (8.0_91-b14) (build 1.8.0_91-b14)
# Java VM: Java HotSpot(TM) 64-Bit Server VM (25.91-b14 mixed mode linux-amd64 compressed oops)
# Problematic frame:
# J 1566 C1 com.android.dx.dex.code.OutputFinisher.align64bits([Lcom/android/dx/dex/code/Dop;)V (247 bytes) @ 0x00007f22b8c3cc25 [0x00007f22b8c3c5e0+0x645]
#
# Failed to write core dump. Core dumps have been disabled. To enable core dumping, try "ulimit -c unlimited" before starting Java again
#
# If you would like to submit a bug report, please visit:
#   http://bugreport.java.com/bugreport/crash.jsp
#

---------------  T H R E A D  ---------------

Current thread (0x00007f22c8149800):  JavaThread "pool-1-thread-1" [_thread_in_Java, id=29127, stack(0x00007f22aef02000,0x00007f22af003000)]

siginfo: si_signo: 11 (SIGSEGV), si_code: 1 (SEGV_MAPERR), si_addr: 0x0000000020003865

Registers:
RAX=0x00000000c07879f8, RBX=0x000000010008bff8, RCX=0x0000000000000000, RDX=0x00000000c07879f8
RSP=0x00007f22af0010d0, RBP=0x00007f22af0011f8, RSI=0x0000000020003859, RDI=0x00000000ede00ef0
R8 =0x0000000000000000, R9 =0x00000000c0787760, R10=0x00000000c07879f8, R11=0x00000000001e2a98
R12=0x0000000000000000, R13=0x00007f22b5a26798, R14=0x00007f22af001210, R15=0x00007f22c8149800
RIP=0x00007f22b8c3cc25, EFLAGS=0x0000000000010202, CSGSFS=0x0000000000000033, ERR=0x0000000000000004
  TRAPNO=0x000000000000000e

Top of Stack: (sp=0x00007f22af0010d0)
0x00007f22af0010d0:   00007f22af0012b0 00007f22b8c0c974
0x00007f22af0010e0:   00007f22af001148 00007f22b87bbd00
0x00007f22af0010f0:   00007f22af001160 00007f22b87bbd00
0x00007f22af001100:   00000000eae5d490 00007f22b87bbd00
0x00007f22af001110:   00000000eaf6c298 00000000c0787720
0x00007f22af001120:   00007f22af001120 00007f22b5970c04
0x00007f22af001130:   00007f22af0011b0 00007f22b5972180
0x00007f22af001140:   00007f22b5a27b68 00000000eaf6c310
0x00007f22af001150:   0000000000000000 0000000000000000
0x00007f22af001160:   0000000000000001 00000000c0787720
0x00007f22af001170:   00000000eaf6c298 00000000ede00ef0
0x00007f22af001180:   00000000edaba7b0 0000000000000000
0x00007f22af001190:   00007f22af0011f8 00007f22b87bc2bd
0x00007f22af0011a0:   00007f22b87bc2bd 00000000eaf6c298
0x00007f22af0011b0:   00000000c0787720 00007f22af0011b8
0x00007f22af0011c0:   00007f22b59709f0 00007f22af001210
0x00007f22af0011d0:   00007f22b5972180 0000000000000000
0x00007f22af0011e0:   00007f22b5970a40 00007f22af0011a8
0x00007f22af0011f0:   00007f22af001210 00007f22af001260
0x00007f22af001200:   00007f22b87bc040 00000000eaf6c298
0x00007f22af001210:   00000000c0787720 00000000c07876f8
0x00007f22af001220:   00007f22af001220 00007f22b5981195
0x00007f22af001230:   00007f22af001270 00007f22b5981938
0x00007f22af001240:   0000000000000000 00007f22b59811e8
0x00007f22af001250:   00007f22af001210 00007f22af001270
0x00007f22af001260:   00007f22af0012b8 00007f22b87bc2bd
0x00007f22af001270:   00000000c07876f8 00007f22af001278
0x00007f22af001280:   00007f22b59816b1 00007f22af0012c8
0x00007f22af001290:   00007f22b5981938 0000000000000000
0x00007f22af0012a0:   00007f22b59816d0 00007f22af001270
0x00007f22af0012b0:   00007f22af0012c8 00007f22af001310
0x00007f22af0012c0:   00007f22b87bc040 00000000c07876f8 

Instructions: (pc=0x00007f22b8c3cc25)
0x00007f22b8c3cc05:   00 00 48 be b0 1c 84 b5 22 7f 00 00 41 81 e3 f8
0x00007f22b8c3cc15:   ff 7f 00 41 83 fb 00 0f 84 4f 0f 00 00 8b 77 10
0x00007f22b8c3cc25:   8b 76 0c 44 3b c6 48 be 98 67 a2 b5 22 7f 00 00
0x00007f22b8c3cc35:   49 bb 48 02 00 00 00 00 00 00 0f 8d 0a 00 00 00 

Register to memory mapping:

RAX=0x00000000c07879f8 is an oop
com.android.dx.dex.code.CodeAddress 
 - klass: 'com/android/dx/dex/code/CodeAddress'
RBX=0x000000010008bff8 is pointing into metadata
RCX=0x0000000000000000 is an unknown value
RDX=0x00000000c07879f8 is an oop
com.android.dx.dex.code.CodeAddress 
 - klass: 'com/android/dx/dex/code/CodeAddress'
RSP=0x00007f22af0010d0 is pointing into the stack for thread: 0x00007f22c8149800
RBP=0x00007f22af0011f8 is pointing into the stack for thread: 0x00007f22c8149800
RSI=0x0000000020003859 is an unknown value
RDI=0x00000000ede00ef0 is an oop

[error occurred during error reporting (printing register info), id 0xb]

Stack: [0x00007f22aef02000,0x00007f22af003000],  sp=0x00007f22af0010d0,  free space=1020k
Native frames: (J=compiled Java code, j=interpreted, Vv=VM code, C=native code)
J 1566 C1 com.android.dx.dex.code.OutputFinisher.align64bits([Lcom/android/dx/dex/code/Dop;)V (247 bytes) @ 0x00007f22b8c3cc25 [0x00007f22b8c3c5e0+0x645]
j  com.android.dx.dex.code.OutputFinisher.finishProcessingAndGetList()Lcom/android/dx/dex/code/DalvInsnList;+40
j  com.android.dx.dex.code.DalvCode.finishProcessingIfNecessary()V+13
j  com.android.dx.dex.code.DalvCode.getInsns()Lcom/android/dx/dex/code/DalvInsnList;+1
j  com.android.dx.dex.file.CodeItem.place0(Lcom/android/dx/dex/file/Section;I)V+55
J 1474 C1 com.android.dx.dex.file.OffsettedItem.place(Lcom/android/dx/dex/file/Section;I)I (78 bytes) @ 0x00007f22b8c02904 [0x00007f22b8c02840+0xc4]
j  com.android.dx.dex.file.MixedItemSection.placeItems()V+94
j  com.android.dx.dex.file.DexFile.toDex0(ZZ)Lcom/android/dx/util/ByteArrayAnnotatedOutput;+195
j  com.android.dx.dex.file.DexFile.toDex(Ljava/io/Writer;Z)[B+13
j  com.android.dx.command.dexer.Main.writeDex(Lcom/android/dx/dex/file/DexFile;)[B+44
j  com.android.dx.command.dexer.Main.access$3000(Lcom/android/dx/dex/file/DexFile;)[B+1
j  com.android.dx.command.dexer.Main$DexWriter.call()[B+4
j  com.android.dx.command.dexer.Main$DexWriter.call()Ljava/lang/Object;+1
j  java.util.concurrent.FutureTask.run()V+42
j  java.util.concurrent.ThreadPoolExecutor.runWorker(Ljava/util/concurrent/ThreadPoolExecutor$Worker;)V+95
j  java.util.concurrent.ThreadPoolExecutor$Worker.run()V+5
j  java.lang.Thread.run()V+11
v  ~StubRoutines::call_stub
V  [libjvm.so+0x68dbc6]  JavaCalls::call_helper(JavaValue*, methodHandle*, JavaCallArguments*, Thread*)+0x1056
V  [libjvm.so+0x68e0d1]  JavaCalls::call_virtual(JavaValue*, KlassHandle, Symbol*, Symbol*, JavaCallArguments*, Thread*)+0x321
V  [libjvm.so+0x68e567]  JavaCalls::call_virtual(JavaValue*, Handle, KlassHandle, Symbol*, Symbol*, Thread*)+0x47
V  [libjvm.so+0x7254b0]  thread_entry(JavaThread*, Thread*)+0xa0
V  [libjvm.so+0xa6b77f]  JavaThread::thread_main_inner()+0xdf
V  [libjvm.so+0xa6b8ac]  JavaThread::run()+0x11c
V  [libjvm.so+0x91ef78]  java_start(Thread*)+0x108
C  [libpthread.so.0+0x8184]  start_thread+0xc4


---------------  P R O C E S S  ---------------

Java Threads: ( => current thread )
=>0x00007f22c8149800 JavaThread "pool-1-thread-1" [_thread_in_Java, id=29127, stack(0x00007f22aef02000,0x00007f22af003000)]
  0x00007f22c80c1000 JavaThread "Service Thread" daemon [_thread_blocked, id=29115, stack(0x00007f22af205000,0x00007f22af306000)]
  0x00007f22c80be800 JavaThread "C1 CompilerThread2" daemon [_thread_in_native, id=29113, stack(0x00007f22af306000,0x00007f22af407000)]
  0x00007f22c80bc800 JavaThread "C2 CompilerThread1" daemon [_thread_in_native, id=29112, stack(0x00007f22af407000,0x00007f22af508000)]
  0x00007f22c80b9800 JavaThread "C2 CompilerThread0" daemon [_thread_in_native, id=29111, stack(0x00007f22af508000,0x00007f22af609000)]
  0x00007f22c80b8000 JavaThread "Signal Dispatcher" daemon [_thread_blocked, id=29110, stack(0x00007f22af609000,0x00007f22af70a000)]
  0x00007f22c8084000 JavaThread "Finalizer" daemon [_thread_blocked, id=29108, stack(0x00007f22afdfe000,0x00007f22afeff000)]
  0x00007f22c807f800 JavaThread "Reference Handler" daemon [_thread_blocked, id=29107, stack(0x00007f22afeff000,0x00007f22b0000000)]
  0x00007f22c800a000 JavaThread "main" [_thread_blocked, id=29101, stack(0x00007f22ce7a2000,0x00007f22ce8a3000)]

Other Threads:
  0x00007f22c8078000 VMThread [stack: 0x00007f22b40eb000,0x00007f22b41ec000] [id=29106]
  0x00007f22c80c4000 WatcherThread [stack: 0x00007f22af104000,0x00007f22af205000] [id=29116]

VM state:not at safepoint (normal execution)

VM Mutex/Monitor currently owned by a thread: None

Heap:
 PSYoungGen      total 51712K, used 8174K [0x00000000eab00000, 0x00000000f1000000, 0x0000000100000000)
  eden space 48128K, 9% used [0x00000000eab00000,0x00000000eaf83a40,0x00000000eda00000)
  from space 3584K, 99% used [0x00000000eda00000,0x00000000edd78048,0x00000000edd80000)
  to   space 3584K, 0% used [0x00000000f0c80000,0x00000000f0c80000,0x00000000f1000000)
 ParOldGen       total 62976K, used 11910K [0x00000000c0000000, 0x00000000c3d80000, 0x00000000eab00000)
  object space 62976K, 18% used [0x00000000c0000000,0x00000000c0ba1868,0x00000000c3d80000)
 Metaspace       used 6131K, capacity 7024K, committed 7296K, reserved 1056768K
  class space    used 609K, capacity 616K, committed 640K, reserved 1048576K

Card table byte_map: [0x00007f22b81f3000,0x00007f22b83f4000] byte_map_base: 0x00007f22b7bf3000

Marking Bits: (ParMarkBitMap*) 0x00007f22cdc7cd60
 Begin Bits: [0x00007f22b5def000, 0x00007f22b6def000)
 End Bits:   [0x00007f22b6def000, 0x00007f22b7def000)

Polling page: 0x00007f22ce8c5000

CodeCache: size=245760Kb used=4634Kb max_used=4634Kb free=241125Kb
 bounds [0x00007f22b87b4000, 0x00007f22b8c44000, 0x00007f22c77b4000]
 total_blobs=1640 nmethods=1372 adapters=182
 compilation: enabled

Compilation events (10 events):
Event: 6.833 Thread 0x00007f22c80be800 nmethod 1561% 0x00007f22b8c33ed0 code [0x00007f22b8c34120, 0x00007f22b8c34e58]
Event: 6.833 Thread 0x00007f22c80be800 1558 %     3       com.android.dx.dex.code.DalvInsnList::makeImmutable @ 18 (51 bytes)
Event: 6.835 Thread 0x00007f22c80be800 nmethod 1558% 0x00007f22b8c35850 code [0x00007f22b8c35ac0, 0x00007f22b8c36ab8]
Event: 6.835 Thread 0x00007f22c80be800 1559 %     3       com.android.dx.dex.code.PositionList::make @ 73 (224 bytes)
Event: 6.838 Thread 0x00007f22c80be800 nmethod 1559% 0x00007f22b8c377d0 code [0x00007f22b8c37ac0, 0x00007f22b8c39748]
Event: 6.839 Thread 0x00007f22c80be800 1560 %     3       com.android.dx.dex.code.LocalList::make @ 16 (102 bytes)
Event: 6.860 Thread 0x00007f22c80be800 nmethod 1560% 0x00007f22b8c3a990 code [0x00007f22b8c3abe0, 0x00007f22b8c3bc88]
Event: 6.860 Thread 0x00007f22c80be800 1566       3       com.android.dx.dex.code.OutputFinisher::align64bits (247 bytes)
Event: 6.863 Thread 0x00007f22c80be800 nmethod 1566 0x00007f22b8c3c310 code [0x00007f22b8c3c5e0, 0x00007f22b8c3de18]
Event: 6.863 Thread 0x00007f22c80be800 1568       2       com.android.dx.dex.code.StdCatchBuilder::build (262 bytes)

GC Heap History (6 events):
Event: 3.592 GC heap before
{Heap before GC invocations=1 (full 0):
 PSYoungGen      total 27648K, used 24064K [0x00000000eab00000, 0x00000000ec980000, 0x0000000100000000)
  eden space 24064K, 100% used [0x00000000eab00000,0x00000000ec280000,0x00000000ec280000)
  from space 3584K, 0% used [0x00000000ec600000,0x00000000ec600000,0x00000000ec980000)
  to   space 3584K, 0% used [0x00000000ec280000,0x00000000ec280000,0x00000000ec600000)
 ParOldGen       total 62976K, used 0K [0x00000000c0000000, 0x00000000c3d80000, 0x00000000eab00000)
  object space 62976K, 0% used [0x00000000c0000000,0x00000000c0000000,0x00000000c3d80000)
 Metaspace       used 5700K, capacity 6704K, committed 6784K, reserved 1056768K
  class space    used 584K, capacity 616K, committed 640K, reserved 1048576K
Event: 3.632 GC heap after
Heap after GC invocations=1 (full 0):
 PSYoungGen      total 27648K, used 3559K [0x00000000eab00000, 0x00000000ee100000, 0x0000000100000000)
  eden space 24064K, 0% used [0x00000000eab00000,0x00000000eab00000,0x00000000ec280000)
  from space 3584K, 99% used [0x00000000ec280000,0x00000000ec5f9c88,0x00000000ec600000)
  to   space 3584K, 0% used [0x00000000edd80000,0x00000000edd80000,0x00000000ee100000)
 ParOldGen       total 62976K, used 1456K [0x00000000c0000000, 0x00000000c3d80000, 0x00000000eab00000)
  object space 62976K, 2% used [0x00000000c0000000,0x00000000c016c3f0,0x00000000c3d80000)
 Metaspace       used 5700K, capacity 6704K, committed 6784K, reserved 1056768K
  class space    used 584K, capacity 616K, committed 640K, reserved 1048576K
}
Event: 4.761 GC heap before
{Heap before GC invocations=2 (full 0):
 PSYoungGen      total 27648K, used 27623K [0x00000000eab00000, 0x00000000ee100000, 0x0000000100000000)
  eden space 24064K, 100% used [0x00000000eab00000,0x00000000ec280000,0x00000000ec280000)
  from space 3584K, 99% used [0x00000000ec280000,0x00000000ec5f9c88,0x00000000ec600000)
  to   space 3584K, 0% used [0x00000000edd80000,0x00000000edd80000,0x00000000ee100000)
 ParOldGen       total 62976K, used 1456K [0x00000000c0000000, 0x00000000c3d80000, 0x00000000eab00000)
  object space 62976K, 2% used [0x00000000c0000000,0x00000000c016c3f0,0x00000000c3d80000)
 Metaspace       used 5846K, capacity 6832K, committed 7040K, reserved 1056768K
  class space    used 590K, capacity 616K, committed 640K, reserved 1048576K
Event: 4.830 GC heap after
Heap after GC invocations=2 (full 0):
 PSYoungGen      total 51712K, used 3559K [0x00000000eab00000, 0x00000000ee100000, 0x0000000100000000)
  eden space 48128K, 0% used [0x00000000eab00000,0x00000000eab00000,0x00000000eda00000)
  from space 3584K, 99% used [0x00000000edd80000,0x00000000ee0f9c98,0x00000000ee100000)
  to   space 3584K, 0% used [0x00000000eda00000,0x00000000eda00000,0x00000000edd80000)
 ParOldGen       total 62976K, used 4708K [0x00000000c0000000, 0x00000000c3d80000, 0x00000000eab00000)
  object space 62976K, 7% used [0x00000000c0000000,0x00000000c04992d8,0x00000000c3d80000)
 Metaspace       used 5846K, capacity 6832K, committed 7040K, reserved 1056768K
  class space    used 590K, capacity 616K, committed 640K, reserved 1048576K
}
Event: 6.000 GC heap before
{Heap before GC invocations=3 (full 0):
 PSYoungGen      total 51712K, used 51687K [0x00000000eab00000, 0x00000000ee100000, 0x0000000100000000)
  eden space 48128K, 100% used [0x00000000eab00000,0x00000000eda00000,0x00000000eda00000)
  from space 3584K, 99% used [0x00000000edd80000,0x00000000ee0f9c98,0x00000000ee100000)
  to   space 3584K, 0% used [0x00000000eda00000,0x00000000eda00000,0x00000000edd80000)
 ParOldGen       total 62976K, used 4708K [0x00000000c0000000, 0x00000000c3d80000, 0x00000000eab00000)
  object space 62976K, 7% used [0x00000000c0000000,0x00000000c04992d8,0x00000000c3d80000)
 Metaspace       used 5879K, capacity 6832K, committed 7040K, reserved 1056768K
  class space    used 592K, capacity 616K, committed 640K, reserved 1048576K
Event: 6.078 GC heap after
Heap after GC invocations=3 (full 0):
 PSYoungGen      total 51712K, used 3552K [0x00000000eab00000, 0x00000000f1000000, 0x0000000100000000)
  eden space 48128K, 0% used [0x00000000eab00000,0x00000000eab00000,0x00000000eda00000)
  from space 3584K, 99% used [0x00000000eda00000,0x00000000edd78048,0x00000000edd80000)
  to   space 3584K, 0% used [0x00000000f0c80000,0x00000000f0c80000,0x00000000f1000000)
 ParOldGen       total 62976K, used 11910K [0x00000000c0000000, 0x00000000c3d80000, 0x00000000eab00000)
  object space 62976K, 18% used [0x00000000c0000000,0x00000000c0ba1868,0x00000000c3d80000)
 Metaspace       used 5879K, capacity 6832K, committed 7040K, reserved 1056768K
  class space    used 592K, capacity 616K, committed 640K, reserved 1048576K
}

Deoptimization events (10 events):
Event: 6.188 Thread 0x00007f22c8149800 Uncommon trap: reason=bimorphic action=maybe_recompile pc=0x00007f22b89c5dec method=java.util.HashMap.getNode(ILjava/lang/Object;)Ljava/util/HashMap$Node; @ 126
Event: 6.188 Thread 0x00007f22c8149800 Uncommon trap: reason=bimorphic action=maybe_recompile pc=0x00007f22b89cf51c method=java.util.HashMap.getNode(ILjava/lang/Object;)Ljava/util/HashMap$Node; @ 126
Event: 6.532 Thread 0x00007f22c8149800 Uncommon trap: reason=speculate_class_check action=maybe_recompile pc=0x00007f22b8a6d8f0 method=com.android.dx.util.FixedSizeList.equals(Ljava/lang/Object;)Z @ 25
Event: 6.532 Thread 0x00007f22c8149800 Uncommon trap: reason=class_check action=maybe_recompile pc=0x00007f22b8a6b400 method=java.util.Arrays.equals([Ljava/lang/Object;[Ljava/lang/Object;)Z @ 62
Event: 6.533 Thread 0x00007f22c8149800 Uncommon trap: reason=speculate_class_check action=maybe_recompile pc=0x00007f22b8a6d8f0 method=com.android.dx.util.FixedSizeList.equals(Ljava/lang/Object;)Z @ 25
Event: 6.533 Thread 0x00007f22c8149800 Uncommon trap: reason=class_check action=maybe_recompile pc=0x00007f22b8a6b400 method=java.util.Arrays.equals([Ljava/lang/Object;[Ljava/lang/Object;)Z @ 62
Event: 6.533 Thread 0x00007f22c8149800 Uncommon trap: reason=speculate_class_check action=maybe_recompile pc=0x00007f22b8a6d8f0 method=com.android.dx.util.FixedSizeList.equals(Ljava/lang/Object;)Z @ 25
Event: 6.533 Thread 0x00007f22c8149800 Uncommon trap: reason=class_check action=maybe_recompile pc=0x00007f22b8a6b400 method=java.util.Arrays.equals([Ljava/lang/Object;[Ljava/lang/Object;)Z @ 62
Event: 6.533 Thread 0x00007f22c8149800 Uncommon trap: reason=speculate_class_check action=maybe_recompile pc=0x00007f22b8a6d8f0 method=com.android.dx.util.FixedSizeList.equals(Ljava/lang/Object;)Z @ 25
Event: 6.533 Thread 0x00007f22c8149800 Uncommon trap: reason=unstable_if action=reinterpret pc=0x00007f22b8a6b3d4 method=java.util.Arrays.equals([Ljava/lang/Object;[Ljava/lang/Object;)Z @ 23

Internal exceptions (3 events):
Event: 0.222 Thread 0x00007f22c800a000 Exception <a 'java/lang/NoSuchMethodError': Method sun.misc.Unsafe.defineClass(Ljava/lang/String;[BII)Ljava/lang/Class; name or signature does not match> (0x00000000eab07cc0) thrown at [/HUDSON/workspace/8-2-build-linux-amd64/jdk8u91/6644/hotspot/src/shar
Event: 0.222 Thread 0x00007f22c800a000 Exception <a 'java/lang/NoSuchMethodError': Method sun.misc.Unsafe.prefetchRead(Ljava/lang/Object;J)V name or signature does not match> (0x00000000eab07fa8) thrown at [/HUDSON/workspace/8-2-build-linux-amd64/jdk8u91/6644/hotspot/src/share/vm/prims/jni.cpp
Event: 5.623 Thread 0x00007f22c8149800 Implicit null exception at 0x00007f22b8a604a2 to 0x00007f22b8a60593

Events (10 events):
Event: 6.649 loading class com/android/dx/rop/code/RegisterSpecList$Expander
Event: 6.683 loading class com/android/dx/rop/code/RegisterSpecList$Expander done
Event: 6.807 Thread 0x00007f22c8149800 DEOPT PACKING pc=0x00007f22b8c09c2e sp=0x00007f22af001090
Event: 6.807 Thread 0x00007f22c8149800 DEOPT UNPACKING pc=0x00007f22b87fb633 sp=0x00007f22af000e48 mode 0
Event: 6.848 Thread 0x00007f22c8149800 DEOPT PACKING pc=0x00007f22b8c1c929 sp=0x00007f22af0010d0
Event: 6.848 Thread 0x00007f22c8149800 DEOPT UNPACKING pc=0x00007f22b87fb633 sp=0x00007f22af000e50 mode 0
Event: 6.874 Thread 0x00007f22c8149800 DEOPT PACKING pc=0x00007f22b8c15abd sp=0x00007f22af0010a0
Event: 6.874 Thread 0x00007f22c8149800 DEOPT UNPACKING pc=0x00007f22b87fb633 sp=0x00007f22af000e40 mode 0
Event: 6.874 Thread 0x00007f22c8149800 DEOPT PACKING pc=0x00007f22b8c200a4 sp=0x00007f22af000fb0
Event: 6.874 Thread 0x00007f22c8149800 DEOPT UNPACKING pc=0x00007f22b87fb633 sp=0x00007f22af000e20 mode 0


Dynamic libraries:
00400000-00401000 r-xp 00000000 08:01 3016174                            /usr/lib/jvm/java-8-oracle/bin/java
00600000-00601000 rw-p 00000000 08:01 3016174                            /usr/lib/jvm/java-8-oracle/bin/java
02207000-02228000 rw-p 00000000 00:00 0                                  [heap]
c0000000-c3d80000 rw-p 00000000 00:00 0 
c3d80000-eab00000 ---p 00000000 00:00 0 
eab00000-f1000000 rw-p 00000000 00:00 0 
f1000000-100000000 ---p 00000000 00:00 0 
100000000-1000a0000 rw-p 00000000 00:00 0 
1000a0000-140000000 ---p 00000000 00:00 0 
7f2260000000-7f2260021000 rw-p 00000000 00:00 0 
7f2260021000-7f2264000000 ---p 00000000 00:00 0 
7f2268000000-7f2268021000 rw-p 00000000 00:00 0 
7f2268021000-7f226c000000 ---p 00000000 00:00 0 
7f226c000000-7f226c021000 rw-p 00000000 00:00 0 
7f226c021000-7f2270000000 ---p 00000000 00:00 0 
7f2270000000-7f2270300000 rw-p 00000000 00:00 0 
7f2270300000-7f2274000000 ---p 00000000 00:00 0 
7f2274000000-7f2274021000 rw-p 00000000 00:00 0 
7f2274021000-7f2278000000 ---p 00000000 00:00 0 
7f2278000000-7f2278021000 rw-p 00000000 00:00 0 
7f2278021000-7f227c000000 ---p 00000000 00:00 0 
7f227c000000-7f227c021000 rw-p 00000000 00:00 0 
7f227c021000-7f2280000000 ---p 00000000 00:00 0 
7f2280000000-7f22806af000 rw-p 00000000 00:00 0 
7f22806af000-7f2284000000 ---p 00000000 00:00 0 
7f2284000000-7f22847b4000 rw-p 00000000 00:00 0 
7f22847b4000-7f2288000000 ---p 00000000 00:00 0 
7f2288000000-7f2288021000 rw-p 00000000 00:00 0 
7f2288021000-7f228c000000 ---p 00000000 00:00 0 
7f228c000000-7f228c720000 rw-p 00000000 00:00 0 
7f228c720000-7f2290000000 ---p 00000000 00:00 0 
7f2290000000-7f2290021000 rw-p 00000000 00:00 0 
7f2290021000-7f2294000000 ---p 00000000 00:00 0 
7f2294000000-7f2294021000 rw-p 00000000 00:00 0 
7f2294021000-7f2298000000 ---p 00000000 00:00 0 
7f2298000000-7f2298021000 rw-p 00000000 00:00 0 
7f2298021000-7f229c000000 ---p 00000000 00:00 0 
7f229c000000-7f229c021000 rw-p 00000000 00:00 0 
7f229c021000-7f22a0000000 ---p 00000000 00:00 0 
7f22a0000000-7f22a0021000 rw-p 00000000 00:00 0 
7f22a0021000-7f22a4000000 ---p 00000000 00:00 0 
7f22a8000000-7f22a8021000 rw-p 00000000 00:00 0 
7f22a8021000-7f22ac000000 ---p 00000000 00:00 0 
7f22aebff000-7f22aec02000 ---p 00000000 00:00 0 
7f22aec02000-7f22aed00000 rw-p 00000000 00:00 0 
7f22aed00000-7f22aed03000 ---p 00000000 00:00 0 
7f22aed03000-7f22aee01000 rw-p 00000000 00:00 0 
7f22aee01000-7f22aee04000 ---p 00000000 00:00 0 
7f22aee04000-7f22aef02000 rw-p 00000000 00:00 0 
7f22aef02000-7f22aef05000 ---p 00000000 00:00 0 
7f22aef05000-7f22af003000 rw-p 00000000 00:00 0 
7f22af003000-7f22af006000 ---p 00000000 00:00 0 
7f22af006000-7f22af104000 rw-p 00000000 00:00 0 
7f22af104000-7f22af105000 ---p 00000000 00:00 0 
7f22af105000-7f22af205000 rw-p 00000000 00:00 0 
7f22af205000-7f22af208000 ---p 00000000 00:00 0 
7f22af208000-7f22af306000 rw-p 00000000 00:00 0 
7f22af306000-7f22af309000 ---p 00000000 00:00 0 
7f22af309000-7f22af407000 rw-p 00000000 00:00 0 
7f22af407000-7f22af40a000 ---p 00000000 00:00 0 
7f22af40a000-7f22af508000 rw-p 00000000 00:00 0 
7f22af508000-7f22af50b000 ---p 00000000 00:00 0 
7f22af50b000-7f22af609000 rw-p 00000000 00:00 0 
7f22af609000-7f22af60c000 ---p 00000000 00:00 0 
7f22af60c000-7f22af70a000 rw-p 00000000 00:00 0 
7f22af70a000-7f22afdfe000 r--p 00000000 08:01 2890341                    /usr/lib/locale/locale-archive
7f22afdfe000-7f22afe01000 ---p 00000000 00:00 0 
7f22afe01000-7f22afeff000 rw-p 00000000 00:00 0 
7f22afeff000-7f22aff02000 ---p 00000000 00:00 0 
7f22aff02000-7f22b0000000 rw-p 00000000 00:00 0 
7f22b0000000-7f22b0021000 rw-p 00000000 00:00 0 
7f22b0021000-7f22b4000000 ---p 00000000 00:00 0 
7f22b40eb000-7f22b40ec000 ---p 00000000 00:00 0 
7f22b40ec000-7f22b51a0000 rw-p 00000000 00:00 0 
7f22b51a0000-7f22b5379000 r--s 03d1f000 08:01 3149907                    /usr/lib/jvm/java-8-oracle/jre/lib/rt.jar
7f22b5379000-7f22b5a6f000 rw-p 00000000 00:00 0 
7f22b5a6f000-7f22b5bef000 ---p 00000000 00:00 0 
7f22b5bef000-7f22b7def000 rw-p 00000000 00:00 0 
7f22b7def000-7f22b7df0000 ---p 00000000 00:00 0 
7f22b7df0000-7f22b7ef0000 rw-p 00000000 00:00 0 
7f22b7ef0000-7f22b7ef1000 ---p 00000000 00:00 0 
7f22b7ef1000-7f22b7ff1000 rw-p 00000000 00:00 0 
7f22b7ff1000-7f22b7ff2000 ---p 00000000 00:00 0 
7f22b7ff2000-7f22b80f2000 rw-p 00000000 00:00 0 
7f22b80f2000-7f22b80f3000 ---p 00000000 00:00 0 
7f22b80f3000-7f22b8212000 rw-p 00000000 00:00 0 
7f22b8212000-7f22b8348000 ---p 00000000 00:00 0 
7f22b8348000-7f22b837b000 rw-p 00000000 00:00 0 
7f22b837b000-7f22b83f3000 ---p 00000000 00:00 0 
7f22b83f3000-7f22b8407000 rw-p 00000000 00:00 0 
7f22b8407000-7f22b87b4000 ---p 00000000 00:00 0 
7f22b87b4000-7f22b8c44000 rwxp 00000000 00:00 0 
7f22b8c44000-7f22c77b4000 ---p 00000000 00:00 0 
7f22c77b4000-7f22c77ce000 r-xp 00000000 08:01 3284666                    /usr/lib/jvm/java-8-oracle/jre/lib/amd64/libzip.so
7f22c77ce000-7f22c79ce000 ---p 0001a000 08:01 3284666                    /usr/lib/jvm/java-8-oracle/jre/lib/amd64/libzip.so
7f22c79ce000-7f22c79cf000 rw-p 0001a000 08:01 3284666                    /usr/lib/jvm/java-8-oracle/jre/lib/amd64/libzip.so
7f22c79cf000-7f22c79d9000 r-xp 00000000 08:01 8002158                    /lib/x86_64-linux-gnu/libnss_files-2.19.so
7f22c79d9000-7f22c7bd8000 ---p 0000a000 08:01 8002158                    /lib/x86_64-linux-gnu/libnss_files-2.19.so
7f22c7bd8000-7f22c7bd9000 r--p 00009000 08:01 8002158                    /lib/x86_64-linux-gnu/libnss_files-2.19.so
7f22c7bd9000-7f22c7bda000 rw-p 0000a000 08:01 8002158                    /lib/x86_64-linux-gnu/libnss_files-2.19.so
7f22c7bda000-7f22c7be5000 r-xp 00000000 08:01 8002150                    /lib/x86_64-linux-gnu/libnss_nis-2.19.so
7f22c7be5000-7f22c7de4000 ---p 0000b000 08:01 8002150                    /lib/x86_64-linux-gnu/libnss_nis-2.19.so
7f22c7de4000-7f22c7de5000 r--p 0000a000 08:01 8002150                    /lib/x86_64-linux-gnu/libnss_nis-2.19.so
7f22c7de5000-7f22c7de6000 rw-p 0000b000 08:01 8002150                    /lib/x86_64-linux-gnu/libnss_nis-2.19.so
7f22c7de6000-7f22c7dfd000 r-xp 00000000 08:01 8002142                    /lib/x86_64-linux-gnu/libnsl-2.19.so
7f22c7dfd000-7f22c7ffc000 ---p 00017000 08:01 8002142                    /lib/x86_64-linux-gnu/libnsl-2.19.so
7f22c7ffc000-7f22c7ffd000 r--p 00016000 08:01 8002142                    /lib/x86_64-linux-gnu/libnsl-2.19.so
7f22c7ffd000-7f22c7ffe000 rw-p 00017000 08:01 8002142                    /lib/x86_64-linux-gnu/libnsl-2.19.so
7f22c7ffe000-7f22c8000000 rw-p 00000000 00:00 0 
7f22c8000000-7f22c8390000 rw-p 00000000 00:00 0 
7f22c8390000-7f22cc000000 ---p 00000000 00:00 0 
7f22cc00e000-7f22cc01d000 r--s 000df000 08:01 3938513                    /home/ahmed/Android/Sdk/build-tools/23.0.3/lib/dx.jar
7f22cc01d000-7f22cc03c000 rw-p 00000000 00:00 0 
7f22cc03c000-7f22cc173000 ---p 00000000 00:00 0 
7f22cc173000-7f22cc17c000 r-xp 00000000 08:01 8002141                    /lib/x86_64-linux-gnu/libnss_compat-2.19.so
7f22cc17c000-7f22cc37b000 ---p 00009000 08:01 8002141                    /lib/x86_64-linux-gnu/libnss_compat-2.19.so
7f22cc37b000-7f22cc37c000 r--p 00008000 08:01 8002141                    /lib/x86_64-linux-gnu/libnss_compat-2.19.so
7f22cc37c000-7f22cc37d000 rw-p 00009000 08:01 8002141                    /lib/x86_64-linux-gnu/libnss_compat-2.19.so
7f22cc37d000-7f22cc3a7000 r-xp 00000000 08:01 3284615                    /usr/lib/jvm/java-8-oracle/jre/lib/amd64/libjava.so
7f22cc3a7000-7f22cc5a7000 ---p 0002a000 08:01 3284615                    /usr/lib/jvm/java-8-oracle/jre/lib/amd64/libjava.so
7f22cc5a7000-7f22cc5a9000 rw-p 0002a000 08:01 3284615                    /usr/lib/jvm/java-8-oracle/jre/lib/amd64/libjava.so
7f22cc5a9000-7f22cc5b6000 r-xp 00000000 08:01 3284672                    /usr/lib/jvm/java-8-oracle/jre/lib/amd64/libverify.so
7f22cc5b6000-7f22cc7b6000 ---p 0000d000 08:01 3284672                    /usr/lib/jvm/java-8-oracle/jre/lib/amd64/libverify.so
7f22cc7b6000-7f22cc7b8000 rw-p 0000d000 08:01 3284672                    /usr/lib/jvm/java-8-oracle/jre/lib/amd64/libverify.so
7f22cc7b8000-7f22cc7bf000 r-xp 00000000 08:01 8002154                    /lib/x86_64-linux-gnu/librt-2.19.so
7f22cc7bf000-7f22cc9be000 ---p 00007000 08:01 8002154                    /lib/x86_64-linux-gnu/librt-2.19.so
7f22cc9be000-7f22cc9bf000 r--p 00006000 08:01 8002154                    /lib/x86_64-linux-gnu/librt-2.19.so
7f22cc9bf000-7f22cc9c0000 rw-p 00007000 08:01 8002154                    /lib/x86_64-linux-gnu/librt-2.19.so
7f22cc9c0000-7f22ccac5000 r-xp 00000000 08:01 8002005                    /lib/x86_64-linux-gnu/libm-2.19.so
7f22ccac5000-7f22cccc4000 ---p 00105000 08:01 8002005                    /lib/x86_64-linux-gnu/libm-2.19.so
7f22cccc4000-7f22cccc5000 r--p 00104000 08:01 8002005                    /lib/x86_64-linux-gnu/libm-2.19.so
7f22cccc5000-7f22cccc6000 rw-p 00105000 08:01 8002005                    /lib/x86_64-linux-gnu/libm-2.19.so
7f22cccc6000-7f22cd986000 r-xp 00000000 08:01 3284648                    /usr/lib/jvm/java-8-oracle/jre/lib/amd64/server/libjvm.so
7f22cd986000-7f22cdb86000 ---p 00cc0000 08:01 3284648                    /usr/lib/jvm/java-8-oracle/jre/lib/amd64/server/libjvm.so
7f22cdb86000-7f22cdc5e000 rw-p 00cc0000 08:01 3284648                    /usr/lib/jvm/java-8-oracle/jre/lib/amd64/server/libjvm.so
7f22cdc5e000-7f22cdca9000 rw-p 00000000 00:00 0 
7f22cdca9000-7f22cde63000 r-xp 00000000 08:01 8002155                    /lib/x86_64-linux-gnu/libc-2.19.so
7f22cde63000-7f22ce063000 ---p 001ba000 08:01 8002155                    /lib/x86_64-linux-gnu/libc-2.19.so
7f22ce063000-7f22ce067000 r--p 001ba000 08:01 8002155                    /lib/x86_64-linux-gnu/libc-2.19.so
7f22ce067000-7f22ce069000 rw-p 001be000 08:01 8002155                    /lib/x86_64-linux-gnu/libc-2.19.so
7f22ce069000-7f22ce06e000 rw-p 00000000 00:00 0 
7f22ce06e000-7f22ce071000 r-xp 00000000 08:01 8002007                    /lib/x86_64-linux-gnu/libdl-2.19.so
7f22ce071000-7f22ce270000 ---p 00003000 08:01 8002007                    /lib/x86_64-linux-gnu/libdl-2.19.so
7f22ce270000-7f22ce271000 r--p 00002000 08:01 8002007                    /lib/x86_64-linux-gnu/libdl-2.19.so
7f22ce271000-7f22ce272000 rw-p 00003000 08:01 8002007                    /lib/x86_64-linux-gnu/libdl-2.19.so
7f22ce272000-7f22ce287000 r-xp 00000000 08:01 4079274                    /usr/lib/jvm/java-8-oracle/lib/amd64/jli/libjli.so
7f22ce287000-7f22ce487000 ---p 00015000 08:01 4079274                    /usr/lib/jvm/java-8-oracle/lib/amd64/jli/libjli.so
7f22ce487000-7f22ce488000 rw-p 00015000 08:01 4079274                    /usr/lib/jvm/java-8-oracle/lib/amd64/jli/libjli.so
7f22ce488000-7f22ce4a1000 r-xp 00000000 08:01 8002147                    /lib/x86_64-linux-gnu/libpthread-2.19.so
7f22ce4a1000-7f22ce6a0000 ---p 00019000 08:01 8002147                    /lib/x86_64-linux-gnu/libpthread-2.19.so
7f22ce6a0000-7f22ce6a1000 r--p 00018000 08:01 8002147                    /lib/x86_64-linux-gnu/libpthread-2.19.so
7f22ce6a1000-7f22ce6a2000 rw-p 00019000 08:01 8002147                    /lib/x86_64-linux-gnu/libpthread-2.19.so
7f22ce6a2000-7f22ce6a6000 rw-p 00000000 00:00 0 
7f22ce6a6000-7f22ce6c9000 r-xp 00000000 08:01 8002148                    /lib/x86_64-linux-gnu/ld-2.19.so
7f22ce6cf000-7f22ce7a2000 rw-p 00000000 00:00 0 
7f22ce7a2000-7f22ce7a5000 ---p 00000000 00:00 0 
7f22ce7a5000-7f22ce8bc000 rw-p 00000000 00:00 0 
7f22ce8bc000-7f22ce8c4000 rw-s 00000000 08:01 14549927                   /tmp/hsperfdata_ahmed/29097
7f22ce8c4000-7f22ce8c5000 rw-p 00000000 00:00 0 
7f22ce8c5000-7f22ce8c6000 r--p 00000000 00:00 0 
7f22ce8c6000-7f22ce8c8000 rw-p 00000000 00:00 0 
7f22ce8c8000-7f22ce8c9000 r--p 00022000 08:01 8002148                    /lib/x86_64-linux-gnu/ld-2.19.so
7f22ce8c9000-7f22ce8ca000 rw-p 00023000 08:01 8002148                    /lib/x86_64-linux-gnu/ld-2.19.so
7f22ce8ca000-7f22ce8cb000 rw-p 00000000 00:00 0 
7ffc6aad0000-7ffc6aaf1000 rw-p 00000000 00:00 0                          [stack]
7ffc6ab4d000-7ffc6ab4f000 r--p 00000000 00:00 0                          [vvar]
7ffc6ab4f000-7ffc6ab51000 r-xp 00000000 00:00 0                          [vdso]
ffffffffff600000-ffffffffff601000 r-xp 00000000 00:00 0                  [vsyscall]

VM Arguments:
jvm_args: -Djava.awt.headless=true -Xmx1024M -Dfile.encoding=UTF-8 -Duser.country=US -Duser.language=en -Duser.variant 
java_command: com.android.dx.command.Main --dex --force-jumbo --num-threads=4 --multi-dex --output /home/ahmed/AndroidStudioProjects/tienda/app/build/intermediates/transforms/dex/debug/folders/1000/10/com.google.android.gms-play-services-nearby-8.4.0_290fce98d9ecf5c491abea40ab80ba3fb8816281 /home/ahmed/AndroidStudioProjects/tienda/app/build/intermediates/exploded-aar/com.google.android.gms/play-services-nearby/8.4.0/jars/classes.jar
java_class_path (initial): /home/ahmed/Android/Sdk/build-tools/23.0.3/lib/dx.jar
Launcher Type: SUN_STANDARD

Environment Variables:
JAVA_HOME=/usr/lib/jvm/java-8-oracle
PATH=/usr/local/sbin:/usr/local/bin:/usr/sbin:/usr/bin:/sbin:/bin:/usr/games:/usr/local/games
LD_LIBRARY_PATH=/home/ahmed/myData/android-studio/bin:
SHELL=/bin/bash
DISPLAY=:0

Signal Handlers:
SIGSEGV: [libjvm.so+0xabca10], sa_mask[0]=11111111011111111101111111111110, sa_flags=SA_RESTART|SA_SIGINFO
SIGBUS: [libjvm.so+0xabca10], sa_mask[0]=11111111011111111101111111111110, sa_flags=SA_RESTART|SA_SIGINFO
SIGFPE: [libjvm.so+0x919a20], sa_mask[0]=11111111011111111101111111111110, sa_flags=SA_RESTART|SA_SIGINFO
SIGPIPE: [libjvm.so+0x919a20], sa_mask[0]=11111111011111111101111111111110, sa_flags=SA_RESTART|SA_SIGINFO
SIGXFSZ: [libjvm.so+0x919a20], sa_mask[0]=11111111011111111101111111111110, sa_flags=SA_RESTART|SA_SIGINFO
SIGILL: [libjvm.so+0x919a20], sa_mask[0]=11111111011111111101111111111110, sa_flags=SA_RESTART|SA_SIGINFO
SIGUSR1: SIG_DFL, sa_mask[0]=00000000000000000000000000000000, sa_flags=none
SIGUSR2: [libjvm.so+0x91b050], sa_mask[0]=00100000000000000000000000000000, sa_flags=SA_RESTART|SA_SIGINFO
SIGHUP: [libjvm.so+0x91c450], sa_mask[0]=11111111011111111101111111111110, sa_flags=SA_RESTART|SA_SIGINFO
SIGINT: [libjvm.so+0x91c450], sa_mask[0]=11111111011111111101111111111110, sa_flags=SA_RESTART|SA_SIGINFO
SIGTERM: [libjvm.so+0x91c450], sa_mask[0]=11111111011111111101111111111110, sa_flags=SA_RESTART|SA_SIGINFO
SIGQUIT: [libjvm.so+0x91c450], sa_mask[0]=11111111011111111101111111111110, sa_flags=SA_RESTART|SA_SIGINFO


---------------  S Y S T E M  ---------------

OS:DISTRIB_ID=Ubuntu
DISTRIB_RELEASE=14.04
DISTRIB_CODENAME=trusty
DISTRIB_DESCRIPTION="Ubuntu 14.04.4 LTS"

uname:Linux 3.19.0-59-generic #66~14.04.1-Ubuntu SMP Fri May 13 17:27:10 UTC 2016 x86_64
libc:glibc 2.19 NPTL 2.19 
rlimit: STACK 8192k, CORE 0k, NPROC 23430, NOFILE 4096, AS infinity
load average:18.05 14.76 8.74

/proc/meminfo:
MemTotal:        6028824 kB
MemFree:          288752 kB
MemAvailable:     756728 kB
Buffers:           57052 kB
Cached:          1020752 kB
SwapCached:        95236 kB
Active:          4009568 kB
Inactive:        1505472 kB
Active(anon):    3780104 kB
Inactive(anon):  1127500 kB
Active(file):     229464 kB
Inactive(file):   377972 kB
Unevictable:          48 kB
Mlocked:              48 kB
SwapTotal:       6213628 kB
SwapFree:        5227060 kB
Dirty:              5320 kB
Writeback:             0 kB
AnonPages:       4356568 kB
Mapped:           471932 kB
Shmem:            470308 kB
Slab:             102792 kB
SReclaimable:      58952 kB
SUnreclaim:        43840 kB
KernelStack:       12032 kB
PageTables:        55172 kB
NFS_Unstable:          0 kB
Bounce:                0 kB
WritebackTmp:          0 kB
CommitLimit:     9228040 kB
Committed_AS:   11378228 kB
VmallocTotal:   34359738367 kB
VmallocUsed:      553780 kB
VmallocChunk:   34359149968 kB
HardwareCorrupted:     0 kB
AnonHugePages:   2443264 kB
CmaTotal:              0 kB
CmaFree:               0 kB
HugePages_Total:       0
HugePages_Free:        0
HugePages_Rsvd:        0
HugePages_Surp:        0
Hugepagesize:       2048 kB
DirectMap4k:      213184 kB
DirectMap2M:     5996544 kB


CPU:total 4 (2 cores per cpu, 2 threads per core) family 6 model 42 stepping 7, cmov, cx8, fxsr, mmx, sse, sse2, sse3, ssse3, sse4.1, sse4.2, popcnt, avx, clmul, ht, tsc, tscinvbit

/proc/cpuinfo:
processor	: 0
vendor_id	: GenuineIntel
cpu family	: 6
model		: 42
model name	: Intel(R) Core(TM) i3-2310M CPU @ 2.10GHz
stepping	: 7
microcode	: 0x14
cpu MHz		: 2099.917
cache size	: 3072 KB
physical id	: 0
siblings	: 4
core id		: 0
cpu cores	: 2
apicid		: 0
initial apicid	: 0
fpu		: yes
fpu_exception	: yes
cpuid level	: 13
wp		: yes
flags		: fpu vme de pse tsc msr pae mce cx8 apic sep mtrr pge mca cmov pat pse36 clflush dts acpi mmx fxsr sse sse2 ss ht tm pbe syscall nx rdtscp lm constant_tsc arch_perfmon pebs bts rep_good nopl xtopology nonstop_tsc aperfmperf eagerfpu pni pclmulqdq dtes64 monitor ds_cpl vmx est tm2 ssse3 cx16 xtpr pdcm pcid sse4_1 sse4_2 x2apic popcnt tsc_deadline_timer xsave avx lahf_lm arat epb pln pts dtherm tpr_shadow vnmi flexpriority ept vpid xsaveopt
bugs		:
bogomips	: 4190.59
clflush size	: 64
cache_alignment	: 64
address sizes	: 36 bits physical, 48 bits virtual
power management:

processor	: 1
vendor_id	: GenuineIntel
cpu family	: 6
model		: 42
model name	: Intel(R) Core(TM) i3-2310M CPU @ 2.10GHz
stepping	: 7
microcode	: 0x14
cpu MHz		: 2100.000
cache size	: 3072 KB
physical id	: 0
siblings	: 4
core id		: 0
cpu cores	: 2
apicid		: 1
initial apicid	: 1
fpu		: yes
fpu_exception	: yes
cpuid level	: 13
wp		: yes
flags		: fpu vme de pse tsc msr pae mce cx8 apic sep mtrr pge mca cmov pat pse36 clflush dts acpi mmx fxsr sse sse2 ss ht tm pbe syscall nx rdtscp lm constant_tsc arch_perfmon pebs bts rep_good nopl xtopology nonstop_tsc aperfmperf eagerfpu pni pclmulqdq dtes64 monitor ds_cpl vmx est tm2 ssse3 cx16 xtpr pdcm pcid sse4_1 sse4_2 x2apic popcnt tsc_deadline_timer xsave avx lahf_lm arat epb pln pts dtherm tpr_shadow vnmi flexpriority ept vpid xsaveopt
bugs		:
bogomips	: 4190.59
clflush size	: 64
cache_alignment	: 64
address sizes	: 36 bits physical, 48 bits virtual
power management:

processor	: 2
vendor_id	: GenuineIntel
cpu family	: 6
model		: 42
model name	: Intel(R) Core(TM) i3-2310M CPU @ 2.10GHz
stepping	: 7
microcode	: 0x14
cpu MHz		: 2100.000
cache size	: 3072 KB
physical id	: 0
siblings	: 4
core id		: 1
cpu cores	: 2
apicid		: 2
initial apicid	: 2
fpu		: yes
fpu_exception	: yes
cpuid level	: 13
wp		: yes
flags		: fpu vme de pse tsc msr pae mce cx8 apic sep mtrr pge mca cmov pat pse36 clflush dts acpi mmx fxsr sse sse2 ss ht tm pbe syscall nx rdtscp lm constant_tsc arch_perfmon pebs bts rep_good nopl xtopology nonstop_tsc aperfmperf eagerfpu pni pclmulqdq dtes64 monitor ds_cpl vmx est tm2 ssse3 cx16 xtpr pdcm pcid sse4_1 sse4_2 x2apic popcnt tsc_deadline_timer xsave avx lahf_lm arat epb pln pts dtherm tpr_shadow vnmi flexpriority ept vpid xsaveopt
bugs		:
bogomips	: 4190.59
clflush size	: 64
cache_alignment	: 64
address sizes	: 36 bits physical, 48 bits virtual
power management:

processor	: 3
vendor_id	: GenuineIntel
cpu family	: 6
model		: 42
model name	: Intel(R) Core(TM) i3-2310M CPU @ 2.10GHz
stepping	: 7
microcode	: 0x14
cpu MHz		: 2099.917
cache size	: 3072 KB
physical id	: 0
siblings	: 4
core id		: 1
cpu cores	: 2
apicid		: 3
initial apicid	: 3
fpu		: yes
fpu_exception	: yes
cpuid level	: 13
wp		: yes
flags		: fpu vme de pse tsc msr pae mce cx8 apic sep mtrr pge mca cmov pat pse36 clflush dts acpi mmx fxsr sse sse2 ss ht tm pbe syscall nx rdtscp lm constant_tsc arch_perfmon pebs bts rep_good nopl xtopology nonstop_tsc aperfmperf eagerfpu pni pclmulqdq dtes64 monitor ds_cpl vmx est tm2 ssse3 cx16 xtpr pdcm pcid sse4_1 sse4_2 x2apic popcnt tsc_deadline_timer xsave avx lahf_lm arat epb pln pts dtherm tpr_shadow vnmi flexpriority ept vpid xsaveopt
bugs		:
bogomips	: 4190.59
clflush size	: 64
cache_alignment	: 64
address sizes	: 36 bits physical, 48 bits virtual
power management:



Memory: 4k page, physical 6028824k(288752k free), swap 6213628k(5227060k free)

vm_info: Java HotSpot(TM) 64-Bit Server VM (25.91-b14) for linux-amd64 JRE (1.8.0_91-b14), built on Apr  1 2016 00:57:21 by "java_re" with gcc 4.3.0 20080428 (Red Hat 4.3.0-8)

time: Fri Jun 10 20:07:56 2016
elapsed time: 6 seconds (0d 0h 0m 6s)

